slurmstepd: info: Setting TMPDIR to /scratch/9998546. Previous errors about TMPDIR can be discarded
Loaded configuration:
{
    "models": {
        "FRNet": {
            "type": "FRNet",
            "ch_in": 1,
            "ch_out": 1,
            "cls_init_block": "RRCNNBlock",
            "cls_conv_block": "RecurrentConvNeXtBlock"
        }
    },
    "datasets": {
        "FIVES512": {
            "paths": {
                "train": "dataset/FIVES512/train",
                "val": "dataset/FIVES512/val",
                "test": "dataset/FIVES512/test"
            },
            "preprocessing": {
                "start": 0,
                "end": 1
            }
        }
    },
    "training": {
        "epochs": 300,
        "accumulation_steps": 1,
        "mixed_precision": true,
        "early_stopping_threshold": 100,
        "learning_rate": 0.0001,
        "weight_decay": 0.001,
        "batch_size": 1,
        "logging_enabled": false
    }
}
Absolute Dataset path: /mnt/netapp2/Home_FT2/home/usc/ec/rsm/tfg_codebase_cesga/dataset/FIVES512/train
Image dir: /mnt/netapp2/Home_FT2/home/usc/ec/rsm/tfg_codebase_cesga/dataset/FIVES512/train/image
Label dir: /mnt/netapp2/Home_FT2/home/usc/ec/rsm/tfg_codebase_cesga/dataset/FIVES512/train/label
Absolute Dataset path: /mnt/netapp2/Home_FT2/home/usc/ec/rsm/tfg_codebase_cesga/dataset/FIVES512/val
Image dir: /mnt/netapp2/Home_FT2/home/usc/ec/rsm/tfg_codebase_cesga/dataset/FIVES512/val/image
Label dir: /mnt/netapp2/Home_FT2/home/usc/ec/rsm/tfg_codebase_cesga/dataset/FIVES512/val/label
Absolute Dataset path: /mnt/netapp2/Home_FT2/home/usc/ec/rsm/tfg_codebase_cesga/dataset/FIVES512/test
Image dir: /mnt/netapp2/Home_FT2/home/usc/ec/rsm/tfg_codebase_cesga/dataset/FIVES512/test/image
Label dir: /mnt/netapp2/Home_FT2/home/usc/ec/rsm/tfg_codebase_cesga/dataset/FIVES512/test/label
Models: ['FRNet']
Datasets: ['FIVES512']


Testing Model: FRNet
Current Model: FRNet with Dataset: FIVES512
Using 4 GPUs

Modelo cargado en GPU:
- Parámetros totales: 174816
- Memoria ocupada por modelo en GPU: 0.67 MB

==== Memoria GPU - Después de cargar el modelo en GPU ====
GPU 0 - Total: 40339.3 MB | Allocated: 0.7 MB | Cached: 2.0 MB

GPU 1 - Total: 40339.3 MB | Allocated: 0.0 MB | Cached: 0.0 MB

GPU 2 - Total: 40339.3 MB | Allocated: 0.0 MB | Cached: 0.0 MB

GPU 3 - Total: 40339.3 MB | Allocated: 0.0 MB | Cached: 0.0 MB

Using 4 GPUs

==== Memoria GPU - Inicio de época ====
GPU 0 - Total: 40339.3 MB | Allocated: 0.7 MB | Cached: 2.0 MB

GPU 1 - Total: 40339.3 MB | Allocated: 0.0 MB | Cached: 0.0 MB

GPU 2 - Total: 40339.3 MB | Allocated: 0.0 MB | Cached: 0.0 MB

GPU 3 - Total: 40339.3 MB | Allocated: 0.0 MB | Cached: 0.0 MB


Batch 0 cargado en GPU
- Tamaño del lote: torch.Size([1, 1, 2080, 2080]) elementos
- Memoria ocupada por `data`: 16.50 MB
- Memoria ocupada por `label`: 4.13 MB

==== Memoria GPU - Después de cargar lote ====
GPU 0 - Total: 40339.3 MB | Allocated: 21.3 MB | Cached: 40.0 MB

GPU 1 - Total: 40339.3 MB | Allocated: 0.0 MB | Cached: 0.0 MB

GPU 2 - Total: 40339.3 MB | Allocated: 0.0 MB | Cached: 0.0 MB

GPU 3 - Total: 40339.3 MB | Allocated: 0.0 MB | Cached: 0.0 MB

