slurmstepd: info: Setting TMPDIR to /scratch/10660044. Previous errors about TMPDIR can be discarded
Restormer model not found. Restormer preprocessing will be disabled.
Available Models: ['FRNet', 'FRNet_1ch', 'FRNetR', 'RoiNet', 'RoiNet7', 'RoiNet5', 'RoiNet3', 'RoiNetR', 'RoiNetx1.5', 'RoiNetx0.5', 'RoiNetx2']
Datasets_library: {'FIVES512': {'paths': {'train': 'dataset/FIVES512/train', 'val': 'dataset/FIVES512/val', 'test': 'dataset/FIVES512/test'}, 'preprocessing': {'start': 0, 'end': 1}}, 'FIVES': {'paths': {'train': 'dataset/FIVES/train', 'val': 'dataset/FIVES/val', 'test': 'dataset/FIVES/test'}, 'preprocessing': {'start': 0, 'end': 1}}}
USING CHANNELS = 1
Available Datasets: ['FIVES512', 'FIVES']

All datasets: {'FIVES512': {'train': <ds.dataset.SegmentationDataset object at 0x1552c97c76d0>, 'val': <ds.dataset.SegmentationDataset object at 0x1552c97d2090>, 'test': <ds.dataset.SegmentationDataset object at 0x1552c97b2fd0>}, 'FIVES': {'train': <ds.dataset.SegmentationDataset object at 0x1552c97d4990>, 'val': <ds.dataset.SegmentationDataset object at 0x1552c9735250>, 'test': <ds.dataset.SegmentationDataset object at 0x1552c9736ad0>}}
Dataset a usar: {'train': <ds.dataset.SegmentationDataset object at 0x1552c97c76d0>, 'val': <ds.dataset.SegmentationDataset object at 0x1552c97d2090>, 'test': <ds.dataset.SegmentationDataset object at 0x1552c97b2fd0>}
Training Configuration:
  Model: FRNet_1ch
  Dataset: FIVES512
  Epochs: 300
  Thresh value: 100
  Early Stopping Threshold: 100
  Batch Size: 12
  Learning Rate: 0.0001
  Weight Decay: 0.001
  Loss Function: Dice
  Logging Enabled: True
  Augmentation: {'enabled': False, 'geometric': False, 'elastic': False, 'intensity_and_color': False, 'gamma': False, 'noise': False}
  Output Directory: run_benchmark_runs/FRNet_1ch_11_3_kernel_slurm_FIVES512_Dice_NoAugmentresult_2025-02-19_19-28-37
Using 2 GPUs

Modelo cargado en GPU:
- Parámetros totales: 134624
- Memoria ocupada por modelo en GPU: 0.51 MB

==== Memoria GPU - Después de cargar el modelo en GPU ====
GPU 0 - Total: 40442.4 MB | Allocated: 0.5 MB | Cached: 2.0 MB

GPU 1 - Total: 40442.4 MB | Allocated: 0.0 MB | Cached: 0.0 MB

Using 2 GPUs

USING: Dice

==== Memoria GPU - Inicio de época ====
GPU 0 - Total: 40442.4 MB | Allocated: 0.5 MB | Cached: 2.0 MB

GPU 1 - Total: 40442.4 MB | Allocated: 0.0 MB | Cached: 0.0 MB


==== Memoria GPU - Inicio de época ====
GPU 0 - Total: 40442.4 MB | Allocated: 2.1 MB | Cached: 14842.0 MB

GPU 1 - Total: 40442.4 MB | Allocated: 0.0 MB | Cached: 14828.0 MB

Validation Dice: 0.18319007747949564 for Model: FRNet_1ch_Dice
New best dice found, evaluating on test set...

==== Memoria GPU - Inicio de época ====
GPU 0 - Total: 40442.4 MB | Allocated: 2.1 MB | Cached: 14842.0 MB

GPU 1 - Total: 40442.4 MB | Allocated: 0.0 MB | Cached: 14828.0 MB


==== Memoria GPU - Inicio de época ====
GPU 0 - Total: 40442.4 MB | Allocated: 2.1 MB | Cached: 4.0 MB

GPU 1 - Total: 40442.4 MB | Allocated: 0.0 MB | Cached: 0.0 MB


==== Memoria GPU - Inicio de época ====
GPU 0 - Total: 40442.4 MB | Allocated: 2.1 MB | Cached: 14842.0 MB

GPU 1 - Total: 40442.4 MB | Allocated: 0.0 MB | Cached: 14828.0 MB

Validation Dice: 0.4901525892767829 for Model: FRNet_1ch_Dice
New best dice found, evaluating on test set...

==== Memoria GPU - Inicio de época ====
GPU 0 - Total: 40442.4 MB | Allocated: 2.1 MB | Cached: 14842.0 MB

GPU 1 - Total: 40442.4 MB | Allocated: 0.0 MB | Cached: 14828.0 MB


==== Memoria GPU - Inicio de época ====
GPU 0 - Total: 40442.4 MB | Allocated: 2.1 MB | Cached: 4.0 MB

GPU 1 - Total: 40442.4 MB | Allocated: 0.0 MB | Cached: 0.0 MB


==== Memoria GPU - Inicio de época ====
GPU 0 - Total: 40442.4 MB | Allocated: 2.1 MB | Cached: 14842.0 MB

GPU 1 - Total: 40442.4 MB | Allocated: 0.0 MB | Cached: 14828.0 MB

Validation Dice: 0.5478819491760608 for Model: FRNet_1ch_Dice
New best dice found, evaluating on test set...

==== Memoria GPU - Inicio de época ====
GPU 0 - Total: 40442.4 MB | Allocated: 2.1 MB | Cached: 14842.0 MB

GPU 1 - Total: 40442.4 MB | Allocated: 0.0 MB | Cached: 14828.0 MB


==== Memoria GPU - Inicio de época ====
GPU 0 - Total: 40442.4 MB | Allocated: 2.1 MB | Cached: 4.0 MB

GPU 1 - Total: 40442.4 MB | Allocated: 0.0 MB | Cached: 0.0 MB


==== Memoria GPU - Inicio de época ====
GPU 0 - Total: 40442.4 MB | Allocated: 2.1 MB | Cached: 14842.0 MB

GPU 1 - Total: 40442.4 MB | Allocated: 0.0 MB | Cached: 14828.0 MB

Validation Dice: 0.581885722633126 for Model: FRNet_1ch_Dice
New best dice found, evaluating on test set...

==== Memoria GPU - Inicio de época ====
GPU 0 - Total: 40442.4 MB | Allocated: 2.1 MB | Cached: 14842.0 MB

GPU 1 - Total: 40442.4 MB | Allocated: 0.0 MB | Cached: 14828.0 MB


==== Memoria GPU - Inicio de época ====
GPU 0 - Total: 40442.4 MB | Allocated: 2.1 MB | Cached: 4.0 MB

GPU 1 - Total: 40442.4 MB | Allocated: 0.0 MB | Cached: 0.0 MB


==== Memoria GPU - Inicio de época ====
GPU 0 - Total: 40442.4 MB | Allocated: 2.1 MB | Cached: 14842.0 MB

GPU 1 - Total: 40442.4 MB | Allocated: 0.0 MB | Cached: 14828.0 MB

Validation Dice: 0.623163684634714 for Model: FRNet_1ch_Dice
New best dice found, evaluating on test set...

==== Memoria GPU - Inicio de época ====
GPU 0 - Total: 40442.4 MB | Allocated: 2.1 MB | Cached: 14842.0 MB

GPU 1 - Total: 40442.4 MB | Allocated: 0.0 MB | Cached: 14828.0 MB


==== Memoria GPU - Inicio de época ====
GPU 0 - Total: 40442.4 MB | Allocated: 2.1 MB | Cached: 4.0 MB

GPU 1 - Total: 40442.4 MB | Allocated: 0.0 MB | Cached: 0.0 MB


==== Memoria GPU - Inicio de época ====
GPU 0 - Total: 40442.4 MB | Allocated: 2.1 MB | Cached: 14842.0 MB

GPU 1 - Total: 40442.4 MB | Allocated: 0.0 MB | Cached: 14828.0 MB

Validation Dice: 0.6439021264255214 for Model: FRNet_1ch_Dice
New best dice found, evaluating on test set...

==== Memoria GPU - Inicio de época ====
GPU 0 - Total: 40442.4 MB | Allocated: 2.1 MB | Cached: 14842.0 MB

GPU 1 - Total: 40442.4 MB | Allocated: 0.0 MB | Cached: 14828.0 MB


==== Memoria GPU - Inicio de época ====
GPU 0 - Total: 40442.4 MB | Allocated: 2.1 MB | Cached: 4.0 MB

GPU 1 - Total: 40442.4 MB | Allocated: 0.0 MB | Cached: 0.0 MB


==== Memoria GPU - Inicio de época ====
GPU 0 - Total: 40442.4 MB | Allocated: 2.1 MB | Cached: 14842.0 MB

GPU 1 - Total: 40442.4 MB | Allocated: 0.0 MB | Cached: 14828.0 MB

Validation Dice: 0.66822655620965 for Model: FRNet_1ch_Dice
New best dice found, evaluating on test set...

==== Memoria GPU - Inicio de época ====
GPU 0 - Total: 40442.4 MB | Allocated: 2.1 MB | Cached: 14842.0 MB

GPU 1 - Total: 40442.4 MB | Allocated: 0.0 MB | Cached: 14828.0 MB


==== Memoria GPU - Inicio de época ====
GPU 0 - Total: 40442.4 MB | Allocated: 2.1 MB | Cached: 4.0 MB

GPU 1 - Total: 40442.4 MB | Allocated: 0.0 MB | Cached: 0.0 MB


==== Memoria GPU - Inicio de época ====
GPU 0 - Total: 40442.4 MB | Allocated: 2.1 MB | Cached: 14842.0 MB

GPU 1 - Total: 40442.4 MB | Allocated: 0.0 MB | Cached: 14828.0 MB

Validation Dice: 0.6849877250433103 for Model: FRNet_1ch_Dice
New best dice found, evaluating on test set...

==== Memoria GPU - Inicio de época ====
GPU 0 - Total: 40442.4 MB | Allocated: 2.1 MB | Cached: 14842.0 MB

GPU 1 - Total: 40442.4 MB | Allocated: 0.0 MB | Cached: 14828.0 MB


==== Memoria GPU - Inicio de época ====
GPU 0 - Total: 40442.4 MB | Allocated: 2.1 MB | Cached: 4.0 MB

GPU 1 - Total: 40442.4 MB | Allocated: 0.0 MB | Cached: 0.0 MB


==== Memoria GPU - Inicio de época ====
GPU 0 - Total: 40442.4 MB | Allocated: 2.1 MB | Cached: 14842.0 MB

GPU 1 - Total: 40442.4 MB | Allocated: 0.0 MB | Cached: 14828.0 MB

Validation Dice: 0.6836064192474639 for Model: FRNet_1ch_Dice

==== Memoria GPU - Inicio de época ====
GPU 0 - Total: 40442.4 MB | Allocated: 2.1 MB | Cached: 4.0 MB

GPU 1 - Total: 40442.4 MB | Allocated: 0.0 MB | Cached: 0.0 MB


==== Memoria GPU - Inicio de época ====
GPU 0 - Total: 40442.4 MB | Allocated: 2.1 MB | Cached: 14842.0 MB

GPU 1 - Total: 40442.4 MB | Allocated: 0.0 MB | Cached: 14828.0 MB

Validation Dice: 0.7142623358646824 for Model: FRNet_1ch_Dice
New best dice found, evaluating on test set...

==== Memoria GPU - Inicio de época ====
GPU 0 - Total: 40442.4 MB | Allocated: 2.1 MB | Cached: 14842.0 MB

GPU 1 - Total: 40442.4 MB | Allocated: 0.0 MB | Cached: 14828.0 MB


==== Memoria GPU - Inicio de época ====
GPU 0 - Total: 40442.4 MB | Allocated: 2.1 MB | Cached: 4.0 MB

GPU 1 - Total: 40442.4 MB | Allocated: 0.0 MB | Cached: 0.0 MB


==== Memoria GPU - Inicio de época ====
GPU 0 - Total: 40442.4 MB | Allocated: 2.1 MB | Cached: 14842.0 MB

GPU 1 - Total: 40442.4 MB | Allocated: 0.0 MB | Cached: 14828.0 MB

Validation Dice: 0.7221442601244399 for Model: FRNet_1ch_Dice
New best dice found, evaluating on test set...

==== Memoria GPU - Inicio de época ====
GPU 0 - Total: 40442.4 MB | Allocated: 2.1 MB | Cached: 14842.0 MB

GPU 1 - Total: 40442.4 MB | Allocated: 0.0 MB | Cached: 14828.0 MB


==== Memoria GPU - Inicio de época ====
GPU 0 - Total: 40442.4 MB | Allocated: 2.1 MB | Cached: 4.0 MB

GPU 1 - Total: 40442.4 MB | Allocated: 0.0 MB | Cached: 0.0 MB


==== Memoria GPU - Inicio de época ====
GPU 0 - Total: 40442.4 MB | Allocated: 2.1 MB | Cached: 14842.0 MB

GPU 1 - Total: 40442.4 MB | Allocated: 0.0 MB | Cached: 14828.0 MB

Validation Dice: 0.7184853085299324 for Model: FRNet_1ch_Dice

==== Memoria GPU - Inicio de época ====
GPU 0 - Total: 40442.4 MB | Allocated: 2.1 MB | Cached: 4.0 MB

GPU 1 - Total: 40442.4 MB | Allocated: 0.0 MB | Cached: 0.0 MB


==== Memoria GPU - Inicio de época ====
GPU 0 - Total: 40442.4 MB | Allocated: 2.1 MB | Cached: 14842.0 MB

GPU 1 - Total: 40442.4 MB | Allocated: 0.0 MB | Cached: 14828.0 MB

Validation Dice: 0.73510586273685 for Model: FRNet_1ch_Dice
New best dice found, evaluating on test set...

==== Memoria GPU - Inicio de época ====
GPU 0 - Total: 40442.4 MB | Allocated: 2.1 MB | Cached: 14842.0 MB

GPU 1 - Total: 40442.4 MB | Allocated: 0.0 MB | Cached: 14828.0 MB


==== Memoria GPU - Inicio de época ====
GPU 0 - Total: 40442.4 MB | Allocated: 2.1 MB | Cached: 4.0 MB

GPU 1 - Total: 40442.4 MB | Allocated: 0.0 MB | Cached: 0.0 MB


==== Memoria GPU - Inicio de época ====
GPU 0 - Total: 40442.4 MB | Allocated: 2.1 MB | Cached: 14842.0 MB

GPU 1 - Total: 40442.4 MB | Allocated: 0.0 MB | Cached: 14828.0 MB

Validation Dice: 0.7418578422927302 for Model: FRNet_1ch_Dice
New best dice found, evaluating on test set...

==== Memoria GPU - Inicio de época ====
GPU 0 - Total: 40442.4 MB | Allocated: 2.1 MB | Cached: 14842.0 MB

GPU 1 - Total: 40442.4 MB | Allocated: 0.0 MB | Cached: 14828.0 MB


==== Memoria GPU - Inicio de época ====
GPU 0 - Total: 40442.4 MB | Allocated: 2.1 MB | Cached: 4.0 MB

GPU 1 - Total: 40442.4 MB | Allocated: 0.0 MB | Cached: 0.0 MB


==== Memoria GPU - Inicio de época ====
GPU 0 - Total: 40442.4 MB | Allocated: 2.1 MB | Cached: 14842.0 MB

GPU 1 - Total: 40442.4 MB | Allocated: 0.0 MB | Cached: 14828.0 MB

Validation Dice: 0.7370415456154902 for Model: FRNet_1ch_Dice

==== Memoria GPU - Inicio de época ====
GPU 0 - Total: 40442.4 MB | Allocated: 2.1 MB | Cached: 4.0 MB

GPU 1 - Total: 40442.4 MB | Allocated: 0.0 MB | Cached: 0.0 MB


==== Memoria GPU - Inicio de época ====
GPU 0 - Total: 40442.4 MB | Allocated: 2.1 MB | Cached: 14842.0 MB

GPU 1 - Total: 40442.4 MB | Allocated: 0.0 MB | Cached: 14828.0 MB

Validation Dice: 0.7503328534068269 for Model: FRNet_1ch_Dice
New best dice found, evaluating on test set...

==== Memoria GPU - Inicio de época ====
GPU 0 - Total: 40442.4 MB | Allocated: 2.1 MB | Cached: 14842.0 MB

GPU 1 - Total: 40442.4 MB | Allocated: 0.0 MB | Cached: 14828.0 MB


==== Memoria GPU - Inicio de época ====
GPU 0 - Total: 40442.4 MB | Allocated: 2.1 MB | Cached: 4.0 MB

GPU 1 - Total: 40442.4 MB | Allocated: 0.0 MB | Cached: 0.0 MB


==== Memoria GPU - Inicio de época ====
GPU 0 - Total: 40442.4 MB | Allocated: 2.1 MB | Cached: 14842.0 MB

GPU 1 - Total: 40442.4 MB | Allocated: 0.0 MB | Cached: 14828.0 MB

Validation Dice: 0.7534217085028804 for Model: FRNet_1ch_Dice
New best dice found, evaluating on test set...

==== Memoria GPU - Inicio de época ====
GPU 0 - Total: 40442.4 MB | Allocated: 2.1 MB | Cached: 14842.0 MB

GPU 1 - Total: 40442.4 MB | Allocated: 0.0 MB | Cached: 14828.0 MB


==== Memoria GPU - Inicio de época ====
GPU 0 - Total: 40442.4 MB | Allocated: 2.1 MB | Cached: 4.0 MB

GPU 1 - Total: 40442.4 MB | Allocated: 0.0 MB | Cached: 0.0 MB


==== Memoria GPU - Inicio de época ====
GPU 0 - Total: 40442.4 MB | Allocated: 2.1 MB | Cached: 14842.0 MB

GPU 1 - Total: 40442.4 MB | Allocated: 0.0 MB | Cached: 14828.0 MB

Validation Dice: 0.7257336691312378 for Model: FRNet_1ch_Dice

==== Memoria GPU - Inicio de época ====
GPU 0 - Total: 40442.4 MB | Allocated: 2.1 MB | Cached: 4.0 MB

GPU 1 - Total: 40442.4 MB | Allocated: 0.0 MB | Cached: 0.0 MB


==== Memoria GPU - Inicio de época ====
GPU 0 - Total: 40442.4 MB | Allocated: 2.1 MB | Cached: 14842.0 MB

GPU 1 - Total: 40442.4 MB | Allocated: 0.0 MB | Cached: 14828.0 MB

Validation Dice: 0.757516683282477 for Model: FRNet_1ch_Dice
New best dice found, evaluating on test set...

==== Memoria GPU - Inicio de época ====
GPU 0 - Total: 40442.4 MB | Allocated: 2.1 MB | Cached: 14842.0 MB

GPU 1 - Total: 40442.4 MB | Allocated: 0.0 MB | Cached: 14828.0 MB


==== Memoria GPU - Inicio de época ====
GPU 0 - Total: 40442.4 MB | Allocated: 2.1 MB | Cached: 4.0 MB

GPU 1 - Total: 40442.4 MB | Allocated: 0.0 MB | Cached: 0.0 MB


==== Memoria GPU - Inicio de época ====
GPU 0 - Total: 40442.4 MB | Allocated: 2.1 MB | Cached: 14842.0 MB

GPU 1 - Total: 40442.4 MB | Allocated: 0.0 MB | Cached: 14828.0 MB

Validation Dice: 0.7623050631866816 for Model: FRNet_1ch_Dice
New best dice found, evaluating on test set...

==== Memoria GPU - Inicio de época ====
GPU 0 - Total: 40442.4 MB | Allocated: 2.1 MB | Cached: 14842.0 MB

GPU 1 - Total: 40442.4 MB | Allocated: 0.0 MB | Cached: 14828.0 MB


==== Memoria GPU - Inicio de época ====
GPU 0 - Total: 40442.4 MB | Allocated: 2.1 MB | Cached: 4.0 MB

GPU 1 - Total: 40442.4 MB | Allocated: 0.0 MB | Cached: 0.0 MB


==== Memoria GPU - Inicio de época ====
GPU 0 - Total: 40442.4 MB | Allocated: 2.1 MB | Cached: 14842.0 MB

GPU 1 - Total: 40442.4 MB | Allocated: 0.0 MB | Cached: 14828.0 MB

Validation Dice: 0.7540117384668283 for Model: FRNet_1ch_Dice

==== Memoria GPU - Inicio de época ====
GPU 0 - Total: 40442.4 MB | Allocated: 2.1 MB | Cached: 4.0 MB

GPU 1 - Total: 40442.4 MB | Allocated: 0.0 MB | Cached: 0.0 MB


==== Memoria GPU - Inicio de época ====
GPU 0 - Total: 40442.4 MB | Allocated: 2.1 MB | Cached: 14842.0 MB

GPU 1 - Total: 40442.4 MB | Allocated: 0.0 MB | Cached: 14828.0 MB

Validation Dice: 0.7699022655173486 for Model: FRNet_1ch_Dice
New best dice found, evaluating on test set...

==== Memoria GPU - Inicio de época ====
GPU 0 - Total: 40442.4 MB | Allocated: 2.1 MB | Cached: 14842.0 MB

GPU 1 - Total: 40442.4 MB | Allocated: 0.0 MB | Cached: 14828.0 MB


==== Memoria GPU - Inicio de época ====
GPU 0 - Total: 40442.4 MB | Allocated: 2.1 MB | Cached: 4.0 MB

GPU 1 - Total: 40442.4 MB | Allocated: 0.0 MB | Cached: 0.0 MB


==== Memoria GPU - Inicio de época ====
GPU 0 - Total: 40442.4 MB | Allocated: 2.1 MB | Cached: 14842.0 MB

GPU 1 - Total: 40442.4 MB | Allocated: 0.0 MB | Cached: 14828.0 MB

Validation Dice: 0.7690085982476242 for Model: FRNet_1ch_Dice

==== Memoria GPU - Inicio de época ====
GPU 0 - Total: 40442.4 MB | Allocated: 2.1 MB | Cached: 4.0 MB

GPU 1 - Total: 40442.4 MB | Allocated: 0.0 MB | Cached: 0.0 MB


==== Memoria GPU - Inicio de época ====
GPU 0 - Total: 40442.4 MB | Allocated: 2.1 MB | Cached: 14842.0 MB

GPU 1 - Total: 40442.4 MB | Allocated: 0.0 MB | Cached: 14828.0 MB

Validation Dice: 0.7710902641488945 for Model: FRNet_1ch_Dice
New best dice found, evaluating on test set...

==== Memoria GPU - Inicio de época ====
GPU 0 - Total: 40442.4 MB | Allocated: 2.1 MB | Cached: 14842.0 MB

GPU 1 - Total: 40442.4 MB | Allocated: 0.0 MB | Cached: 14828.0 MB


==== Memoria GPU - Inicio de época ====
GPU 0 - Total: 40442.4 MB | Allocated: 2.1 MB | Cached: 4.0 MB

GPU 1 - Total: 40442.4 MB | Allocated: 0.0 MB | Cached: 0.0 MB


==== Memoria GPU - Inicio de época ====
GPU 0 - Total: 40442.4 MB | Allocated: 2.1 MB | Cached: 14842.0 MB

GPU 1 - Total: 40442.4 MB | Allocated: 0.0 MB | Cached: 14828.0 MB

Validation Dice: 0.7685282822496223 for Model: FRNet_1ch_Dice

==== Memoria GPU - Inicio de época ====
GPU 0 - Total: 40442.4 MB | Allocated: 2.1 MB | Cached: 4.0 MB

GPU 1 - Total: 40442.4 MB | Allocated: 0.0 MB | Cached: 0.0 MB


==== Memoria GPU - Inicio de época ====
GPU 0 - Total: 40442.4 MB | Allocated: 2.1 MB | Cached: 14842.0 MB

GPU 1 - Total: 40442.4 MB | Allocated: 0.0 MB | Cached: 14828.0 MB

Validation Dice: 0.7612678674282344 for Model: FRNet_1ch_Dice

==== Memoria GPU - Inicio de época ====
GPU 0 - Total: 40442.4 MB | Allocated: 2.1 MB | Cached: 4.0 MB

GPU 1 - Total: 40442.4 MB | Allocated: 0.0 MB | Cached: 0.0 MB


==== Memoria GPU - Inicio de época ====
GPU 0 - Total: 40442.4 MB | Allocated: 2.1 MB | Cached: 14842.0 MB

GPU 1 - Total: 40442.4 MB | Allocated: 0.0 MB | Cached: 14828.0 MB

Validation Dice: 0.7730232182843609 for Model: FRNet_1ch_Dice
New best dice found, evaluating on test set...

==== Memoria GPU - Inicio de época ====
GPU 0 - Total: 40442.4 MB | Allocated: 2.1 MB | Cached: 14842.0 MB

GPU 1 - Total: 40442.4 MB | Allocated: 0.0 MB | Cached: 14828.0 MB


==== Memoria GPU - Inicio de época ====
GPU 0 - Total: 40442.4 MB | Allocated: 2.1 MB | Cached: 4.0 MB

GPU 1 - Total: 40442.4 MB | Allocated: 0.0 MB | Cached: 0.0 MB


==== Memoria GPU - Inicio de época ====
GPU 0 - Total: 40442.4 MB | Allocated: 2.1 MB | Cached: 14842.0 MB

GPU 1 - Total: 40442.4 MB | Allocated: 0.0 MB | Cached: 14828.0 MB

Validation Dice: 0.7766431474262343 for Model: FRNet_1ch_Dice
New best dice found, evaluating on test set...

==== Memoria GPU - Inicio de época ====
GPU 0 - Total: 40442.4 MB | Allocated: 2.1 MB | Cached: 14842.0 MB

GPU 1 - Total: 40442.4 MB | Allocated: 0.0 MB | Cached: 14828.0 MB


==== Memoria GPU - Inicio de época ====
GPU 0 - Total: 40442.4 MB | Allocated: 2.1 MB | Cached: 4.0 MB

GPU 1 - Total: 40442.4 MB | Allocated: 0.0 MB | Cached: 0.0 MB


==== Memoria GPU - Inicio de época ====
GPU 0 - Total: 40442.4 MB | Allocated: 2.1 MB | Cached: 14842.0 MB

GPU 1 - Total: 40442.4 MB | Allocated: 0.0 MB | Cached: 14828.0 MB

Validation Dice: 0.7816678222635597 for Model: FRNet_1ch_Dice
New best dice found, evaluating on test set...

==== Memoria GPU - Inicio de época ====
GPU 0 - Total: 40442.4 MB | Allocated: 2.1 MB | Cached: 14842.0 MB

GPU 1 - Total: 40442.4 MB | Allocated: 0.0 MB | Cached: 14828.0 MB


==== Memoria GPU - Inicio de época ====
GPU 0 - Total: 40442.4 MB | Allocated: 2.1 MB | Cached: 4.0 MB

GPU 1 - Total: 40442.4 MB | Allocated: 0.0 MB | Cached: 0.0 MB


==== Memoria GPU - Inicio de época ====
GPU 0 - Total: 40442.4 MB | Allocated: 2.1 MB | Cached: 14842.0 MB

GPU 1 - Total: 40442.4 MB | Allocated: 0.0 MB | Cached: 14828.0 MB

Validation Dice: 0.7730840276556473 for Model: FRNet_1ch_Dice

==== Memoria GPU - Inicio de época ====
GPU 0 - Total: 40442.4 MB | Allocated: 2.1 MB | Cached: 4.0 MB

GPU 1 - Total: 40442.4 MB | Allocated: 0.0 MB | Cached: 0.0 MB


==== Memoria GPU - Inicio de época ====
GPU 0 - Total: 40442.4 MB | Allocated: 2.1 MB | Cached: 14842.0 MB

GPU 1 - Total: 40442.4 MB | Allocated: 0.0 MB | Cached: 14828.0 MB

Validation Dice: 0.7760443222589423 for Model: FRNet_1ch_Dice

==== Memoria GPU - Inicio de época ====
GPU 0 - Total: 40442.4 MB | Allocated: 2.1 MB | Cached: 4.0 MB

GPU 1 - Total: 40442.4 MB | Allocated: 0.0 MB | Cached: 0.0 MB


==== Memoria GPU - Inicio de época ====
GPU 0 - Total: 40442.4 MB | Allocated: 2.1 MB | Cached: 14842.0 MB

GPU 1 - Total: 40442.4 MB | Allocated: 0.0 MB | Cached: 14828.0 MB

Validation Dice: 0.7737934871166896 for Model: FRNet_1ch_Dice

==== Memoria GPU - Inicio de época ====
GPU 0 - Total: 40442.4 MB | Allocated: 2.1 MB | Cached: 4.0 MB

GPU 1 - Total: 40442.4 MB | Allocated: 0.0 MB | Cached: 0.0 MB


==== Memoria GPU - Inicio de época ====
GPU 0 - Total: 40442.4 MB | Allocated: 2.1 MB | Cached: 14842.0 MB

GPU 1 - Total: 40442.4 MB | Allocated: 0.0 MB | Cached: 14828.0 MB

Validation Dice: 0.7898045159893448 for Model: FRNet_1ch_Dice
New best dice found, evaluating on test set...

==== Memoria GPU - Inicio de época ====
GPU 0 - Total: 40442.4 MB | Allocated: 2.1 MB | Cached: 14842.0 MB

GPU 1 - Total: 40442.4 MB | Allocated: 0.0 MB | Cached: 14828.0 MB


==== Memoria GPU - Inicio de época ====
GPU 0 - Total: 40442.4 MB | Allocated: 2.1 MB | Cached: 4.0 MB

GPU 1 - Total: 40442.4 MB | Allocated: 0.0 MB | Cached: 0.0 MB


==== Memoria GPU - Inicio de época ====
GPU 0 - Total: 40442.4 MB | Allocated: 2.1 MB | Cached: 14842.0 MB

GPU 1 - Total: 40442.4 MB | Allocated: 0.0 MB | Cached: 14828.0 MB

Validation Dice: 0.7644278808959465 for Model: FRNet_1ch_Dice

==== Memoria GPU - Inicio de época ====
GPU 0 - Total: 40442.4 MB | Allocated: 2.1 MB | Cached: 4.0 MB

GPU 1 - Total: 40442.4 MB | Allocated: 0.0 MB | Cached: 0.0 MB


==== Memoria GPU - Inicio de época ====
GPU 0 - Total: 40442.4 MB | Allocated: 2.1 MB | Cached: 14842.0 MB

GPU 1 - Total: 40442.4 MB | Allocated: 0.0 MB | Cached: 14828.0 MB

Validation Dice: 0.7806859162308214 for Model: FRNet_1ch_Dice

==== Memoria GPU - Inicio de época ====
GPU 0 - Total: 40442.4 MB | Allocated: 2.1 MB | Cached: 4.0 MB

GPU 1 - Total: 40442.4 MB | Allocated: 0.0 MB | Cached: 0.0 MB


==== Memoria GPU - Inicio de época ====
GPU 0 - Total: 40442.4 MB | Allocated: 2.1 MB | Cached: 14842.0 MB

GPU 1 - Total: 40442.4 MB | Allocated: 0.0 MB | Cached: 14828.0 MB

Validation Dice: 0.780201971734015 for Model: FRNet_1ch_Dice

==== Memoria GPU - Inicio de época ====
GPU 0 - Total: 40442.4 MB | Allocated: 2.1 MB | Cached: 4.0 MB

GPU 1 - Total: 40442.4 MB | Allocated: 0.0 MB | Cached: 0.0 MB


==== Memoria GPU - Inicio de época ====
GPU 0 - Total: 40442.4 MB | Allocated: 2.1 MB | Cached: 14842.0 MB

GPU 1 - Total: 40442.4 MB | Allocated: 0.0 MB | Cached: 14828.0 MB

Validation Dice: 0.7852601312548871 for Model: FRNet_1ch_Dice

==== Memoria GPU - Inicio de época ====
GPU 0 - Total: 40442.4 MB | Allocated: 2.1 MB | Cached: 4.0 MB

GPU 1 - Total: 40442.4 MB | Allocated: 0.0 MB | Cached: 0.0 MB


==== Memoria GPU - Inicio de época ====
GPU 0 - Total: 40442.4 MB | Allocated: 2.1 MB | Cached: 14842.0 MB

GPU 1 - Total: 40442.4 MB | Allocated: 0.0 MB | Cached: 14828.0 MB

