slurmstepd: info: Setting TMPDIR to /scratch/10659987. Previous errors about TMPDIR can be discarded
Restormer model not found. Restormer preprocessing will be disabled.
Available Models: ['FRNet', 'FRNet_1ch', 'FRNetR', 'RoiNet', 'RoiNet7', 'RoiNet5', 'RoiNet3', 'RoiNetR', 'RoiNetx1.5', 'RoiNetx0.5', 'RoiNetx2']
Datasets_library: {'FIVES512': {'paths': {'train': 'dataset/FIVES512/train', 'val': 'dataset/FIVES512/val', 'test': 'dataset/FIVES512/test'}, 'preprocessing': {'start': 0, 'end': 1}}, 'FIVES': {'paths': {'train': 'dataset/FIVES/train', 'val': 'dataset/FIVES/val', 'test': 'dataset/FIVES/test'}, 'preprocessing': {'start': 0, 'end': 1}}}
USING CHANNELS = 3
Available Datasets: ['FIVES512', 'FIVES']

All datasets: {'FIVES512': {'train': <ds.dataset.SegmentationDataset object at 0x14bc9b4747d0>, 'val': <ds.dataset.SegmentationDataset object at 0x14bc9b47f190>, 'test': <ds.dataset.SegmentationDataset object at 0x14bc9b45ff50>}, 'FIVES': {'train': <ds.dataset.SegmentationDataset object at 0x14bc9b481a90>, 'val': <ds.dataset.SegmentationDataset object at 0x14bc9b3e2350>, 'test': <ds.dataset.SegmentationDataset object at 0x14bc9b3e3bd0>}}
Dataset a usar: {'train': <ds.dataset.SegmentationDataset object at 0x14bc9b4747d0>, 'val': <ds.dataset.SegmentationDataset object at 0x14bc9b47f190>, 'test': <ds.dataset.SegmentationDataset object at 0x14bc9b45ff50>}
Training Configuration:
  Model: FRNet
  Dataset: FIVES512
  Epochs: 300
  Thresh value: 100
  Early Stopping Threshold: 100
  Batch Size: 4
  Learning Rate: 0.0001
  Weight Decay: 0.001
  Loss Function: Dice
  Logging Enabled: True
  Augmentation: {'enabled': False, 'geometric': False, 'elastic': False, 'intensity_and_color': False, 'gamma': False, 'noise': False}
  Output Directory: run_benchmark_runs/FRNet_3ch_11_3_kernel_slurm_FIVES512_Dice_NoAugmentresult_2025-02-19_19-26-11
Using 2 GPUs

Modelo cargado en GPU:
- Parámetros totales: 134688
- Memoria ocupada por modelo en GPU: 0.51 MB

==== Memoria GPU - Después de cargar el modelo en GPU ====
GPU 0 - Total: 40442.4 MB | Allocated: 0.5 MB | Cached: 2.0 MB

GPU 1 - Total: 40442.4 MB | Allocated: 0.0 MB | Cached: 0.0 MB

Using 2 GPUs

USING: Dice

==== Memoria GPU - Inicio de época ====
GPU 0 - Total: 40442.4 MB | Allocated: 0.5 MB | Cached: 2.0 MB

GPU 1 - Total: 40442.4 MB | Allocated: 0.0 MB | Cached: 0.0 MB


==== Memoria GPU - Inicio de época ====
GPU 0 - Total: 40442.4 MB | Allocated: 2.1 MB | Cached: 5008.0 MB

GPU 1 - Total: 40442.4 MB | Allocated: 0.0 MB | Cached: 4918.0 MB

Validation Dice: 0.5822618149366446 for Model: FRNet_Dice
New best dice found, evaluating on test set...

==== Memoria GPU - Inicio de época ====
GPU 0 - Total: 40442.4 MB | Allocated: 2.1 MB | Cached: 5008.0 MB

GPU 1 - Total: 40442.4 MB | Allocated: 0.0 MB | Cached: 4920.0 MB


==== Memoria GPU - Inicio de época ====
GPU 0 - Total: 40442.4 MB | Allocated: 2.1 MB | Cached: 4.0 MB

GPU 1 - Total: 40442.4 MB | Allocated: 0.0 MB | Cached: 0.0 MB


==== Memoria GPU - Inicio de época ====
GPU 0 - Total: 40442.4 MB | Allocated: 2.1 MB | Cached: 5008.0 MB

GPU 1 - Total: 40442.4 MB | Allocated: 0.0 MB | Cached: 4918.0 MB

Validation Dice: 0.6120977964556414 for Model: FRNet_Dice
New best dice found, evaluating on test set...

==== Memoria GPU - Inicio de época ====
GPU 0 - Total: 40442.4 MB | Allocated: 2.1 MB | Cached: 5008.0 MB

GPU 1 - Total: 40442.4 MB | Allocated: 0.0 MB | Cached: 4920.0 MB


==== Memoria GPU - Inicio de época ====
GPU 0 - Total: 40442.4 MB | Allocated: 2.1 MB | Cached: 4.0 MB

GPU 1 - Total: 40442.4 MB | Allocated: 0.0 MB | Cached: 0.0 MB


==== Memoria GPU - Inicio de época ====
GPU 0 - Total: 40442.4 MB | Allocated: 2.1 MB | Cached: 5008.0 MB

GPU 1 - Total: 40442.4 MB | Allocated: 0.0 MB | Cached: 4918.0 MB

Validation Dice: 0.6676518284426525 for Model: FRNet_Dice
New best dice found, evaluating on test set...

==== Memoria GPU - Inicio de época ====
GPU 0 - Total: 40442.4 MB | Allocated: 2.1 MB | Cached: 5008.0 MB

GPU 1 - Total: 40442.4 MB | Allocated: 0.0 MB | Cached: 4920.0 MB


==== Memoria GPU - Inicio de época ====
GPU 0 - Total: 40442.4 MB | Allocated: 2.1 MB | Cached: 4.0 MB

GPU 1 - Total: 40442.4 MB | Allocated: 0.0 MB | Cached: 0.0 MB


==== Memoria GPU - Inicio de época ====
GPU 0 - Total: 40442.4 MB | Allocated: 2.1 MB | Cached: 5008.0 MB

GPU 1 - Total: 40442.4 MB | Allocated: 0.0 MB | Cached: 4918.0 MB

Validation Dice: 0.6885811540324595 for Model: FRNet_Dice
New best dice found, evaluating on test set...

==== Memoria GPU - Inicio de época ====
GPU 0 - Total: 40442.4 MB | Allocated: 2.1 MB | Cached: 5008.0 MB

GPU 1 - Total: 40442.4 MB | Allocated: 0.0 MB | Cached: 4920.0 MB


==== Memoria GPU - Inicio de época ====
GPU 0 - Total: 40442.4 MB | Allocated: 2.1 MB | Cached: 4.0 MB

GPU 1 - Total: 40442.4 MB | Allocated: 0.0 MB | Cached: 0.0 MB


==== Memoria GPU - Inicio de época ====
GPU 0 - Total: 40442.4 MB | Allocated: 2.1 MB | Cached: 5008.0 MB

GPU 1 - Total: 40442.4 MB | Allocated: 0.0 MB | Cached: 4918.0 MB

Validation Dice: 0.7306999818682298 for Model: FRNet_Dice
New best dice found, evaluating on test set...

==== Memoria GPU - Inicio de época ====
GPU 0 - Total: 40442.4 MB | Allocated: 2.1 MB | Cached: 5008.0 MB

GPU 1 - Total: 40442.4 MB | Allocated: 0.0 MB | Cached: 4920.0 MB


==== Memoria GPU - Inicio de época ====
GPU 0 - Total: 40442.4 MB | Allocated: 2.1 MB | Cached: 4.0 MB

GPU 1 - Total: 40442.4 MB | Allocated: 0.0 MB | Cached: 0.0 MB


==== Memoria GPU - Inicio de época ====
GPU 0 - Total: 40442.4 MB | Allocated: 2.1 MB | Cached: 5008.0 MB

GPU 1 - Total: 40442.4 MB | Allocated: 0.0 MB | Cached: 4918.0 MB

Validation Dice: 0.7461472022964233 for Model: FRNet_Dice
New best dice found, evaluating on test set...

==== Memoria GPU - Inicio de época ====
GPU 0 - Total: 40442.4 MB | Allocated: 2.1 MB | Cached: 5008.0 MB

GPU 1 - Total: 40442.4 MB | Allocated: 0.0 MB | Cached: 4920.0 MB


==== Memoria GPU - Inicio de época ====
GPU 0 - Total: 40442.4 MB | Allocated: 2.1 MB | Cached: 4.0 MB

GPU 1 - Total: 40442.4 MB | Allocated: 0.0 MB | Cached: 0.0 MB


==== Memoria GPU - Inicio de época ====
GPU 0 - Total: 40442.4 MB | Allocated: 2.1 MB | Cached: 5008.0 MB

GPU 1 - Total: 40442.4 MB | Allocated: 0.0 MB | Cached: 4918.0 MB

Validation Dice: 0.7654232611439112 for Model: FRNet_Dice
New best dice found, evaluating on test set...

==== Memoria GPU - Inicio de época ====
GPU 0 - Total: 40442.4 MB | Allocated: 2.1 MB | Cached: 5008.0 MB

GPU 1 - Total: 40442.4 MB | Allocated: 0.0 MB | Cached: 4920.0 MB


==== Memoria GPU - Inicio de época ====
GPU 0 - Total: 40442.4 MB | Allocated: 2.1 MB | Cached: 4.0 MB

GPU 1 - Total: 40442.4 MB | Allocated: 0.0 MB | Cached: 0.0 MB


==== Memoria GPU - Inicio de época ====
GPU 0 - Total: 40442.4 MB | Allocated: 2.1 MB | Cached: 5008.0 MB

GPU 1 - Total: 40442.4 MB | Allocated: 0.0 MB | Cached: 4918.0 MB

Validation Dice: 0.7765441713763725 for Model: FRNet_Dice
New best dice found, evaluating on test set...

==== Memoria GPU - Inicio de época ====
GPU 0 - Total: 40442.4 MB | Allocated: 2.1 MB | Cached: 5008.0 MB

GPU 1 - Total: 40442.4 MB | Allocated: 0.0 MB | Cached: 4920.0 MB


==== Memoria GPU - Inicio de época ====
GPU 0 - Total: 40442.4 MB | Allocated: 2.1 MB | Cached: 4.0 MB

GPU 1 - Total: 40442.4 MB | Allocated: 0.0 MB | Cached: 0.0 MB


==== Memoria GPU - Inicio de época ====
GPU 0 - Total: 40442.4 MB | Allocated: 2.1 MB | Cached: 5008.0 MB

GPU 1 - Total: 40442.4 MB | Allocated: 0.0 MB | Cached: 4918.0 MB

Validation Dice: 0.7841599417699673 for Model: FRNet_Dice
New best dice found, evaluating on test set...

==== Memoria GPU - Inicio de época ====
GPU 0 - Total: 40442.4 MB | Allocated: 2.1 MB | Cached: 5008.0 MB

GPU 1 - Total: 40442.4 MB | Allocated: 0.0 MB | Cached: 4920.0 MB


==== Memoria GPU - Inicio de época ====
GPU 0 - Total: 40442.4 MB | Allocated: 2.1 MB | Cached: 4.0 MB

GPU 1 - Total: 40442.4 MB | Allocated: 0.0 MB | Cached: 0.0 MB


==== Memoria GPU - Inicio de época ====
GPU 0 - Total: 40442.4 MB | Allocated: 2.1 MB | Cached: 5008.0 MB

GPU 1 - Total: 40442.4 MB | Allocated: 0.0 MB | Cached: 4918.0 MB

Validation Dice: 0.7944896438262088 for Model: FRNet_Dice
New best dice found, evaluating on test set...

==== Memoria GPU - Inicio de época ====
GPU 0 - Total: 40442.4 MB | Allocated: 2.1 MB | Cached: 5008.0 MB

GPU 1 - Total: 40442.4 MB | Allocated: 0.0 MB | Cached: 4920.0 MB


==== Memoria GPU - Inicio de época ====
GPU 0 - Total: 40442.4 MB | Allocated: 2.1 MB | Cached: 4.0 MB

GPU 1 - Total: 40442.4 MB | Allocated: 0.0 MB | Cached: 0.0 MB


==== Memoria GPU - Inicio de época ====
GPU 0 - Total: 40442.4 MB | Allocated: 2.1 MB | Cached: 5008.0 MB

GPU 1 - Total: 40442.4 MB | Allocated: 0.0 MB | Cached: 4918.0 MB

Validation Dice: 0.8036176821815445 for Model: FRNet_Dice
New best dice found, evaluating on test set...

==== Memoria GPU - Inicio de época ====
GPU 0 - Total: 40442.4 MB | Allocated: 2.1 MB | Cached: 5008.0 MB

GPU 1 - Total: 40442.4 MB | Allocated: 0.0 MB | Cached: 4920.0 MB


==== Memoria GPU - Inicio de época ====
GPU 0 - Total: 40442.4 MB | Allocated: 2.1 MB | Cached: 4.0 MB

GPU 1 - Total: 40442.4 MB | Allocated: 0.0 MB | Cached: 0.0 MB


==== Memoria GPU - Inicio de época ====
GPU 0 - Total: 40442.4 MB | Allocated: 2.1 MB | Cached: 5008.0 MB

GPU 1 - Total: 40442.4 MB | Allocated: 0.0 MB | Cached: 4918.0 MB

Validation Dice: 0.8006380104190431 for Model: FRNet_Dice

==== Memoria GPU - Inicio de época ====
GPU 0 - Total: 40442.4 MB | Allocated: 2.1 MB | Cached: 4.0 MB

GPU 1 - Total: 40442.4 MB | Allocated: 0.0 MB | Cached: 0.0 MB


==== Memoria GPU - Inicio de época ====
GPU 0 - Total: 40442.4 MB | Allocated: 2.1 MB | Cached: 5008.0 MB

GPU 1 - Total: 40442.4 MB | Allocated: 0.0 MB | Cached: 4918.0 MB

Validation Dice: 0.8182862026991576 for Model: FRNet_Dice
New best dice found, evaluating on test set...

==== Memoria GPU - Inicio de época ====
GPU 0 - Total: 40442.4 MB | Allocated: 2.1 MB | Cached: 5008.0 MB

GPU 1 - Total: 40442.4 MB | Allocated: 0.0 MB | Cached: 4920.0 MB


==== Memoria GPU - Inicio de época ====
GPU 0 - Total: 40442.4 MB | Allocated: 2.1 MB | Cached: 4.0 MB

GPU 1 - Total: 40442.4 MB | Allocated: 0.0 MB | Cached: 0.0 MB


==== Memoria GPU - Inicio de época ====
GPU 0 - Total: 40442.4 MB | Allocated: 2.1 MB | Cached: 5008.0 MB

GPU 1 - Total: 40442.4 MB | Allocated: 0.0 MB | Cached: 4918.0 MB

Validation Dice: 0.8112592974611256 for Model: FRNet_Dice

==== Memoria GPU - Inicio de época ====
GPU 0 - Total: 40442.4 MB | Allocated: 2.1 MB | Cached: 4.0 MB

GPU 1 - Total: 40442.4 MB | Allocated: 0.0 MB | Cached: 0.0 MB


==== Memoria GPU - Inicio de época ====
GPU 0 - Total: 40442.4 MB | Allocated: 2.1 MB | Cached: 5008.0 MB

GPU 1 - Total: 40442.4 MB | Allocated: 0.0 MB | Cached: 4918.0 MB

Validation Dice: 0.8046867444659663 for Model: FRNet_Dice

==== Memoria GPU - Inicio de época ====
GPU 0 - Total: 40442.4 MB | Allocated: 2.1 MB | Cached: 4.0 MB

GPU 1 - Total: 40442.4 MB | Allocated: 0.0 MB | Cached: 0.0 MB


==== Memoria GPU - Inicio de época ====
GPU 0 - Total: 40442.4 MB | Allocated: 2.1 MB | Cached: 5008.0 MB

GPU 1 - Total: 40442.4 MB | Allocated: 0.0 MB | Cached: 4918.0 MB

Validation Dice: 0.8190741486754466 for Model: FRNet_Dice
New best dice found, evaluating on test set...

==== Memoria GPU - Inicio de época ====
GPU 0 - Total: 40442.4 MB | Allocated: 2.1 MB | Cached: 5008.0 MB

GPU 1 - Total: 40442.4 MB | Allocated: 0.0 MB | Cached: 4920.0 MB


==== Memoria GPU - Inicio de época ====
GPU 0 - Total: 40442.4 MB | Allocated: 2.1 MB | Cached: 4.0 MB

GPU 1 - Total: 40442.4 MB | Allocated: 0.0 MB | Cached: 0.0 MB


==== Memoria GPU - Inicio de época ====
GPU 0 - Total: 40442.4 MB | Allocated: 2.1 MB | Cached: 5008.0 MB

GPU 1 - Total: 40442.4 MB | Allocated: 0.0 MB | Cached: 4918.0 MB

Validation Dice: 0.8146723700935542 for Model: FRNet_Dice

==== Memoria GPU - Inicio de época ====
GPU 0 - Total: 40442.4 MB | Allocated: 2.1 MB | Cached: 4.0 MB

GPU 1 - Total: 40442.4 MB | Allocated: 0.0 MB | Cached: 0.0 MB


==== Memoria GPU - Inicio de época ====
GPU 0 - Total: 40442.4 MB | Allocated: 2.1 MB | Cached: 5008.0 MB

GPU 1 - Total: 40442.4 MB | Allocated: 0.0 MB | Cached: 4918.0 MB

Validation Dice: 0.8162121937680166 for Model: FRNet_Dice

==== Memoria GPU - Inicio de época ====
GPU 0 - Total: 40442.4 MB | Allocated: 2.1 MB | Cached: 4.0 MB

GPU 1 - Total: 40442.4 MB | Allocated: 0.0 MB | Cached: 0.0 MB


==== Memoria GPU - Inicio de época ====
GPU 0 - Total: 40442.4 MB | Allocated: 2.1 MB | Cached: 5008.0 MB

GPU 1 - Total: 40442.4 MB | Allocated: 0.0 MB | Cached: 4918.0 MB

Validation Dice: 0.8147836634836126 for Model: FRNet_Dice

==== Memoria GPU - Inicio de época ====
GPU 0 - Total: 40442.4 MB | Allocated: 2.1 MB | Cached: 4.0 MB

GPU 1 - Total: 40442.4 MB | Allocated: 0.0 MB | Cached: 0.0 MB


==== Memoria GPU - Inicio de época ====
GPU 0 - Total: 40442.4 MB | Allocated: 2.1 MB | Cached: 5008.0 MB

GPU 1 - Total: 40442.4 MB | Allocated: 0.0 MB | Cached: 4918.0 MB

Validation Dice: 0.8264507409402629 for Model: FRNet_Dice
New best dice found, evaluating on test set...

==== Memoria GPU - Inicio de época ====
GPU 0 - Total: 40442.4 MB | Allocated: 2.1 MB | Cached: 5008.0 MB

GPU 1 - Total: 40442.4 MB | Allocated: 0.0 MB | Cached: 4920.0 MB


==== Memoria GPU - Inicio de época ====
GPU 0 - Total: 40442.4 MB | Allocated: 2.1 MB | Cached: 4.0 MB

GPU 1 - Total: 40442.4 MB | Allocated: 0.0 MB | Cached: 0.0 MB


==== Memoria GPU - Inicio de época ====
GPU 0 - Total: 40442.4 MB | Allocated: 2.1 MB | Cached: 5008.0 MB

GPU 1 - Total: 40442.4 MB | Allocated: 0.0 MB | Cached: 4918.0 MB

Validation Dice: 0.8324913784709755 for Model: FRNet_Dice
New best dice found, evaluating on test set...

==== Memoria GPU - Inicio de época ====
GPU 0 - Total: 40442.4 MB | Allocated: 2.1 MB | Cached: 5008.0 MB

GPU 1 - Total: 40442.4 MB | Allocated: 0.0 MB | Cached: 4920.0 MB


==== Memoria GPU - Inicio de época ====
GPU 0 - Total: 40442.4 MB | Allocated: 2.1 MB | Cached: 4.0 MB

GPU 1 - Total: 40442.4 MB | Allocated: 0.0 MB | Cached: 0.0 MB


==== Memoria GPU - Inicio de época ====
GPU 0 - Total: 40442.4 MB | Allocated: 2.1 MB | Cached: 5008.0 MB

GPU 1 - Total: 40442.4 MB | Allocated: 0.0 MB | Cached: 4918.0 MB

Validation Dice: 0.8198933766363865 for Model: FRNet_Dice

==== Memoria GPU - Inicio de época ====
GPU 0 - Total: 40442.4 MB | Allocated: 2.1 MB | Cached: 4.0 MB

GPU 1 - Total: 40442.4 MB | Allocated: 0.0 MB | Cached: 0.0 MB


==== Memoria GPU - Inicio de época ====
GPU 0 - Total: 40442.4 MB | Allocated: 2.1 MB | Cached: 5008.0 MB

GPU 1 - Total: 40442.4 MB | Allocated: 0.0 MB | Cached: 4918.0 MB

Validation Dice: 0.8370724554454462 for Model: FRNet_Dice
New best dice found, evaluating on test set...

==== Memoria GPU - Inicio de época ====
GPU 0 - Total: 40442.4 MB | Allocated: 2.1 MB | Cached: 5008.0 MB

GPU 1 - Total: 40442.4 MB | Allocated: 0.0 MB | Cached: 4920.0 MB


==== Memoria GPU - Inicio de época ====
GPU 0 - Total: 40442.4 MB | Allocated: 2.1 MB | Cached: 4.0 MB

GPU 1 - Total: 40442.4 MB | Allocated: 0.0 MB | Cached: 0.0 MB


==== Memoria GPU - Inicio de época ====
GPU 0 - Total: 40442.4 MB | Allocated: 2.1 MB | Cached: 5008.0 MB

GPU 1 - Total: 40442.4 MB | Allocated: 0.0 MB | Cached: 4918.0 MB

Validation Dice: 0.8144094789310806 for Model: FRNet_Dice

==== Memoria GPU - Inicio de época ====
GPU 0 - Total: 40442.4 MB | Allocated: 2.1 MB | Cached: 4.0 MB

GPU 1 - Total: 40442.4 MB | Allocated: 0.0 MB | Cached: 0.0 MB


==== Memoria GPU - Inicio de época ====
GPU 0 - Total: 40442.4 MB | Allocated: 2.1 MB | Cached: 5008.0 MB

GPU 1 - Total: 40442.4 MB | Allocated: 0.0 MB | Cached: 4918.0 MB

Validation Dice: 0.8372269480023101 for Model: FRNet_Dice
New best dice found, evaluating on test set...

==== Memoria GPU - Inicio de época ====
GPU 0 - Total: 40442.4 MB | Allocated: 2.1 MB | Cached: 5008.0 MB

GPU 1 - Total: 40442.4 MB | Allocated: 0.0 MB | Cached: 4920.0 MB


==== Memoria GPU - Inicio de época ====
GPU 0 - Total: 40442.4 MB | Allocated: 2.1 MB | Cached: 4.0 MB

GPU 1 - Total: 40442.4 MB | Allocated: 0.0 MB | Cached: 0.0 MB


==== Memoria GPU - Inicio de época ====
GPU 0 - Total: 40442.4 MB | Allocated: 2.1 MB | Cached: 5008.0 MB

GPU 1 - Total: 40442.4 MB | Allocated: 0.0 MB | Cached: 4918.0 MB

Validation Dice: 0.8346539004791017 for Model: FRNet_Dice

==== Memoria GPU - Inicio de época ====
GPU 0 - Total: 40442.4 MB | Allocated: 2.1 MB | Cached: 4.0 MB

GPU 1 - Total: 40442.4 MB | Allocated: 0.0 MB | Cached: 0.0 MB


==== Memoria GPU - Inicio de época ====
GPU 0 - Total: 40442.4 MB | Allocated: 2.1 MB | Cached: 5008.0 MB

GPU 1 - Total: 40442.4 MB | Allocated: 0.0 MB | Cached: 4918.0 MB

Validation Dice: 0.8392093763482779 for Model: FRNet_Dice
New best dice found, evaluating on test set...

==== Memoria GPU - Inicio de época ====
GPU 0 - Total: 40442.4 MB | Allocated: 2.1 MB | Cached: 5008.0 MB

GPU 1 - Total: 40442.4 MB | Allocated: 0.0 MB | Cached: 4920.0 MB


==== Memoria GPU - Inicio de época ====
GPU 0 - Total: 40442.4 MB | Allocated: 2.1 MB | Cached: 4.0 MB

GPU 1 - Total: 40442.4 MB | Allocated: 0.0 MB | Cached: 0.0 MB


==== Memoria GPU - Inicio de época ====
GPU 0 - Total: 40442.4 MB | Allocated: 2.1 MB | Cached: 5008.0 MB

GPU 1 - Total: 40442.4 MB | Allocated: 0.0 MB | Cached: 4918.0 MB

Validation Dice: 0.8445942448121503 for Model: FRNet_Dice
New best dice found, evaluating on test set...

==== Memoria GPU - Inicio de época ====
GPU 0 - Total: 40442.4 MB | Allocated: 2.1 MB | Cached: 5008.0 MB

GPU 1 - Total: 40442.4 MB | Allocated: 0.0 MB | Cached: 4920.0 MB


==== Memoria GPU - Inicio de época ====
GPU 0 - Total: 40442.4 MB | Allocated: 2.1 MB | Cached: 4.0 MB

GPU 1 - Total: 40442.4 MB | Allocated: 0.0 MB | Cached: 0.0 MB


==== Memoria GPU - Inicio de época ====
GPU 0 - Total: 40442.4 MB | Allocated: 2.1 MB | Cached: 5008.0 MB

GPU 1 - Total: 40442.4 MB | Allocated: 0.0 MB | Cached: 4918.0 MB

Validation Dice: 0.8124994500568402 for Model: FRNet_Dice

==== Memoria GPU - Inicio de época ====
GPU 0 - Total: 40442.4 MB | Allocated: 2.1 MB | Cached: 4.0 MB

GPU 1 - Total: 40442.4 MB | Allocated: 0.0 MB | Cached: 0.0 MB


==== Memoria GPU - Inicio de época ====
GPU 0 - Total: 40442.4 MB | Allocated: 2.1 MB | Cached: 5008.0 MB

GPU 1 - Total: 40442.4 MB | Allocated: 0.0 MB | Cached: 4918.0 MB

Validation Dice: 0.8449988559516015 for Model: FRNet_Dice
New best dice found, evaluating on test set...

==== Memoria GPU - Inicio de época ====
GPU 0 - Total: 40442.4 MB | Allocated: 2.1 MB | Cached: 5008.0 MB

GPU 1 - Total: 40442.4 MB | Allocated: 0.0 MB | Cached: 4920.0 MB


==== Memoria GPU - Inicio de época ====
GPU 0 - Total: 40442.4 MB | Allocated: 2.1 MB | Cached: 4.0 MB

GPU 1 - Total: 40442.4 MB | Allocated: 0.0 MB | Cached: 0.0 MB


==== Memoria GPU - Inicio de época ====
GPU 0 - Total: 40442.4 MB | Allocated: 2.1 MB | Cached: 5008.0 MB

GPU 1 - Total: 40442.4 MB | Allocated: 0.0 MB | Cached: 4918.0 MB

Validation Dice: 0.8369301741849785 for Model: FRNet_Dice

==== Memoria GPU - Inicio de época ====
GPU 0 - Total: 40442.4 MB | Allocated: 2.1 MB | Cached: 4.0 MB

GPU 1 - Total: 40442.4 MB | Allocated: 0.0 MB | Cached: 0.0 MB


==== Memoria GPU - Inicio de época ====
GPU 0 - Total: 40442.4 MB | Allocated: 2.1 MB | Cached: 5008.0 MB

GPU 1 - Total: 40442.4 MB | Allocated: 0.0 MB | Cached: 4918.0 MB

Validation Dice: 0.8439037659792309 for Model: FRNet_Dice

==== Memoria GPU - Inicio de época ====
GPU 0 - Total: 40442.4 MB | Allocated: 2.1 MB | Cached: 4.0 MB

GPU 1 - Total: 40442.4 MB | Allocated: 0.0 MB | Cached: 0.0 MB


==== Memoria GPU - Inicio de época ====
GPU 0 - Total: 40442.4 MB | Allocated: 2.1 MB | Cached: 5008.0 MB

GPU 1 - Total: 40442.4 MB | Allocated: 0.0 MB | Cached: 4918.0 MB

Validation Dice: 0.8374118931845999 for Model: FRNet_Dice

==== Memoria GPU - Inicio de época ====
GPU 0 - Total: 40442.4 MB | Allocated: 2.1 MB | Cached: 4.0 MB

GPU 1 - Total: 40442.4 MB | Allocated: 0.0 MB | Cached: 0.0 MB


==== Memoria GPU - Inicio de época ====
GPU 0 - Total: 40442.4 MB | Allocated: 2.1 MB | Cached: 5008.0 MB

GPU 1 - Total: 40442.4 MB | Allocated: 0.0 MB | Cached: 4918.0 MB

Validation Dice: 0.8413711220225389 for Model: FRNet_Dice

==== Memoria GPU - Inicio de época ====
GPU 0 - Total: 40442.4 MB | Allocated: 2.1 MB | Cached: 4.0 MB

GPU 1 - Total: 40442.4 MB | Allocated: 0.0 MB | Cached: 0.0 MB


==== Memoria GPU - Inicio de época ====
GPU 0 - Total: 40442.4 MB | Allocated: 2.1 MB | Cached: 5008.0 MB

GPU 1 - Total: 40442.4 MB | Allocated: 0.0 MB | Cached: 4918.0 MB

Validation Dice: 0.8489964641639164 for Model: FRNet_Dice
New best dice found, evaluating on test set...

==== Memoria GPU - Inicio de época ====
GPU 0 - Total: 40442.4 MB | Allocated: 2.1 MB | Cached: 5008.0 MB

GPU 1 - Total: 40442.4 MB | Allocated: 0.0 MB | Cached: 4920.0 MB


==== Memoria GPU - Inicio de época ====
GPU 0 - Total: 40442.4 MB | Allocated: 2.1 MB | Cached: 4.0 MB

GPU 1 - Total: 40442.4 MB | Allocated: 0.0 MB | Cached: 0.0 MB


==== Memoria GPU - Inicio de época ====
GPU 0 - Total: 40442.4 MB | Allocated: 2.1 MB | Cached: 5008.0 MB

GPU 1 - Total: 40442.4 MB | Allocated: 0.0 MB | Cached: 4918.0 MB

Validation Dice: 0.839780993571059 for Model: FRNet_Dice

==== Memoria GPU - Inicio de época ====
GPU 0 - Total: 40442.4 MB | Allocated: 2.1 MB | Cached: 4.0 MB

GPU 1 - Total: 40442.4 MB | Allocated: 0.0 MB | Cached: 0.0 MB


==== Memoria GPU - Inicio de época ====
GPU 0 - Total: 40442.4 MB | Allocated: 2.1 MB | Cached: 5008.0 MB

GPU 1 - Total: 40442.4 MB | Allocated: 0.0 MB | Cached: 4918.0 MB

Validation Dice: 0.844964844987699 for Model: FRNet_Dice

==== Memoria GPU - Inicio de época ====
GPU 0 - Total: 40442.4 MB | Allocated: 2.1 MB | Cached: 4.0 MB

GPU 1 - Total: 40442.4 MB | Allocated: 0.0 MB | Cached: 0.0 MB


==== Memoria GPU - Inicio de época ====
GPU 0 - Total: 40442.4 MB | Allocated: 2.1 MB | Cached: 5008.0 MB

GPU 1 - Total: 40442.4 MB | Allocated: 0.0 MB | Cached: 4918.0 MB

