slurmstepd: info: Setting TMPDIR to /scratch/10660383. Previous errors about TMPDIR can be discarded
Restormer model not found. Restormer preprocessing will be disabled.
Available Models: ['FRNet', 'FRNet_1ch', 'FRNetR', 'RoiNet', 'RoiNet7', 'RoiNet5', 'RoiNet3', 'RoiNetR', 'RoiNetx1.5', 'RoiNetx0.5', 'RoiNetx2']
Datasets_library: {'FIVES512': {'paths': {'train': 'dataset/FIVES512/train', 'val': 'dataset/FIVES512/val', 'test': 'dataset/FIVES512/test'}, 'preprocessing': {'start': 0, 'end': 1}}, 'FIVES': {'paths': {'train': 'dataset/FIVES/train', 'val': 'dataset/FIVES/val', 'test': 'dataset/FIVES/test'}, 'preprocessing': {'start': 0, 'end': 1}}}
USING CHANNELS = 1
Available Datasets: ['FIVES512', 'FIVES']

All datasets: {'FIVES512': {'train': <ds.dataset.SegmentationDataset object at 0x14e1c7cb0650>, 'val': <ds.dataset.SegmentationDataset object at 0x14e1c7cbafd0>, 'test': <ds.dataset.SegmentationDataset object at 0x14e1c7cbbe50>}, 'FIVES': {'train': <ds.dataset.SegmentationDataset object at 0x14e1c7cbd910>, 'val': <ds.dataset.SegmentationDataset object at 0x14e1c7c1e1d0>, 'test': <ds.dataset.SegmentationDataset object at 0x14e1c7c1fa50>}}
Dataset a usar: {'train': <ds.dataset.SegmentationDataset object at 0x14e1c7cbd910>, 'val': <ds.dataset.SegmentationDataset object at 0x14e1c7c1e1d0>, 'test': <ds.dataset.SegmentationDataset object at 0x14e1c7c1fa50>}
Training Configuration:
  Model: FRNet_1ch
  Dataset: FIVES
  Epochs: 300
  Thresh value: 100
  Early Stopping Threshold: 100
  Batch Size: 1
  Learning Rate: 0.0001
  Weight Decay: 0.001
  Loss Function: Dice
  Logging Enabled: True
  Augmentation: {'enabled': False, 'geometric': False, 'elastic': False, 'intensity_and_color': False, 'gamma': False, 'noise': False}
  Output Directory: run_benchmark_runs/FRNet_1ch_11_3_kernel_slurm_FIVES_Dice_NoAugmentresult_2025-02-19_19-40-32
Using 2 GPUs

Modelo cargado en GPU:
- Parámetros totales: 134624
- Memoria ocupada por modelo en GPU: 0.51 MB

==== Memoria GPU - Después de cargar el modelo en GPU ====
GPU 0 - Total: 40442.4 MB | Allocated: 0.5 MB | Cached: 2.0 MB

GPU 1 - Total: 40442.4 MB | Allocated: 0.0 MB | Cached: 0.0 MB

Using 2 GPUs

USING: Dice

==== Memoria GPU - Inicio de época ====
GPU 0 - Total: 40442.4 MB | Allocated: 0.5 MB | Cached: 2.0 MB

GPU 1 - Total: 40442.4 MB | Allocated: 0.0 MB | Cached: 0.0 MB

