slurmstepd: info: Setting TMPDIR to /scratch/10699704. Previous errors about TMPDIR can be discarded
Restormer model not found. Restormer preprocessing will be disabled.
Available Models: ['FRNet', 'FRNet_1ch', 'FRNetR', 'RoiNet', 'RoiNet7', 'RoiNet5', 'RoiNet3', 'RoiNetR', 'RoiNetx1.5', 'RoiNetx0.5', 'RoiNetx2']
Datasets_library: {'FIVES512': {'paths': {'train': 'dataset/FIVES512/train', 'val': 'dataset/FIVES512/val', 'test': 'dataset/FIVES512/test'}, 'preprocessing': {'start': 0, 'end': 1}}, 'FIVES': {'paths': {'train': 'dataset/FIVES/train', 'val': 'dataset/FIVES/val', 'test': 'dataset/FIVES/test'}, 'preprocessing': {'start': 0, 'end': 1}}}
USING CHANNELS = 3
Available Datasets: ['FIVES512', 'FIVES']

All datasets: {'FIVES512': {'train': <ds.dataset.SegmentationDataset object at 0x1514446b73d0>, 'val': <ds.dataset.SegmentationDataset object at 0x1515325a9dc0>, 'test': <ds.dataset.SegmentationDataset object at 0x1515325a9eb0>}, 'FIVES': {'train': <ds.dataset.SegmentationDataset object at 0x1514446a9fa0>, 'val': <ds.dataset.SegmentationDataset object at 0x1514446a9eb0>, 'test': <ds.dataset.SegmentationDataset object at 0x1514446a9dc0>}}
Dataset a usar: {'train': <ds.dataset.SegmentationDataset object at 0x1514446a9fa0>, 'val': <ds.dataset.SegmentationDataset object at 0x1514446a9eb0>, 'test': <ds.dataset.SegmentationDataset object at 0x1514446a9dc0>}
Training Configuration:
  Model: RoiNet
  Dataset: FIVES
  Epochs: 300
  Thresh value: 100
  Early Stopping Threshold: 100
  Batch Size: 1
  Learning Rate: 0.0001
  Weight Decay: 0.001
  Loss Function: Dice
  Logging Enabled: True
  Augmentation: {'enabled': True, 'geometric': True, 'elastic': True, 'intensity_and_color': False, 'gamma': False, 'noise': False}
  Output Directory: run_benchmark_runs/Roinet_slurm_FIVES_Dice_GeomElasticAugmentresult_2025-02-21_15-35-06
Parameters logged to: run_benchmark_runs/Roinet_slurm_FIVES_Dice_GeomElasticAugmentresult_2025-02-21_15-35-06/parameters_FIVES_RoiNet_Dice_True_False.log

Modelo cargado en GPU:
- Parámetros totales: 4687174
- Memoria ocupada por modelo en GPU: 17.88 MB

==== Memoria GPU - Después de cargar el modelo en GPU ====
GPU 0 - Total: 40442.4 MB | Allocated: 17.9 MB | Cached: 24.0 MB


USING: Dice

==== Memoria GPU - Inicio de época ====
GPU 0 - Total: 40442.4 MB | Allocated: 17.9 MB | Cached: 24.0 MB


==== Memoria GPU - Inicio de época ====
GPU 0 - Total: 40442.4 MB | Allocated: 72.6 MB | Cached: 30378.0 MB

Validation Dice: 0.5992704942369016 for Model: RoiNet_Dice
New best dice found, evaluating on test set...

==== Memoria GPU - Inicio de época ====
GPU 0 - Total: 40442.4 MB | Allocated: 72.6 MB | Cached: 30378.0 MB


==== Memoria GPU - Inicio de época ====
GPU 0 - Total: 40442.4 MB | Allocated: 72.6 MB | Cached: 966.0 MB


==== Memoria GPU - Inicio de época ====
GPU 0 - Total: 40442.4 MB | Allocated: 72.6 MB | Cached: 30592.0 MB

Validation Dice: 0.7202217670260307 for Model: RoiNet_Dice
New best dice found, evaluating on test set...

==== Memoria GPU - Inicio de época ====
GPU 0 - Total: 40442.4 MB | Allocated: 72.6 MB | Cached: 30592.0 MB


==== Memoria GPU - Inicio de época ====
GPU 0 - Total: 40442.4 MB | Allocated: 72.6 MB | Cached: 1226.0 MB


==== Memoria GPU - Inicio de época ====
GPU 0 - Total: 40442.4 MB | Allocated: 72.6 MB | Cached: 30596.0 MB

Validation Dice: 0.7048813550356312 for Model: RoiNet_Dice

==== Memoria GPU - Inicio de época ====
GPU 0 - Total: 40442.4 MB | Allocated: 72.6 MB | Cached: 1226.0 MB


==== Memoria GPU - Inicio de época ====
GPU 0 - Total: 40442.4 MB | Allocated: 72.6 MB | Cached: 30596.0 MB

Validation Dice: 0.7366930054169107 for Model: RoiNet_Dice
New best dice found, evaluating on test set...

==== Memoria GPU - Inicio de época ====
GPU 0 - Total: 40442.4 MB | Allocated: 72.6 MB | Cached: 30596.0 MB


==== Memoria GPU - Inicio de época ====
GPU 0 - Total: 40442.4 MB | Allocated: 72.6 MB | Cached: 1226.0 MB


==== Memoria GPU - Inicio de época ====
GPU 0 - Total: 40442.4 MB | Allocated: 72.6 MB | Cached: 30596.0 MB

Validation Dice: 0.709375401112054 for Model: RoiNet_Dice

==== Memoria GPU - Inicio de época ====
GPU 0 - Total: 40442.4 MB | Allocated: 72.6 MB | Cached: 1226.0 MB


==== Memoria GPU - Inicio de época ====
GPU 0 - Total: 40442.4 MB | Allocated: 72.6 MB | Cached: 30596.0 MB

Validation Dice: 0.6657648748755546 for Model: RoiNet_Dice

==== Memoria GPU - Inicio de época ====
GPU 0 - Total: 40442.4 MB | Allocated: 72.6 MB | Cached: 1226.0 MB


==== Memoria GPU - Inicio de época ====
GPU 0 - Total: 40442.4 MB | Allocated: 72.6 MB | Cached: 30596.0 MB

Validation Dice: 0.732479933351054 for Model: RoiNet_Dice

==== Memoria GPU - Inicio de época ====
GPU 0 - Total: 40442.4 MB | Allocated: 72.6 MB | Cached: 1226.0 MB


==== Memoria GPU - Inicio de época ====
GPU 0 - Total: 40442.4 MB | Allocated: 72.6 MB | Cached: 30596.0 MB

Validation Dice: 0.7327498001408604 for Model: RoiNet_Dice

==== Memoria GPU - Inicio de época ====
GPU 0 - Total: 40442.4 MB | Allocated: 72.6 MB | Cached: 1226.0 MB


==== Memoria GPU - Inicio de época ====
GPU 0 - Total: 40442.4 MB | Allocated: 72.6 MB | Cached: 30596.0 MB

Validation Dice: 0.7795104583942071 for Model: RoiNet_Dice
New best dice found, evaluating on test set...

==== Memoria GPU - Inicio de época ====
GPU 0 - Total: 40442.4 MB | Allocated: 72.6 MB | Cached: 30596.0 MB


==== Memoria GPU - Inicio de época ====
GPU 0 - Total: 40442.4 MB | Allocated: 72.6 MB | Cached: 1226.0 MB


==== Memoria GPU - Inicio de época ====
GPU 0 - Total: 40442.4 MB | Allocated: 72.6 MB | Cached: 30596.0 MB

Validation Dice: 0.7444633216140294 for Model: RoiNet_Dice

==== Memoria GPU - Inicio de época ====
GPU 0 - Total: 40442.4 MB | Allocated: 72.6 MB | Cached: 1226.0 MB


==== Memoria GPU - Inicio de época ====
GPU 0 - Total: 40442.4 MB | Allocated: 72.6 MB | Cached: 30596.0 MB

Validation Dice: 0.7117437045862707 for Model: RoiNet_Dice

==== Memoria GPU - Inicio de época ====
GPU 0 - Total: 40442.4 MB | Allocated: 72.6 MB | Cached: 1226.0 MB


==== Memoria GPU - Inicio de época ====
GPU 0 - Total: 40442.4 MB | Allocated: 72.6 MB | Cached: 30596.0 MB

Validation Dice: 0.764856690095524 for Model: RoiNet_Dice

==== Memoria GPU - Inicio de época ====
GPU 0 - Total: 40442.4 MB | Allocated: 72.6 MB | Cached: 1226.0 MB


==== Memoria GPU - Inicio de época ====
GPU 0 - Total: 40442.4 MB | Allocated: 72.6 MB | Cached: 30596.0 MB

Validation Dice: 0.7638383904863283 for Model: RoiNet_Dice

==== Memoria GPU - Inicio de época ====
GPU 0 - Total: 40442.4 MB | Allocated: 72.6 MB | Cached: 1226.0 MB


==== Memoria GPU - Inicio de época ====
GPU 0 - Total: 40442.4 MB | Allocated: 72.6 MB | Cached: 30596.0 MB

Validation Dice: 0.7669390705020789 for Model: RoiNet_Dice

==== Memoria GPU - Inicio de época ====
GPU 0 - Total: 40442.4 MB | Allocated: 72.6 MB | Cached: 1226.0 MB


==== Memoria GPU - Inicio de época ====
GPU 0 - Total: 40442.4 MB | Allocated: 72.6 MB | Cached: 30596.0 MB

Validation Dice: 0.6660915877207091 for Model: RoiNet_Dice

==== Memoria GPU - Inicio de época ====
GPU 0 - Total: 40442.4 MB | Allocated: 72.6 MB | Cached: 1226.0 MB


==== Memoria GPU - Inicio de época ====
GPU 0 - Total: 40442.4 MB | Allocated: 72.6 MB | Cached: 30596.0 MB

Validation Dice: 0.7339218687099096 for Model: RoiNet_Dice

==== Memoria GPU - Inicio de época ====
GPU 0 - Total: 40442.4 MB | Allocated: 72.6 MB | Cached: 1226.0 MB


==== Memoria GPU - Inicio de época ====
GPU 0 - Total: 40442.4 MB | Allocated: 72.6 MB | Cached: 30596.0 MB

Validation Dice: 0.7716455371558212 for Model: RoiNet_Dice

==== Memoria GPU - Inicio de época ====
GPU 0 - Total: 40442.4 MB | Allocated: 72.6 MB | Cached: 1226.0 MB


==== Memoria GPU - Inicio de época ====
GPU 0 - Total: 40442.4 MB | Allocated: 72.6 MB | Cached: 30596.0 MB

Validation Dice: 0.7590226020417832 for Model: RoiNet_Dice

==== Memoria GPU - Inicio de época ====
GPU 0 - Total: 40442.4 MB | Allocated: 72.6 MB | Cached: 1226.0 MB


==== Memoria GPU - Inicio de época ====
GPU 0 - Total: 40442.4 MB | Allocated: 72.6 MB | Cached: 30596.0 MB

Validation Dice: 0.6832651805756979 for Model: RoiNet_Dice

==== Memoria GPU - Inicio de época ====
GPU 0 - Total: 40442.4 MB | Allocated: 72.6 MB | Cached: 1226.0 MB


==== Memoria GPU - Inicio de época ====
GPU 0 - Total: 40442.4 MB | Allocated: 72.6 MB | Cached: 30596.0 MB

Validation Dice: 0.7303082212094605 for Model: RoiNet_Dice

==== Memoria GPU - Inicio de época ====
GPU 0 - Total: 40442.4 MB | Allocated: 72.6 MB | Cached: 1226.0 MB


==== Memoria GPU - Inicio de época ====
GPU 0 - Total: 40442.4 MB | Allocated: 72.6 MB | Cached: 30596.0 MB

Validation Dice: 0.7875107280312538 for Model: RoiNet_Dice
New best dice found, evaluating on test set...

==== Memoria GPU - Inicio de época ====
GPU 0 - Total: 40442.4 MB | Allocated: 72.6 MB | Cached: 30596.0 MB


==== Memoria GPU - Inicio de época ====
GPU 0 - Total: 40442.4 MB | Allocated: 72.6 MB | Cached: 1226.0 MB


==== Memoria GPU - Inicio de época ====
GPU 0 - Total: 40442.4 MB | Allocated: 72.6 MB | Cached: 30596.0 MB

Validation Dice: 0.6868354657390277 for Model: RoiNet_Dice

==== Memoria GPU - Inicio de época ====
GPU 0 - Total: 40442.4 MB | Allocated: 72.6 MB | Cached: 1226.0 MB


==== Memoria GPU - Inicio de época ====
GPU 0 - Total: 40442.4 MB | Allocated: 72.6 MB | Cached: 30596.0 MB

Validation Dice: 0.7157127301156349 for Model: RoiNet_Dice

==== Memoria GPU - Inicio de época ====
GPU 0 - Total: 40442.4 MB | Allocated: 72.6 MB | Cached: 1226.0 MB


==== Memoria GPU - Inicio de época ====
GPU 0 - Total: 40442.4 MB | Allocated: 72.6 MB | Cached: 30596.0 MB

Validation Dice: 0.7605155007799129 for Model: RoiNet_Dice

==== Memoria GPU - Inicio de época ====
GPU 0 - Total: 40442.4 MB | Allocated: 72.6 MB | Cached: 1226.0 MB


==== Memoria GPU - Inicio de época ====
GPU 0 - Total: 40442.4 MB | Allocated: 72.6 MB | Cached: 30596.0 MB

Validation Dice: 0.6391357982766791 for Model: RoiNet_Dice

==== Memoria GPU - Inicio de época ====
GPU 0 - Total: 40442.4 MB | Allocated: 72.6 MB | Cached: 1226.0 MB


==== Memoria GPU - Inicio de época ====
GPU 0 - Total: 40442.4 MB | Allocated: 72.6 MB | Cached: 30596.0 MB

Validation Dice: 0.7492513686001556 for Model: RoiNet_Dice

==== Memoria GPU - Inicio de época ====
GPU 0 - Total: 40442.4 MB | Allocated: 72.6 MB | Cached: 1226.0 MB


==== Memoria GPU - Inicio de época ====
GPU 0 - Total: 40442.4 MB | Allocated: 72.6 MB | Cached: 30596.0 MB

Validation Dice: 0.7223682295435127 for Model: RoiNet_Dice

==== Memoria GPU - Inicio de época ====
GPU 0 - Total: 40442.4 MB | Allocated: 72.6 MB | Cached: 1226.0 MB


==== Memoria GPU - Inicio de época ====
GPU 0 - Total: 40442.4 MB | Allocated: 72.6 MB | Cached: 30596.0 MB

Validation Dice: 0.731964314792508 for Model: RoiNet_Dice

==== Memoria GPU - Inicio de época ====
GPU 0 - Total: 40442.4 MB | Allocated: 72.6 MB | Cached: 1226.0 MB


==== Memoria GPU - Inicio de época ====
GPU 0 - Total: 40442.4 MB | Allocated: 72.6 MB | Cached: 30596.0 MB

Validation Dice: 0.7174936868859054 for Model: RoiNet_Dice

==== Memoria GPU - Inicio de época ====
GPU 0 - Total: 40442.4 MB | Allocated: 72.6 MB | Cached: 1226.0 MB


==== Memoria GPU - Inicio de época ====
GPU 0 - Total: 40442.4 MB | Allocated: 72.6 MB | Cached: 30596.0 MB

Validation Dice: 0.7660838024532727 for Model: RoiNet_Dice

==== Memoria GPU - Inicio de época ====
GPU 0 - Total: 40442.4 MB | Allocated: 72.6 MB | Cached: 1226.0 MB


==== Memoria GPU - Inicio de época ====
GPU 0 - Total: 40442.4 MB | Allocated: 72.6 MB | Cached: 30596.0 MB

Validation Dice: 0.7367991697131815 for Model: RoiNet_Dice

==== Memoria GPU - Inicio de época ====
GPU 0 - Total: 40442.4 MB | Allocated: 72.6 MB | Cached: 1226.0 MB


==== Memoria GPU - Inicio de época ====
GPU 0 - Total: 40442.4 MB | Allocated: 72.6 MB | Cached: 30596.0 MB

Validation Dice: 0.7948411180812748 for Model: RoiNet_Dice
New best dice found, evaluating on test set...

==== Memoria GPU - Inicio de época ====
GPU 0 - Total: 40442.4 MB | Allocated: 72.6 MB | Cached: 30596.0 MB


==== Memoria GPU - Inicio de época ====
GPU 0 - Total: 40442.4 MB | Allocated: 72.6 MB | Cached: 1226.0 MB


==== Memoria GPU - Inicio de época ====
GPU 0 - Total: 40442.4 MB | Allocated: 72.6 MB | Cached: 30596.0 MB

Validation Dice: 0.7706450561945549 for Model: RoiNet_Dice

==== Memoria GPU - Inicio de época ====
GPU 0 - Total: 40442.4 MB | Allocated: 72.6 MB | Cached: 1226.0 MB


==== Memoria GPU - Inicio de época ====
GPU 0 - Total: 40442.4 MB | Allocated: 72.6 MB | Cached: 30596.0 MB

Validation Dice: 0.7218994485265067 for Model: RoiNet_Dice

==== Memoria GPU - Inicio de época ====
GPU 0 - Total: 40442.4 MB | Allocated: 72.6 MB | Cached: 1226.0 MB


==== Memoria GPU - Inicio de época ====
GPU 0 - Total: 40442.4 MB | Allocated: 72.6 MB | Cached: 30596.0 MB

Validation Dice: 0.7467591543987562 for Model: RoiNet_Dice

==== Memoria GPU - Inicio de época ====
GPU 0 - Total: 40442.4 MB | Allocated: 72.6 MB | Cached: 1226.0 MB


==== Memoria GPU - Inicio de época ====
GPU 0 - Total: 40442.4 MB | Allocated: 72.6 MB | Cached: 30596.0 MB

Validation Dice: 0.8044625187622108 for Model: RoiNet_Dice
New best dice found, evaluating on test set...

==== Memoria GPU - Inicio de época ====
GPU 0 - Total: 40442.4 MB | Allocated: 72.6 MB | Cached: 30596.0 MB


==== Memoria GPU - Inicio de época ====
GPU 0 - Total: 40442.4 MB | Allocated: 72.6 MB | Cached: 1226.0 MB


==== Memoria GPU - Inicio de época ====
GPU 0 - Total: 40442.4 MB | Allocated: 72.6 MB | Cached: 30596.0 MB

Validation Dice: 0.7605592370606529 for Model: RoiNet_Dice

==== Memoria GPU - Inicio de época ====
GPU 0 - Total: 40442.4 MB | Allocated: 72.6 MB | Cached: 1226.0 MB


==== Memoria GPU - Inicio de época ====
GPU 0 - Total: 40442.4 MB | Allocated: 72.6 MB | Cached: 30596.0 MB

Validation Dice: 0.7604133878114658 for Model: RoiNet_Dice

==== Memoria GPU - Inicio de época ====
GPU 0 - Total: 40442.4 MB | Allocated: 72.6 MB | Cached: 1226.0 MB


==== Memoria GPU - Inicio de época ====
GPU 0 - Total: 40442.4 MB | Allocated: 72.6 MB | Cached: 30596.0 MB

Validation Dice: 0.746816431962732 for Model: RoiNet_Dice

==== Memoria GPU - Inicio de época ====
GPU 0 - Total: 40442.4 MB | Allocated: 72.6 MB | Cached: 1226.0 MB


==== Memoria GPU - Inicio de época ====
GPU 0 - Total: 40442.4 MB | Allocated: 72.6 MB | Cached: 30596.0 MB

Validation Dice: 0.7825317498296854 for Model: RoiNet_Dice

==== Memoria GPU - Inicio de época ====
GPU 0 - Total: 40442.4 MB | Allocated: 72.6 MB | Cached: 1226.0 MB


==== Memoria GPU - Inicio de época ====
GPU 0 - Total: 40442.4 MB | Allocated: 72.6 MB | Cached: 30596.0 MB

Validation Dice: 0.8058937254800601 for Model: RoiNet_Dice
New best dice found, evaluating on test set...

==== Memoria GPU - Inicio de época ====
GPU 0 - Total: 40442.4 MB | Allocated: 72.6 MB | Cached: 30596.0 MB


==== Memoria GPU - Inicio de época ====
GPU 0 - Total: 40442.4 MB | Allocated: 72.6 MB | Cached: 1226.0 MB


==== Memoria GPU - Inicio de época ====
GPU 0 - Total: 40442.4 MB | Allocated: 72.6 MB | Cached: 30596.0 MB

Validation Dice: 0.7704956856916462 for Model: RoiNet_Dice

==== Memoria GPU - Inicio de época ====
GPU 0 - Total: 40442.4 MB | Allocated: 72.6 MB | Cached: 1226.0 MB


==== Memoria GPU - Inicio de época ====
GPU 0 - Total: 40442.4 MB | Allocated: 72.6 MB | Cached: 30596.0 MB

Validation Dice: 0.7044172356660963 for Model: RoiNet_Dice

==== Memoria GPU - Inicio de época ====
GPU 0 - Total: 40442.4 MB | Allocated: 72.6 MB | Cached: 1226.0 MB


==== Memoria GPU - Inicio de época ====
GPU 0 - Total: 40442.4 MB | Allocated: 72.6 MB | Cached: 30596.0 MB

Validation Dice: 0.7521072582001657 for Model: RoiNet_Dice

==== Memoria GPU - Inicio de época ====
GPU 0 - Total: 40442.4 MB | Allocated: 72.6 MB | Cached: 1226.0 MB


==== Memoria GPU - Inicio de época ====
GPU 0 - Total: 40442.4 MB | Allocated: 72.6 MB | Cached: 30596.0 MB

Validation Dice: 0.7862976353137138 for Model: RoiNet_Dice

==== Memoria GPU - Inicio de época ====
GPU 0 - Total: 40442.4 MB | Allocated: 72.6 MB | Cached: 1226.0 MB


==== Memoria GPU - Inicio de época ====
GPU 0 - Total: 40442.4 MB | Allocated: 72.6 MB | Cached: 30596.0 MB

Validation Dice: 0.7739052964143392 for Model: RoiNet_Dice

==== Memoria GPU - Inicio de época ====
GPU 0 - Total: 40442.4 MB | Allocated: 72.6 MB | Cached: 1226.0 MB


==== Memoria GPU - Inicio de época ====
GPU 0 - Total: 40442.4 MB | Allocated: 72.6 MB | Cached: 30596.0 MB

Validation Dice: 0.7898447739187251 for Model: RoiNet_Dice

==== Memoria GPU - Inicio de época ====
GPU 0 - Total: 40442.4 MB | Allocated: 72.6 MB | Cached: 1226.0 MB


==== Memoria GPU - Inicio de época ====
GPU 0 - Total: 40442.4 MB | Allocated: 72.6 MB | Cached: 30596.0 MB

Validation Dice: 0.7484384532157775 for Model: RoiNet_Dice

==== Memoria GPU - Inicio de época ====
GPU 0 - Total: 40442.4 MB | Allocated: 72.6 MB | Cached: 1226.0 MB


==== Memoria GPU - Inicio de época ====
GPU 0 - Total: 40442.4 MB | Allocated: 72.6 MB | Cached: 30596.0 MB

Validation Dice: 0.7351853627896132 for Model: RoiNet_Dice

==== Memoria GPU - Inicio de época ====
GPU 0 - Total: 40442.4 MB | Allocated: 72.6 MB | Cached: 1226.0 MB


==== Memoria GPU - Inicio de época ====
GPU 0 - Total: 40442.4 MB | Allocated: 72.6 MB | Cached: 30596.0 MB

Validation Dice: 0.761577435059656 for Model: RoiNet_Dice

==== Memoria GPU - Inicio de época ====
GPU 0 - Total: 40442.4 MB | Allocated: 72.6 MB | Cached: 1226.0 MB


==== Memoria GPU - Inicio de época ====
GPU 0 - Total: 40442.4 MB | Allocated: 72.6 MB | Cached: 30596.0 MB

Validation Dice: 0.7517665656874729 for Model: RoiNet_Dice

==== Memoria GPU - Inicio de época ====
GPU 0 - Total: 40442.4 MB | Allocated: 72.6 MB | Cached: 1226.0 MB


==== Memoria GPU - Inicio de época ====
GPU 0 - Total: 40442.4 MB | Allocated: 72.6 MB | Cached: 30596.0 MB

Validation Dice: 0.7788637440949482 for Model: RoiNet_Dice

==== Memoria GPU - Inicio de época ====
GPU 0 - Total: 40442.4 MB | Allocated: 72.6 MB | Cached: 1226.0 MB


==== Memoria GPU - Inicio de época ====
GPU 0 - Total: 40442.4 MB | Allocated: 72.6 MB | Cached: 30596.0 MB

Validation Dice: 0.7751364429659066 for Model: RoiNet_Dice

==== Memoria GPU - Inicio de época ====
GPU 0 - Total: 40442.4 MB | Allocated: 72.6 MB | Cached: 1226.0 MB


==== Memoria GPU - Inicio de época ====
GPU 0 - Total: 40442.4 MB | Allocated: 72.6 MB | Cached: 30596.0 MB

Validation Dice: 0.7542064333000087 for Model: RoiNet_Dice

==== Memoria GPU - Inicio de época ====
GPU 0 - Total: 40442.4 MB | Allocated: 72.6 MB | Cached: 1226.0 MB


==== Memoria GPU - Inicio de época ====
GPU 0 - Total: 40442.4 MB | Allocated: 72.6 MB | Cached: 30596.0 MB

Validation Dice: 0.7798656070811532 for Model: RoiNet_Dice

==== Memoria GPU - Inicio de época ====
GPU 0 - Total: 40442.4 MB | Allocated: 72.6 MB | Cached: 1226.0 MB


==== Memoria GPU - Inicio de época ====
GPU 0 - Total: 40442.4 MB | Allocated: 72.6 MB | Cached: 30596.0 MB

Validation Dice: 0.7666562587409367 for Model: RoiNet_Dice

==== Memoria GPU - Inicio de época ====
GPU 0 - Total: 40442.4 MB | Allocated: 72.6 MB | Cached: 1226.0 MB


==== Memoria GPU - Inicio de época ====
GPU 0 - Total: 40442.4 MB | Allocated: 72.6 MB | Cached: 30596.0 MB

Validation Dice: 0.7816173178844577 for Model: RoiNet_Dice

==== Memoria GPU - Inicio de época ====
GPU 0 - Total: 40442.4 MB | Allocated: 72.6 MB | Cached: 1226.0 MB


==== Memoria GPU - Inicio de época ====
GPU 0 - Total: 40442.4 MB | Allocated: 72.6 MB | Cached: 30596.0 MB

Validation Dice: 0.718272375583475 for Model: RoiNet_Dice

==== Memoria GPU - Inicio de época ====
GPU 0 - Total: 40442.4 MB | Allocated: 72.6 MB | Cached: 1226.0 MB


==== Memoria GPU - Inicio de época ====
GPU 0 - Total: 40442.4 MB | Allocated: 72.6 MB | Cached: 30596.0 MB

Validation Dice: 0.7379172855748105 for Model: RoiNet_Dice

==== Memoria GPU - Inicio de época ====
GPU 0 - Total: 40442.4 MB | Allocated: 72.6 MB | Cached: 1226.0 MB


==== Memoria GPU - Inicio de época ====
GPU 0 - Total: 40442.4 MB | Allocated: 72.6 MB | Cached: 30596.0 MB

Validation Dice: 0.7578964544849826 for Model: RoiNet_Dice

==== Memoria GPU - Inicio de época ====
GPU 0 - Total: 40442.4 MB | Allocated: 72.6 MB | Cached: 1226.0 MB


==== Memoria GPU - Inicio de época ====
GPU 0 - Total: 40442.4 MB | Allocated: 72.6 MB | Cached: 30596.0 MB

Validation Dice: 0.8074087386826143 for Model: RoiNet_Dice
New best dice found, evaluating on test set...

==== Memoria GPU - Inicio de época ====
GPU 0 - Total: 40442.4 MB | Allocated: 72.6 MB | Cached: 30596.0 MB


==== Memoria GPU - Inicio de época ====
GPU 0 - Total: 40442.4 MB | Allocated: 72.6 MB | Cached: 1226.0 MB


==== Memoria GPU - Inicio de época ====
GPU 0 - Total: 40442.4 MB | Allocated: 72.6 MB | Cached: 30596.0 MB

Validation Dice: 0.7974925279196118 for Model: RoiNet_Dice

==== Memoria GPU - Inicio de época ====
GPU 0 - Total: 40442.4 MB | Allocated: 72.6 MB | Cached: 1226.0 MB


==== Memoria GPU - Inicio de época ====
GPU 0 - Total: 40442.4 MB | Allocated: 72.6 MB | Cached: 30596.0 MB

Validation Dice: 0.7632413561986875 for Model: RoiNet_Dice

==== Memoria GPU - Inicio de época ====
GPU 0 - Total: 40442.4 MB | Allocated: 72.6 MB | Cached: 1226.0 MB


==== Memoria GPU - Inicio de época ====
GPU 0 - Total: 40442.4 MB | Allocated: 72.6 MB | Cached: 30596.0 MB

Validation Dice: 0.7773551296692754 for Model: RoiNet_Dice

==== Memoria GPU - Inicio de época ====
GPU 0 - Total: 40442.4 MB | Allocated: 72.6 MB | Cached: 1226.0 MB


==== Memoria GPU - Inicio de época ====
GPU 0 - Total: 40442.4 MB | Allocated: 72.6 MB | Cached: 30596.0 MB

Validation Dice: 0.7564919042622662 for Model: RoiNet_Dice

==== Memoria GPU - Inicio de época ====
GPU 0 - Total: 40442.4 MB | Allocated: 72.6 MB | Cached: 1226.0 MB


==== Memoria GPU - Inicio de época ====
GPU 0 - Total: 40442.4 MB | Allocated: 72.6 MB | Cached: 30596.0 MB

Validation Dice: 0.7724986172383926 for Model: RoiNet_Dice

==== Memoria GPU - Inicio de época ====
GPU 0 - Total: 40442.4 MB | Allocated: 72.6 MB | Cached: 1226.0 MB


==== Memoria GPU - Inicio de época ====
GPU 0 - Total: 40442.4 MB | Allocated: 72.6 MB | Cached: 30596.0 MB

Validation Dice: 0.7592848656661703 for Model: RoiNet_Dice

==== Memoria GPU - Inicio de época ====
GPU 0 - Total: 40442.4 MB | Allocated: 72.6 MB | Cached: 1226.0 MB


==== Memoria GPU - Inicio de época ====
GPU 0 - Total: 40442.4 MB | Allocated: 72.6 MB | Cached: 30596.0 MB

Validation Dice: 0.7352066269856379 for Model: RoiNet_Dice

==== Memoria GPU - Inicio de época ====
GPU 0 - Total: 40442.4 MB | Allocated: 72.6 MB | Cached: 1226.0 MB


==== Memoria GPU - Inicio de época ====
GPU 0 - Total: 40442.4 MB | Allocated: 72.6 MB | Cached: 30596.0 MB

Validation Dice: 0.7962672176328169 for Model: RoiNet_Dice

==== Memoria GPU - Inicio de época ====
GPU 0 - Total: 40442.4 MB | Allocated: 72.6 MB | Cached: 1226.0 MB


==== Memoria GPU - Inicio de época ====
GPU 0 - Total: 40442.4 MB | Allocated: 72.6 MB | Cached: 30596.0 MB

Validation Dice: 0.7946479224049097 for Model: RoiNet_Dice

==== Memoria GPU - Inicio de época ====
GPU 0 - Total: 40442.4 MB | Allocated: 72.6 MB | Cached: 1226.0 MB


==== Memoria GPU - Inicio de época ====
GPU 0 - Total: 40442.4 MB | Allocated: 72.6 MB | Cached: 30596.0 MB

Validation Dice: 0.7571526546747347 for Model: RoiNet_Dice

==== Memoria GPU - Inicio de época ====
GPU 0 - Total: 40442.4 MB | Allocated: 72.6 MB | Cached: 1226.0 MB


==== Memoria GPU - Inicio de época ====
GPU 0 - Total: 40442.4 MB | Allocated: 72.6 MB | Cached: 30596.0 MB

Validation Dice: 0.7500754905596151 for Model: RoiNet_Dice

==== Memoria GPU - Inicio de época ====
GPU 0 - Total: 40442.4 MB | Allocated: 72.6 MB | Cached: 1226.0 MB


==== Memoria GPU - Inicio de época ====
GPU 0 - Total: 40442.4 MB | Allocated: 72.6 MB | Cached: 30596.0 MB

Validation Dice: 0.7531817991976416 for Model: RoiNet_Dice

==== Memoria GPU - Inicio de época ====
GPU 0 - Total: 40442.4 MB | Allocated: 72.6 MB | Cached: 1226.0 MB


==== Memoria GPU - Inicio de época ====
GPU 0 - Total: 40442.4 MB | Allocated: 72.6 MB | Cached: 30596.0 MB

Validation Dice: 0.77834724306474 for Model: RoiNet_Dice

==== Memoria GPU - Inicio de época ====
GPU 0 - Total: 40442.4 MB | Allocated: 72.6 MB | Cached: 1226.0 MB


==== Memoria GPU - Inicio de época ====
GPU 0 - Total: 40442.4 MB | Allocated: 72.6 MB | Cached: 30596.0 MB

Validation Dice: 0.7670831100262051 for Model: RoiNet_Dice

==== Memoria GPU - Inicio de época ====
GPU 0 - Total: 40442.4 MB | Allocated: 72.6 MB | Cached: 1226.0 MB


==== Memoria GPU - Inicio de época ====
GPU 0 - Total: 40442.4 MB | Allocated: 72.6 MB | Cached: 30596.0 MB

Validation Dice: 0.7684166275233595 for Model: RoiNet_Dice

==== Memoria GPU - Inicio de época ====
GPU 0 - Total: 40442.4 MB | Allocated: 72.6 MB | Cached: 1226.0 MB


==== Memoria GPU - Inicio de época ====
GPU 0 - Total: 40442.4 MB | Allocated: 72.6 MB | Cached: 30596.0 MB

Validation Dice: 0.7809385942946567 for Model: RoiNet_Dice

==== Memoria GPU - Inicio de época ====
GPU 0 - Total: 40442.4 MB | Allocated: 72.6 MB | Cached: 1226.0 MB


==== Memoria GPU - Inicio de época ====
GPU 0 - Total: 40442.4 MB | Allocated: 72.6 MB | Cached: 30596.0 MB

Validation Dice: 0.7792018067014873 for Model: RoiNet_Dice

==== Memoria GPU - Inicio de época ====
GPU 0 - Total: 40442.4 MB | Allocated: 72.6 MB | Cached: 1226.0 MB


==== Memoria GPU - Inicio de época ====
GPU 0 - Total: 40442.4 MB | Allocated: 72.6 MB | Cached: 30596.0 MB

Validation Dice: 0.7935829206905868 for Model: RoiNet_Dice

==== Memoria GPU - Inicio de época ====
GPU 0 - Total: 40442.4 MB | Allocated: 72.6 MB | Cached: 1226.0 MB


==== Memoria GPU - Inicio de época ====
GPU 0 - Total: 40442.4 MB | Allocated: 72.6 MB | Cached: 30596.0 MB

Validation Dice: 0.7677875301236571 for Model: RoiNet_Dice

==== Memoria GPU - Inicio de época ====
GPU 0 - Total: 40442.4 MB | Allocated: 72.6 MB | Cached: 1226.0 MB


==== Memoria GPU - Inicio de época ====
GPU 0 - Total: 40442.4 MB | Allocated: 72.6 MB | Cached: 30596.0 MB

Validation Dice: 0.7346354942605718 for Model: RoiNet_Dice

==== Memoria GPU - Inicio de época ====
GPU 0 - Total: 40442.4 MB | Allocated: 72.6 MB | Cached: 1226.0 MB


==== Memoria GPU - Inicio de época ====
GPU 0 - Total: 40442.4 MB | Allocated: 72.6 MB | Cached: 30596.0 MB

Validation Dice: 0.7934344872535437 for Model: RoiNet_Dice

==== Memoria GPU - Inicio de época ====
GPU 0 - Total: 40442.4 MB | Allocated: 72.6 MB | Cached: 1226.0 MB


==== Memoria GPU - Inicio de época ====
GPU 0 - Total: 40442.4 MB | Allocated: 72.6 MB | Cached: 30596.0 MB

Validation Dice: 0.7964126899153869 for Model: RoiNet_Dice

==== Memoria GPU - Inicio de época ====
GPU 0 - Total: 40442.4 MB | Allocated: 72.6 MB | Cached: 1226.0 MB


==== Memoria GPU - Inicio de época ====
GPU 0 - Total: 40442.4 MB | Allocated: 72.6 MB | Cached: 30596.0 MB

Validation Dice: 0.8096229650914625 for Model: RoiNet_Dice
New best dice found, evaluating on test set...

==== Memoria GPU - Inicio de época ====
GPU 0 - Total: 40442.4 MB | Allocated: 72.6 MB | Cached: 30596.0 MB


==== Memoria GPU - Inicio de época ====
GPU 0 - Total: 40442.4 MB | Allocated: 72.6 MB | Cached: 1226.0 MB


==== Memoria GPU - Inicio de época ====
GPU 0 - Total: 40442.4 MB | Allocated: 72.6 MB | Cached: 30596.0 MB

Validation Dice: 0.7420026857561065 for Model: RoiNet_Dice

==== Memoria GPU - Inicio de época ====
GPU 0 - Total: 40442.4 MB | Allocated: 72.6 MB | Cached: 1226.0 MB


==== Memoria GPU - Inicio de época ====
GPU 0 - Total: 40442.4 MB | Allocated: 72.6 MB | Cached: 30596.0 MB

Validation Dice: 0.7576637362211243 for Model: RoiNet_Dice

==== Memoria GPU - Inicio de época ====
GPU 0 - Total: 40442.4 MB | Allocated: 72.6 MB | Cached: 1226.0 MB


==== Memoria GPU - Inicio de época ====
GPU 0 - Total: 40442.4 MB | Allocated: 72.6 MB | Cached: 30596.0 MB

Validation Dice: 0.7468878230179794 for Model: RoiNet_Dice

==== Memoria GPU - Inicio de época ====
GPU 0 - Total: 40442.4 MB | Allocated: 72.6 MB | Cached: 1226.0 MB


==== Memoria GPU - Inicio de época ====
GPU 0 - Total: 40442.4 MB | Allocated: 72.6 MB | Cached: 30596.0 MB

Validation Dice: 0.7569974839539071 for Model: RoiNet_Dice

==== Memoria GPU - Inicio de época ====
GPU 0 - Total: 40442.4 MB | Allocated: 72.6 MB | Cached: 1226.0 MB


==== Memoria GPU - Inicio de época ====
GPU 0 - Total: 40442.4 MB | Allocated: 72.6 MB | Cached: 30596.0 MB

Validation Dice: 0.6847984910039432 for Model: RoiNet_Dice

==== Memoria GPU - Inicio de época ====
GPU 0 - Total: 40442.4 MB | Allocated: 72.6 MB | Cached: 1226.0 MB


==== Memoria GPU - Inicio de época ====
GPU 0 - Total: 40442.4 MB | Allocated: 72.6 MB | Cached: 30596.0 MB

Validation Dice: 0.7761279534868156 for Model: RoiNet_Dice

==== Memoria GPU - Inicio de época ====
GPU 0 - Total: 40442.4 MB | Allocated: 72.6 MB | Cached: 1226.0 MB


==== Memoria GPU - Inicio de época ====
GPU 0 - Total: 40442.4 MB | Allocated: 72.6 MB | Cached: 30596.0 MB

Validation Dice: 0.7741547239101454 for Model: RoiNet_Dice

==== Memoria GPU - Inicio de época ====
GPU 0 - Total: 40442.4 MB | Allocated: 72.6 MB | Cached: 1226.0 MB


==== Memoria GPU - Inicio de época ====
GPU 0 - Total: 40442.4 MB | Allocated: 72.6 MB | Cached: 30596.0 MB

Validation Dice: 0.7756406382012433 for Model: RoiNet_Dice

==== Memoria GPU - Inicio de época ====
GPU 0 - Total: 40442.4 MB | Allocated: 72.6 MB | Cached: 1226.0 MB


==== Memoria GPU - Inicio de época ====
GPU 0 - Total: 40442.4 MB | Allocated: 72.6 MB | Cached: 30596.0 MB

Validation Dice: 0.742378584602515 for Model: RoiNet_Dice

==== Memoria GPU - Inicio de época ====
GPU 0 - Total: 40442.4 MB | Allocated: 72.6 MB | Cached: 1226.0 MB


==== Memoria GPU - Inicio de época ====
GPU 0 - Total: 40442.4 MB | Allocated: 72.6 MB | Cached: 30596.0 MB

Validation Dice: 0.7801031338273486 for Model: RoiNet_Dice

==== Memoria GPU - Inicio de época ====
GPU 0 - Total: 40442.4 MB | Allocated: 72.6 MB | Cached: 1226.0 MB


==== Memoria GPU - Inicio de época ====
GPU 0 - Total: 40442.4 MB | Allocated: 72.6 MB | Cached: 30596.0 MB

Validation Dice: 0.7256954754657312 for Model: RoiNet_Dice

==== Memoria GPU - Inicio de época ====
GPU 0 - Total: 40442.4 MB | Allocated: 72.6 MB | Cached: 1226.0 MB


==== Memoria GPU - Inicio de época ====
GPU 0 - Total: 40442.4 MB | Allocated: 72.6 MB | Cached: 30596.0 MB

Validation Dice: 0.793036861326308 for Model: RoiNet_Dice

==== Memoria GPU - Inicio de época ====
GPU 0 - Total: 40442.4 MB | Allocated: 72.6 MB | Cached: 1226.0 MB


==== Memoria GPU - Inicio de época ====
GPU 0 - Total: 40442.4 MB | Allocated: 72.6 MB | Cached: 30596.0 MB

Validation Dice: 0.7901247120385698 for Model: RoiNet_Dice

==== Memoria GPU - Inicio de época ====
GPU 0 - Total: 40442.4 MB | Allocated: 72.6 MB | Cached: 1226.0 MB


==== Memoria GPU - Inicio de época ====
GPU 0 - Total: 40442.4 MB | Allocated: 72.6 MB | Cached: 30596.0 MB

Validation Dice: 0.7967192677171892 for Model: RoiNet_Dice

==== Memoria GPU - Inicio de época ====
GPU 0 - Total: 40442.4 MB | Allocated: 72.6 MB | Cached: 1226.0 MB


==== Memoria GPU - Inicio de época ====
GPU 0 - Total: 40442.4 MB | Allocated: 72.6 MB | Cached: 30596.0 MB

Validation Dice: 0.7882922748071237 for Model: RoiNet_Dice

==== Memoria GPU - Inicio de época ====
GPU 0 - Total: 40442.4 MB | Allocated: 72.6 MB | Cached: 1226.0 MB


==== Memoria GPU - Inicio de época ====
GPU 0 - Total: 40442.4 MB | Allocated: 72.6 MB | Cached: 30596.0 MB

Validation Dice: 0.7695877719775591 for Model: RoiNet_Dice

==== Memoria GPU - Inicio de época ====
GPU 0 - Total: 40442.4 MB | Allocated: 72.6 MB | Cached: 1226.0 MB


==== Memoria GPU - Inicio de época ====
GPU 0 - Total: 40442.4 MB | Allocated: 72.6 MB | Cached: 30596.0 MB

Validation Dice: 0.7480003577194656 for Model: RoiNet_Dice

==== Memoria GPU - Inicio de época ====
GPU 0 - Total: 40442.4 MB | Allocated: 72.6 MB | Cached: 1226.0 MB


==== Memoria GPU - Inicio de época ====
GPU 0 - Total: 40442.4 MB | Allocated: 72.6 MB | Cached: 30596.0 MB

Validation Dice: 0.7892970095615771 for Model: RoiNet_Dice

==== Memoria GPU - Inicio de época ====
GPU 0 - Total: 40442.4 MB | Allocated: 72.6 MB | Cached: 1226.0 MB


==== Memoria GPU - Inicio de época ====
GPU 0 - Total: 40442.4 MB | Allocated: 72.6 MB | Cached: 30596.0 MB

Validation Dice: 0.8115030218973884 for Model: RoiNet_Dice
New best dice found, evaluating on test set...

==== Memoria GPU - Inicio de época ====
GPU 0 - Total: 40442.4 MB | Allocated: 72.6 MB | Cached: 30596.0 MB


==== Memoria GPU - Inicio de época ====
GPU 0 - Total: 40442.4 MB | Allocated: 72.6 MB | Cached: 1226.0 MB


==== Memoria GPU - Inicio de época ====
GPU 0 - Total: 40442.4 MB | Allocated: 72.6 MB | Cached: 30596.0 MB

Validation Dice: 0.7884229943139577 for Model: RoiNet_Dice

==== Memoria GPU - Inicio de época ====
GPU 0 - Total: 40442.4 MB | Allocated: 72.6 MB | Cached: 1226.0 MB


==== Memoria GPU - Inicio de época ====
GPU 0 - Total: 40442.4 MB | Allocated: 72.6 MB | Cached: 30596.0 MB

Validation Dice: 0.6992927720442537 for Model: RoiNet_Dice

==== Memoria GPU - Inicio de época ====
GPU 0 - Total: 40442.4 MB | Allocated: 72.6 MB | Cached: 1226.0 MB


==== Memoria GPU - Inicio de época ====
GPU 0 - Total: 40442.4 MB | Allocated: 72.6 MB | Cached: 30596.0 MB

Validation Dice: 0.8029489568024892 for Model: RoiNet_Dice

==== Memoria GPU - Inicio de época ====
GPU 0 - Total: 40442.4 MB | Allocated: 72.6 MB | Cached: 1226.0 MB


==== Memoria GPU - Inicio de época ====
GPU 0 - Total: 40442.4 MB | Allocated: 72.6 MB | Cached: 30596.0 MB

Validation Dice: 0.7833547699085496 for Model: RoiNet_Dice

==== Memoria GPU - Inicio de época ====
GPU 0 - Total: 40442.4 MB | Allocated: 72.6 MB | Cached: 1226.0 MB


==== Memoria GPU - Inicio de época ====
GPU 0 - Total: 40442.4 MB | Allocated: 72.6 MB | Cached: 30596.0 MB

Validation Dice: 0.8078232487284545 for Model: RoiNet_Dice

==== Memoria GPU - Inicio de época ====
GPU 0 - Total: 40442.4 MB | Allocated: 72.6 MB | Cached: 1226.0 MB


==== Memoria GPU - Inicio de época ====
GPU 0 - Total: 40442.4 MB | Allocated: 72.6 MB | Cached: 30596.0 MB

Validation Dice: 0.7843828493409635 for Model: RoiNet_Dice

==== Memoria GPU - Inicio de época ====
GPU 0 - Total: 40442.4 MB | Allocated: 72.6 MB | Cached: 1226.0 MB


==== Memoria GPU - Inicio de época ====
GPU 0 - Total: 40442.4 MB | Allocated: 72.6 MB | Cached: 30596.0 MB

Validation Dice: 0.8004990917533081 for Model: RoiNet_Dice

==== Memoria GPU - Inicio de época ====
GPU 0 - Total: 40442.4 MB | Allocated: 72.6 MB | Cached: 1226.0 MB


==== Memoria GPU - Inicio de época ====
GPU 0 - Total: 40442.4 MB | Allocated: 72.6 MB | Cached: 30596.0 MB

Validation Dice: 0.7792680638847487 for Model: RoiNet_Dice

==== Memoria GPU - Inicio de época ====
GPU 0 - Total: 40442.4 MB | Allocated: 72.6 MB | Cached: 1226.0 MB


==== Memoria GPU - Inicio de época ====
GPU 0 - Total: 40442.4 MB | Allocated: 72.6 MB | Cached: 30596.0 MB

Validation Dice: 0.7500720616058026 for Model: RoiNet_Dice

==== Memoria GPU - Inicio de época ====
GPU 0 - Total: 40442.4 MB | Allocated: 72.6 MB | Cached: 1226.0 MB


==== Memoria GPU - Inicio de época ====
GPU 0 - Total: 40442.4 MB | Allocated: 72.6 MB | Cached: 30596.0 MB

Validation Dice: 0.7859468025430445 for Model: RoiNet_Dice

==== Memoria GPU - Inicio de época ====
GPU 0 - Total: 40442.4 MB | Allocated: 72.6 MB | Cached: 1226.0 MB


==== Memoria GPU - Inicio de época ====
GPU 0 - Total: 40442.4 MB | Allocated: 72.6 MB | Cached: 30596.0 MB

Validation Dice: 0.7837297739826368 for Model: RoiNet_Dice

==== Memoria GPU - Inicio de época ====
GPU 0 - Total: 40442.4 MB | Allocated: 72.6 MB | Cached: 1226.0 MB


==== Memoria GPU - Inicio de época ====
GPU 0 - Total: 40442.4 MB | Allocated: 72.6 MB | Cached: 30596.0 MB

Validation Dice: 0.7814720055266338 for Model: RoiNet_Dice

==== Memoria GPU - Inicio de época ====
GPU 0 - Total: 40442.4 MB | Allocated: 72.6 MB | Cached: 1226.0 MB


==== Memoria GPU - Inicio de época ====
GPU 0 - Total: 40442.4 MB | Allocated: 72.6 MB | Cached: 30596.0 MB

Validation Dice: 0.7890208477306471 for Model: RoiNet_Dice

==== Memoria GPU - Inicio de época ====
GPU 0 - Total: 40442.4 MB | Allocated: 72.6 MB | Cached: 1226.0 MB


==== Memoria GPU - Inicio de época ====
GPU 0 - Total: 40442.4 MB | Allocated: 72.6 MB | Cached: 30596.0 MB

Validation Dice: 0.7750240887290316 for Model: RoiNet_Dice

==== Memoria GPU - Inicio de época ====
GPU 0 - Total: 40442.4 MB | Allocated: 72.6 MB | Cached: 1226.0 MB


==== Memoria GPU - Inicio de época ====
GPU 0 - Total: 40442.4 MB | Allocated: 72.6 MB | Cached: 30596.0 MB

Validation Dice: 0.8028700946257581 for Model: RoiNet_Dice

==== Memoria GPU - Inicio de época ====
GPU 0 - Total: 40442.4 MB | Allocated: 72.6 MB | Cached: 1226.0 MB


==== Memoria GPU - Inicio de época ====
GPU 0 - Total: 40442.4 MB | Allocated: 72.6 MB | Cached: 30596.0 MB

Validation Dice: 0.7488158797021353 for Model: RoiNet_Dice

==== Memoria GPU - Inicio de época ====
GPU 0 - Total: 40442.4 MB | Allocated: 72.6 MB | Cached: 1226.0 MB


==== Memoria GPU - Inicio de época ====
GPU 0 - Total: 40442.4 MB | Allocated: 72.6 MB | Cached: 30596.0 MB

Validation Dice: 0.8095451623517287 for Model: RoiNet_Dice

==== Memoria GPU - Inicio de época ====
GPU 0 - Total: 40442.4 MB | Allocated: 72.6 MB | Cached: 1226.0 MB


==== Memoria GPU - Inicio de época ====
GPU 0 - Total: 40442.4 MB | Allocated: 72.6 MB | Cached: 30596.0 MB

Validation Dice: 0.800192085058559 for Model: RoiNet_Dice

==== Memoria GPU - Inicio de época ====
GPU 0 - Total: 40442.4 MB | Allocated: 72.6 MB | Cached: 1226.0 MB


==== Memoria GPU - Inicio de época ====
GPU 0 - Total: 40442.4 MB | Allocated: 72.6 MB | Cached: 30596.0 MB

Validation Dice: 0.7872033767897811 for Model: RoiNet_Dice

==== Memoria GPU - Inicio de época ====
GPU 0 - Total: 40442.4 MB | Allocated: 72.6 MB | Cached: 1226.0 MB


==== Memoria GPU - Inicio de época ====
GPU 0 - Total: 40442.4 MB | Allocated: 72.6 MB | Cached: 30596.0 MB

Validation Dice: 0.7369375451067858 for Model: RoiNet_Dice

==== Memoria GPU - Inicio de época ====
GPU 0 - Total: 40442.4 MB | Allocated: 72.6 MB | Cached: 1226.0 MB


==== Memoria GPU - Inicio de época ====
GPU 0 - Total: 40442.4 MB | Allocated: 72.6 MB | Cached: 30596.0 MB

Validation Dice: 0.7540895069754475 for Model: RoiNet_Dice

==== Memoria GPU - Inicio de época ====
GPU 0 - Total: 40442.4 MB | Allocated: 72.6 MB | Cached: 1226.0 MB


==== Memoria GPU - Inicio de época ====
GPU 0 - Total: 40442.4 MB | Allocated: 72.6 MB | Cached: 30596.0 MB

Validation Dice: 0.7596518538406174 for Model: RoiNet_Dice

==== Memoria GPU - Inicio de época ====
GPU 0 - Total: 40442.4 MB | Allocated: 72.6 MB | Cached: 1226.0 MB


==== Memoria GPU - Inicio de época ====
GPU 0 - Total: 40442.4 MB | Allocated: 72.6 MB | Cached: 30596.0 MB

Validation Dice: 0.7892819691302454 for Model: RoiNet_Dice

==== Memoria GPU - Inicio de época ====
GPU 0 - Total: 40442.4 MB | Allocated: 72.6 MB | Cached: 1226.0 MB


==== Memoria GPU - Inicio de época ====
GPU 0 - Total: 40442.4 MB | Allocated: 72.6 MB | Cached: 30596.0 MB

Validation Dice: 0.7681792918441303 for Model: RoiNet_Dice

==== Memoria GPU - Inicio de época ====
GPU 0 - Total: 40442.4 MB | Allocated: 72.6 MB | Cached: 1226.0 MB


==== Memoria GPU - Inicio de época ====
GPU 0 - Total: 40442.4 MB | Allocated: 72.6 MB | Cached: 30596.0 MB

Validation Dice: 0.7712120458639414 for Model: RoiNet_Dice

==== Memoria GPU - Inicio de época ====
GPU 0 - Total: 40442.4 MB | Allocated: 72.6 MB | Cached: 1226.0 MB


==== Memoria GPU - Inicio de época ====
GPU 0 - Total: 40442.4 MB | Allocated: 72.6 MB | Cached: 30596.0 MB

Validation Dice: 0.7967753921120017 for Model: RoiNet_Dice

==== Memoria GPU - Inicio de época ====
GPU 0 - Total: 40442.4 MB | Allocated: 72.6 MB | Cached: 1226.0 MB


==== Memoria GPU - Inicio de época ====
GPU 0 - Total: 40442.4 MB | Allocated: 72.6 MB | Cached: 30596.0 MB

Validation Dice: 0.7845578870456484 for Model: RoiNet_Dice

==== Memoria GPU - Inicio de época ====
GPU 0 - Total: 40442.4 MB | Allocated: 72.6 MB | Cached: 1226.0 MB


==== Memoria GPU - Inicio de época ====
GPU 0 - Total: 40442.4 MB | Allocated: 72.6 MB | Cached: 30596.0 MB

Validation Dice: 0.8096391178198491 for Model: RoiNet_Dice

==== Memoria GPU - Inicio de época ====
GPU 0 - Total: 40442.4 MB | Allocated: 72.6 MB | Cached: 1226.0 MB


==== Memoria GPU - Inicio de época ====
GPU 0 - Total: 40442.4 MB | Allocated: 72.6 MB | Cached: 30596.0 MB

Validation Dice: 0.7800937681726903 for Model: RoiNet_Dice

==== Memoria GPU - Inicio de época ====
GPU 0 - Total: 40442.4 MB | Allocated: 72.6 MB | Cached: 1226.0 MB


==== Memoria GPU - Inicio de época ====
GPU 0 - Total: 40442.4 MB | Allocated: 72.6 MB | Cached: 30596.0 MB

Validation Dice: 0.6630286247497127 for Model: RoiNet_Dice

==== Memoria GPU - Inicio de época ====
GPU 0 - Total: 40442.4 MB | Allocated: 72.6 MB | Cached: 1226.0 MB


==== Memoria GPU - Inicio de época ====
GPU 0 - Total: 40442.4 MB | Allocated: 72.6 MB | Cached: 30596.0 MB

Validation Dice: 0.7814707872250521 for Model: RoiNet_Dice

==== Memoria GPU - Inicio de época ====
GPU 0 - Total: 40442.4 MB | Allocated: 72.6 MB | Cached: 1226.0 MB


==== Memoria GPU - Inicio de época ====
GPU 0 - Total: 40442.4 MB | Allocated: 72.6 MB | Cached: 30596.0 MB

Validation Dice: 0.7989707317505843 for Model: RoiNet_Dice

==== Memoria GPU - Inicio de época ====
GPU 0 - Total: 40442.4 MB | Allocated: 72.6 MB | Cached: 1226.0 MB


==== Memoria GPU - Inicio de época ====
GPU 0 - Total: 40442.4 MB | Allocated: 72.6 MB | Cached: 30596.0 MB

Validation Dice: 0.7661509610338109 for Model: RoiNet_Dice

==== Memoria GPU - Inicio de época ====
GPU 0 - Total: 40442.4 MB | Allocated: 72.6 MB | Cached: 1226.0 MB


==== Memoria GPU - Inicio de época ====
GPU 0 - Total: 40442.4 MB | Allocated: 72.6 MB | Cached: 30596.0 MB

Validation Dice: 0.7009218031474896 for Model: RoiNet_Dice

==== Memoria GPU - Inicio de época ====
GPU 0 - Total: 40442.4 MB | Allocated: 72.6 MB | Cached: 1226.0 MB


==== Memoria GPU - Inicio de época ====
GPU 0 - Total: 40442.4 MB | Allocated: 72.6 MB | Cached: 30596.0 MB

Validation Dice: 0.7757122542789517 for Model: RoiNet_Dice

==== Memoria GPU - Inicio de época ====
GPU 0 - Total: 40442.4 MB | Allocated: 72.6 MB | Cached: 1226.0 MB


==== Memoria GPU - Inicio de época ====
GPU 0 - Total: 40442.4 MB | Allocated: 72.6 MB | Cached: 30596.0 MB

Validation Dice: 0.7567069132044142 for Model: RoiNet_Dice

==== Memoria GPU - Inicio de época ====
GPU 0 - Total: 40442.4 MB | Allocated: 72.6 MB | Cached: 1226.0 MB


==== Memoria GPU - Inicio de época ====
GPU 0 - Total: 40442.4 MB | Allocated: 72.6 MB | Cached: 30596.0 MB

Validation Dice: 0.7104834069313971 for Model: RoiNet_Dice

==== Memoria GPU - Inicio de época ====
GPU 0 - Total: 40442.4 MB | Allocated: 72.6 MB | Cached: 1226.0 MB


==== Memoria GPU - Inicio de época ====
GPU 0 - Total: 40442.4 MB | Allocated: 72.6 MB | Cached: 30596.0 MB

Validation Dice: 0.7774005618690905 for Model: RoiNet_Dice

==== Memoria GPU - Inicio de época ====
GPU 0 - Total: 40442.4 MB | Allocated: 72.6 MB | Cached: 1226.0 MB


==== Memoria GPU - Inicio de época ====
GPU 0 - Total: 40442.4 MB | Allocated: 72.6 MB | Cached: 30596.0 MB

Validation Dice: 0.7483195556116047 for Model: RoiNet_Dice

==== Memoria GPU - Inicio de época ====
GPU 0 - Total: 40442.4 MB | Allocated: 72.6 MB | Cached: 1226.0 MB


==== Memoria GPU - Inicio de época ====
GPU 0 - Total: 40442.4 MB | Allocated: 72.6 MB | Cached: 30596.0 MB

Validation Dice: 0.7957581581066556 for Model: RoiNet_Dice

==== Memoria GPU - Inicio de época ====
GPU 0 - Total: 40442.4 MB | Allocated: 72.6 MB | Cached: 1226.0 MB


==== Memoria GPU - Inicio de época ====
GPU 0 - Total: 40442.4 MB | Allocated: 72.6 MB | Cached: 30596.0 MB

Validation Dice: 0.7774528517602038 for Model: RoiNet_Dice

==== Memoria GPU - Inicio de época ====
GPU 0 - Total: 40442.4 MB | Allocated: 72.6 MB | Cached: 1226.0 MB


==== Memoria GPU - Inicio de época ====
GPU 0 - Total: 40442.4 MB | Allocated: 72.6 MB | Cached: 30596.0 MB

Validation Dice: 0.7610086143452457 for Model: RoiNet_Dice

==== Memoria GPU - Inicio de época ====
GPU 0 - Total: 40442.4 MB | Allocated: 72.6 MB | Cached: 1226.0 MB


==== Memoria GPU - Inicio de época ====
GPU 0 - Total: 40442.4 MB | Allocated: 72.6 MB | Cached: 30596.0 MB

Validation Dice: 0.7823076262921697 for Model: RoiNet_Dice

==== Memoria GPU - Inicio de época ====
GPU 0 - Total: 40442.4 MB | Allocated: 72.6 MB | Cached: 1226.0 MB


==== Memoria GPU - Inicio de época ====
GPU 0 - Total: 40442.4 MB | Allocated: 72.6 MB | Cached: 30596.0 MB

Validation Dice: 0.7983813608490294 for Model: RoiNet_Dice

==== Memoria GPU - Inicio de época ====
GPU 0 - Total: 40442.4 MB | Allocated: 72.6 MB | Cached: 1226.0 MB


==== Memoria GPU - Inicio de época ====
GPU 0 - Total: 40442.4 MB | Allocated: 72.6 MB | Cached: 30596.0 MB

Validation Dice: 0.7268880076876402 for Model: RoiNet_Dice

==== Memoria GPU - Inicio de época ====
GPU 0 - Total: 40442.4 MB | Allocated: 72.6 MB | Cached: 1226.0 MB


==== Memoria GPU - Inicio de época ====
GPU 0 - Total: 40442.4 MB | Allocated: 72.6 MB | Cached: 30596.0 MB

Validation Dice: 0.7832013307556587 for Model: RoiNet_Dice

==== Memoria GPU - Inicio de época ====
GPU 0 - Total: 40442.4 MB | Allocated: 72.6 MB | Cached: 1226.0 MB


==== Memoria GPU - Inicio de época ====
GPU 0 - Total: 40442.4 MB | Allocated: 72.6 MB | Cached: 30596.0 MB

Validation Dice: 0.7734307664750424 for Model: RoiNet_Dice

==== Memoria GPU - Inicio de época ====
GPU 0 - Total: 40442.4 MB | Allocated: 72.6 MB | Cached: 1226.0 MB


==== Memoria GPU - Inicio de época ====
GPU 0 - Total: 40442.4 MB | Allocated: 72.6 MB | Cached: 30596.0 MB

Validation Dice: 0.7686902818012541 for Model: RoiNet_Dice

==== Memoria GPU - Inicio de época ====
GPU 0 - Total: 40442.4 MB | Allocated: 72.6 MB | Cached: 1226.0 MB


==== Memoria GPU - Inicio de época ====
GPU 0 - Total: 40442.4 MB | Allocated: 72.6 MB | Cached: 30596.0 MB

Validation Dice: 0.7472279764349933 for Model: RoiNet_Dice

==== Memoria GPU - Inicio de época ====
GPU 0 - Total: 40442.4 MB | Allocated: 72.6 MB | Cached: 1226.0 MB


==== Memoria GPU - Inicio de época ====
GPU 0 - Total: 40442.4 MB | Allocated: 72.6 MB | Cached: 30596.0 MB

Validation Dice: 0.6529616568317903 for Model: RoiNet_Dice

==== Memoria GPU - Inicio de época ====
GPU 0 - Total: 40442.4 MB | Allocated: 72.6 MB | Cached: 1226.0 MB


==== Memoria GPU - Inicio de época ====
GPU 0 - Total: 40442.4 MB | Allocated: 72.6 MB | Cached: 30596.0 MB

Validation Dice: 0.7819462680917525 for Model: RoiNet_Dice

==== Memoria GPU - Inicio de época ====
GPU 0 - Total: 40442.4 MB | Allocated: 72.6 MB | Cached: 1226.0 MB

