slurmstepd: info: Setting TMPDIR to /scratch/10694623. Previous errors about TMPDIR can be discarded
Restormer model not found. Restormer preprocessing will be disabled.
Available Models: ['FRNet', 'FRNet_1ch', 'FRNetR', 'RoiNet', 'RoiNet7', 'RoiNet5', 'RoiNet3', 'RoiNetR', 'RoiNetx1.5', 'RoiNetx0.5', 'RoiNetx2']
Datasets_library: {'FIVES512': {'paths': {'train': 'dataset/FIVES512/train', 'val': 'dataset/FIVES512/val', 'test': 'dataset/FIVES512/test'}, 'preprocessing': {'start': 0, 'end': 1}}, 'FIVES': {'paths': {'train': 'dataset/FIVES/train', 'val': 'dataset/FIVES/val', 'test': 'dataset/FIVES/test'}, 'preprocessing': {'start': 0, 'end': 1}}}
USING CHANNELS = 3
Available Datasets: ['FIVES512', 'FIVES']

All datasets: {'FIVES512': {'train': <ds.dataset.SegmentationDataset object at 0x14f278756700>, 'val': <ds.dataset.SegmentationDataset object at 0x14f3497dec40>, 'test': <ds.dataset.SegmentationDataset object at 0x14f3497dee80>}, 'FIVES': {'train': <ds.dataset.SegmentationDataset object at 0x14f2787c4b80>, 'val': <ds.dataset.SegmentationDataset object at 0x14f2787c4df0>, 'test': <ds.dataset.SegmentationDataset object at 0x14f2787c4c10>}}
Dataset a usar: {'train': <ds.dataset.SegmentationDataset object at 0x14f2787c4b80>, 'val': <ds.dataset.SegmentationDataset object at 0x14f2787c4df0>, 'test': <ds.dataset.SegmentationDataset object at 0x14f2787c4c10>}
Training Configuration:
  Model: RoiNet
  Dataset: FIVES
  Epochs: 300
  Thresh value: 100
  Early Stopping Threshold: 100
  Batch Size: 1
  Learning Rate: 0.0001
  Weight Decay: 0.001
  Loss Function: Dice
  Logging Enabled: True
  Augmentation: {'enabled': False, 'geometric': False, 'elastic': False, 'intensity_and_color': False, 'gamma': False, 'noise': False}
  Output Directory: run_benchmark_runs/Roinet_slurm_FIVES_Dice_NoAugmentresult_2025-02-21_10-03-58
Parameters logged to: run_benchmark_runs/Roinet_slurm_FIVES_Dice_NoAugmentresult_2025-02-21_10-03-58/parameters_FIVES_RoiNet_Dice_False_False.log
