slurmstepd: info: Setting TMPDIR to /scratch/10715140. Previous errors about TMPDIR can be discarded
Restormer model not found. Restormer preprocessing will be disabled.
Available Models: ['FRNet', 'FRNet_1ch', 'FRNetR', 'RoiNet11', 'RoiNet9', 'RoiNet7', 'RoiNet5', 'RoiNet3', 'RoiNetR', 'RoiNetx1.5', 'RoiNetx0.5', 'RoiNetx2']
Datasets_library: {'FIVES512': {'paths': {'train': 'dataset/FIVES512/train', 'val': 'dataset/FIVES512/val', 'test': 'dataset/FIVES512/test'}, 'preprocessing': {'start': 0, 'end': 1}}, 'FIVESc': {'paths': {'train': 'dataset/FIVESc/train', 'val': 'dataset/FIVESc/val', 'test': 'dataset/FIVESc/test'}, 'preprocessing': {'start': 0, 'end': 1}}, 'FIVES': {'paths': {'train': 'dataset/FIVES/train', 'val': 'dataset/FIVES/val', 'test': 'dataset/FIVES/test'}, 'preprocessing': {'start': 0, 'end': 1}}}
USING CHANNELS = 3
Available Datasets: ['FIVES512', 'FIVESc', 'FIVES']

All datasets: {'FIVES512': {'train': <ds.dataset.SegmentationDataset object at 0x15004656f640>, 'val': <ds.dataset.SegmentationDataset object at 0x150134461df0>, 'test': <ds.dataset.SegmentationDataset object at 0x150134461ee0>}, 'FIVESc': {'train': <ds.dataset.SegmentationDataset object at 0x150046564fa0>, 'val': <ds.dataset.SegmentationDataset object at 0x150046564eb0>, 'test': <ds.dataset.SegmentationDataset object at 0x150046564dc0>}, 'FIVES': {'train': <ds.dataset.SegmentationDataset object at 0x150046564e20>, 'val': <ds.dataset.SegmentationDataset object at 0x150046564d30>, 'test': <ds.dataset.SegmentationDataset object at 0x150046564c40>}}
Dataset a usar: {'train': <ds.dataset.SegmentationDataset object at 0x150046564e20>, 'val': <ds.dataset.SegmentationDataset object at 0x150046564d30>, 'test': <ds.dataset.SegmentationDataset object at 0x150046564c40>}
Configuración de Entrenamiento:
  Model: RoiNet9
  Dataset: FIVES
  Config File: code/config/config.json
  Epochs: 300
  Early Stopping: 100
  Thresh Value: 100
  Batch Size: 1
  Num Workers: 32
  Learning Rate: 0.0001
  Weight Decay: 0.001
  Loss Function: Dice
  Logging Enabled: True
  Output Prefix: RoiNet9_FIVES_Dice_GeomElasIntens
  Augmentation Config: {'enabled': True, 'geometric': True, 'elastic': True, 'intensity_and_color': True, 'gamma': False, 'noise': False}
  Restormer Enabled: False
  Output Directory: run_benchmark_runs/RoiNet9_FIVES_Dice_GeomElasIntensresult_2025-02-22_17-48-07
Parameters logged to: run_benchmark_runs/RoiNet9_FIVES_Dice_GeomElasIntensresult_2025-02-22_17-48-07/parameters_FIVES_RoiNet9_Dice_True_False.log

Modelo cargado en GPU:
- Parámetros totales: 30720070
- Memoria ocupada por modelo en GPU: 117.19 MB

==== Memoria GPU - Después de cargar el modelo en GPU ====
GPU 0 - Total: 40442.4 MB | Allocated: 118.2 MB | Cached: 144.0 MB


USING: Dice

==== Memoria GPU - Inicio de época ====
GPU 0 - Total: 40442.4 MB | Allocated: 118.2 MB | Cached: 144.0 MB


==== Memoria GPU - Inicio de época ====
GPU 0 - Total: 40442.4 MB | Allocated: 472.9 MB | Cached: 31766.0 MB

Validation Dice: 0.6769301790024639 for Model: RoiNet9_Dice
New best dice found, evaluating on test set...

==== Memoria GPU - Inicio de época ====
GPU 0 - Total: 40442.4 MB | Allocated: 472.9 MB | Cached: 31766.0 MB


==== Memoria GPU - Inicio de época ====
GPU 0 - Total: 40442.4 MB | Allocated: 472.9 MB | Cached: 2796.0 MB


==== Memoria GPU - Inicio de época ====
GPU 0 - Total: 40442.4 MB | Allocated: 473.7 MB | Cached: 32056.0 MB

Validation Dice: 0.7354244853482031 for Model: RoiNet9_Dice
New best dice found, evaluating on test set...

==== Memoria GPU - Inicio de época ====
GPU 0 - Total: 40442.4 MB | Allocated: 473.7 MB | Cached: 32056.0 MB


==== Memoria GPU - Inicio de época ====
GPU 0 - Total: 40442.4 MB | Allocated: 473.7 MB | Cached: 3320.0 MB


==== Memoria GPU - Inicio de época ====
GPU 0 - Total: 40442.4 MB | Allocated: 473.7 MB | Cached: 32018.0 MB

Validation Dice: 0.685226713600027 for Model: RoiNet9_Dice

==== Memoria GPU - Inicio de época ====
GPU 0 - Total: 40442.4 MB | Allocated: 473.7 MB | Cached: 3320.0 MB


==== Memoria GPU - Inicio de época ====
GPU 0 - Total: 40442.4 MB | Allocated: 473.7 MB | Cached: 32018.0 MB

Validation Dice: 0.7707169975931311 for Model: RoiNet9_Dice
New best dice found, evaluating on test set...

==== Memoria GPU - Inicio de época ====
GPU 0 - Total: 40442.4 MB | Allocated: 473.7 MB | Cached: 32018.0 MB


==== Memoria GPU - Inicio de época ====
GPU 0 - Total: 40442.4 MB | Allocated: 473.7 MB | Cached: 3320.0 MB


==== Memoria GPU - Inicio de época ====
GPU 0 - Total: 40442.4 MB | Allocated: 473.7 MB | Cached: 32018.0 MB

Validation Dice: 0.7601781673804944 for Model: RoiNet9_Dice

==== Memoria GPU - Inicio de época ====
GPU 0 - Total: 40442.4 MB | Allocated: 473.7 MB | Cached: 3320.0 MB


==== Memoria GPU - Inicio de época ====
GPU 0 - Total: 40442.4 MB | Allocated: 473.7 MB | Cached: 32018.0 MB

Validation Dice: 0.6826776231199693 for Model: RoiNet9_Dice

==== Memoria GPU - Inicio de época ====
GPU 0 - Total: 40442.4 MB | Allocated: 473.7 MB | Cached: 3320.0 MB


==== Memoria GPU - Inicio de época ====
GPU 0 - Total: 40442.4 MB | Allocated: 473.7 MB | Cached: 32018.0 MB

Validation Dice: 0.7735629720289698 for Model: RoiNet9_Dice
New best dice found, evaluating on test set...

==== Memoria GPU - Inicio de época ====
GPU 0 - Total: 40442.4 MB | Allocated: 473.7 MB | Cached: 32018.0 MB


==== Memoria GPU - Inicio de época ====
GPU 0 - Total: 40442.4 MB | Allocated: 473.7 MB | Cached: 3320.0 MB


==== Memoria GPU - Inicio de época ====
GPU 0 - Total: 40442.4 MB | Allocated: 473.7 MB | Cached: 32018.0 MB

Validation Dice: 0.725498152335552 for Model: RoiNet9_Dice

==== Memoria GPU - Inicio de época ====
GPU 0 - Total: 40442.4 MB | Allocated: 473.7 MB | Cached: 3320.0 MB


==== Memoria GPU - Inicio de época ====
GPU 0 - Total: 40442.4 MB | Allocated: 473.7 MB | Cached: 32018.0 MB

Validation Dice: 0.7781018548609341 for Model: RoiNet9_Dice
New best dice found, evaluating on test set...

==== Memoria GPU - Inicio de época ====
GPU 0 - Total: 40442.4 MB | Allocated: 473.7 MB | Cached: 32018.0 MB


==== Memoria GPU - Inicio de época ====
GPU 0 - Total: 40442.4 MB | Allocated: 473.7 MB | Cached: 3320.0 MB


==== Memoria GPU - Inicio de época ====
GPU 0 - Total: 40442.4 MB | Allocated: 473.7 MB | Cached: 32018.0 MB

Validation Dice: 0.7837981579744953 for Model: RoiNet9_Dice
New best dice found, evaluating on test set...

==== Memoria GPU - Inicio de época ====
GPU 0 - Total: 40442.4 MB | Allocated: 473.7 MB | Cached: 32018.0 MB


==== Memoria GPU - Inicio de época ====
GPU 0 - Total: 40442.4 MB | Allocated: 473.7 MB | Cached: 3320.0 MB


==== Memoria GPU - Inicio de época ====
GPU 0 - Total: 40442.4 MB | Allocated: 473.7 MB | Cached: 32018.0 MB

Validation Dice: 0.7637320996512308 for Model: RoiNet9_Dice

==== Memoria GPU - Inicio de época ====
GPU 0 - Total: 40442.4 MB | Allocated: 473.7 MB | Cached: 3320.0 MB


==== Memoria GPU - Inicio de época ====
GPU 0 - Total: 40442.4 MB | Allocated: 473.7 MB | Cached: 32018.0 MB

Validation Dice: 0.7342920922199185 for Model: RoiNet9_Dice

==== Memoria GPU - Inicio de época ====
GPU 0 - Total: 40442.4 MB | Allocated: 473.7 MB | Cached: 3320.0 MB


==== Memoria GPU - Inicio de época ====
GPU 0 - Total: 40442.4 MB | Allocated: 473.7 MB | Cached: 32018.0 MB

Validation Dice: 0.8026771540226072 for Model: RoiNet9_Dice
New best dice found, evaluating on test set...

==== Memoria GPU - Inicio de época ====
GPU 0 - Total: 40442.4 MB | Allocated: 473.7 MB | Cached: 32018.0 MB


==== Memoria GPU - Inicio de época ====
GPU 0 - Total: 40442.4 MB | Allocated: 473.7 MB | Cached: 3320.0 MB


==== Memoria GPU - Inicio de época ====
GPU 0 - Total: 40442.4 MB | Allocated: 473.7 MB | Cached: 32018.0 MB

Validation Dice: 0.69387237045246 for Model: RoiNet9_Dice

==== Memoria GPU - Inicio de época ====
GPU 0 - Total: 40442.4 MB | Allocated: 473.7 MB | Cached: 3320.0 MB


==== Memoria GPU - Inicio de época ====
GPU 0 - Total: 40442.4 MB | Allocated: 473.7 MB | Cached: 32018.0 MB

Validation Dice: 0.7755978022963106 for Model: RoiNet9_Dice

==== Memoria GPU - Inicio de época ====
GPU 0 - Total: 40442.4 MB | Allocated: 473.7 MB | Cached: 3320.0 MB


==== Memoria GPU - Inicio de época ====
GPU 0 - Total: 40442.4 MB | Allocated: 473.7 MB | Cached: 32018.0 MB

Validation Dice: 0.7567880623658472 for Model: RoiNet9_Dice

==== Memoria GPU - Inicio de época ====
GPU 0 - Total: 40442.4 MB | Allocated: 473.7 MB | Cached: 3320.0 MB


==== Memoria GPU - Inicio de época ====
GPU 0 - Total: 40442.4 MB | Allocated: 473.7 MB | Cached: 32018.0 MB

Validation Dice: 0.7742079042343771 for Model: RoiNet9_Dice

==== Memoria GPU - Inicio de época ====
GPU 0 - Total: 40442.4 MB | Allocated: 473.7 MB | Cached: 3320.0 MB


==== Memoria GPU - Inicio de época ====
GPU 0 - Total: 40442.4 MB | Allocated: 473.7 MB | Cached: 32018.0 MB

Validation Dice: 0.7171442550952186 for Model: RoiNet9_Dice

==== Memoria GPU - Inicio de época ====
GPU 0 - Total: 40442.4 MB | Allocated: 473.7 MB | Cached: 3320.0 MB


==== Memoria GPU - Inicio de época ====
GPU 0 - Total: 40442.4 MB | Allocated: 473.7 MB | Cached: 32018.0 MB

Validation Dice: 0.7601516346860357 for Model: RoiNet9_Dice

==== Memoria GPU - Inicio de época ====
GPU 0 - Total: 40442.4 MB | Allocated: 473.7 MB | Cached: 3320.0 MB


==== Memoria GPU - Inicio de época ====
GPU 0 - Total: 40442.4 MB | Allocated: 473.7 MB | Cached: 32018.0 MB

Validation Dice: 0.7818695565774034 for Model: RoiNet9_Dice

==== Memoria GPU - Inicio de época ====
GPU 0 - Total: 40442.4 MB | Allocated: 473.7 MB | Cached: 3320.0 MB


==== Memoria GPU - Inicio de época ====
GPU 0 - Total: 40442.4 MB | Allocated: 473.7 MB | Cached: 32018.0 MB

Validation Dice: 0.7599860522311762 for Model: RoiNet9_Dice

==== Memoria GPU - Inicio de época ====
GPU 0 - Total: 40442.4 MB | Allocated: 473.7 MB | Cached: 3320.0 MB


==== Memoria GPU - Inicio de época ====
GPU 0 - Total: 40442.4 MB | Allocated: 473.7 MB | Cached: 32018.0 MB

Validation Dice: 0.7541934906776296 for Model: RoiNet9_Dice

==== Memoria GPU - Inicio de época ====
GPU 0 - Total: 40442.4 MB | Allocated: 473.7 MB | Cached: 3320.0 MB


==== Memoria GPU - Inicio de época ====
GPU 0 - Total: 40442.4 MB | Allocated: 473.7 MB | Cached: 32018.0 MB

Validation Dice: 0.6751252592524328 for Model: RoiNet9_Dice

==== Memoria GPU - Inicio de época ====
GPU 0 - Total: 40442.4 MB | Allocated: 473.7 MB | Cached: 3320.0 MB


==== Memoria GPU - Inicio de época ====
GPU 0 - Total: 40442.4 MB | Allocated: 473.7 MB | Cached: 32018.0 MB

Validation Dice: 0.7253130991191843 for Model: RoiNet9_Dice

==== Memoria GPU - Inicio de época ====
GPU 0 - Total: 40442.4 MB | Allocated: 473.7 MB | Cached: 3320.0 MB


==== Memoria GPU - Inicio de época ====
GPU 0 - Total: 40442.4 MB | Allocated: 473.7 MB | Cached: 32018.0 MB

Validation Dice: 0.7790391653252198 for Model: RoiNet9_Dice

==== Memoria GPU - Inicio de época ====
GPU 0 - Total: 40442.4 MB | Allocated: 473.7 MB | Cached: 3320.0 MB


==== Memoria GPU - Inicio de época ====
GPU 0 - Total: 40442.4 MB | Allocated: 473.7 MB | Cached: 32018.0 MB

Validation Dice: 0.8057564756701034 for Model: RoiNet9_Dice
New best dice found, evaluating on test set...

==== Memoria GPU - Inicio de época ====
GPU 0 - Total: 40442.4 MB | Allocated: 473.7 MB | Cached: 32018.0 MB


==== Memoria GPU - Inicio de época ====
GPU 0 - Total: 40442.4 MB | Allocated: 473.7 MB | Cached: 3320.0 MB


==== Memoria GPU - Inicio de época ====
GPU 0 - Total: 40442.4 MB | Allocated: 473.7 MB | Cached: 32018.0 MB

Validation Dice: 0.7887367875003353 for Model: RoiNet9_Dice

==== Memoria GPU - Inicio de época ====
GPU 0 - Total: 40442.4 MB | Allocated: 473.7 MB | Cached: 3320.0 MB


==== Memoria GPU - Inicio de época ====
GPU 0 - Total: 40442.4 MB | Allocated: 473.7 MB | Cached: 32018.0 MB

Validation Dice: 0.7851878944201461 for Model: RoiNet9_Dice

==== Memoria GPU - Inicio de época ====
GPU 0 - Total: 40442.4 MB | Allocated: 473.7 MB | Cached: 3320.0 MB


==== Memoria GPU - Inicio de época ====
GPU 0 - Total: 40442.4 MB | Allocated: 473.7 MB | Cached: 32018.0 MB

Validation Dice: 0.7606956225705358 for Model: RoiNet9_Dice

==== Memoria GPU - Inicio de época ====
GPU 0 - Total: 40442.4 MB | Allocated: 473.7 MB | Cached: 3320.0 MB


==== Memoria GPU - Inicio de época ====
GPU 0 - Total: 40442.4 MB | Allocated: 473.7 MB | Cached: 32018.0 MB

Validation Dice: 0.801881605020746 for Model: RoiNet9_Dice

==== Memoria GPU - Inicio de época ====
GPU 0 - Total: 40442.4 MB | Allocated: 473.7 MB | Cached: 3320.0 MB


==== Memoria GPU - Inicio de época ====
GPU 0 - Total: 40442.4 MB | Allocated: 473.7 MB | Cached: 32018.0 MB

Validation Dice: 0.7866715315249898 for Model: RoiNet9_Dice

==== Memoria GPU - Inicio de época ====
GPU 0 - Total: 40442.4 MB | Allocated: 473.7 MB | Cached: 3320.0 MB


==== Memoria GPU - Inicio de época ====
GPU 0 - Total: 40442.4 MB | Allocated: 473.7 MB | Cached: 32018.0 MB

Validation Dice: 0.7999295355571225 for Model: RoiNet9_Dice

==== Memoria GPU - Inicio de época ====
GPU 0 - Total: 40442.4 MB | Allocated: 473.7 MB | Cached: 3320.0 MB


==== Memoria GPU - Inicio de época ====
GPU 0 - Total: 40442.4 MB | Allocated: 473.7 MB | Cached: 32018.0 MB

Validation Dice: 0.7677849787287626 for Model: RoiNet9_Dice

==== Memoria GPU - Inicio de época ====
GPU 0 - Total: 40442.4 MB | Allocated: 473.7 MB | Cached: 3320.0 MB


==== Memoria GPU - Inicio de época ====
GPU 0 - Total: 40442.4 MB | Allocated: 473.7 MB | Cached: 32018.0 MB

Validation Dice: 0.7433494163192954 for Model: RoiNet9_Dice

==== Memoria GPU - Inicio de época ====
GPU 0 - Total: 40442.4 MB | Allocated: 473.7 MB | Cached: 3320.0 MB


==== Memoria GPU - Inicio de época ====
GPU 0 - Total: 40442.4 MB | Allocated: 473.7 MB | Cached: 32018.0 MB

Validation Dice: 0.7348793702873714 for Model: RoiNet9_Dice

==== Memoria GPU - Inicio de época ====
GPU 0 - Total: 40442.4 MB | Allocated: 473.7 MB | Cached: 3320.0 MB


==== Memoria GPU - Inicio de época ====
GPU 0 - Total: 40442.4 MB | Allocated: 473.7 MB | Cached: 32018.0 MB

Validation Dice: 0.6878192400094141 for Model: RoiNet9_Dice

==== Memoria GPU - Inicio de época ====
GPU 0 - Total: 40442.4 MB | Allocated: 473.7 MB | Cached: 3320.0 MB


==== Memoria GPU - Inicio de época ====
GPU 0 - Total: 40442.4 MB | Allocated: 473.7 MB | Cached: 32018.0 MB

Validation Dice: 0.7887479426511127 for Model: RoiNet9_Dice

==== Memoria GPU - Inicio de época ====
GPU 0 - Total: 40442.4 MB | Allocated: 473.7 MB | Cached: 3320.0 MB


==== Memoria GPU - Inicio de época ====
GPU 0 - Total: 40442.4 MB | Allocated: 473.7 MB | Cached: 32018.0 MB

Validation Dice: 0.819731411491473 for Model: RoiNet9_Dice
New best dice found, evaluating on test set...

==== Memoria GPU - Inicio de época ====
GPU 0 - Total: 40442.4 MB | Allocated: 473.7 MB | Cached: 32018.0 MB


==== Memoria GPU - Inicio de época ====
GPU 0 - Total: 40442.4 MB | Allocated: 473.7 MB | Cached: 3320.0 MB


==== Memoria GPU - Inicio de época ====
GPU 0 - Total: 40442.4 MB | Allocated: 473.7 MB | Cached: 32018.0 MB

Validation Dice: 0.717918645333702 for Model: RoiNet9_Dice

==== Memoria GPU - Inicio de época ====
GPU 0 - Total: 40442.4 MB | Allocated: 473.7 MB | Cached: 3320.0 MB


==== Memoria GPU - Inicio de época ====
GPU 0 - Total: 40442.4 MB | Allocated: 473.7 MB | Cached: 32018.0 MB

Validation Dice: 0.8202994259228237 for Model: RoiNet9_Dice
New best dice found, evaluating on test set...

==== Memoria GPU - Inicio de época ====
GPU 0 - Total: 40442.4 MB | Allocated: 473.7 MB | Cached: 32018.0 MB


==== Memoria GPU - Inicio de época ====
GPU 0 - Total: 40442.4 MB | Allocated: 473.7 MB | Cached: 3320.0 MB


==== Memoria GPU - Inicio de época ====
GPU 0 - Total: 40442.4 MB | Allocated: 473.7 MB | Cached: 32018.0 MB

Validation Dice: 0.7410234482089242 for Model: RoiNet9_Dice

==== Memoria GPU - Inicio de época ====
GPU 0 - Total: 40442.4 MB | Allocated: 473.7 MB | Cached: 3320.0 MB


==== Memoria GPU - Inicio de época ====
GPU 0 - Total: 40442.4 MB | Allocated: 473.7 MB | Cached: 32018.0 MB

Validation Dice: 0.7807761922407486 for Model: RoiNet9_Dice

==== Memoria GPU - Inicio de época ====
GPU 0 - Total: 40442.4 MB | Allocated: 473.7 MB | Cached: 3320.0 MB


==== Memoria GPU - Inicio de época ====
GPU 0 - Total: 40442.4 MB | Allocated: 473.7 MB | Cached: 32018.0 MB

Validation Dice: 0.8454391942314639 for Model: RoiNet9_Dice
New best dice found, evaluating on test set...

==== Memoria GPU - Inicio de época ====
GPU 0 - Total: 40442.4 MB | Allocated: 473.7 MB | Cached: 32018.0 MB


==== Memoria GPU - Inicio de época ====
GPU 0 - Total: 40442.4 MB | Allocated: 473.7 MB | Cached: 3320.0 MB


==== Memoria GPU - Inicio de época ====
GPU 0 - Total: 40442.4 MB | Allocated: 473.7 MB | Cached: 32018.0 MB

Validation Dice: 0.8242469229208366 for Model: RoiNet9_Dice

==== Memoria GPU - Inicio de época ====
GPU 0 - Total: 40442.4 MB | Allocated: 473.7 MB | Cached: 3320.0 MB


==== Memoria GPU - Inicio de época ====
GPU 0 - Total: 40442.4 MB | Allocated: 473.7 MB | Cached: 32018.0 MB

Validation Dice: 0.7952497570493473 for Model: RoiNet9_Dice

==== Memoria GPU - Inicio de época ====
GPU 0 - Total: 40442.4 MB | Allocated: 473.7 MB | Cached: 3320.0 MB


==== Memoria GPU - Inicio de época ====
GPU 0 - Total: 40442.4 MB | Allocated: 473.7 MB | Cached: 32018.0 MB

Validation Dice: 0.7886298799606256 for Model: RoiNet9_Dice

==== Memoria GPU - Inicio de época ====
GPU 0 - Total: 40442.4 MB | Allocated: 473.7 MB | Cached: 3320.0 MB


==== Memoria GPU - Inicio de época ====
GPU 0 - Total: 40442.4 MB | Allocated: 473.7 MB | Cached: 32018.0 MB

Validation Dice: 0.8167765217664797 for Model: RoiNet9_Dice

==== Memoria GPU - Inicio de época ====
GPU 0 - Total: 40442.4 MB | Allocated: 473.7 MB | Cached: 3320.0 MB


==== Memoria GPU - Inicio de época ====
GPU 0 - Total: 40442.4 MB | Allocated: 473.7 MB | Cached: 32018.0 MB

Validation Dice: 0.8068250411248605 for Model: RoiNet9_Dice

==== Memoria GPU - Inicio de época ====
GPU 0 - Total: 40442.4 MB | Allocated: 473.7 MB | Cached: 3320.0 MB


==== Memoria GPU - Inicio de época ====
GPU 0 - Total: 40442.4 MB | Allocated: 473.7 MB | Cached: 32018.0 MB

Validation Dice: 0.8109534962295677 for Model: RoiNet9_Dice

==== Memoria GPU - Inicio de época ====
GPU 0 - Total: 40442.4 MB | Allocated: 473.7 MB | Cached: 3320.0 MB


==== Memoria GPU - Inicio de época ====
GPU 0 - Total: 40442.4 MB | Allocated: 473.7 MB | Cached: 32018.0 MB

Validation Dice: 0.7897391369180237 for Model: RoiNet9_Dice

==== Memoria GPU - Inicio de época ====
GPU 0 - Total: 40442.4 MB | Allocated: 473.7 MB | Cached: 3320.0 MB


==== Memoria GPU - Inicio de época ====
GPU 0 - Total: 40442.4 MB | Allocated: 473.7 MB | Cached: 32018.0 MB

Validation Dice: 0.8112681682348432 for Model: RoiNet9_Dice

==== Memoria GPU - Inicio de época ====
GPU 0 - Total: 40442.4 MB | Allocated: 473.7 MB | Cached: 3320.0 MB


==== Memoria GPU - Inicio de época ====
GPU 0 - Total: 40442.4 MB | Allocated: 473.7 MB | Cached: 32018.0 MB

Validation Dice: 0.7598063384466059 for Model: RoiNet9_Dice

==== Memoria GPU - Inicio de época ====
GPU 0 - Total: 40442.4 MB | Allocated: 473.7 MB | Cached: 3320.0 MB


==== Memoria GPU - Inicio de época ====
GPU 0 - Total: 40442.4 MB | Allocated: 473.7 MB | Cached: 32018.0 MB

Validation Dice: 0.7783084493588556 for Model: RoiNet9_Dice

==== Memoria GPU - Inicio de época ====
GPU 0 - Total: 40442.4 MB | Allocated: 473.7 MB | Cached: 3320.0 MB


==== Memoria GPU - Inicio de época ====
GPU 0 - Total: 40442.4 MB | Allocated: 473.7 MB | Cached: 32018.0 MB

Validation Dice: 0.7675114230325815 for Model: RoiNet9_Dice

==== Memoria GPU - Inicio de época ====
GPU 0 - Total: 40442.4 MB | Allocated: 473.7 MB | Cached: 3320.0 MB


==== Memoria GPU - Inicio de época ====
GPU 0 - Total: 40442.4 MB | Allocated: 473.7 MB | Cached: 32018.0 MB

Validation Dice: 0.767840967473223 for Model: RoiNet9_Dice

==== Memoria GPU - Inicio de época ====
GPU 0 - Total: 40442.4 MB | Allocated: 473.7 MB | Cached: 3320.0 MB


==== Memoria GPU - Inicio de época ====
GPU 0 - Total: 40442.4 MB | Allocated: 473.7 MB | Cached: 32018.0 MB

Validation Dice: 0.8066192873521749 for Model: RoiNet9_Dice

==== Memoria GPU - Inicio de época ====
GPU 0 - Total: 40442.4 MB | Allocated: 473.7 MB | Cached: 3320.0 MB

