slurmstepd: info: Setting TMPDIR to /scratch/10715141. Previous errors about TMPDIR can be discarded
Restormer model not found. Restormer preprocessing will be disabled.
Available Models: ['FRNet', 'FRNet_1ch', 'FRNetR', 'RoiNet11', 'RoiNet9', 'RoiNet7', 'RoiNet5', 'RoiNet3', 'RoiNetR', 'RoiNetx1.5', 'RoiNetx0.5', 'RoiNetx2']
Datasets_library: {'FIVES512': {'paths': {'train': 'dataset/FIVES512/train', 'val': 'dataset/FIVES512/val', 'test': 'dataset/FIVES512/test'}, 'preprocessing': {'start': 0, 'end': 1}}, 'FIVESc': {'paths': {'train': 'dataset/FIVESc/train', 'val': 'dataset/FIVESc/val', 'test': 'dataset/FIVESc/test'}, 'preprocessing': {'start': 0, 'end': 1}}, 'FIVES': {'paths': {'train': 'dataset/FIVES/train', 'val': 'dataset/FIVES/val', 'test': 'dataset/FIVES/test'}, 'preprocessing': {'start': 0, 'end': 1}}}
USING CHANNELS = 3
Available Datasets: ['FIVES512', 'FIVESc', 'FIVES']

All datasets: {'FIVES512': {'train': <ds.dataset.SegmentationDataset object at 0x15021d6426a0>, 'val': <ds.dataset.SegmentationDataset object at 0x15030b534df0>, 'test': <ds.dataset.SegmentationDataset object at 0x15030b534ee0>}, 'FIVESc': {'train': <ds.dataset.SegmentationDataset object at 0x15021d635ee0>, 'val': <ds.dataset.SegmentationDataset object at 0x15021d635f40>, 'test': <ds.dataset.SegmentationDataset object at 0x15021d635e50>}, 'FIVES': {'train': <ds.dataset.SegmentationDataset object at 0x15021d635d60>, 'val': <ds.dataset.SegmentationDataset object at 0x15021d635dc0>, 'test': <ds.dataset.SegmentationDataset object at 0x15021d635cd0>}}
Dataset a usar: {'train': <ds.dataset.SegmentationDataset object at 0x15021d635d60>, 'val': <ds.dataset.SegmentationDataset object at 0x15021d635dc0>, 'test': <ds.dataset.SegmentationDataset object at 0x15021d635cd0>}
Configuración de Entrenamiento:
  Model: RoiNet7
  Dataset: FIVES
  Config File: code/config/config.json
  Epochs: 300
  Early Stopping: 100
  Thresh Value: 100
  Batch Size: 1
  Num Workers: 32
  Learning Rate: 0.0001
  Weight Decay: 0.001
  Loss Function: Dice
  Logging Enabled: True
  Output Prefix: RoiNet7_FIVES_Dice_GeomElasIntens
  Augmentation Config: {'enabled': True, 'geometric': True, 'elastic': True, 'intensity_and_color': True, 'gamma': False, 'noise': False}
  Restormer Enabled: False
  Output Directory: run_benchmark_runs/RoiNet7_FIVES_Dice_GeomElasIntensresult_2025-02-22_17-49-15
Parameters logged to: run_benchmark_runs/RoiNet7_FIVES_Dice_GeomElasIntensresult_2025-02-22_17-49-15/parameters_FIVES_RoiNet7_Dice_True_False.log

Modelo cargado en GPU:
- Parámetros totales: 19149894
- Memoria ocupada por modelo en GPU: 73.05 MB

==== Memoria GPU - Después de cargar el modelo en GPU ====
GPU 0 - Total: 40442.4 MB | Allocated: 73.1 MB | Cached: 88.0 MB


USING: Dice

==== Memoria GPU - Inicio de época ====
GPU 0 - Total: 40442.4 MB | Allocated: 73.1 MB | Cached: 88.0 MB


==== Memoria GPU - Inicio de época ====
GPU 0 - Total: 40442.4 MB | Allocated: 292.6 MB | Cached: 31600.0 MB

Validation Dice: 0.7386966388990938 for Model: RoiNet7_Dice
New best dice found, evaluating on test set...

==== Memoria GPU - Inicio de época ====
GPU 0 - Total: 40442.4 MB | Allocated: 292.6 MB | Cached: 31600.0 MB


==== Memoria GPU - Inicio de época ====
GPU 0 - Total: 40442.4 MB | Allocated: 292.6 MB | Cached: 1858.0 MB


==== Memoria GPU - Inicio de época ====
GPU 0 - Total: 40442.4 MB | Allocated: 292.6 MB | Cached: 32024.0 MB

Validation Dice: 0.7584405642738941 for Model: RoiNet7_Dice
New best dice found, evaluating on test set...

==== Memoria GPU - Inicio de época ====
GPU 0 - Total: 40442.4 MB | Allocated: 292.6 MB | Cached: 32024.0 MB


==== Memoria GPU - Inicio de época ====
GPU 0 - Total: 40442.4 MB | Allocated: 292.6 MB | Cached: 2548.0 MB


==== Memoria GPU - Inicio de época ====
GPU 0 - Total: 40442.4 MB | Allocated: 292.6 MB | Cached: 32204.0 MB

Validation Dice: 0.7126119528892666 for Model: RoiNet7_Dice

==== Memoria GPU - Inicio de época ====
GPU 0 - Total: 40442.4 MB | Allocated: 292.6 MB | Cached: 2548.0 MB


==== Memoria GPU - Inicio de época ====
GPU 0 - Total: 40442.4 MB | Allocated: 292.6 MB | Cached: 32204.0 MB

Validation Dice: 0.703151577697547 for Model: RoiNet7_Dice

==== Memoria GPU - Inicio de época ====
GPU 0 - Total: 40442.4 MB | Allocated: 292.6 MB | Cached: 2548.0 MB


==== Memoria GPU - Inicio de época ====
GPU 0 - Total: 40442.4 MB | Allocated: 292.6 MB | Cached: 32204.0 MB

Validation Dice: 0.7379163235514887 for Model: RoiNet7_Dice

==== Memoria GPU - Inicio de época ====
GPU 0 - Total: 40442.4 MB | Allocated: 292.6 MB | Cached: 2548.0 MB


==== Memoria GPU - Inicio de época ====
GPU 0 - Total: 40442.4 MB | Allocated: 292.6 MB | Cached: 32204.0 MB

Validation Dice: 0.7987471478105792 for Model: RoiNet7_Dice
New best dice found, evaluating on test set...

==== Memoria GPU - Inicio de época ====
GPU 0 - Total: 40442.4 MB | Allocated: 292.6 MB | Cached: 32204.0 MB


==== Memoria GPU - Inicio de época ====
GPU 0 - Total: 40442.4 MB | Allocated: 292.6 MB | Cached: 2548.0 MB


==== Memoria GPU - Inicio de época ====
GPU 0 - Total: 40442.4 MB | Allocated: 292.6 MB | Cached: 32204.0 MB

Validation Dice: 0.6645948363527777 for Model: RoiNet7_Dice

==== Memoria GPU - Inicio de época ====
GPU 0 - Total: 40442.4 MB | Allocated: 292.6 MB | Cached: 2548.0 MB


==== Memoria GPU - Inicio de época ====
GPU 0 - Total: 40442.4 MB | Allocated: 292.6 MB | Cached: 32204.0 MB

Validation Dice: 0.7067519243320729 for Model: RoiNet7_Dice

==== Memoria GPU - Inicio de época ====
GPU 0 - Total: 40442.4 MB | Allocated: 292.6 MB | Cached: 2548.0 MB


==== Memoria GPU - Inicio de época ====
GPU 0 - Total: 40442.4 MB | Allocated: 292.6 MB | Cached: 32204.0 MB

Validation Dice: 0.7483030145954196 for Model: RoiNet7_Dice

==== Memoria GPU - Inicio de época ====
GPU 0 - Total: 40442.4 MB | Allocated: 292.6 MB | Cached: 2548.0 MB


==== Memoria GPU - Inicio de época ====
GPU 0 - Total: 40442.4 MB | Allocated: 292.6 MB | Cached: 32204.0 MB

Validation Dice: 0.7699588185143609 for Model: RoiNet7_Dice

==== Memoria GPU - Inicio de época ====
GPU 0 - Total: 40442.4 MB | Allocated: 292.6 MB | Cached: 2548.0 MB


==== Memoria GPU - Inicio de época ====
GPU 0 - Total: 40442.4 MB | Allocated: 292.6 MB | Cached: 32204.0 MB

Validation Dice: 0.7484614127444282 for Model: RoiNet7_Dice

==== Memoria GPU - Inicio de época ====
GPU 0 - Total: 40442.4 MB | Allocated: 292.6 MB | Cached: 2548.0 MB


==== Memoria GPU - Inicio de época ====
GPU 0 - Total: 40442.4 MB | Allocated: 292.6 MB | Cached: 32204.0 MB

Validation Dice: 0.7064080013255215 for Model: RoiNet7_Dice

==== Memoria GPU - Inicio de época ====
GPU 0 - Total: 40442.4 MB | Allocated: 292.6 MB | Cached: 2548.0 MB


==== Memoria GPU - Inicio de época ====
GPU 0 - Total: 40442.4 MB | Allocated: 292.6 MB | Cached: 32204.0 MB

Validation Dice: 0.737877785562866 for Model: RoiNet7_Dice

==== Memoria GPU - Inicio de época ====
GPU 0 - Total: 40442.4 MB | Allocated: 292.6 MB | Cached: 2548.0 MB


==== Memoria GPU - Inicio de época ====
GPU 0 - Total: 40442.4 MB | Allocated: 292.6 MB | Cached: 32204.0 MB

Validation Dice: 0.7458661437705704 for Model: RoiNet7_Dice

==== Memoria GPU - Inicio de época ====
GPU 0 - Total: 40442.4 MB | Allocated: 292.6 MB | Cached: 2548.0 MB


==== Memoria GPU - Inicio de época ====
GPU 0 - Total: 40442.4 MB | Allocated: 292.6 MB | Cached: 32204.0 MB

Validation Dice: 0.7809475423820547 for Model: RoiNet7_Dice

==== Memoria GPU - Inicio de época ====
GPU 0 - Total: 40442.4 MB | Allocated: 292.6 MB | Cached: 2548.0 MB


==== Memoria GPU - Inicio de época ====
GPU 0 - Total: 40442.4 MB | Allocated: 292.6 MB | Cached: 32204.0 MB

Validation Dice: 0.7561861555978652 for Model: RoiNet7_Dice

==== Memoria GPU - Inicio de época ====
GPU 0 - Total: 40442.4 MB | Allocated: 292.6 MB | Cached: 2548.0 MB


==== Memoria GPU - Inicio de época ====
GPU 0 - Total: 40442.4 MB | Allocated: 292.6 MB | Cached: 32204.0 MB

Validation Dice: 0.79852814233058 for Model: RoiNet7_Dice

==== Memoria GPU - Inicio de época ====
GPU 0 - Total: 40442.4 MB | Allocated: 292.6 MB | Cached: 2548.0 MB


==== Memoria GPU - Inicio de época ====
GPU 0 - Total: 40442.4 MB | Allocated: 292.6 MB | Cached: 32204.0 MB

Validation Dice: 0.6949226986318375 for Model: RoiNet7_Dice

==== Memoria GPU - Inicio de época ====
GPU 0 - Total: 40442.4 MB | Allocated: 292.6 MB | Cached: 2548.0 MB


==== Memoria GPU - Inicio de época ====
GPU 0 - Total: 40442.4 MB | Allocated: 292.6 MB | Cached: 32204.0 MB

Validation Dice: 0.7447149479751317 for Model: RoiNet7_Dice

==== Memoria GPU - Inicio de época ====
GPU 0 - Total: 40442.4 MB | Allocated: 292.6 MB | Cached: 2548.0 MB


==== Memoria GPU - Inicio de época ====
GPU 0 - Total: 40442.4 MB | Allocated: 292.6 MB | Cached: 32204.0 MB

Validation Dice: 0.7473000823701849 for Model: RoiNet7_Dice

==== Memoria GPU - Inicio de época ====
GPU 0 - Total: 40442.4 MB | Allocated: 292.6 MB | Cached: 2548.0 MB


==== Memoria GPU - Inicio de época ====
GPU 0 - Total: 40442.4 MB | Allocated: 292.6 MB | Cached: 32204.0 MB

Validation Dice: 0.7526972929131343 for Model: RoiNet7_Dice

==== Memoria GPU - Inicio de época ====
GPU 0 - Total: 40442.4 MB | Allocated: 292.6 MB | Cached: 2548.0 MB


==== Memoria GPU - Inicio de época ====
GPU 0 - Total: 40442.4 MB | Allocated: 292.6 MB | Cached: 32204.0 MB

Validation Dice: 0.7828258605284171 for Model: RoiNet7_Dice

==== Memoria GPU - Inicio de época ====
GPU 0 - Total: 40442.4 MB | Allocated: 292.6 MB | Cached: 2548.0 MB


==== Memoria GPU - Inicio de época ====
GPU 0 - Total: 40442.4 MB | Allocated: 292.6 MB | Cached: 32204.0 MB

Validation Dice: 0.7592911188563342 for Model: RoiNet7_Dice

==== Memoria GPU - Inicio de época ====
GPU 0 - Total: 40442.4 MB | Allocated: 292.6 MB | Cached: 2548.0 MB


==== Memoria GPU - Inicio de época ====
GPU 0 - Total: 40442.4 MB | Allocated: 292.6 MB | Cached: 32204.0 MB

Validation Dice: 0.8157102874893255 for Model: RoiNet7_Dice
New best dice found, evaluating on test set...

==== Memoria GPU - Inicio de época ====
GPU 0 - Total: 40442.4 MB | Allocated: 292.6 MB | Cached: 32204.0 MB


==== Memoria GPU - Inicio de época ====
GPU 0 - Total: 40442.4 MB | Allocated: 292.6 MB | Cached: 2548.0 MB


==== Memoria GPU - Inicio de época ====
GPU 0 - Total: 40442.4 MB | Allocated: 292.6 MB | Cached: 32204.0 MB

Validation Dice: 0.7528326202643645 for Model: RoiNet7_Dice

==== Memoria GPU - Inicio de época ====
GPU 0 - Total: 40442.4 MB | Allocated: 292.6 MB | Cached: 2548.0 MB


==== Memoria GPU - Inicio de época ====
GPU 0 - Total: 40442.4 MB | Allocated: 292.6 MB | Cached: 32204.0 MB

Validation Dice: 0.7388470327615162 for Model: RoiNet7_Dice

==== Memoria GPU - Inicio de época ====
GPU 0 - Total: 40442.4 MB | Allocated: 292.6 MB | Cached: 2548.0 MB


==== Memoria GPU - Inicio de época ====
GPU 0 - Total: 40442.4 MB | Allocated: 292.6 MB | Cached: 32204.0 MB

Validation Dice: 0.7662229222826052 for Model: RoiNet7_Dice

==== Memoria GPU - Inicio de época ====
GPU 0 - Total: 40442.4 MB | Allocated: 292.6 MB | Cached: 2548.0 MB


==== Memoria GPU - Inicio de época ====
GPU 0 - Total: 40442.4 MB | Allocated: 292.6 MB | Cached: 32204.0 MB

Validation Dice: 0.7346042970090377 for Model: RoiNet7_Dice

==== Memoria GPU - Inicio de época ====
GPU 0 - Total: 40442.4 MB | Allocated: 292.6 MB | Cached: 2548.0 MB


==== Memoria GPU - Inicio de época ====
GPU 0 - Total: 40442.4 MB | Allocated: 292.6 MB | Cached: 32204.0 MB

Validation Dice: 0.769033009266834 for Model: RoiNet7_Dice

==== Memoria GPU - Inicio de época ====
GPU 0 - Total: 40442.4 MB | Allocated: 292.6 MB | Cached: 2548.0 MB


==== Memoria GPU - Inicio de época ====
GPU 0 - Total: 40442.4 MB | Allocated: 292.6 MB | Cached: 32204.0 MB

Validation Dice: 0.7368258259453258 for Model: RoiNet7_Dice

==== Memoria GPU - Inicio de época ====
GPU 0 - Total: 40442.4 MB | Allocated: 292.6 MB | Cached: 2548.0 MB


==== Memoria GPU - Inicio de época ====
GPU 0 - Total: 40442.4 MB | Allocated: 292.6 MB | Cached: 32204.0 MB

Validation Dice: 0.7409661483057287 for Model: RoiNet7_Dice

==== Memoria GPU - Inicio de época ====
GPU 0 - Total: 40442.4 MB | Allocated: 292.6 MB | Cached: 2548.0 MB


==== Memoria GPU - Inicio de época ====
GPU 0 - Total: 40442.4 MB | Allocated: 292.6 MB | Cached: 32204.0 MB

Validation Dice: 0.694394772417044 for Model: RoiNet7_Dice

==== Memoria GPU - Inicio de época ====
GPU 0 - Total: 40442.4 MB | Allocated: 292.6 MB | Cached: 2548.0 MB


==== Memoria GPU - Inicio de época ====
GPU 0 - Total: 40442.4 MB | Allocated: 292.6 MB | Cached: 32204.0 MB

Validation Dice: 0.7956901618589978 for Model: RoiNet7_Dice

==== Memoria GPU - Inicio de época ====
GPU 0 - Total: 40442.4 MB | Allocated: 292.6 MB | Cached: 2548.0 MB


==== Memoria GPU - Inicio de época ====
GPU 0 - Total: 40442.4 MB | Allocated: 292.6 MB | Cached: 32204.0 MB

Validation Dice: 0.7747669051377286 for Model: RoiNet7_Dice

==== Memoria GPU - Inicio de época ====
GPU 0 - Total: 40442.4 MB | Allocated: 292.6 MB | Cached: 2548.0 MB


==== Memoria GPU - Inicio de época ====
GPU 0 - Total: 40442.4 MB | Allocated: 292.6 MB | Cached: 32204.0 MB

Validation Dice: 0.8041564825893229 for Model: RoiNet7_Dice

==== Memoria GPU - Inicio de época ====
GPU 0 - Total: 40442.4 MB | Allocated: 292.6 MB | Cached: 2548.0 MB


==== Memoria GPU - Inicio de época ====
GPU 0 - Total: 40442.4 MB | Allocated: 292.6 MB | Cached: 32204.0 MB

Validation Dice: 0.7991398444274285 for Model: RoiNet7_Dice

==== Memoria GPU - Inicio de época ====
GPU 0 - Total: 40442.4 MB | Allocated: 292.6 MB | Cached: 2548.0 MB


==== Memoria GPU - Inicio de época ====
GPU 0 - Total: 40442.4 MB | Allocated: 292.6 MB | Cached: 32204.0 MB

Validation Dice: 0.7821240991010739 for Model: RoiNet7_Dice

==== Memoria GPU - Inicio de época ====
GPU 0 - Total: 40442.4 MB | Allocated: 292.6 MB | Cached: 2548.0 MB


==== Memoria GPU - Inicio de época ====
GPU 0 - Total: 40442.4 MB | Allocated: 292.6 MB | Cached: 32204.0 MB

Validation Dice: 0.7959780773464293 for Model: RoiNet7_Dice

==== Memoria GPU - Inicio de época ====
GPU 0 - Total: 40442.4 MB | Allocated: 292.6 MB | Cached: 2548.0 MB


==== Memoria GPU - Inicio de época ====
GPU 0 - Total: 40442.4 MB | Allocated: 292.6 MB | Cached: 32204.0 MB

Validation Dice: 0.8011359811091151 for Model: RoiNet7_Dice

==== Memoria GPU - Inicio de época ====
GPU 0 - Total: 40442.4 MB | Allocated: 292.6 MB | Cached: 2548.0 MB


==== Memoria GPU - Inicio de época ====
GPU 0 - Total: 40442.4 MB | Allocated: 292.6 MB | Cached: 32204.0 MB

Validation Dice: 0.7956154633579305 for Model: RoiNet7_Dice

==== Memoria GPU - Inicio de época ====
GPU 0 - Total: 40442.4 MB | Allocated: 292.6 MB | Cached: 2548.0 MB


==== Memoria GPU - Inicio de época ====
GPU 0 - Total: 40442.4 MB | Allocated: 292.6 MB | Cached: 32204.0 MB

Validation Dice: 0.7869633562438357 for Model: RoiNet7_Dice

==== Memoria GPU - Inicio de época ====
GPU 0 - Total: 40442.4 MB | Allocated: 292.6 MB | Cached: 2548.0 MB


==== Memoria GPU - Inicio de época ====
GPU 0 - Total: 40442.4 MB | Allocated: 292.6 MB | Cached: 32204.0 MB

Validation Dice: 0.7864132900365164 for Model: RoiNet7_Dice

==== Memoria GPU - Inicio de época ====
GPU 0 - Total: 40442.4 MB | Allocated: 292.6 MB | Cached: 2548.0 MB


==== Memoria GPU - Inicio de época ====
GPU 0 - Total: 40442.4 MB | Allocated: 292.6 MB | Cached: 32204.0 MB

Validation Dice: 0.7521493103877293 for Model: RoiNet7_Dice

==== Memoria GPU - Inicio de época ====
GPU 0 - Total: 40442.4 MB | Allocated: 292.6 MB | Cached: 2548.0 MB


==== Memoria GPU - Inicio de época ====
GPU 0 - Total: 40442.4 MB | Allocated: 292.6 MB | Cached: 32204.0 MB

Validation Dice: 0.7593405866480102 for Model: RoiNet7_Dice

==== Memoria GPU - Inicio de época ====
GPU 0 - Total: 40442.4 MB | Allocated: 292.6 MB | Cached: 2548.0 MB


==== Memoria GPU - Inicio de época ====
GPU 0 - Total: 40442.4 MB | Allocated: 292.6 MB | Cached: 32204.0 MB

Validation Dice: 0.7872842184670088 for Model: RoiNet7_Dice

==== Memoria GPU - Inicio de época ====
GPU 0 - Total: 40442.4 MB | Allocated: 292.6 MB | Cached: 2548.0 MB


==== Memoria GPU - Inicio de época ====
GPU 0 - Total: 40442.4 MB | Allocated: 292.6 MB | Cached: 32204.0 MB

Validation Dice: 0.8159847917039993 for Model: RoiNet7_Dice
New best dice found, evaluating on test set...

==== Memoria GPU - Inicio de época ====
GPU 0 - Total: 40442.4 MB | Allocated: 292.6 MB | Cached: 32204.0 MB


==== Memoria GPU - Inicio de época ====
GPU 0 - Total: 40442.4 MB | Allocated: 292.6 MB | Cached: 2548.0 MB


==== Memoria GPU - Inicio de época ====
GPU 0 - Total: 40442.4 MB | Allocated: 292.6 MB | Cached: 32204.0 MB

Validation Dice: 0.78908948655957 for Model: RoiNet7_Dice

==== Memoria GPU - Inicio de época ====
GPU 0 - Total: 40442.4 MB | Allocated: 292.6 MB | Cached: 2548.0 MB


==== Memoria GPU - Inicio de época ====
GPU 0 - Total: 40442.4 MB | Allocated: 292.6 MB | Cached: 32204.0 MB

Validation Dice: 0.8033979059000046 for Model: RoiNet7_Dice

==== Memoria GPU - Inicio de época ====
GPU 0 - Total: 40442.4 MB | Allocated: 292.6 MB | Cached: 2548.0 MB


==== Memoria GPU - Inicio de época ====
GPU 0 - Total: 40442.4 MB | Allocated: 292.6 MB | Cached: 32204.0 MB

Validation Dice: 0.7737471003432073 for Model: RoiNet7_Dice

==== Memoria GPU - Inicio de época ====
GPU 0 - Total: 40442.4 MB | Allocated: 292.6 MB | Cached: 2548.0 MB


==== Memoria GPU - Inicio de época ====
GPU 0 - Total: 40442.4 MB | Allocated: 292.6 MB | Cached: 32204.0 MB

Validation Dice: 0.7740737158387947 for Model: RoiNet7_Dice

==== Memoria GPU - Inicio de época ====
GPU 0 - Total: 40442.4 MB | Allocated: 292.6 MB | Cached: 2548.0 MB


==== Memoria GPU - Inicio de época ====
GPU 0 - Total: 40442.4 MB | Allocated: 292.6 MB | Cached: 32204.0 MB

Validation Dice: 0.8048893119983745 for Model: RoiNet7_Dice

==== Memoria GPU - Inicio de época ====
GPU 0 - Total: 40442.4 MB | Allocated: 292.6 MB | Cached: 2548.0 MB


==== Memoria GPU - Inicio de época ====
GPU 0 - Total: 40442.4 MB | Allocated: 292.6 MB | Cached: 32204.0 MB

Validation Dice: 0.7921255466359106 for Model: RoiNet7_Dice

==== Memoria GPU - Inicio de época ====
GPU 0 - Total: 40442.4 MB | Allocated: 292.6 MB | Cached: 2548.0 MB


==== Memoria GPU - Inicio de época ====
GPU 0 - Total: 40442.4 MB | Allocated: 292.6 MB | Cached: 32204.0 MB

Validation Dice: 0.7761187877602354 for Model: RoiNet7_Dice

==== Memoria GPU - Inicio de época ====
GPU 0 - Total: 40442.4 MB | Allocated: 292.6 MB | Cached: 2548.0 MB


==== Memoria GPU - Inicio de época ====
GPU 0 - Total: 40442.4 MB | Allocated: 292.6 MB | Cached: 32204.0 MB

Validation Dice: 0.8227473851235021 for Model: RoiNet7_Dice
New best dice found, evaluating on test set...

==== Memoria GPU - Inicio de época ====
GPU 0 - Total: 40442.4 MB | Allocated: 292.6 MB | Cached: 32204.0 MB


==== Memoria GPU - Inicio de época ====
GPU 0 - Total: 40442.4 MB | Allocated: 292.6 MB | Cached: 2548.0 MB


==== Memoria GPU - Inicio de época ====
GPU 0 - Total: 40442.4 MB | Allocated: 292.6 MB | Cached: 32204.0 MB

Validation Dice: 0.8157505407000033 for Model: RoiNet7_Dice

==== Memoria GPU - Inicio de época ====
GPU 0 - Total: 40442.4 MB | Allocated: 292.6 MB | Cached: 2548.0 MB


==== Memoria GPU - Inicio de época ====
GPU 0 - Total: 40442.4 MB | Allocated: 292.6 MB | Cached: 32204.0 MB

Validation Dice: 0.8130384118641061 for Model: RoiNet7_Dice

==== Memoria GPU - Inicio de época ====
GPU 0 - Total: 40442.4 MB | Allocated: 292.6 MB | Cached: 2548.0 MB


==== Memoria GPU - Inicio de época ====
GPU 0 - Total: 40442.4 MB | Allocated: 292.6 MB | Cached: 32204.0 MB

Validation Dice: 0.7312804913759081 for Model: RoiNet7_Dice

==== Memoria GPU - Inicio de época ====
GPU 0 - Total: 40442.4 MB | Allocated: 292.6 MB | Cached: 2548.0 MB


==== Memoria GPU - Inicio de época ====
GPU 0 - Total: 40442.4 MB | Allocated: 292.6 MB | Cached: 32204.0 MB

Validation Dice: 0.8027395916520524 for Model: RoiNet7_Dice

==== Memoria GPU - Inicio de época ====
GPU 0 - Total: 40442.4 MB | Allocated: 292.6 MB | Cached: 2548.0 MB


==== Memoria GPU - Inicio de época ====
GPU 0 - Total: 40442.4 MB | Allocated: 292.6 MB | Cached: 32204.0 MB

Validation Dice: 0.7967243807501767 for Model: RoiNet7_Dice

==== Memoria GPU - Inicio de época ====
GPU 0 - Total: 40442.4 MB | Allocated: 292.6 MB | Cached: 2548.0 MB


==== Memoria GPU - Inicio de época ====
GPU 0 - Total: 40442.4 MB | Allocated: 292.6 MB | Cached: 32204.0 MB

Validation Dice: 0.719414365479061 for Model: RoiNet7_Dice

==== Memoria GPU - Inicio de época ====
GPU 0 - Total: 40442.4 MB | Allocated: 292.6 MB | Cached: 2548.0 MB


==== Memoria GPU - Inicio de época ====
GPU 0 - Total: 40442.4 MB | Allocated: 292.6 MB | Cached: 32204.0 MB

Validation Dice: 0.7870485681130585 for Model: RoiNet7_Dice

==== Memoria GPU - Inicio de época ====
GPU 0 - Total: 40442.4 MB | Allocated: 292.6 MB | Cached: 2548.0 MB


==== Memoria GPU - Inicio de época ====
GPU 0 - Total: 40442.4 MB | Allocated: 292.6 MB | Cached: 32204.0 MB

Validation Dice: 0.779158468207822 for Model: RoiNet7_Dice

==== Memoria GPU - Inicio de época ====
GPU 0 - Total: 40442.4 MB | Allocated: 292.6 MB | Cached: 2548.0 MB


==== Memoria GPU - Inicio de época ====
GPU 0 - Total: 40442.4 MB | Allocated: 292.6 MB | Cached: 32204.0 MB

Validation Dice: 0.8378921981595868 for Model: RoiNet7_Dice
New best dice found, evaluating on test set...

==== Memoria GPU - Inicio de época ====
GPU 0 - Total: 40442.4 MB | Allocated: 292.6 MB | Cached: 32204.0 MB


==== Memoria GPU - Inicio de época ====
GPU 0 - Total: 40442.4 MB | Allocated: 292.6 MB | Cached: 2548.0 MB


==== Memoria GPU - Inicio de época ====
GPU 0 - Total: 40442.4 MB | Allocated: 292.6 MB | Cached: 32204.0 MB

Validation Dice: 0.8173293055262018 for Model: RoiNet7_Dice

==== Memoria GPU - Inicio de época ====
GPU 0 - Total: 40442.4 MB | Allocated: 292.6 MB | Cached: 2548.0 MB


==== Memoria GPU - Inicio de época ====
GPU 0 - Total: 40442.4 MB | Allocated: 292.6 MB | Cached: 32204.0 MB

Validation Dice: 0.7307762191877243 for Model: RoiNet7_Dice

==== Memoria GPU - Inicio de época ====
GPU 0 - Total: 40442.4 MB | Allocated: 292.6 MB | Cached: 2548.0 MB


==== Memoria GPU - Inicio de época ====
GPU 0 - Total: 40442.4 MB | Allocated: 292.6 MB | Cached: 32204.0 MB

Validation Dice: 0.7893708360651868 for Model: RoiNet7_Dice

==== Memoria GPU - Inicio de época ====
GPU 0 - Total: 40442.4 MB | Allocated: 292.6 MB | Cached: 2548.0 MB


==== Memoria GPU - Inicio de época ====
GPU 0 - Total: 40442.4 MB | Allocated: 292.6 MB | Cached: 32204.0 MB

Validation Dice: 0.8070355087217849 for Model: RoiNet7_Dice

==== Memoria GPU - Inicio de época ====
GPU 0 - Total: 40442.4 MB | Allocated: 292.6 MB | Cached: 2548.0 MB


==== Memoria GPU - Inicio de época ====
GPU 0 - Total: 40442.4 MB | Allocated: 292.6 MB | Cached: 32204.0 MB

Validation Dice: 0.7854795565233423 for Model: RoiNet7_Dice

==== Memoria GPU - Inicio de época ====
GPU 0 - Total: 40442.4 MB | Allocated: 292.6 MB | Cached: 2548.0 MB


==== Memoria GPU - Inicio de época ====
GPU 0 - Total: 40442.4 MB | Allocated: 292.6 MB | Cached: 32204.0 MB

Validation Dice: 0.7941533976308673 for Model: RoiNet7_Dice

==== Memoria GPU - Inicio de época ====
GPU 0 - Total: 40442.4 MB | Allocated: 292.6 MB | Cached: 2548.0 MB


==== Memoria GPU - Inicio de época ====
GPU 0 - Total: 40442.4 MB | Allocated: 292.6 MB | Cached: 32204.0 MB

Validation Dice: 0.8043313679357577 for Model: RoiNet7_Dice

==== Memoria GPU - Inicio de época ====
GPU 0 - Total: 40442.4 MB | Allocated: 292.6 MB | Cached: 2548.0 MB


==== Memoria GPU - Inicio de época ====
GPU 0 - Total: 40442.4 MB | Allocated: 292.6 MB | Cached: 32204.0 MB

Validation Dice: 0.7762529474379352 for Model: RoiNet7_Dice

==== Memoria GPU - Inicio de época ====
GPU 0 - Total: 40442.4 MB | Allocated: 292.6 MB | Cached: 2548.0 MB


==== Memoria GPU - Inicio de época ====
GPU 0 - Total: 40442.4 MB | Allocated: 292.6 MB | Cached: 32204.0 MB

Validation Dice: 0.7849485032515986 for Model: RoiNet7_Dice

==== Memoria GPU - Inicio de época ====
GPU 0 - Total: 40442.4 MB | Allocated: 292.6 MB | Cached: 2548.0 MB


==== Memoria GPU - Inicio de época ====
GPU 0 - Total: 40442.4 MB | Allocated: 292.6 MB | Cached: 32204.0 MB

Validation Dice: 0.7594100737658033 for Model: RoiNet7_Dice

==== Memoria GPU - Inicio de época ====
GPU 0 - Total: 40442.4 MB | Allocated: 292.6 MB | Cached: 2548.0 MB


==== Memoria GPU - Inicio de época ====
GPU 0 - Total: 40442.4 MB | Allocated: 292.6 MB | Cached: 32204.0 MB

Validation Dice: 0.7043172167805367 for Model: RoiNet7_Dice

==== Memoria GPU - Inicio de época ====
GPU 0 - Total: 40442.4 MB | Allocated: 292.6 MB | Cached: 2548.0 MB


==== Memoria GPU - Inicio de época ====
GPU 0 - Total: 40442.4 MB | Allocated: 292.6 MB | Cached: 32204.0 MB

Validation Dice: 0.7768988390254198 for Model: RoiNet7_Dice

==== Memoria GPU - Inicio de época ====
GPU 0 - Total: 40442.4 MB | Allocated: 292.6 MB | Cached: 2548.0 MB


==== Memoria GPU - Inicio de época ====
GPU 0 - Total: 40442.4 MB | Allocated: 292.6 MB | Cached: 32204.0 MB

Validation Dice: 0.7927774333094938 for Model: RoiNet7_Dice

==== Memoria GPU - Inicio de época ====
GPU 0 - Total: 40442.4 MB | Allocated: 292.6 MB | Cached: 2548.0 MB


==== Memoria GPU - Inicio de época ====
GPU 0 - Total: 40442.4 MB | Allocated: 292.6 MB | Cached: 32204.0 MB

Validation Dice: 0.8119730403243105 for Model: RoiNet7_Dice

==== Memoria GPU - Inicio de época ====
GPU 0 - Total: 40442.4 MB | Allocated: 292.6 MB | Cached: 2548.0 MB


==== Memoria GPU - Inicio de época ====
GPU 0 - Total: 40442.4 MB | Allocated: 292.6 MB | Cached: 32204.0 MB

Validation Dice: 0.8066854733221999 for Model: RoiNet7_Dice

==== Memoria GPU - Inicio de época ====
GPU 0 - Total: 40442.4 MB | Allocated: 292.6 MB | Cached: 2548.0 MB


==== Memoria GPU - Inicio de época ====
GPU 0 - Total: 40442.4 MB | Allocated: 292.6 MB | Cached: 32204.0 MB

Validation Dice: 0.8118903086394168 for Model: RoiNet7_Dice

==== Memoria GPU - Inicio de época ====
GPU 0 - Total: 40442.4 MB | Allocated: 292.6 MB | Cached: 2548.0 MB


==== Memoria GPU - Inicio de época ====
GPU 0 - Total: 40442.4 MB | Allocated: 292.6 MB | Cached: 32204.0 MB

Validation Dice: 0.7993888211796294 for Model: RoiNet7_Dice

==== Memoria GPU - Inicio de época ====
GPU 0 - Total: 40442.4 MB | Allocated: 292.6 MB | Cached: 2548.0 MB


==== Memoria GPU - Inicio de época ====
GPU 0 - Total: 40442.4 MB | Allocated: 292.6 MB | Cached: 32204.0 MB

Validation Dice: 0.743359735258886 for Model: RoiNet7_Dice

==== Memoria GPU - Inicio de época ====
GPU 0 - Total: 40442.4 MB | Allocated: 292.6 MB | Cached: 2548.0 MB


==== Memoria GPU - Inicio de época ====
GPU 0 - Total: 40442.4 MB | Allocated: 292.6 MB | Cached: 32204.0 MB

Validation Dice: 0.7672200048278446 for Model: RoiNet7_Dice

==== Memoria GPU - Inicio de época ====
GPU 0 - Total: 40442.4 MB | Allocated: 292.6 MB | Cached: 2548.0 MB

