slurmstepd: info: Setting TMPDIR to /scratch/10720108. Previous errors about TMPDIR can be discarded
Restormer model not found. Restormer preprocessing will be disabled.
Available Models: ['FRNet', 'FRNet_1ch', 'FRNetR', 'RoiNet11', 'RoiNet9', 'RoiNet7', 'RoiNet5', 'RoiNet3', 'RoiNetR', 'RoiNetx1.5', 'RoiNetx0.5', 'RoiNetx2']
Datasets_library: {'FIVES512': {'paths': {'train': 'dataset/FIVES512/train', 'val': 'dataset/FIVES512/val', 'test': 'dataset/FIVES512/test'}, 'preprocessing': {'start': 0, 'end': 1}}, 'FIVESgan': {'paths': {'train': 'dataset/FIVESgan/train', 'val': 'dataset/FIVESgan/val', 'test': 'dataset/FIVESgan/test'}, 'preprocessing': {'start': 0, 'end': 1}}, 'FIVESc': {'paths': {'train': 'dataset/FIVESc/train', 'val': 'dataset/FIVESc/val', 'test': 'dataset/FIVESc/test'}, 'preprocessing': {'start': 0, 'end': 1}}, 'FIVES': {'paths': {'train': 'dataset/FIVES/train', 'val': 'dataset/FIVES/val', 'test': 'dataset/FIVES/test'}, 'preprocessing': {'start': 0, 'end': 1}}}
USING CHANNELS = 3
Available Datasets: ['FIVES512', 'FIVESgan', 'FIVESc', 'FIVES']

All datasets: {'FIVES512': {'train': <ds.dataset.SegmentationDataset object at 0x145e036ad6a0>, 'val': <ds.dataset.SegmentationDataset object at 0x145ef159fdf0>, 'test': <ds.dataset.SegmentationDataset object at 0x145ef159fee0>}, 'FIVESgan': {'train': <ds.dataset.SegmentationDataset object at 0x145e036a0ee0>, 'val': <ds.dataset.SegmentationDataset object at 0x145e036a0f40>, 'test': <ds.dataset.SegmentationDataset object at 0x145e036a0e50>}, 'FIVESc': {'train': <ds.dataset.SegmentationDataset object at 0x145e036a0d60>, 'val': <ds.dataset.SegmentationDataset object at 0x145e036a0dc0>, 'test': <ds.dataset.SegmentationDataset object at 0x145e036a0cd0>}, 'FIVES': {'train': <ds.dataset.SegmentationDataset object at 0x145e036a0be0>, 'val': <ds.dataset.SegmentationDataset object at 0x145e036a0c40>, 'test': <ds.dataset.SegmentationDataset object at 0x145e036a0b50>}}
Dataset a usar: {'train': <ds.dataset.SegmentationDataset object at 0x145e036a0d60>, 'val': <ds.dataset.SegmentationDataset object at 0x145e036a0dc0>, 'test': <ds.dataset.SegmentationDataset object at 0x145e036a0cd0>}
Configuración de Entrenamiento:
  Model: RoiNet5
  Dataset: FIVESc
  Config File: code/config/config.json
  Epochs: 300
  Early Stopping: 100
  Thresh Value: 100
  Batch Size: 1
  Num Workers: 32
  Learning Rate: 0.0001
  Weight Decay: 0.001
  Loss Function: Dice
  Logging Enabled: True
  Output Prefix: RoiNet5_FIVESc_Dice_gei_
  Augmentation Config: {'enabled': True, 'geometric': True, 'elastic': True, 'intensity_and_color': True, 'gamma': False, 'noise': False}
  Restormer Enabled: False
  Output Directory: run_benchmark_runs/RoiNet5_FIVESc_Dice_gei_result_2025-02-22_20-43-23
Parameters logged to: run_benchmark_runs/RoiNet5_FIVESc_Dice_gei_result_2025-02-22_20-43-23/parameters_FIVESc_RoiNet5_Dice_True_False.log

Modelo cargado en GPU:
- Parámetros totales: 10472262
- Memoria ocupada por modelo en GPU: 39.95 MB

==== Memoria GPU - Después de cargar el modelo en GPU ====
GPU 0 - Total: 40442.4 MB | Allocated: 40.0 MB | Cached: 44.0 MB


USING: Dice

==== Memoria GPU - Inicio de época ====
GPU 0 - Total: 40442.4 MB | Allocated: 40.0 MB | Cached: 44.0 MB


==== Memoria GPU - Inicio de época ====
GPU 0 - Total: 40442.4 MB | Allocated: 161.7 MB | Cached: 31472.0 MB

Validation Dice: 0.7505084488627782 for Model: RoiNet5_Dice
New best dice found, evaluating on test set...

==== Memoria GPU - Inicio de época ====
GPU 0 - Total: 40442.4 MB | Allocated: 161.7 MB | Cached: 31472.0 MB


==== Memoria GPU - Inicio de época ====
GPU 0 - Total: 40442.4 MB | Allocated: 161.7 MB | Cached: 1534.0 MB


==== Memoria GPU - Inicio de época ====
GPU 0 - Total: 40442.4 MB | Allocated: 161.7 MB | Cached: 31704.0 MB

Validation Dice: 0.7787181128218512 for Model: RoiNet5_Dice
New best dice found, evaluating on test set...

==== Memoria GPU - Inicio de época ====
GPU 0 - Total: 40442.4 MB | Allocated: 161.7 MB | Cached: 31704.0 MB


==== Memoria GPU - Inicio de época ====
GPU 0 - Total: 40442.4 MB | Allocated: 161.7 MB | Cached: 1534.0 MB


==== Memoria GPU - Inicio de época ====
GPU 0 - Total: 40442.4 MB | Allocated: 161.7 MB | Cached: 31704.0 MB

Validation Dice: 0.7035604402838378 for Model: RoiNet5_Dice

==== Memoria GPU - Inicio de época ====
GPU 0 - Total: 40442.4 MB | Allocated: 161.7 MB | Cached: 1534.0 MB


==== Memoria GPU - Inicio de época ====
GPU 0 - Total: 40442.4 MB | Allocated: 161.7 MB | Cached: 31704.0 MB

Validation Dice: 0.8107400192470008 for Model: RoiNet5_Dice
New best dice found, evaluating on test set...

==== Memoria GPU - Inicio de época ====
GPU 0 - Total: 40442.4 MB | Allocated: 161.7 MB | Cached: 31704.0 MB


==== Memoria GPU - Inicio de época ====
GPU 0 - Total: 40442.4 MB | Allocated: 161.7 MB | Cached: 1534.0 MB


==== Memoria GPU - Inicio de época ====
GPU 0 - Total: 40442.4 MB | Allocated: 161.7 MB | Cached: 31704.0 MB

Validation Dice: 0.8147410056301894 for Model: RoiNet5_Dice
New best dice found, evaluating on test set...

==== Memoria GPU - Inicio de época ====
GPU 0 - Total: 40442.4 MB | Allocated: 161.7 MB | Cached: 31704.0 MB


==== Memoria GPU - Inicio de época ====
GPU 0 - Total: 40442.4 MB | Allocated: 161.7 MB | Cached: 1534.0 MB


==== Memoria GPU - Inicio de época ====
GPU 0 - Total: 40442.4 MB | Allocated: 161.7 MB | Cached: 31704.0 MB

Validation Dice: 0.7885465046710611 for Model: RoiNet5_Dice

==== Memoria GPU - Inicio de época ====
GPU 0 - Total: 40442.4 MB | Allocated: 161.7 MB | Cached: 1534.0 MB


==== Memoria GPU - Inicio de época ====
GPU 0 - Total: 40442.4 MB | Allocated: 161.7 MB | Cached: 31704.0 MB

Validation Dice: 0.8133750914539508 for Model: RoiNet5_Dice

==== Memoria GPU - Inicio de época ====
GPU 0 - Total: 40442.4 MB | Allocated: 161.7 MB | Cached: 1534.0 MB


==== Memoria GPU - Inicio de época ====
GPU 0 - Total: 40442.4 MB | Allocated: 161.7 MB | Cached: 31704.0 MB

Validation Dice: 0.7827945336744297 for Model: RoiNet5_Dice

==== Memoria GPU - Inicio de época ====
GPU 0 - Total: 40442.4 MB | Allocated: 161.7 MB | Cached: 1534.0 MB


==== Memoria GPU - Inicio de época ====
GPU 0 - Total: 40442.4 MB | Allocated: 161.7 MB | Cached: 31704.0 MB

Validation Dice: 0.8012492914799404 for Model: RoiNet5_Dice

==== Memoria GPU - Inicio de época ====
GPU 0 - Total: 40442.4 MB | Allocated: 161.7 MB | Cached: 1534.0 MB


==== Memoria GPU - Inicio de época ====
GPU 0 - Total: 40442.4 MB | Allocated: 161.7 MB | Cached: 31704.0 MB

Validation Dice: 0.8027089225935387 for Model: RoiNet5_Dice

==== Memoria GPU - Inicio de época ====
GPU 0 - Total: 40442.4 MB | Allocated: 161.7 MB | Cached: 1534.0 MB


==== Memoria GPU - Inicio de época ====
GPU 0 - Total: 40442.4 MB | Allocated: 161.7 MB | Cached: 31704.0 MB

Validation Dice: 0.8307094134624452 for Model: RoiNet5_Dice
New best dice found, evaluating on test set...

==== Memoria GPU - Inicio de época ====
GPU 0 - Total: 40442.4 MB | Allocated: 161.7 MB | Cached: 31704.0 MB


==== Memoria GPU - Inicio de época ====
GPU 0 - Total: 40442.4 MB | Allocated: 161.7 MB | Cached: 1534.0 MB


==== Memoria GPU - Inicio de época ====
GPU 0 - Total: 40442.4 MB | Allocated: 161.7 MB | Cached: 31704.0 MB

Validation Dice: 0.7800141760499092 for Model: RoiNet5_Dice

==== Memoria GPU - Inicio de época ====
GPU 0 - Total: 40442.4 MB | Allocated: 161.7 MB | Cached: 1534.0 MB


==== Memoria GPU - Inicio de época ====
GPU 0 - Total: 40442.4 MB | Allocated: 161.7 MB | Cached: 31704.0 MB

Validation Dice: 0.8168353330500132 for Model: RoiNet5_Dice

==== Memoria GPU - Inicio de época ====
GPU 0 - Total: 40442.4 MB | Allocated: 161.7 MB | Cached: 1534.0 MB


==== Memoria GPU - Inicio de época ====
GPU 0 - Total: 40442.4 MB | Allocated: 161.7 MB | Cached: 31704.0 MB

Validation Dice: 0.8007448819229297 for Model: RoiNet5_Dice

==== Memoria GPU - Inicio de época ====
GPU 0 - Total: 40442.4 MB | Allocated: 161.7 MB | Cached: 1534.0 MB


==== Memoria GPU - Inicio de época ====
GPU 0 - Total: 40442.4 MB | Allocated: 161.7 MB | Cached: 31704.0 MB

Validation Dice: 0.8126378525383394 for Model: RoiNet5_Dice

==== Memoria GPU - Inicio de época ====
GPU 0 - Total: 40442.4 MB | Allocated: 161.7 MB | Cached: 1534.0 MB


==== Memoria GPU - Inicio de época ====
GPU 0 - Total: 40442.4 MB | Allocated: 161.7 MB | Cached: 31704.0 MB

Validation Dice: 0.7814589220757512 for Model: RoiNet5_Dice

==== Memoria GPU - Inicio de época ====
GPU 0 - Total: 40442.4 MB | Allocated: 161.7 MB | Cached: 1534.0 MB


==== Memoria GPU - Inicio de época ====
GPU 0 - Total: 40442.4 MB | Allocated: 161.7 MB | Cached: 31704.0 MB

Validation Dice: 0.7959443298132197 for Model: RoiNet5_Dice

==== Memoria GPU - Inicio de época ====
GPU 0 - Total: 40442.4 MB | Allocated: 161.7 MB | Cached: 1534.0 MB


==== Memoria GPU - Inicio de época ====
GPU 0 - Total: 40442.4 MB | Allocated: 161.7 MB | Cached: 31704.0 MB

Validation Dice: 0.8003356444385894 for Model: RoiNet5_Dice

==== Memoria GPU - Inicio de época ====
GPU 0 - Total: 40442.4 MB | Allocated: 161.7 MB | Cached: 1534.0 MB


==== Memoria GPU - Inicio de época ====
GPU 0 - Total: 40442.4 MB | Allocated: 161.7 MB | Cached: 31704.0 MB

Validation Dice: 0.7788227770352335 for Model: RoiNet5_Dice

==== Memoria GPU - Inicio de época ====
GPU 0 - Total: 40442.4 MB | Allocated: 161.7 MB | Cached: 1534.0 MB


==== Memoria GPU - Inicio de época ====
GPU 0 - Total: 40442.4 MB | Allocated: 161.7 MB | Cached: 31704.0 MB

Validation Dice: 0.7973102324669108 for Model: RoiNet5_Dice

==== Memoria GPU - Inicio de época ====
GPU 0 - Total: 40442.4 MB | Allocated: 161.7 MB | Cached: 1534.0 MB


==== Memoria GPU - Inicio de época ====
GPU 0 - Total: 40442.4 MB | Allocated: 161.7 MB | Cached: 31704.0 MB

Validation Dice: 0.7710606692365765 for Model: RoiNet5_Dice

==== Memoria GPU - Inicio de época ====
GPU 0 - Total: 40442.4 MB | Allocated: 161.7 MB | Cached: 1534.0 MB


==== Memoria GPU - Inicio de época ====
GPU 0 - Total: 40442.4 MB | Allocated: 161.7 MB | Cached: 31704.0 MB

Validation Dice: 0.7043330785634099 for Model: RoiNet5_Dice

==== Memoria GPU - Inicio de época ====
GPU 0 - Total: 40442.4 MB | Allocated: 161.7 MB | Cached: 1534.0 MB


==== Memoria GPU - Inicio de época ====
GPU 0 - Total: 40442.4 MB | Allocated: 161.7 MB | Cached: 31704.0 MB

Validation Dice: 0.7760026191428769 for Model: RoiNet5_Dice

==== Memoria GPU - Inicio de época ====
GPU 0 - Total: 40442.4 MB | Allocated: 161.7 MB | Cached: 1534.0 MB


==== Memoria GPU - Inicio de época ====
GPU 0 - Total: 40442.4 MB | Allocated: 161.7 MB | Cached: 31704.0 MB

Validation Dice: 0.7622395287513631 for Model: RoiNet5_Dice

==== Memoria GPU - Inicio de época ====
GPU 0 - Total: 40442.4 MB | Allocated: 161.7 MB | Cached: 1534.0 MB


==== Memoria GPU - Inicio de época ====
GPU 0 - Total: 40442.4 MB | Allocated: 161.7 MB | Cached: 31704.0 MB

Validation Dice: 0.7682751044880631 for Model: RoiNet5_Dice

==== Memoria GPU - Inicio de época ====
GPU 0 - Total: 40442.4 MB | Allocated: 161.7 MB | Cached: 1534.0 MB


==== Memoria GPU - Inicio de época ====
GPU 0 - Total: 40442.4 MB | Allocated: 161.7 MB | Cached: 31704.0 MB

Validation Dice: 0.8022338900711212 for Model: RoiNet5_Dice

==== Memoria GPU - Inicio de época ====
GPU 0 - Total: 40442.4 MB | Allocated: 161.7 MB | Cached: 1534.0 MB


==== Memoria GPU - Inicio de época ====
GPU 0 - Total: 40442.4 MB | Allocated: 161.7 MB | Cached: 31704.0 MB

Validation Dice: 0.7987597941825767 for Model: RoiNet5_Dice

==== Memoria GPU - Inicio de época ====
GPU 0 - Total: 40442.4 MB | Allocated: 161.7 MB | Cached: 1534.0 MB


==== Memoria GPU - Inicio de época ====
GPU 0 - Total: 40442.4 MB | Allocated: 161.7 MB | Cached: 31704.0 MB

Validation Dice: 0.8235397321894119 for Model: RoiNet5_Dice

==== Memoria GPU - Inicio de época ====
GPU 0 - Total: 40442.4 MB | Allocated: 161.7 MB | Cached: 1534.0 MB


==== Memoria GPU - Inicio de época ====
GPU 0 - Total: 40442.4 MB | Allocated: 161.7 MB | Cached: 31704.0 MB

Validation Dice: 0.6860103559028959 for Model: RoiNet5_Dice

==== Memoria GPU - Inicio de época ====
GPU 0 - Total: 40442.4 MB | Allocated: 161.7 MB | Cached: 1534.0 MB


==== Memoria GPU - Inicio de época ====
GPU 0 - Total: 40442.4 MB | Allocated: 161.7 MB | Cached: 31704.0 MB

Validation Dice: 0.7601375214371 for Model: RoiNet5_Dice

==== Memoria GPU - Inicio de época ====
GPU 0 - Total: 40442.4 MB | Allocated: 161.7 MB | Cached: 1534.0 MB


==== Memoria GPU - Inicio de época ====
GPU 0 - Total: 40442.4 MB | Allocated: 161.7 MB | Cached: 31704.0 MB

Validation Dice: 0.7713233124918141 for Model: RoiNet5_Dice

==== Memoria GPU - Inicio de época ====
GPU 0 - Total: 40442.4 MB | Allocated: 161.7 MB | Cached: 1534.0 MB


==== Memoria GPU - Inicio de época ====
GPU 0 - Total: 40442.4 MB | Allocated: 161.7 MB | Cached: 31704.0 MB

Validation Dice: 0.8292946035481557 for Model: RoiNet5_Dice

==== Memoria GPU - Inicio de época ====
GPU 0 - Total: 40442.4 MB | Allocated: 161.7 MB | Cached: 1534.0 MB


==== Memoria GPU - Inicio de época ====
GPU 0 - Total: 40442.4 MB | Allocated: 161.7 MB | Cached: 31704.0 MB

Validation Dice: 0.8209162763969323 for Model: RoiNet5_Dice

==== Memoria GPU - Inicio de época ====
GPU 0 - Total: 40442.4 MB | Allocated: 161.7 MB | Cached: 1534.0 MB


==== Memoria GPU - Inicio de época ====
GPU 0 - Total: 40442.4 MB | Allocated: 161.7 MB | Cached: 31704.0 MB

Validation Dice: 0.8405381619197517 for Model: RoiNet5_Dice
New best dice found, evaluating on test set...

==== Memoria GPU - Inicio de época ====
GPU 0 - Total: 40442.4 MB | Allocated: 161.7 MB | Cached: 31704.0 MB


==== Memoria GPU - Inicio de época ====
GPU 0 - Total: 40442.4 MB | Allocated: 161.7 MB | Cached: 1534.0 MB


==== Memoria GPU - Inicio de época ====
GPU 0 - Total: 40442.4 MB | Allocated: 161.7 MB | Cached: 31704.0 MB

Validation Dice: 0.5138294074323971 for Model: RoiNet5_Dice

==== Memoria GPU - Inicio de época ====
GPU 0 - Total: 40442.4 MB | Allocated: 161.7 MB | Cached: 1534.0 MB


==== Memoria GPU - Inicio de época ====
GPU 0 - Total: 40442.4 MB | Allocated: 161.7 MB | Cached: 31704.0 MB

Validation Dice: 0.7288227812408348 for Model: RoiNet5_Dice

==== Memoria GPU - Inicio de época ====
GPU 0 - Total: 40442.4 MB | Allocated: 161.7 MB | Cached: 1534.0 MB


==== Memoria GPU - Inicio de época ====
GPU 0 - Total: 40442.4 MB | Allocated: 161.7 MB | Cached: 31704.0 MB

Validation Dice: 0.8360111618029985 for Model: RoiNet5_Dice

==== Memoria GPU - Inicio de época ====
GPU 0 - Total: 40442.4 MB | Allocated: 161.7 MB | Cached: 1534.0 MB


==== Memoria GPU - Inicio de época ====
GPU 0 - Total: 40442.4 MB | Allocated: 161.7 MB | Cached: 31704.0 MB

Validation Dice: 0.8185628915887312 for Model: RoiNet5_Dice

==== Memoria GPU - Inicio de época ====
GPU 0 - Total: 40442.4 MB | Allocated: 161.7 MB | Cached: 1534.0 MB


==== Memoria GPU - Inicio de época ====
GPU 0 - Total: 40442.4 MB | Allocated: 161.7 MB | Cached: 31704.0 MB

Validation Dice: 0.7825260294146863 for Model: RoiNet5_Dice

==== Memoria GPU - Inicio de época ====
GPU 0 - Total: 40442.4 MB | Allocated: 161.7 MB | Cached: 1534.0 MB


==== Memoria GPU - Inicio de época ====
GPU 0 - Total: 40442.4 MB | Allocated: 161.7 MB | Cached: 31704.0 MB

Validation Dice: 0.8259959481548946 for Model: RoiNet5_Dice

==== Memoria GPU - Inicio de época ====
GPU 0 - Total: 40442.4 MB | Allocated: 161.7 MB | Cached: 1534.0 MB


==== Memoria GPU - Inicio de época ====
GPU 0 - Total: 40442.4 MB | Allocated: 161.7 MB | Cached: 31704.0 MB

Validation Dice: 0.8232832296180064 for Model: RoiNet5_Dice

==== Memoria GPU - Inicio de época ====
GPU 0 - Total: 40442.4 MB | Allocated: 161.7 MB | Cached: 1534.0 MB


==== Memoria GPU - Inicio de época ====
GPU 0 - Total: 40442.4 MB | Allocated: 161.7 MB | Cached: 31704.0 MB

Validation Dice: 0.8268530999737238 for Model: RoiNet5_Dice

==== Memoria GPU - Inicio de época ====
GPU 0 - Total: 40442.4 MB | Allocated: 161.7 MB | Cached: 1534.0 MB


==== Memoria GPU - Inicio de época ====
GPU 0 - Total: 40442.4 MB | Allocated: 161.7 MB | Cached: 31704.0 MB

Validation Dice: 0.8270618649423492 for Model: RoiNet5_Dice

==== Memoria GPU - Inicio de época ====
GPU 0 - Total: 40442.4 MB | Allocated: 161.7 MB | Cached: 1534.0 MB


==== Memoria GPU - Inicio de época ====
GPU 0 - Total: 40442.4 MB | Allocated: 161.7 MB | Cached: 31704.0 MB

Validation Dice: 0.7550086361408093 for Model: RoiNet5_Dice

==== Memoria GPU - Inicio de época ====
GPU 0 - Total: 40442.4 MB | Allocated: 161.7 MB | Cached: 1534.0 MB


==== Memoria GPU - Inicio de época ====
GPU 0 - Total: 40442.4 MB | Allocated: 161.7 MB | Cached: 31704.0 MB

Validation Dice: 0.8184255711649956 for Model: RoiNet5_Dice

==== Memoria GPU - Inicio de época ====
GPU 0 - Total: 40442.4 MB | Allocated: 161.7 MB | Cached: 1534.0 MB


==== Memoria GPU - Inicio de época ====
GPU 0 - Total: 40442.4 MB | Allocated: 161.7 MB | Cached: 31704.0 MB

Validation Dice: 0.8335597035889932 for Model: RoiNet5_Dice

==== Memoria GPU - Inicio de época ====
GPU 0 - Total: 40442.4 MB | Allocated: 161.7 MB | Cached: 1534.0 MB


==== Memoria GPU - Inicio de época ====
GPU 0 - Total: 40442.4 MB | Allocated: 161.7 MB | Cached: 31704.0 MB

Validation Dice: 0.8486939144834459 for Model: RoiNet5_Dice
New best dice found, evaluating on test set...

==== Memoria GPU - Inicio de época ====
GPU 0 - Total: 40442.4 MB | Allocated: 161.7 MB | Cached: 31704.0 MB


==== Memoria GPU - Inicio de época ====
GPU 0 - Total: 40442.4 MB | Allocated: 161.7 MB | Cached: 1534.0 MB


==== Memoria GPU - Inicio de época ====
GPU 0 - Total: 40442.4 MB | Allocated: 161.7 MB | Cached: 31704.0 MB

Validation Dice: 0.8092849319573164 for Model: RoiNet5_Dice

==== Memoria GPU - Inicio de época ====
GPU 0 - Total: 40442.4 MB | Allocated: 161.7 MB | Cached: 1534.0 MB


==== Memoria GPU - Inicio de época ====
GPU 0 - Total: 40442.4 MB | Allocated: 161.7 MB | Cached: 31704.0 MB

Validation Dice: 0.8378403561628436 for Model: RoiNet5_Dice

==== Memoria GPU - Inicio de época ====
GPU 0 - Total: 40442.4 MB | Allocated: 161.7 MB | Cached: 1534.0 MB


==== Memoria GPU - Inicio de época ====
GPU 0 - Total: 40442.4 MB | Allocated: 161.7 MB | Cached: 31704.0 MB

Validation Dice: 0.8104435151754293 for Model: RoiNet5_Dice

==== Memoria GPU - Inicio de época ====
GPU 0 - Total: 40442.4 MB | Allocated: 161.7 MB | Cached: 1534.0 MB


==== Memoria GPU - Inicio de época ====
GPU 0 - Total: 40442.4 MB | Allocated: 161.7 MB | Cached: 31704.0 MB

Validation Dice: 0.8191690345891198 for Model: RoiNet5_Dice

==== Memoria GPU - Inicio de época ====
GPU 0 - Total: 40442.4 MB | Allocated: 161.7 MB | Cached: 1534.0 MB


==== Memoria GPU - Inicio de época ====
GPU 0 - Total: 40442.4 MB | Allocated: 161.7 MB | Cached: 31704.0 MB

Validation Dice: 0.8100475004928267 for Model: RoiNet5_Dice

==== Memoria GPU - Inicio de época ====
GPU 0 - Total: 40442.4 MB | Allocated: 161.7 MB | Cached: 1534.0 MB


==== Memoria GPU - Inicio de época ====
GPU 0 - Total: 40442.4 MB | Allocated: 161.7 MB | Cached: 31704.0 MB

Validation Dice: 0.8212778025192307 for Model: RoiNet5_Dice

==== Memoria GPU - Inicio de época ====
GPU 0 - Total: 40442.4 MB | Allocated: 161.7 MB | Cached: 1534.0 MB


==== Memoria GPU - Inicio de época ====
GPU 0 - Total: 40442.4 MB | Allocated: 161.7 MB | Cached: 31704.0 MB

Validation Dice: 0.8421930384162035 for Model: RoiNet5_Dice

==== Memoria GPU - Inicio de época ====
GPU 0 - Total: 40442.4 MB | Allocated: 161.7 MB | Cached: 1534.0 MB


==== Memoria GPU - Inicio de época ====
GPU 0 - Total: 40442.4 MB | Allocated: 161.7 MB | Cached: 31704.0 MB

Validation Dice: 0.8518870257640304 for Model: RoiNet5_Dice
New best dice found, evaluating on test set...

==== Memoria GPU - Inicio de época ====
GPU 0 - Total: 40442.4 MB | Allocated: 161.7 MB | Cached: 31704.0 MB


==== Memoria GPU - Inicio de época ====
GPU 0 - Total: 40442.4 MB | Allocated: 161.7 MB | Cached: 1534.0 MB


==== Memoria GPU - Inicio de época ====
GPU 0 - Total: 40442.4 MB | Allocated: 161.7 MB | Cached: 31704.0 MB

Validation Dice: 0.8425007954110685 for Model: RoiNet5_Dice

==== Memoria GPU - Inicio de época ====
GPU 0 - Total: 40442.4 MB | Allocated: 161.7 MB | Cached: 1534.0 MB


==== Memoria GPU - Inicio de época ====
GPU 0 - Total: 40442.4 MB | Allocated: 161.7 MB | Cached: 31704.0 MB

Validation Dice: 0.7644806369791186 for Model: RoiNet5_Dice

==== Memoria GPU - Inicio de época ====
GPU 0 - Total: 40442.4 MB | Allocated: 161.7 MB | Cached: 1534.0 MB


==== Memoria GPU - Inicio de época ====
GPU 0 - Total: 40442.4 MB | Allocated: 161.7 MB | Cached: 31704.0 MB

Validation Dice: 0.8205863129326596 for Model: RoiNet5_Dice

==== Memoria GPU - Inicio de época ====
GPU 0 - Total: 40442.4 MB | Allocated: 161.7 MB | Cached: 1534.0 MB


==== Memoria GPU - Inicio de época ====
GPU 0 - Total: 40442.4 MB | Allocated: 161.7 MB | Cached: 31704.0 MB

Validation Dice: 0.8462004997332999 for Model: RoiNet5_Dice

==== Memoria GPU - Inicio de época ====
GPU 0 - Total: 40442.4 MB | Allocated: 161.7 MB | Cached: 1534.0 MB


==== Memoria GPU - Inicio de época ====
GPU 0 - Total: 40442.4 MB | Allocated: 161.7 MB | Cached: 31704.0 MB

Validation Dice: 0.809464488355219 for Model: RoiNet5_Dice

==== Memoria GPU - Inicio de época ====
GPU 0 - Total: 40442.4 MB | Allocated: 161.7 MB | Cached: 1534.0 MB


==== Memoria GPU - Inicio de época ====
GPU 0 - Total: 40442.4 MB | Allocated: 161.7 MB | Cached: 31704.0 MB

Validation Dice: 0.8349398326057447 for Model: RoiNet5_Dice

==== Memoria GPU - Inicio de época ====
GPU 0 - Total: 40442.4 MB | Allocated: 161.7 MB | Cached: 1534.0 MB


==== Memoria GPU - Inicio de época ====
GPU 0 - Total: 40442.4 MB | Allocated: 161.7 MB | Cached: 31704.0 MB

Validation Dice: 0.8471755696402333 for Model: RoiNet5_Dice

==== Memoria GPU - Inicio de época ====
GPU 0 - Total: 40442.4 MB | Allocated: 161.7 MB | Cached: 1534.0 MB


==== Memoria GPU - Inicio de época ====
GPU 0 - Total: 40442.4 MB | Allocated: 161.7 MB | Cached: 31704.0 MB

Validation Dice: 0.8341255152641939 for Model: RoiNet5_Dice

==== Memoria GPU - Inicio de época ====
GPU 0 - Total: 40442.4 MB | Allocated: 161.7 MB | Cached: 1534.0 MB


==== Memoria GPU - Inicio de época ====
GPU 0 - Total: 40442.4 MB | Allocated: 161.7 MB | Cached: 31704.0 MB

Validation Dice: 0.852068060063909 for Model: RoiNet5_Dice
New best dice found, evaluating on test set...

==== Memoria GPU - Inicio de época ====
GPU 0 - Total: 40442.4 MB | Allocated: 161.7 MB | Cached: 31704.0 MB


==== Memoria GPU - Inicio de época ====
GPU 0 - Total: 40442.4 MB | Allocated: 161.7 MB | Cached: 1534.0 MB


==== Memoria GPU - Inicio de época ====
GPU 0 - Total: 40442.4 MB | Allocated: 161.7 MB | Cached: 31704.0 MB

Validation Dice: 0.8310329405889877 for Model: RoiNet5_Dice

==== Memoria GPU - Inicio de época ====
GPU 0 - Total: 40442.4 MB | Allocated: 161.7 MB | Cached: 1534.0 MB


==== Memoria GPU - Inicio de época ====
GPU 0 - Total: 40442.4 MB | Allocated: 161.7 MB | Cached: 31704.0 MB

Validation Dice: 0.8178498497471466 for Model: RoiNet5_Dice

==== Memoria GPU - Inicio de época ====
GPU 0 - Total: 40442.4 MB | Allocated: 161.7 MB | Cached: 1534.0 MB


==== Memoria GPU - Inicio de época ====
GPU 0 - Total: 40442.4 MB | Allocated: 161.7 MB | Cached: 31704.0 MB

Validation Dice: 0.8336711232979545 for Model: RoiNet5_Dice

==== Memoria GPU - Inicio de época ====
GPU 0 - Total: 40442.4 MB | Allocated: 161.7 MB | Cached: 1534.0 MB


==== Memoria GPU - Inicio de época ====
GPU 0 - Total: 40442.4 MB | Allocated: 161.7 MB | Cached: 31704.0 MB

Validation Dice: 0.824380290352746 for Model: RoiNet5_Dice

==== Memoria GPU - Inicio de época ====
GPU 0 - Total: 40442.4 MB | Allocated: 161.7 MB | Cached: 1534.0 MB


==== Memoria GPU - Inicio de época ====
GPU 0 - Total: 40442.4 MB | Allocated: 161.7 MB | Cached: 31704.0 MB

Validation Dice: 0.813354827206413 for Model: RoiNet5_Dice

==== Memoria GPU - Inicio de época ====
GPU 0 - Total: 40442.4 MB | Allocated: 161.7 MB | Cached: 1534.0 MB


==== Memoria GPU - Inicio de época ====
GPU 0 - Total: 40442.4 MB | Allocated: 161.7 MB | Cached: 31704.0 MB

Validation Dice: 0.8141021342372795 for Model: RoiNet5_Dice

==== Memoria GPU - Inicio de época ====
GPU 0 - Total: 40442.4 MB | Allocated: 161.7 MB | Cached: 1534.0 MB


==== Memoria GPU - Inicio de época ====
GPU 0 - Total: 40442.4 MB | Allocated: 161.7 MB | Cached: 31704.0 MB

Validation Dice: 0.8370353900404989 for Model: RoiNet5_Dice

==== Memoria GPU - Inicio de época ====
GPU 0 - Total: 40442.4 MB | Allocated: 161.7 MB | Cached: 1534.0 MB


==== Memoria GPU - Inicio de época ====
GPU 0 - Total: 40442.4 MB | Allocated: 161.7 MB | Cached: 31704.0 MB

Validation Dice: 0.8231780828670857 for Model: RoiNet5_Dice

==== Memoria GPU - Inicio de época ====
GPU 0 - Total: 40442.4 MB | Allocated: 161.7 MB | Cached: 1534.0 MB


==== Memoria GPU - Inicio de época ====
GPU 0 - Total: 40442.4 MB | Allocated: 161.7 MB | Cached: 31704.0 MB

Validation Dice: 0.8218088572784826 for Model: RoiNet5_Dice

==== Memoria GPU - Inicio de época ====
GPU 0 - Total: 40442.4 MB | Allocated: 161.7 MB | Cached: 1534.0 MB


==== Memoria GPU - Inicio de época ====
GPU 0 - Total: 40442.4 MB | Allocated: 161.7 MB | Cached: 31704.0 MB

Validation Dice: 0.8414046601509801 for Model: RoiNet5_Dice

==== Memoria GPU - Inicio de época ====
GPU 0 - Total: 40442.4 MB | Allocated: 161.7 MB | Cached: 1534.0 MB


==== Memoria GPU - Inicio de época ====
GPU 0 - Total: 40442.4 MB | Allocated: 161.7 MB | Cached: 31704.0 MB

Validation Dice: 0.833347272929586 for Model: RoiNet5_Dice

==== Memoria GPU - Inicio de época ====
GPU 0 - Total: 40442.4 MB | Allocated: 161.7 MB | Cached: 1534.0 MB


==== Memoria GPU - Inicio de época ====
GPU 0 - Total: 40442.4 MB | Allocated: 161.7 MB | Cached: 31704.0 MB

Validation Dice: 0.8269001097969707 for Model: RoiNet5_Dice

==== Memoria GPU - Inicio de época ====
GPU 0 - Total: 40442.4 MB | Allocated: 161.7 MB | Cached: 1534.0 MB


==== Memoria GPU - Inicio de época ====
GPU 0 - Total: 40442.4 MB | Allocated: 161.7 MB | Cached: 31704.0 MB

Validation Dice: 0.8219722814354609 for Model: RoiNet5_Dice

==== Memoria GPU - Inicio de época ====
GPU 0 - Total: 40442.4 MB | Allocated: 161.7 MB | Cached: 1534.0 MB


==== Memoria GPU - Inicio de época ====
GPU 0 - Total: 40442.4 MB | Allocated: 161.7 MB | Cached: 31704.0 MB

Validation Dice: 0.8188364303187076 for Model: RoiNet5_Dice

==== Memoria GPU - Inicio de época ====
GPU 0 - Total: 40442.4 MB | Allocated: 161.7 MB | Cached: 1534.0 MB


==== Memoria GPU - Inicio de época ====
GPU 0 - Total: 40442.4 MB | Allocated: 161.7 MB | Cached: 31704.0 MB

Validation Dice: 0.8365775975668674 for Model: RoiNet5_Dice

==== Memoria GPU - Inicio de época ====
GPU 0 - Total: 40442.4 MB | Allocated: 161.7 MB | Cached: 1534.0 MB


==== Memoria GPU - Inicio de época ====
GPU 0 - Total: 40442.4 MB | Allocated: 161.7 MB | Cached: 31704.0 MB

Validation Dice: 0.7966238677024476 for Model: RoiNet5_Dice

==== Memoria GPU - Inicio de época ====
GPU 0 - Total: 40442.4 MB | Allocated: 161.7 MB | Cached: 1534.0 MB


==== Memoria GPU - Inicio de época ====
GPU 0 - Total: 40442.4 MB | Allocated: 161.7 MB | Cached: 31704.0 MB

Validation Dice: 0.8366947559401029 for Model: RoiNet5_Dice

==== Memoria GPU - Inicio de época ====
GPU 0 - Total: 40442.4 MB | Allocated: 161.7 MB | Cached: 1534.0 MB


==== Memoria GPU - Inicio de época ====
GPU 0 - Total: 40442.4 MB | Allocated: 161.7 MB | Cached: 31704.0 MB

Validation Dice: 0.8509653238735999 for Model: RoiNet5_Dice

==== Memoria GPU - Inicio de época ====
GPU 0 - Total: 40442.4 MB | Allocated: 161.7 MB | Cached: 1534.0 MB


==== Memoria GPU - Inicio de época ====
GPU 0 - Total: 40442.4 MB | Allocated: 161.7 MB | Cached: 31704.0 MB

