slurmstepd: info: Setting TMPDIR to /scratch/10660586. Previous errors about TMPDIR can be discarded
Restormer model not found. Restormer preprocessing will be disabled.
Available Models: ['FRNet', 'FRNet_1ch', 'FRNetR', 'RoiNet', 'RoiNet7', 'RoiNet5', 'RoiNet3', 'RoiNetR', 'RoiNetx1.5', 'RoiNetx0.5', 'RoiNetx2']
Datasets_library: {'FIVES512': {'paths': {'train': 'dataset/FIVES512/train', 'val': 'dataset/FIVES512/val', 'test': 'dataset/FIVES512/test'}, 'preprocessing': {'start': 0, 'end': 1}}, 'FIVES': {'paths': {'train': 'dataset/FIVES/train', 'val': 'dataset/FIVES/val', 'test': 'dataset/FIVES/test'}, 'preprocessing': {'start': 0, 'end': 1}}}
USING CHANNELS = 3
Available Datasets: ['FIVES512', 'FIVES']

All datasets: {'FIVES512': {'train': <ds.dataset.SegmentationDataset object at 0x152b8d5d2610>, 'val': <ds.dataset.SegmentationDataset object at 0x152b8d5dcf90>, 'test': <ds.dataset.SegmentationDataset object at 0x152b8d5dcfd0>}, 'FIVES': {'train': <ds.dataset.SegmentationDataset object at 0x152b8d5df890>, 'val': <ds.dataset.SegmentationDataset object at 0x152b8d540150>, 'test': <ds.dataset.SegmentationDataset object at 0x152b8d5419d0>}}
Dataset a usar: {'train': <ds.dataset.SegmentationDataset object at 0x152b8d5df890>, 'val': <ds.dataset.SegmentationDataset object at 0x152b8d540150>, 'test': <ds.dataset.SegmentationDataset object at 0x152b8d5419d0>}
Training Configuration:
  Model: RoiNet
  Dataset: FIVES
  Epochs: 300
  Thresh value: 100
  Early Stopping Threshold: 100
  Batch Size: 1
  Learning Rate: 0.0001
  Weight Decay: 0.001
  Loss Function: Dice
  Logging Enabled: True
  Augmentation: {'enabled': False, 'geometric': False, 'elastic': False, 'intensity_and_color': False, 'gamma': False, 'noise': False}
  Output Directory: run_benchmark_runs/Roinet_slurm_FIVES_Dice_NoAugmentresult_2025-02-19_19-47-49

Modelo cargado en GPU:
- Parámetros totales: 30720070
- Memoria ocupada por modelo en GPU: 117.19 MB

==== Memoria GPU - Después de cargar el modelo en GPU ====
GPU 0 - Total: 40442.4 MB | Allocated: 118.2 MB | Cached: 144.0 MB


USING: Dice

==== Memoria GPU - Inicio de época ====
GPU 0 - Total: 40442.4 MB | Allocated: 118.2 MB | Cached: 144.0 MB


==== Memoria GPU - Inicio de época ====
GPU 0 - Total: 40442.4 MB | Allocated: 474.9 MB | Cached: 31760.0 MB

