slurmstepd: info: Setting TMPDIR to /scratch/10715163. Previous errors about TMPDIR can be discarded
Restormer model not found. Restormer preprocessing will be disabled.
Available Models: ['FRNet', 'FRNet_1ch', 'FRNetR', 'RoiNet11', 'RoiNet9', 'RoiNet7', 'RoiNet5', 'RoiNet3', 'RoiNetR', 'RoiNetx1.5', 'RoiNetx0.5', 'RoiNetx2']
Datasets_library: {'FIVES512': {'paths': {'train': 'dataset/FIVES512/train', 'val': 'dataset/FIVES512/val', 'test': 'dataset/FIVES512/test'}, 'preprocessing': {'start': 0, 'end': 1}}, 'FIVESgan': {'paths': {'train': 'dataset/FIVESgan/train', 'val': 'dataset/FIVESgan/val', 'test': 'dataset/FIVESgan/test'}, 'preprocessing': {'start': 0, 'end': 1}}, 'FIVESc': {'paths': {'train': 'dataset/FIVESc/train', 'val': 'dataset/FIVESc/val', 'test': 'dataset/FIVESc/test'}, 'preprocessing': {'start': 0, 'end': 1}}, 'FIVES': {'paths': {'train': 'dataset/FIVES/train', 'val': 'dataset/FIVES/val', 'test': 'dataset/FIVES/test'}, 'preprocessing': {'start': 0, 'end': 1}}}
USING CHANNELS = 3
Available Datasets: ['FIVES512', 'FIVESgan', 'FIVESc', 'FIVES']

All datasets: {'FIVES512': {'train': <ds.dataset.SegmentationDataset object at 0x145ec49ee640>, 'val': <ds.dataset.SegmentationDataset object at 0x145fb28e0df0>, 'test': <ds.dataset.SegmentationDataset object at 0x145fb28e0ee0>}, 'FIVESgan': {'train': <ds.dataset.SegmentationDataset object at 0x145ec49e3fa0>, 'val': <ds.dataset.SegmentationDataset object at 0x145ec49e3eb0>, 'test': <ds.dataset.SegmentationDataset object at 0x145ec49e3dc0>}, 'FIVESc': {'train': <ds.dataset.SegmentationDataset object at 0x145ec49e3e20>, 'val': <ds.dataset.SegmentationDataset object at 0x145ec49e3d30>, 'test': <ds.dataset.SegmentationDataset object at 0x145ec49e3c40>}, 'FIVES': {'train': <ds.dataset.SegmentationDataset object at 0x145ec49e3ca0>, 'val': <ds.dataset.SegmentationDataset object at 0x145ec49e3bb0>, 'test': <ds.dataset.SegmentationDataset object at 0x145ec49e3ac0>}}
Dataset a usar: {'train': <ds.dataset.SegmentationDataset object at 0x145ec49e3ca0>, 'val': <ds.dataset.SegmentationDataset object at 0x145ec49e3bb0>, 'test': <ds.dataset.SegmentationDataset object at 0x145ec49e3ac0>}
Configuración de Entrenamiento:
  Model: RoiNet9
  Dataset: FIVES
  Config File: code/config/config.json
  Epochs: 300
  Early Stopping: 100
  Thresh Value: 100
  Batch Size: 1
  Num Workers: 32
  Learning Rate: 0.0001
  Weight Decay: 0.001
  Loss Function: Dice
  Logging Enabled: True
  Output Prefix: RoiNet9_FIVES_Dice_GeomElasIntensNoise
  Augmentation Config: {'enabled': True, 'geometric': True, 'elastic': True, 'intensity_and_color': True, 'gamma': False, 'noise': True}
  Restormer Enabled: False
  Output Directory: run_benchmark_runs/RoiNet9_FIVES_Dice_GeomElasIntensNoiseresult_2025-02-22_17-55-04
Parameters logged to: run_benchmark_runs/RoiNet9_FIVES_Dice_GeomElasIntensNoiseresult_2025-02-22_17-55-04/parameters_FIVES_RoiNet9_Dice_True_False.log

Modelo cargado en GPU:
- Parámetros totales: 30720070
- Memoria ocupada por modelo en GPU: 117.19 MB

==== Memoria GPU - Después de cargar el modelo en GPU ====
GPU 0 - Total: 40442.4 MB | Allocated: 118.2 MB | Cached: 144.0 MB


USING: Dice

==== Memoria GPU - Inicio de época ====
GPU 0 - Total: 40442.4 MB | Allocated: 118.2 MB | Cached: 144.0 MB


==== Memoria GPU - Inicio de época ====
GPU 0 - Total: 40442.4 MB | Allocated: 472.9 MB | Cached: 31766.0 MB

Validation Dice: 0.24968821076659384 for Model: RoiNet9_Dice
New best dice found, evaluating on test set...

==== Memoria GPU - Inicio de época ====
GPU 0 - Total: 40442.4 MB | Allocated: 472.9 MB | Cached: 31766.0 MB


==== Memoria GPU - Inicio de época ====
GPU 0 - Total: 40442.4 MB | Allocated: 472.9 MB | Cached: 2796.0 MB


==== Memoria GPU - Inicio de época ====
GPU 0 - Total: 40442.4 MB | Allocated: 473.7 MB | Cached: 32056.0 MB

Validation Dice: 0.28570322042969737 for Model: RoiNet9_Dice
New best dice found, evaluating on test set...

==== Memoria GPU - Inicio de época ====
GPU 0 - Total: 40442.4 MB | Allocated: 473.7 MB | Cached: 32056.0 MB


==== Memoria GPU - Inicio de época ====
GPU 0 - Total: 40442.4 MB | Allocated: 473.7 MB | Cached: 3320.0 MB


==== Memoria GPU - Inicio de época ====
GPU 0 - Total: 40442.4 MB | Allocated: 473.7 MB | Cached: 32018.0 MB

Validation Dice: 0.28152430326196964 for Model: RoiNet9_Dice

==== Memoria GPU - Inicio de época ====
GPU 0 - Total: 40442.4 MB | Allocated: 473.7 MB | Cached: 3320.0 MB


==== Memoria GPU - Inicio de época ====
GPU 0 - Total: 40442.4 MB | Allocated: 473.7 MB | Cached: 32018.0 MB

Validation Dice: 0.3318944946201115 for Model: RoiNet9_Dice
New best dice found, evaluating on test set...

==== Memoria GPU - Inicio de época ====
GPU 0 - Total: 40442.4 MB | Allocated: 473.7 MB | Cached: 32018.0 MB


==== Memoria GPU - Inicio de época ====
GPU 0 - Total: 40442.4 MB | Allocated: 473.7 MB | Cached: 3320.0 MB


==== Memoria GPU - Inicio de época ====
GPU 0 - Total: 40442.4 MB | Allocated: 473.7 MB | Cached: 32018.0 MB

Validation Dice: 0.3473900235802742 for Model: RoiNet9_Dice
New best dice found, evaluating on test set...

==== Memoria GPU - Inicio de época ====
GPU 0 - Total: 40442.4 MB | Allocated: 473.7 MB | Cached: 32018.0 MB


==== Memoria GPU - Inicio de época ====
GPU 0 - Total: 40442.4 MB | Allocated: 473.7 MB | Cached: 3320.0 MB


==== Memoria GPU - Inicio de época ====
GPU 0 - Total: 40442.4 MB | Allocated: 473.7 MB | Cached: 32018.0 MB

Validation Dice: 0.27452592202217047 for Model: RoiNet9_Dice

==== Memoria GPU - Inicio de época ====
GPU 0 - Total: 40442.4 MB | Allocated: 473.7 MB | Cached: 3320.0 MB


==== Memoria GPU - Inicio de época ====
GPU 0 - Total: 40442.4 MB | Allocated: 473.7 MB | Cached: 32018.0 MB

Validation Dice: 0.3836090032139475 for Model: RoiNet9_Dice
New best dice found, evaluating on test set...

==== Memoria GPU - Inicio de época ====
GPU 0 - Total: 40442.4 MB | Allocated: 473.7 MB | Cached: 32018.0 MB


==== Memoria GPU - Inicio de época ====
GPU 0 - Total: 40442.4 MB | Allocated: 473.7 MB | Cached: 3320.0 MB


==== Memoria GPU - Inicio de época ====
GPU 0 - Total: 40442.4 MB | Allocated: 473.7 MB | Cached: 32018.0 MB

