slurmstepd: info: Setting TMPDIR to /scratch/10720086. Previous errors about TMPDIR can be discarded
Restormer model not found. Restormer preprocessing will be disabled.
Available Models: ['FRNet', 'FRNet_1ch', 'FRNetR', 'RoiNet11', 'RoiNet9', 'RoiNet7', 'RoiNet5', 'RoiNet3', 'RoiNetR', 'RoiNetx1.5', 'RoiNetx0.5', 'RoiNetx2']
Datasets_library: {'FIVES512': {'paths': {'train': 'dataset/FIVES512/train', 'val': 'dataset/FIVES512/val', 'test': 'dataset/FIVES512/test'}, 'preprocessing': {'start': 0, 'end': 1}}, 'FIVESgan': {'paths': {'train': 'dataset/FIVESgan/train', 'val': 'dataset/FIVESgan/val', 'test': 'dataset/FIVESgan/test'}, 'preprocessing': {'start': 0, 'end': 1}}, 'FIVESc': {'paths': {'train': 'dataset/FIVESc/train', 'val': 'dataset/FIVESc/val', 'test': 'dataset/FIVESc/test'}, 'preprocessing': {'start': 0, 'end': 1}}, 'FIVES': {'paths': {'train': 'dataset/FIVES/train', 'val': 'dataset/FIVES/val', 'test': 'dataset/FIVES/test'}, 'preprocessing': {'start': 0, 'end': 1}}}
USING CHANNELS = 3
Available Datasets: ['FIVES512', 'FIVESgan', 'FIVESc', 'FIVES']

All datasets: {'FIVES512': {'train': <ds.dataset.SegmentationDataset object at 0x14fa89bb8640>, 'val': <ds.dataset.SegmentationDataset object at 0x14fb77aaadf0>, 'test': <ds.dataset.SegmentationDataset object at 0x14fb77aaaee0>}, 'FIVESgan': {'train': <ds.dataset.SegmentationDataset object at 0x14fa89babfa0>, 'val': <ds.dataset.SegmentationDataset object at 0x14fa89babeb0>, 'test': <ds.dataset.SegmentationDataset object at 0x14fa89babdc0>}, 'FIVESc': {'train': <ds.dataset.SegmentationDataset object at 0x14fa89babe20>, 'val': <ds.dataset.SegmentationDataset object at 0x14fa89babd30>, 'test': <ds.dataset.SegmentationDataset object at 0x14fa89babc40>}, 'FIVES': {'train': <ds.dataset.SegmentationDataset object at 0x14fa89babca0>, 'val': <ds.dataset.SegmentationDataset object at 0x14fa89babbb0>, 'test': <ds.dataset.SegmentationDataset object at 0x14fa89babac0>}}
Dataset a usar: {'train': <ds.dataset.SegmentationDataset object at 0x14fa89babe20>, 'val': <ds.dataset.SegmentationDataset object at 0x14fa89babd30>, 'test': <ds.dataset.SegmentationDataset object at 0x14fa89babc40>}
Configuración de Entrenamiento:
  Model: RoiNet7
  Dataset: FIVESc
  Config File: code/config/config.json
  Epochs: 300
  Early Stopping: 100
  Thresh Value: 100
  Batch Size: 1
  Num Workers: 32
  Learning Rate: 0.0001
  Weight Decay: 0.001
  Loss Function: Dice
  Logging Enabled: True
  Output Prefix: RoiNet7_FIVESc_Dice_gei_
  Augmentation Config: {'enabled': True, 'geometric': True, 'elastic': True, 'intensity_and_color': True, 'gamma': False, 'noise': False}
  Restormer Enabled: False
  Output Directory: run_benchmark_runs/RoiNet7_FIVESc_Dice_gei_result_2025-02-22_20-42-19
Parameters logged to: run_benchmark_runs/RoiNet7_FIVESc_Dice_gei_result_2025-02-22_20-42-19/parameters_FIVESc_RoiNet7_Dice_True_False.log

Modelo cargado en GPU:
- Parámetros totales: 19149894
- Memoria ocupada por modelo en GPU: 73.05 MB

==== Memoria GPU - Después de cargar el modelo en GPU ====
GPU 0 - Total: 40442.4 MB | Allocated: 73.1 MB | Cached: 88.0 MB


USING: Dice

==== Memoria GPU - Inicio de época ====
GPU 0 - Total: 40442.4 MB | Allocated: 73.1 MB | Cached: 88.0 MB


==== Memoria GPU - Inicio de época ====
GPU 0 - Total: 40442.4 MB | Allocated: 292.6 MB | Cached: 31600.0 MB

Validation Dice: 0.7851280424771088 for Model: RoiNet7_Dice
New best dice found, evaluating on test set...

==== Memoria GPU - Inicio de época ====
GPU 0 - Total: 40442.4 MB | Allocated: 292.6 MB | Cached: 31600.0 MB


==== Memoria GPU - Inicio de época ====
GPU 0 - Total: 40442.4 MB | Allocated: 292.6 MB | Cached: 1858.0 MB


==== Memoria GPU - Inicio de época ====
GPU 0 - Total: 40442.4 MB | Allocated: 292.6 MB | Cached: 32024.0 MB

Validation Dice: 0.7754172922223295 for Model: RoiNet7_Dice

==== Memoria GPU - Inicio de época ====
GPU 0 - Total: 40442.4 MB | Allocated: 292.6 MB | Cached: 2548.0 MB


==== Memoria GPU - Inicio de época ====
GPU 0 - Total: 40442.4 MB | Allocated: 292.6 MB | Cached: 32204.0 MB

Validation Dice: 0.7798040624428616 for Model: RoiNet7_Dice

==== Memoria GPU - Inicio de época ====
GPU 0 - Total: 40442.4 MB | Allocated: 292.6 MB | Cached: 2548.0 MB


==== Memoria GPU - Inicio de época ====
GPU 0 - Total: 40442.4 MB | Allocated: 292.6 MB | Cached: 32204.0 MB

Validation Dice: 0.739241385882477 for Model: RoiNet7_Dice

==== Memoria GPU - Inicio de época ====
GPU 0 - Total: 40442.4 MB | Allocated: 292.6 MB | Cached: 2548.0 MB


==== Memoria GPU - Inicio de época ====
GPU 0 - Total: 40442.4 MB | Allocated: 292.6 MB | Cached: 32204.0 MB

Validation Dice: 0.8020649775379958 for Model: RoiNet7_Dice
New best dice found, evaluating on test set...

==== Memoria GPU - Inicio de época ====
GPU 0 - Total: 40442.4 MB | Allocated: 292.6 MB | Cached: 32204.0 MB


==== Memoria GPU - Inicio de época ====
GPU 0 - Total: 40442.4 MB | Allocated: 292.6 MB | Cached: 2548.0 MB


==== Memoria GPU - Inicio de época ====
GPU 0 - Total: 40442.4 MB | Allocated: 292.6 MB | Cached: 32204.0 MB

Validation Dice: 0.7781872762768682 for Model: RoiNet7_Dice

==== Memoria GPU - Inicio de época ====
GPU 0 - Total: 40442.4 MB | Allocated: 292.6 MB | Cached: 2548.0 MB


==== Memoria GPU - Inicio de época ====
GPU 0 - Total: 40442.4 MB | Allocated: 292.6 MB | Cached: 32204.0 MB

Validation Dice: 0.7598358382748038 for Model: RoiNet7_Dice

==== Memoria GPU - Inicio de época ====
GPU 0 - Total: 40442.4 MB | Allocated: 292.6 MB | Cached: 2548.0 MB


==== Memoria GPU - Inicio de época ====
GPU 0 - Total: 40442.4 MB | Allocated: 292.6 MB | Cached: 32204.0 MB

Validation Dice: 0.7775120842043837 for Model: RoiNet7_Dice

==== Memoria GPU - Inicio de época ====
GPU 0 - Total: 40442.4 MB | Allocated: 292.6 MB | Cached: 2548.0 MB


==== Memoria GPU - Inicio de época ====
GPU 0 - Total: 40442.4 MB | Allocated: 292.6 MB | Cached: 32204.0 MB

Validation Dice: 0.8191390209990242 for Model: RoiNet7_Dice
New best dice found, evaluating on test set...

==== Memoria GPU - Inicio de época ====
GPU 0 - Total: 40442.4 MB | Allocated: 292.6 MB | Cached: 32204.0 MB


==== Memoria GPU - Inicio de época ====
GPU 0 - Total: 40442.4 MB | Allocated: 292.6 MB | Cached: 2548.0 MB


==== Memoria GPU - Inicio de época ====
GPU 0 - Total: 40442.4 MB | Allocated: 292.6 MB | Cached: 32204.0 MB

Validation Dice: 0.8027041418749757 for Model: RoiNet7_Dice

==== Memoria GPU - Inicio de época ====
GPU 0 - Total: 40442.4 MB | Allocated: 292.6 MB | Cached: 2548.0 MB


==== Memoria GPU - Inicio de época ====
GPU 0 - Total: 40442.4 MB | Allocated: 292.6 MB | Cached: 32204.0 MB

Validation Dice: 0.7369727813586026 for Model: RoiNet7_Dice

==== Memoria GPU - Inicio de época ====
GPU 0 - Total: 40442.4 MB | Allocated: 292.6 MB | Cached: 2548.0 MB


==== Memoria GPU - Inicio de época ====
GPU 0 - Total: 40442.4 MB | Allocated: 292.6 MB | Cached: 32204.0 MB

Validation Dice: 0.7817002786977966 for Model: RoiNet7_Dice

==== Memoria GPU - Inicio de época ====
GPU 0 - Total: 40442.4 MB | Allocated: 292.6 MB | Cached: 2548.0 MB


==== Memoria GPU - Inicio de época ====
GPU 0 - Total: 40442.4 MB | Allocated: 292.6 MB | Cached: 32204.0 MB

Validation Dice: 0.8030632313578995 for Model: RoiNet7_Dice

==== Memoria GPU - Inicio de época ====
GPU 0 - Total: 40442.4 MB | Allocated: 292.6 MB | Cached: 2548.0 MB


==== Memoria GPU - Inicio de época ====
GPU 0 - Total: 40442.4 MB | Allocated: 292.6 MB | Cached: 32204.0 MB

Validation Dice: 0.8383417430133251 for Model: RoiNet7_Dice
New best dice found, evaluating on test set...

==== Memoria GPU - Inicio de época ====
GPU 0 - Total: 40442.4 MB | Allocated: 292.6 MB | Cached: 32204.0 MB


==== Memoria GPU - Inicio de época ====
GPU 0 - Total: 40442.4 MB | Allocated: 292.6 MB | Cached: 2548.0 MB


==== Memoria GPU - Inicio de época ====
GPU 0 - Total: 40442.4 MB | Allocated: 292.6 MB | Cached: 32204.0 MB

Validation Dice: 0.834690760522166 for Model: RoiNet7_Dice

==== Memoria GPU - Inicio de época ====
GPU 0 - Total: 40442.4 MB | Allocated: 292.6 MB | Cached: 2548.0 MB


==== Memoria GPU - Inicio de época ====
GPU 0 - Total: 40442.4 MB | Allocated: 292.6 MB | Cached: 32204.0 MB

Validation Dice: 0.8397950427376831 for Model: RoiNet7_Dice
New best dice found, evaluating on test set...

==== Memoria GPU - Inicio de época ====
GPU 0 - Total: 40442.4 MB | Allocated: 292.6 MB | Cached: 32204.0 MB


==== Memoria GPU - Inicio de época ====
GPU 0 - Total: 40442.4 MB | Allocated: 292.6 MB | Cached: 2548.0 MB


==== Memoria GPU - Inicio de época ====
GPU 0 - Total: 40442.4 MB | Allocated: 292.6 MB | Cached: 32204.0 MB

Validation Dice: 0.7738231715936891 for Model: RoiNet7_Dice

==== Memoria GPU - Inicio de época ====
GPU 0 - Total: 40442.4 MB | Allocated: 292.6 MB | Cached: 2548.0 MB


==== Memoria GPU - Inicio de época ====
GPU 0 - Total: 40442.4 MB | Allocated: 292.6 MB | Cached: 32204.0 MB

Validation Dice: 0.8395188799469772 for Model: RoiNet7_Dice

==== Memoria GPU - Inicio de época ====
GPU 0 - Total: 40442.4 MB | Allocated: 292.6 MB | Cached: 2548.0 MB


==== Memoria GPU - Inicio de época ====
GPU 0 - Total: 40442.4 MB | Allocated: 292.6 MB | Cached: 32204.0 MB

Validation Dice: 0.822401769914547 for Model: RoiNet7_Dice

==== Memoria GPU - Inicio de época ====
GPU 0 - Total: 40442.4 MB | Allocated: 292.6 MB | Cached: 2548.0 MB


==== Memoria GPU - Inicio de época ====
GPU 0 - Total: 40442.4 MB | Allocated: 292.6 MB | Cached: 32204.0 MB

Validation Dice: 0.7397953720543557 for Model: RoiNet7_Dice

==== Memoria GPU - Inicio de época ====
GPU 0 - Total: 40442.4 MB | Allocated: 292.6 MB | Cached: 2548.0 MB


==== Memoria GPU - Inicio de época ====
GPU 0 - Total: 40442.4 MB | Allocated: 292.6 MB | Cached: 32204.0 MB

Validation Dice: 0.7991639271009287 for Model: RoiNet7_Dice

==== Memoria GPU - Inicio de época ====
GPU 0 - Total: 40442.4 MB | Allocated: 292.6 MB | Cached: 2548.0 MB


==== Memoria GPU - Inicio de época ====
GPU 0 - Total: 40442.4 MB | Allocated: 292.6 MB | Cached: 32204.0 MB

Validation Dice: 0.8269277385413982 for Model: RoiNet7_Dice

==== Memoria GPU - Inicio de época ====
GPU 0 - Total: 40442.4 MB | Allocated: 292.6 MB | Cached: 2548.0 MB


==== Memoria GPU - Inicio de época ====
GPU 0 - Total: 40442.4 MB | Allocated: 292.6 MB | Cached: 32204.0 MB

Validation Dice: 0.8286706710377267 for Model: RoiNet7_Dice

==== Memoria GPU - Inicio de época ====
GPU 0 - Total: 40442.4 MB | Allocated: 292.6 MB | Cached: 2548.0 MB


==== Memoria GPU - Inicio de época ====
GPU 0 - Total: 40442.4 MB | Allocated: 292.6 MB | Cached: 32204.0 MB

Validation Dice: 0.8330690216894833 for Model: RoiNet7_Dice

==== Memoria GPU - Inicio de época ====
GPU 0 - Total: 40442.4 MB | Allocated: 292.6 MB | Cached: 2548.0 MB


==== Memoria GPU - Inicio de época ====
GPU 0 - Total: 40442.4 MB | Allocated: 292.6 MB | Cached: 32204.0 MB

Validation Dice: 0.7293936709804907 for Model: RoiNet7_Dice

==== Memoria GPU - Inicio de época ====
GPU 0 - Total: 40442.4 MB | Allocated: 292.6 MB | Cached: 2548.0 MB


==== Memoria GPU - Inicio de época ====
GPU 0 - Total: 40442.4 MB | Allocated: 292.6 MB | Cached: 32204.0 MB

Validation Dice: 0.8168669024910565 for Model: RoiNet7_Dice

==== Memoria GPU - Inicio de época ====
GPU 0 - Total: 40442.4 MB | Allocated: 292.6 MB | Cached: 2548.0 MB


==== Memoria GPU - Inicio de época ====
GPU 0 - Total: 40442.4 MB | Allocated: 292.6 MB | Cached: 32204.0 MB

Validation Dice: 0.7813374766931146 for Model: RoiNet7_Dice

==== Memoria GPU - Inicio de época ====
GPU 0 - Total: 40442.4 MB | Allocated: 292.6 MB | Cached: 2548.0 MB


==== Memoria GPU - Inicio de época ====
GPU 0 - Total: 40442.4 MB | Allocated: 292.6 MB | Cached: 32204.0 MB

Validation Dice: 0.8435345310296484 for Model: RoiNet7_Dice
New best dice found, evaluating on test set...

==== Memoria GPU - Inicio de época ====
GPU 0 - Total: 40442.4 MB | Allocated: 292.6 MB | Cached: 32204.0 MB


==== Memoria GPU - Inicio de época ====
GPU 0 - Total: 40442.4 MB | Allocated: 292.6 MB | Cached: 2548.0 MB


==== Memoria GPU - Inicio de época ====
GPU 0 - Total: 40442.4 MB | Allocated: 292.6 MB | Cached: 32204.0 MB

Validation Dice: 0.7903364165132095 for Model: RoiNet7_Dice

==== Memoria GPU - Inicio de época ====
GPU 0 - Total: 40442.4 MB | Allocated: 292.6 MB | Cached: 2548.0 MB


==== Memoria GPU - Inicio de época ====
GPU 0 - Total: 40442.4 MB | Allocated: 292.6 MB | Cached: 32204.0 MB

Validation Dice: 0.8461449360375942 for Model: RoiNet7_Dice
New best dice found, evaluating on test set...

==== Memoria GPU - Inicio de época ====
GPU 0 - Total: 40442.4 MB | Allocated: 292.6 MB | Cached: 32204.0 MB


==== Memoria GPU - Inicio de época ====
GPU 0 - Total: 40442.4 MB | Allocated: 292.6 MB | Cached: 2548.0 MB


==== Memoria GPU - Inicio de época ====
GPU 0 - Total: 40442.4 MB | Allocated: 292.6 MB | Cached: 32204.0 MB

Validation Dice: 0.802593689133576 for Model: RoiNet7_Dice

==== Memoria GPU - Inicio de época ====
GPU 0 - Total: 40442.4 MB | Allocated: 292.6 MB | Cached: 2548.0 MB


==== Memoria GPU - Inicio de época ====
GPU 0 - Total: 40442.4 MB | Allocated: 292.6 MB | Cached: 32204.0 MB

Validation Dice: 0.8284200492788687 for Model: RoiNet7_Dice

==== Memoria GPU - Inicio de época ====
GPU 0 - Total: 40442.4 MB | Allocated: 292.6 MB | Cached: 2548.0 MB


==== Memoria GPU - Inicio de época ====
GPU 0 - Total: 40442.4 MB | Allocated: 292.6 MB | Cached: 32204.0 MB

Validation Dice: 0.7735591607537119 for Model: RoiNet7_Dice

==== Memoria GPU - Inicio de época ====
GPU 0 - Total: 40442.4 MB | Allocated: 292.6 MB | Cached: 2548.0 MB


==== Memoria GPU - Inicio de época ====
GPU 0 - Total: 40442.4 MB | Allocated: 292.6 MB | Cached: 32204.0 MB

Validation Dice: 0.8223630216350191 for Model: RoiNet7_Dice

==== Memoria GPU - Inicio de época ====
GPU 0 - Total: 40442.4 MB | Allocated: 292.6 MB | Cached: 2548.0 MB


==== Memoria GPU - Inicio de época ====
GPU 0 - Total: 40442.4 MB | Allocated: 292.6 MB | Cached: 32204.0 MB

Validation Dice: 0.8116167872834705 for Model: RoiNet7_Dice

==== Memoria GPU - Inicio de época ====
GPU 0 - Total: 40442.4 MB | Allocated: 292.6 MB | Cached: 2548.0 MB


==== Memoria GPU - Inicio de época ====
GPU 0 - Total: 40442.4 MB | Allocated: 292.6 MB | Cached: 32204.0 MB

Validation Dice: 0.8246866219701829 for Model: RoiNet7_Dice

==== Memoria GPU - Inicio de época ====
GPU 0 - Total: 40442.4 MB | Allocated: 292.6 MB | Cached: 2548.0 MB


==== Memoria GPU - Inicio de época ====
GPU 0 - Total: 40442.4 MB | Allocated: 292.6 MB | Cached: 32204.0 MB

Validation Dice: 0.8430196386147207 for Model: RoiNet7_Dice

==== Memoria GPU - Inicio de época ====
GPU 0 - Total: 40442.4 MB | Allocated: 292.6 MB | Cached: 2548.0 MB


==== Memoria GPU - Inicio de época ====
GPU 0 - Total: 40442.4 MB | Allocated: 292.6 MB | Cached: 32204.0 MB

Validation Dice: 0.6689778726290582 for Model: RoiNet7_Dice

==== Memoria GPU - Inicio de época ====
GPU 0 - Total: 40442.4 MB | Allocated: 292.6 MB | Cached: 2548.0 MB


==== Memoria GPU - Inicio de época ====
GPU 0 - Total: 40442.4 MB | Allocated: 292.6 MB | Cached: 32204.0 MB

Validation Dice: 0.8329269879869863 for Model: RoiNet7_Dice

==== Memoria GPU - Inicio de época ====
GPU 0 - Total: 40442.4 MB | Allocated: 292.6 MB | Cached: 2548.0 MB


==== Memoria GPU - Inicio de época ====
GPU 0 - Total: 40442.4 MB | Allocated: 292.6 MB | Cached: 32204.0 MB

Validation Dice: 0.8398053904911099 for Model: RoiNet7_Dice

==== Memoria GPU - Inicio de época ====
GPU 0 - Total: 40442.4 MB | Allocated: 292.6 MB | Cached: 2548.0 MB


==== Memoria GPU - Inicio de época ====
GPU 0 - Total: 40442.4 MB | Allocated: 292.6 MB | Cached: 32204.0 MB

Validation Dice: 0.8416387681795745 for Model: RoiNet7_Dice

==== Memoria GPU - Inicio de época ====
GPU 0 - Total: 40442.4 MB | Allocated: 292.6 MB | Cached: 2548.0 MB


==== Memoria GPU - Inicio de época ====
GPU 0 - Total: 40442.4 MB | Allocated: 292.6 MB | Cached: 32204.0 MB

Validation Dice: 0.7841264050214598 for Model: RoiNet7_Dice

==== Memoria GPU - Inicio de época ====
GPU 0 - Total: 40442.4 MB | Allocated: 292.6 MB | Cached: 2548.0 MB


==== Memoria GPU - Inicio de época ====
GPU 0 - Total: 40442.4 MB | Allocated: 292.6 MB | Cached: 32204.0 MB

Validation Dice: 0.822054758911528 for Model: RoiNet7_Dice

==== Memoria GPU - Inicio de época ====
GPU 0 - Total: 40442.4 MB | Allocated: 292.6 MB | Cached: 2548.0 MB


==== Memoria GPU - Inicio de época ====
GPU 0 - Total: 40442.4 MB | Allocated: 292.6 MB | Cached: 32204.0 MB

Validation Dice: 0.84610158689617 for Model: RoiNet7_Dice

==== Memoria GPU - Inicio de época ====
GPU 0 - Total: 40442.4 MB | Allocated: 292.6 MB | Cached: 2548.0 MB


==== Memoria GPU - Inicio de época ====
GPU 0 - Total: 40442.4 MB | Allocated: 292.6 MB | Cached: 32204.0 MB

Validation Dice: 0.8425460146323471 for Model: RoiNet7_Dice

==== Memoria GPU - Inicio de época ====
GPU 0 - Total: 40442.4 MB | Allocated: 292.6 MB | Cached: 2548.0 MB


==== Memoria GPU - Inicio de época ====
GPU 0 - Total: 40442.4 MB | Allocated: 292.6 MB | Cached: 32204.0 MB

Validation Dice: 0.8358796604907736 for Model: RoiNet7_Dice

==== Memoria GPU - Inicio de época ====
GPU 0 - Total: 40442.4 MB | Allocated: 292.6 MB | Cached: 2548.0 MB


==== Memoria GPU - Inicio de época ====
GPU 0 - Total: 40442.4 MB | Allocated: 292.6 MB | Cached: 32204.0 MB

Validation Dice: 0.8255558236657357 for Model: RoiNet7_Dice

==== Memoria GPU - Inicio de época ====
GPU 0 - Total: 40442.4 MB | Allocated: 292.6 MB | Cached: 2548.0 MB


==== Memoria GPU - Inicio de época ====
GPU 0 - Total: 40442.4 MB | Allocated: 292.6 MB | Cached: 32204.0 MB

Validation Dice: 0.8281789163901263 for Model: RoiNet7_Dice

==== Memoria GPU - Inicio de época ====
GPU 0 - Total: 40442.4 MB | Allocated: 292.6 MB | Cached: 2548.0 MB


==== Memoria GPU - Inicio de época ====
GPU 0 - Total: 40442.4 MB | Allocated: 292.6 MB | Cached: 32204.0 MB

Validation Dice: 0.8549371314575627 for Model: RoiNet7_Dice
New best dice found, evaluating on test set...

==== Memoria GPU - Inicio de época ====
GPU 0 - Total: 40442.4 MB | Allocated: 292.6 MB | Cached: 32204.0 MB


==== Memoria GPU - Inicio de época ====
GPU 0 - Total: 40442.4 MB | Allocated: 292.6 MB | Cached: 2548.0 MB


==== Memoria GPU - Inicio de época ====
GPU 0 - Total: 40442.4 MB | Allocated: 292.6 MB | Cached: 32204.0 MB

Validation Dice: 0.8168417958028813 for Model: RoiNet7_Dice

==== Memoria GPU - Inicio de época ====
GPU 0 - Total: 40442.4 MB | Allocated: 292.6 MB | Cached: 2548.0 MB


==== Memoria GPU - Inicio de época ====
GPU 0 - Total: 40442.4 MB | Allocated: 292.6 MB | Cached: 32204.0 MB

Validation Dice: 0.8055944064082365 for Model: RoiNet7_Dice

==== Memoria GPU - Inicio de época ====
GPU 0 - Total: 40442.4 MB | Allocated: 292.6 MB | Cached: 2548.0 MB


==== Memoria GPU - Inicio de época ====
GPU 0 - Total: 40442.4 MB | Allocated: 292.6 MB | Cached: 32204.0 MB

Validation Dice: 0.8185585178103165 for Model: RoiNet7_Dice

==== Memoria GPU - Inicio de época ====
GPU 0 - Total: 40442.4 MB | Allocated: 292.6 MB | Cached: 2548.0 MB


==== Memoria GPU - Inicio de época ====
GPU 0 - Total: 40442.4 MB | Allocated: 292.6 MB | Cached: 32204.0 MB

Validation Dice: 0.840926905105479 for Model: RoiNet7_Dice

==== Memoria GPU - Inicio de época ====
GPU 0 - Total: 40442.4 MB | Allocated: 292.6 MB | Cached: 2548.0 MB


==== Memoria GPU - Inicio de época ====
GPU 0 - Total: 40442.4 MB | Allocated: 292.6 MB | Cached: 32204.0 MB

Validation Dice: 0.844207480354122 for Model: RoiNet7_Dice

==== Memoria GPU - Inicio de época ====
GPU 0 - Total: 40442.4 MB | Allocated: 292.6 MB | Cached: 2548.0 MB


==== Memoria GPU - Inicio de época ====
GPU 0 - Total: 40442.4 MB | Allocated: 292.6 MB | Cached: 32204.0 MB

Validation Dice: 0.8631726212417266 for Model: RoiNet7_Dice
New best dice found, evaluating on test set...

==== Memoria GPU - Inicio de época ====
GPU 0 - Total: 40442.4 MB | Allocated: 292.6 MB | Cached: 32204.0 MB


==== Memoria GPU - Inicio de época ====
GPU 0 - Total: 40442.4 MB | Allocated: 292.6 MB | Cached: 2548.0 MB


==== Memoria GPU - Inicio de época ====
GPU 0 - Total: 40442.4 MB | Allocated: 292.6 MB | Cached: 32204.0 MB

Validation Dice: 0.8283119384592645 for Model: RoiNet7_Dice

==== Memoria GPU - Inicio de época ====
GPU 0 - Total: 40442.4 MB | Allocated: 292.6 MB | Cached: 2548.0 MB


==== Memoria GPU - Inicio de época ====
GPU 0 - Total: 40442.4 MB | Allocated: 292.6 MB | Cached: 32204.0 MB

Validation Dice: 0.7966439100039431 for Model: RoiNet7_Dice

==== Memoria GPU - Inicio de época ====
GPU 0 - Total: 40442.4 MB | Allocated: 292.6 MB | Cached: 2548.0 MB


==== Memoria GPU - Inicio de época ====
GPU 0 - Total: 40442.4 MB | Allocated: 292.6 MB | Cached: 32204.0 MB

Validation Dice: 0.8381495222314149 for Model: RoiNet7_Dice

==== Memoria GPU - Inicio de época ====
GPU 0 - Total: 40442.4 MB | Allocated: 292.6 MB | Cached: 2548.0 MB


==== Memoria GPU - Inicio de época ====
GPU 0 - Total: 40442.4 MB | Allocated: 292.6 MB | Cached: 32204.0 MB

Validation Dice: 0.8448699841479762 for Model: RoiNet7_Dice

==== Memoria GPU - Inicio de época ====
GPU 0 - Total: 40442.4 MB | Allocated: 292.6 MB | Cached: 2548.0 MB


==== Memoria GPU - Inicio de época ====
GPU 0 - Total: 40442.4 MB | Allocated: 292.6 MB | Cached: 32204.0 MB

Validation Dice: 0.8406606033944868 for Model: RoiNet7_Dice

==== Memoria GPU - Inicio de época ====
GPU 0 - Total: 40442.4 MB | Allocated: 292.6 MB | Cached: 2548.0 MB


==== Memoria GPU - Inicio de época ====
GPU 0 - Total: 40442.4 MB | Allocated: 292.6 MB | Cached: 32204.0 MB

Validation Dice: 0.8327213313639492 for Model: RoiNet7_Dice

==== Memoria GPU - Inicio de época ====
GPU 0 - Total: 40442.4 MB | Allocated: 292.6 MB | Cached: 2548.0 MB


==== Memoria GPU - Inicio de época ====
GPU 0 - Total: 40442.4 MB | Allocated: 292.6 MB | Cached: 32204.0 MB

