slurmstepd: info: Setting TMPDIR to /scratch/10715159. Previous errors about TMPDIR can be discarded
Restormer model not found. Restormer preprocessing will be disabled.
Available Models: ['FRNet', 'FRNet_1ch', 'FRNetR', 'RoiNet11', 'RoiNet9', 'RoiNet7', 'RoiNet5', 'RoiNet3', 'RoiNetR', 'RoiNetx1.5', 'RoiNetx0.5', 'RoiNetx2']
Datasets_library: {'FIVES512': {'paths': {'train': 'dataset/FIVES512/train', 'val': 'dataset/FIVES512/val', 'test': 'dataset/FIVES512/test'}, 'preprocessing': {'start': 0, 'end': 1}}, 'FIVESgan': {'paths': {'train': 'dataset/FIVESgan/train', 'val': 'dataset/FIVESgan/val', 'test': 'dataset/FIVESgan/test'}, 'preprocessing': {'start': 0, 'end': 1}}, 'FIVESc': {'paths': {'train': 'dataset/FIVESc/train', 'val': 'dataset/FIVESc/val', 'test': 'dataset/FIVESc/test'}, 'preprocessing': {'start': 0, 'end': 1}}, 'FIVES': {'paths': {'train': 'dataset/FIVES/train', 'val': 'dataset/FIVES/val', 'test': 'dataset/FIVES/test'}, 'preprocessing': {'start': 0, 'end': 1}}}
USING CHANNELS = 3
Available Datasets: ['FIVES512', 'FIVESgan', 'FIVESc', 'FIVES']

All datasets: {'FIVES512': {'train': <ds.dataset.SegmentationDataset object at 0x14924b540670>, 'val': <ds.dataset.SegmentationDataset object at 0x149339432df0>, 'test': <ds.dataset.SegmentationDataset object at 0x149339432ee0>}, 'FIVESgan': {'train': <ds.dataset.SegmentationDataset object at 0x14924b534fd0>, 'val': <ds.dataset.SegmentationDataset object at 0x14924b534ee0>, 'test': <ds.dataset.SegmentationDataset object at 0x14924b534df0>}, 'FIVESc': {'train': <ds.dataset.SegmentationDataset object at 0x14924b534e50>, 'val': <ds.dataset.SegmentationDataset object at 0x14924b534d60>, 'test': <ds.dataset.SegmentationDataset object at 0x14924b534c70>}, 'FIVES': {'train': <ds.dataset.SegmentationDataset object at 0x14924b534cd0>, 'val': <ds.dataset.SegmentationDataset object at 0x14924b534be0>, 'test': <ds.dataset.SegmentationDataset object at 0x14924b534af0>}}
Dataset a usar: {'train': <ds.dataset.SegmentationDataset object at 0x14924b534e50>, 'val': <ds.dataset.SegmentationDataset object at 0x14924b534d60>, 'test': <ds.dataset.SegmentationDataset object at 0x14924b534c70>}
Configuración de Entrenamiento:
  Model: RoiNet9
  Dataset: FIVESc
  Config File: code/config/config.json
  Epochs: 300
  Early Stopping: 100
  Thresh Value: 100
  Batch Size: 1
  Num Workers: 32
  Learning Rate: 0.0001
  Weight Decay: 0.001
  Loss Function: Dice
  Logging Enabled: True
  Output Prefix: RoiNet9_FIVESc_Dice_GeomElasIntensNoise
  Augmentation Config: {'enabled': True, 'geometric': True, 'elastic': True, 'intensity_and_color': True, 'gamma': False, 'noise': True}
  Restormer Enabled: False
  Output Directory: run_benchmark_runs/RoiNet9_FIVESc_Dice_GeomElasIntensNoiseresult_2025-02-22_17-55-04
Parameters logged to: run_benchmark_runs/RoiNet9_FIVESc_Dice_GeomElasIntensNoiseresult_2025-02-22_17-55-04/parameters_FIVESc_RoiNet9_Dice_True_False.log

Modelo cargado en GPU:
- Parámetros totales: 30720070
- Memoria ocupada por modelo en GPU: 117.19 MB

==== Memoria GPU - Después de cargar el modelo en GPU ====
GPU 0 - Total: 40442.4 MB | Allocated: 118.2 MB | Cached: 144.0 MB


USING: Dice

==== Memoria GPU - Inicio de época ====
GPU 0 - Total: 40442.4 MB | Allocated: 118.2 MB | Cached: 144.0 MB


==== Memoria GPU - Inicio de época ====
GPU 0 - Total: 40442.4 MB | Allocated: 472.9 MB | Cached: 31766.0 MB

Validation Dice: 0.5540077279097695 for Model: RoiNet9_Dice
New best dice found, evaluating on test set...

==== Memoria GPU - Inicio de época ====
GPU 0 - Total: 40442.4 MB | Allocated: 472.9 MB | Cached: 31766.0 MB


==== Memoria GPU - Inicio de época ====
GPU 0 - Total: 40442.4 MB | Allocated: 472.9 MB | Cached: 2796.0 MB


==== Memoria GPU - Inicio de época ====
GPU 0 - Total: 40442.4 MB | Allocated: 473.6 MB | Cached: 32056.0 MB

Validation Dice: 0.5973007630048403 for Model: RoiNet9_Dice
New best dice found, evaluating on test set...

==== Memoria GPU - Inicio de época ====
GPU 0 - Total: 40442.4 MB | Allocated: 473.6 MB | Cached: 32056.0 MB


==== Memoria GPU - Inicio de época ====
GPU 0 - Total: 40442.4 MB | Allocated: 473.6 MB | Cached: 4110.0 MB


==== Memoria GPU - Inicio de época ====
GPU 0 - Total: 40442.4 MB | Allocated: 473.6 MB | Cached: 32030.0 MB

Validation Dice: 0.6134295112642476 for Model: RoiNet9_Dice
New best dice found, evaluating on test set...

==== Memoria GPU - Inicio de época ====
GPU 0 - Total: 40442.4 MB | Allocated: 473.6 MB | Cached: 32030.0 MB


==== Memoria GPU - Inicio de época ====
GPU 0 - Total: 40442.4 MB | Allocated: 473.6 MB | Cached: 4900.0 MB


==== Memoria GPU - Inicio de época ====
GPU 0 - Total: 40442.4 MB | Allocated: 473.6 MB | Cached: 32048.0 MB

Validation Dice: 0.7038165462873299 for Model: RoiNet9_Dice
New best dice found, evaluating on test set...

==== Memoria GPU - Inicio de época ====
GPU 0 - Total: 40442.4 MB | Allocated: 473.6 MB | Cached: 32048.0 MB


==== Memoria GPU - Inicio de época ====
GPU 0 - Total: 40442.4 MB | Allocated: 473.6 MB | Cached: 5690.0 MB


==== Memoria GPU - Inicio de época ====
GPU 0 - Total: 40442.4 MB | Allocated: 473.6 MB | Cached: 32050.0 MB

Validation Dice: 0.6845215238525547 for Model: RoiNet9_Dice

==== Memoria GPU - Inicio de época ====
GPU 0 - Total: 40442.4 MB | Allocated: 473.6 MB | Cached: 5690.0 MB


==== Memoria GPU - Inicio de época ====
GPU 0 - Total: 40442.4 MB | Allocated: 473.6 MB | Cached: 32050.0 MB

Validation Dice: 0.6645917787318109 for Model: RoiNet9_Dice

==== Memoria GPU - Inicio de época ====
GPU 0 - Total: 40442.4 MB | Allocated: 473.6 MB | Cached: 5690.0 MB


==== Memoria GPU - Inicio de época ====
GPU 0 - Total: 40442.4 MB | Allocated: 473.6 MB | Cached: 32050.0 MB

Validation Dice: 0.6959057934257813 for Model: RoiNet9_Dice

==== Memoria GPU - Inicio de época ====
GPU 0 - Total: 40442.4 MB | Allocated: 473.6 MB | Cached: 5690.0 MB


==== Memoria GPU - Inicio de época ====
GPU 0 - Total: 40442.4 MB | Allocated: 473.6 MB | Cached: 32050.0 MB

Validation Dice: 0.771916000913714 for Model: RoiNet9_Dice
New best dice found, evaluating on test set...

==== Memoria GPU - Inicio de época ====
GPU 0 - Total: 40442.4 MB | Allocated: 473.6 MB | Cached: 32050.0 MB


==== Memoria GPU - Inicio de época ====
GPU 0 - Total: 40442.4 MB | Allocated: 473.6 MB | Cached: 5690.0 MB


==== Memoria GPU - Inicio de época ====
GPU 0 - Total: 40442.4 MB | Allocated: 473.6 MB | Cached: 32050.0 MB

Validation Dice: 0.6763758219310094 for Model: RoiNet9_Dice

==== Memoria GPU - Inicio de época ====
GPU 0 - Total: 40442.4 MB | Allocated: 473.6 MB | Cached: 5690.0 MB


==== Memoria GPU - Inicio de época ====
GPU 0 - Total: 40442.4 MB | Allocated: 473.6 MB | Cached: 32050.0 MB

Validation Dice: 0.6926006586052134 for Model: RoiNet9_Dice

==== Memoria GPU - Inicio de época ====
GPU 0 - Total: 40442.4 MB | Allocated: 473.6 MB | Cached: 5690.0 MB


==== Memoria GPU - Inicio de época ====
GPU 0 - Total: 40442.4 MB | Allocated: 473.6 MB | Cached: 32050.0 MB

Validation Dice: 0.5422229882365078 for Model: RoiNet9_Dice

==== Memoria GPU - Inicio de época ====
GPU 0 - Total: 40442.4 MB | Allocated: 473.6 MB | Cached: 5690.0 MB


==== Memoria GPU - Inicio de época ====
GPU 0 - Total: 40442.4 MB | Allocated: 473.6 MB | Cached: 32050.0 MB

Validation Dice: 0.7475375387018868 for Model: RoiNet9_Dice

==== Memoria GPU - Inicio de época ====
GPU 0 - Total: 40442.4 MB | Allocated: 473.6 MB | Cached: 5690.0 MB


==== Memoria GPU - Inicio de época ====
GPU 0 - Total: 40442.4 MB | Allocated: 473.6 MB | Cached: 32050.0 MB

Validation Dice: 0.7029748200792445 for Model: RoiNet9_Dice

==== Memoria GPU - Inicio de época ====
GPU 0 - Total: 40442.4 MB | Allocated: 473.6 MB | Cached: 5690.0 MB


==== Memoria GPU - Inicio de época ====
GPU 0 - Total: 40442.4 MB | Allocated: 473.6 MB | Cached: 32050.0 MB

Validation Dice: 0.6630831831905525 for Model: RoiNet9_Dice

==== Memoria GPU - Inicio de época ====
GPU 0 - Total: 40442.4 MB | Allocated: 473.6 MB | Cached: 5690.0 MB


==== Memoria GPU - Inicio de época ====
GPU 0 - Total: 40442.4 MB | Allocated: 473.6 MB | Cached: 32050.0 MB

Validation Dice: 0.7097653765823106 for Model: RoiNet9_Dice

==== Memoria GPU - Inicio de época ====
GPU 0 - Total: 40442.4 MB | Allocated: 473.6 MB | Cached: 5690.0 MB


==== Memoria GPU - Inicio de época ====
GPU 0 - Total: 40442.4 MB | Allocated: 473.6 MB | Cached: 32050.0 MB

Validation Dice: 0.7157908984770243 for Model: RoiNet9_Dice

==== Memoria GPU - Inicio de época ====
GPU 0 - Total: 40442.4 MB | Allocated: 473.6 MB | Cached: 5690.0 MB


==== Memoria GPU - Inicio de época ====
GPU 0 - Total: 40442.4 MB | Allocated: 473.6 MB | Cached: 32050.0 MB

Validation Dice: 0.7421615475262817 for Model: RoiNet9_Dice

==== Memoria GPU - Inicio de época ====
GPU 0 - Total: 40442.4 MB | Allocated: 473.6 MB | Cached: 5690.0 MB


==== Memoria GPU - Inicio de época ====
GPU 0 - Total: 40442.4 MB | Allocated: 473.6 MB | Cached: 32050.0 MB

Validation Dice: 0.7484860694138795 for Model: RoiNet9_Dice

==== Memoria GPU - Inicio de época ====
GPU 0 - Total: 40442.4 MB | Allocated: 473.6 MB | Cached: 5690.0 MB


==== Memoria GPU - Inicio de época ====
GPU 0 - Total: 40442.4 MB | Allocated: 473.6 MB | Cached: 32050.0 MB

Validation Dice: 0.7534661387096107 for Model: RoiNet9_Dice

==== Memoria GPU - Inicio de época ====
GPU 0 - Total: 40442.4 MB | Allocated: 473.6 MB | Cached: 5690.0 MB


==== Memoria GPU - Inicio de época ====
GPU 0 - Total: 40442.4 MB | Allocated: 473.6 MB | Cached: 32050.0 MB

Validation Dice: 0.8119282395174693 for Model: RoiNet9_Dice
New best dice found, evaluating on test set...

==== Memoria GPU - Inicio de época ====
GPU 0 - Total: 40442.4 MB | Allocated: 473.6 MB | Cached: 32050.0 MB


==== Memoria GPU - Inicio de época ====
GPU 0 - Total: 40442.4 MB | Allocated: 473.6 MB | Cached: 5690.0 MB


==== Memoria GPU - Inicio de época ====
GPU 0 - Total: 40442.4 MB | Allocated: 473.6 MB | Cached: 32050.0 MB

Validation Dice: 0.6756002261231712 for Model: RoiNet9_Dice

==== Memoria GPU - Inicio de época ====
GPU 0 - Total: 40442.4 MB | Allocated: 473.6 MB | Cached: 5690.0 MB


==== Memoria GPU - Inicio de época ====
GPU 0 - Total: 40442.4 MB | Allocated: 473.6 MB | Cached: 32050.0 MB

Validation Dice: 0.7614443190149285 for Model: RoiNet9_Dice

==== Memoria GPU - Inicio de época ====
GPU 0 - Total: 40442.4 MB | Allocated: 473.6 MB | Cached: 5690.0 MB


==== Memoria GPU - Inicio de época ====
GPU 0 - Total: 40442.4 MB | Allocated: 473.6 MB | Cached: 32050.0 MB

Validation Dice: 0.7840510719382727 for Model: RoiNet9_Dice

==== Memoria GPU - Inicio de época ====
GPU 0 - Total: 40442.4 MB | Allocated: 473.6 MB | Cached: 5690.0 MB


==== Memoria GPU - Inicio de época ====
GPU 0 - Total: 40442.4 MB | Allocated: 473.6 MB | Cached: 32050.0 MB

Validation Dice: 0.7638825589397038 for Model: RoiNet9_Dice

==== Memoria GPU - Inicio de época ====
GPU 0 - Total: 40442.4 MB | Allocated: 473.6 MB | Cached: 5690.0 MB


==== Memoria GPU - Inicio de época ====
GPU 0 - Total: 40442.4 MB | Allocated: 473.6 MB | Cached: 32050.0 MB

Validation Dice: 0.7065399289075349 for Model: RoiNet9_Dice

==== Memoria GPU - Inicio de época ====
GPU 0 - Total: 40442.4 MB | Allocated: 473.6 MB | Cached: 5690.0 MB


==== Memoria GPU - Inicio de época ====
GPU 0 - Total: 40442.4 MB | Allocated: 473.6 MB | Cached: 32050.0 MB

Validation Dice: 0.8123638377407488 for Model: RoiNet9_Dice
New best dice found, evaluating on test set...

==== Memoria GPU - Inicio de época ====
GPU 0 - Total: 40442.4 MB | Allocated: 473.6 MB | Cached: 32050.0 MB


==== Memoria GPU - Inicio de época ====
GPU 0 - Total: 40442.4 MB | Allocated: 473.6 MB | Cached: 5690.0 MB


==== Memoria GPU - Inicio de época ====
GPU 0 - Total: 40442.4 MB | Allocated: 473.6 MB | Cached: 32050.0 MB

Validation Dice: 0.7476913318496015 for Model: RoiNet9_Dice

==== Memoria GPU - Inicio de época ====
GPU 0 - Total: 40442.4 MB | Allocated: 473.6 MB | Cached: 5690.0 MB


==== Memoria GPU - Inicio de época ====
GPU 0 - Total: 40442.4 MB | Allocated: 473.6 MB | Cached: 32050.0 MB

Validation Dice: 0.6477505765150672 for Model: RoiNet9_Dice

==== Memoria GPU - Inicio de época ====
GPU 0 - Total: 40442.4 MB | Allocated: 473.6 MB | Cached: 5690.0 MB


==== Memoria GPU - Inicio de época ====
GPU 0 - Total: 40442.4 MB | Allocated: 473.6 MB | Cached: 32050.0 MB

Validation Dice: 0.76173502662482 for Model: RoiNet9_Dice

==== Memoria GPU - Inicio de época ====
GPU 0 - Total: 40442.4 MB | Allocated: 473.6 MB | Cached: 5690.0 MB


==== Memoria GPU - Inicio de época ====
GPU 0 - Total: 40442.4 MB | Allocated: 473.6 MB | Cached: 32050.0 MB

Validation Dice: 0.7927912502879122 for Model: RoiNet9_Dice

==== Memoria GPU - Inicio de época ====
GPU 0 - Total: 40442.4 MB | Allocated: 473.6 MB | Cached: 5690.0 MB


==== Memoria GPU - Inicio de época ====
GPU 0 - Total: 40442.4 MB | Allocated: 473.6 MB | Cached: 32050.0 MB

Validation Dice: 0.754107643778948 for Model: RoiNet9_Dice

==== Memoria GPU - Inicio de época ====
GPU 0 - Total: 40442.4 MB | Allocated: 473.6 MB | Cached: 5690.0 MB


==== Memoria GPU - Inicio de época ====
GPU 0 - Total: 40442.4 MB | Allocated: 473.6 MB | Cached: 32050.0 MB

Validation Dice: 0.7822707408088737 for Model: RoiNet9_Dice

==== Memoria GPU - Inicio de época ====
GPU 0 - Total: 40442.4 MB | Allocated: 473.6 MB | Cached: 5690.0 MB


==== Memoria GPU - Inicio de época ====
GPU 0 - Total: 40442.4 MB | Allocated: 473.6 MB | Cached: 32050.0 MB

Validation Dice: 0.7698770989121795 for Model: RoiNet9_Dice

==== Memoria GPU - Inicio de época ====
GPU 0 - Total: 40442.4 MB | Allocated: 473.6 MB | Cached: 5690.0 MB


==== Memoria GPU - Inicio de época ====
GPU 0 - Total: 40442.4 MB | Allocated: 473.6 MB | Cached: 32050.0 MB

Validation Dice: 0.717201095756823 for Model: RoiNet9_Dice

==== Memoria GPU - Inicio de época ====
GPU 0 - Total: 40442.4 MB | Allocated: 473.6 MB | Cached: 5690.0 MB


==== Memoria GPU - Inicio de época ====
GPU 0 - Total: 40442.4 MB | Allocated: 473.6 MB | Cached: 32050.0 MB

Validation Dice: 0.8018939725891348 for Model: RoiNet9_Dice

==== Memoria GPU - Inicio de época ====
GPU 0 - Total: 40442.4 MB | Allocated: 473.6 MB | Cached: 5690.0 MB


==== Memoria GPU - Inicio de época ====
GPU 0 - Total: 40442.4 MB | Allocated: 473.6 MB | Cached: 32050.0 MB

Validation Dice: 0.8047436067364842 for Model: RoiNet9_Dice

==== Memoria GPU - Inicio de época ====
GPU 0 - Total: 40442.4 MB | Allocated: 473.6 MB | Cached: 5690.0 MB


==== Memoria GPU - Inicio de época ====
GPU 0 - Total: 40442.4 MB | Allocated: 473.6 MB | Cached: 32050.0 MB

Validation Dice: 0.8000476448929797 for Model: RoiNet9_Dice

==== Memoria GPU - Inicio de época ====
GPU 0 - Total: 40442.4 MB | Allocated: 473.6 MB | Cached: 5690.0 MB


==== Memoria GPU - Inicio de época ====
GPU 0 - Total: 40442.4 MB | Allocated: 473.6 MB | Cached: 32050.0 MB

Validation Dice: 0.7537322635782853 for Model: RoiNet9_Dice

==== Memoria GPU - Inicio de época ====
GPU 0 - Total: 40442.4 MB | Allocated: 473.6 MB | Cached: 5690.0 MB


==== Memoria GPU - Inicio de época ====
GPU 0 - Total: 40442.4 MB | Allocated: 473.6 MB | Cached: 32050.0 MB

Validation Dice: 0.7697952246104339 for Model: RoiNet9_Dice

==== Memoria GPU - Inicio de época ====
GPU 0 - Total: 40442.4 MB | Allocated: 473.6 MB | Cached: 5690.0 MB


==== Memoria GPU - Inicio de época ====
GPU 0 - Total: 40442.4 MB | Allocated: 473.6 MB | Cached: 32050.0 MB

Validation Dice: 0.8096338907873623 for Model: RoiNet9_Dice

==== Memoria GPU - Inicio de época ====
GPU 0 - Total: 40442.4 MB | Allocated: 473.6 MB | Cached: 5690.0 MB


==== Memoria GPU - Inicio de época ====
GPU 0 - Total: 40442.4 MB | Allocated: 473.6 MB | Cached: 32050.0 MB

Validation Dice: 0.730626247360608 for Model: RoiNet9_Dice

==== Memoria GPU - Inicio de época ====
GPU 0 - Total: 40442.4 MB | Allocated: 473.6 MB | Cached: 5690.0 MB


==== Memoria GPU - Inicio de época ====
GPU 0 - Total: 40442.4 MB | Allocated: 473.6 MB | Cached: 32050.0 MB

Validation Dice: 0.7947151071598221 for Model: RoiNet9_Dice

==== Memoria GPU - Inicio de época ====
GPU 0 - Total: 40442.4 MB | Allocated: 473.6 MB | Cached: 5690.0 MB


==== Memoria GPU - Inicio de época ====
GPU 0 - Total: 40442.4 MB | Allocated: 473.6 MB | Cached: 32050.0 MB

Validation Dice: 0.7847530624672111 for Model: RoiNet9_Dice

==== Memoria GPU - Inicio de época ====
GPU 0 - Total: 40442.4 MB | Allocated: 473.6 MB | Cached: 5690.0 MB


==== Memoria GPU - Inicio de época ====
GPU 0 - Total: 40442.4 MB | Allocated: 473.6 MB | Cached: 32050.0 MB

Validation Dice: 0.765872029298724 for Model: RoiNet9_Dice

==== Memoria GPU - Inicio de época ====
GPU 0 - Total: 40442.4 MB | Allocated: 473.6 MB | Cached: 5690.0 MB


==== Memoria GPU - Inicio de época ====
GPU 0 - Total: 40442.4 MB | Allocated: 473.6 MB | Cached: 32050.0 MB

Validation Dice: 0.778520325298868 for Model: RoiNet9_Dice

==== Memoria GPU - Inicio de época ====
GPU 0 - Total: 40442.4 MB | Allocated: 473.6 MB | Cached: 5690.0 MB


==== Memoria GPU - Inicio de época ====
GPU 0 - Total: 40442.4 MB | Allocated: 473.6 MB | Cached: 32050.0 MB

Validation Dice: 0.8098009778657514 for Model: RoiNet9_Dice

==== Memoria GPU - Inicio de época ====
GPU 0 - Total: 40442.4 MB | Allocated: 473.6 MB | Cached: 5690.0 MB


==== Memoria GPU - Inicio de época ====
GPU 0 - Total: 40442.4 MB | Allocated: 473.6 MB | Cached: 32050.0 MB

Validation Dice: 0.7106228990301638 for Model: RoiNet9_Dice

==== Memoria GPU - Inicio de época ====
GPU 0 - Total: 40442.4 MB | Allocated: 473.6 MB | Cached: 5690.0 MB


==== Memoria GPU - Inicio de época ====
GPU 0 - Total: 40442.4 MB | Allocated: 473.6 MB | Cached: 32050.0 MB

Validation Dice: 0.8142873951612057 for Model: RoiNet9_Dice
New best dice found, evaluating on test set...

==== Memoria GPU - Inicio de época ====
GPU 0 - Total: 40442.4 MB | Allocated: 473.6 MB | Cached: 32050.0 MB


==== Memoria GPU - Inicio de época ====
GPU 0 - Total: 40442.4 MB | Allocated: 473.6 MB | Cached: 5690.0 MB


==== Memoria GPU - Inicio de época ====
GPU 0 - Total: 40442.4 MB | Allocated: 473.6 MB | Cached: 32050.0 MB

Validation Dice: 0.7107474495500569 for Model: RoiNet9_Dice

==== Memoria GPU - Inicio de época ====
GPU 0 - Total: 40442.4 MB | Allocated: 473.6 MB | Cached: 5690.0 MB


==== Memoria GPU - Inicio de época ====
GPU 0 - Total: 40442.4 MB | Allocated: 473.6 MB | Cached: 32050.0 MB

Validation Dice: 0.7932060508983432 for Model: RoiNet9_Dice

==== Memoria GPU - Inicio de época ====
GPU 0 - Total: 40442.4 MB | Allocated: 473.6 MB | Cached: 5690.0 MB


==== Memoria GPU - Inicio de época ====
GPU 0 - Total: 40442.4 MB | Allocated: 473.6 MB | Cached: 32050.0 MB

Validation Dice: 0.8254165442721813 for Model: RoiNet9_Dice
New best dice found, evaluating on test set...

==== Memoria GPU - Inicio de época ====
GPU 0 - Total: 40442.4 MB | Allocated: 473.6 MB | Cached: 32050.0 MB


==== Memoria GPU - Inicio de época ====
GPU 0 - Total: 40442.4 MB | Allocated: 473.6 MB | Cached: 5690.0 MB


==== Memoria GPU - Inicio de época ====
GPU 0 - Total: 40442.4 MB | Allocated: 473.6 MB | Cached: 32050.0 MB

Validation Dice: 0.7205504294251626 for Model: RoiNet9_Dice

==== Memoria GPU - Inicio de época ====
GPU 0 - Total: 40442.4 MB | Allocated: 473.6 MB | Cached: 5690.0 MB


==== Memoria GPU - Inicio de época ====
GPU 0 - Total: 40442.4 MB | Allocated: 473.6 MB | Cached: 32050.0 MB

Validation Dice: 0.7511273684560436 for Model: RoiNet9_Dice

==== Memoria GPU - Inicio de época ====
GPU 0 - Total: 40442.4 MB | Allocated: 473.6 MB | Cached: 5690.0 MB


==== Memoria GPU - Inicio de época ====
GPU 0 - Total: 40442.4 MB | Allocated: 473.6 MB | Cached: 32050.0 MB

Validation Dice: 0.7803836007329795 for Model: RoiNet9_Dice

==== Memoria GPU - Inicio de época ====
GPU 0 - Total: 40442.4 MB | Allocated: 473.6 MB | Cached: 5690.0 MB


==== Memoria GPU - Inicio de época ====
GPU 0 - Total: 40442.4 MB | Allocated: 473.6 MB | Cached: 32050.0 MB

Validation Dice: 0.8187155630219985 for Model: RoiNet9_Dice

==== Memoria GPU - Inicio de época ====
GPU 0 - Total: 40442.4 MB | Allocated: 473.6 MB | Cached: 5690.0 MB


==== Memoria GPU - Inicio de época ====
GPU 0 - Total: 40442.4 MB | Allocated: 473.6 MB | Cached: 32050.0 MB

Validation Dice: 0.7677380265176513 for Model: RoiNet9_Dice

==== Memoria GPU - Inicio de época ====
GPU 0 - Total: 40442.4 MB | Allocated: 473.6 MB | Cached: 5690.0 MB


==== Memoria GPU - Inicio de época ====
GPU 0 - Total: 40442.4 MB | Allocated: 473.6 MB | Cached: 32050.0 MB

Validation Dice: 0.7230021694955495 for Model: RoiNet9_Dice

==== Memoria GPU - Inicio de época ====
GPU 0 - Total: 40442.4 MB | Allocated: 473.6 MB | Cached: 5690.0 MB


==== Memoria GPU - Inicio de época ====
GPU 0 - Total: 40442.4 MB | Allocated: 473.6 MB | Cached: 32050.0 MB

Validation Dice: 0.7694419019845612 for Model: RoiNet9_Dice

==== Memoria GPU - Inicio de época ====
GPU 0 - Total: 40442.4 MB | Allocated: 473.6 MB | Cached: 5690.0 MB


==== Memoria GPU - Inicio de época ====
GPU 0 - Total: 40442.4 MB | Allocated: 473.6 MB | Cached: 32050.0 MB

