slurmstepd: info: Setting TMPDIR to /scratch/10694705. Previous errors about TMPDIR can be discarded
Restormer model not found. Restormer preprocessing will be disabled.
Available Models: ['FRNet', 'FRNet_1ch', 'FRNetR', 'RoiNet', 'RoiNet7', 'RoiNet5', 'RoiNet3', 'RoiNetR', 'RoiNetx1.5', 'RoiNetx0.5', 'RoiNetx2']
Datasets_library: {'FIVES512': {'paths': {'train': 'dataset/FIVES512/train', 'val': 'dataset/FIVES512/val', 'test': 'dataset/FIVES512/test'}, 'preprocessing': {'start': 0, 'end': 1}}, 'FIVES': {'paths': {'train': 'dataset/FIVES/train', 'val': 'dataset/FIVES/val', 'test': 'dataset/FIVES/test'}, 'preprocessing': {'start': 0, 'end': 1}}}
USING CHANNELS = 3
Available Datasets: ['FIVES512', 'FIVES']

All datasets: {'FIVES512': {'train': <ds.dataset.SegmentationDataset object at 0x14ee315d7400>, 'val': <ds.dataset.SegmentationDataset object at 0x14ef1f4cadc0>, 'test': <ds.dataset.SegmentationDataset object at 0x14ef1f4caeb0>}, 'FIVES': {'train': <ds.dataset.SegmentationDataset object at 0x14ee315cbfd0>, 'val': <ds.dataset.SegmentationDataset object at 0x14ee315cbee0>, 'test': <ds.dataset.SegmentationDataset object at 0x14ee315cbdf0>}}
Dataset a usar: {'train': <ds.dataset.SegmentationDataset object at 0x14ee315cbfd0>, 'val': <ds.dataset.SegmentationDataset object at 0x14ee315cbee0>, 'test': <ds.dataset.SegmentationDataset object at 0x14ee315cbdf0>}
Training Configuration:
  Model: RoiNet
  Dataset: FIVES
  Epochs: 300
  Thresh value: 100
  Early Stopping Threshold: 100
  Batch Size: 1
  Learning Rate: 0.0001
  Weight Decay: 0.001
  Loss Function: Dice
  Logging Enabled: True
  Augmentation: {'enabled': False, 'geometric': False, 'elastic': False, 'intensity_and_color': False, 'gamma': False, 'noise': False}
  Output Directory: run_benchmark_runs/Roinet_slurm_FIVES_Dice_NoAugmentresult_2025-02-21_10-07-33
Parameters logged to: run_benchmark_runs/Roinet_slurm_FIVES_Dice_NoAugmentresult_2025-02-21_10-07-33/parameters_FIVES_RoiNet_Dice_False_False.log

Modelo cargado en GPU:
- Parámetros totales: 4687174
- Memoria ocupada por modelo en GPU: 17.88 MB

==== Memoria GPU - Después de cargar el modelo en GPU ====
GPU 0 - Total: 40442.4 MB | Allocated: 17.9 MB | Cached: 24.0 MB


USING: Dice

==== Memoria GPU - Inicio de época ====
GPU 0 - Total: 40442.4 MB | Allocated: 17.9 MB | Cached: 24.0 MB


==== Memoria GPU - Inicio de época ====
GPU 0 - Total: 40442.4 MB | Allocated: 72.6 MB | Cached: 30378.0 MB

Validation Dice: 0.6928944951063171 for Model: RoiNet_Dice
New best dice found, evaluating on test set...

==== Memoria GPU - Inicio de época ====
GPU 0 - Total: 40442.4 MB | Allocated: 72.6 MB | Cached: 30378.0 MB


==== Memoria GPU - Inicio de época ====
GPU 0 - Total: 40442.4 MB | Allocated: 72.6 MB | Cached: 966.0 MB


==== Memoria GPU - Inicio de época ====
GPU 0 - Total: 40442.4 MB | Allocated: 72.6 MB | Cached: 30592.0 MB

Validation Dice: 0.7091276552336415 for Model: RoiNet_Dice
New best dice found, evaluating on test set...

==== Memoria GPU - Inicio de época ====
GPU 0 - Total: 40442.4 MB | Allocated: 72.6 MB | Cached: 30592.0 MB


==== Memoria GPU - Inicio de época ====
GPU 0 - Total: 40442.4 MB | Allocated: 72.6 MB | Cached: 1226.0 MB


==== Memoria GPU - Inicio de época ====
GPU 0 - Total: 40442.4 MB | Allocated: 72.6 MB | Cached: 30596.0 MB

Validation Dice: 0.7302689718309939 for Model: RoiNet_Dice
New best dice found, evaluating on test set...

==== Memoria GPU - Inicio de época ====
GPU 0 - Total: 40442.4 MB | Allocated: 72.6 MB | Cached: 30596.0 MB


==== Memoria GPU - Inicio de época ====
GPU 0 - Total: 40442.4 MB | Allocated: 72.6 MB | Cached: 1226.0 MB


==== Memoria GPU - Inicio de época ====
GPU 0 - Total: 40442.4 MB | Allocated: 72.6 MB | Cached: 30596.0 MB

Validation Dice: 0.7120783094660015 for Model: RoiNet_Dice

==== Memoria GPU - Inicio de época ====
GPU 0 - Total: 40442.4 MB | Allocated: 72.6 MB | Cached: 1226.0 MB


==== Memoria GPU - Inicio de época ====
GPU 0 - Total: 40442.4 MB | Allocated: 72.6 MB | Cached: 30596.0 MB

Validation Dice: 0.7193405919498642 for Model: RoiNet_Dice

==== Memoria GPU - Inicio de época ====
GPU 0 - Total: 40442.4 MB | Allocated: 72.6 MB | Cached: 1226.0 MB


==== Memoria GPU - Inicio de época ====
GPU 0 - Total: 40442.4 MB | Allocated: 72.6 MB | Cached: 30596.0 MB

Validation Dice: 0.7174337330486866 for Model: RoiNet_Dice

==== Memoria GPU - Inicio de época ====
GPU 0 - Total: 40442.4 MB | Allocated: 72.6 MB | Cached: 1226.0 MB


==== Memoria GPU - Inicio de época ====
GPU 0 - Total: 40442.4 MB | Allocated: 72.6 MB | Cached: 30596.0 MB

Validation Dice: 0.7466704935048357 for Model: RoiNet_Dice
New best dice found, evaluating on test set...

==== Memoria GPU - Inicio de época ====
GPU 0 - Total: 40442.4 MB | Allocated: 72.6 MB | Cached: 30596.0 MB


==== Memoria GPU - Inicio de época ====
GPU 0 - Total: 40442.4 MB | Allocated: 72.6 MB | Cached: 1226.0 MB


==== Memoria GPU - Inicio de época ====
GPU 0 - Total: 40442.4 MB | Allocated: 72.6 MB | Cached: 30596.0 MB

Validation Dice: 0.6330627737960228 for Model: RoiNet_Dice

==== Memoria GPU - Inicio de época ====
GPU 0 - Total: 40442.4 MB | Allocated: 72.6 MB | Cached: 1226.0 MB


==== Memoria GPU - Inicio de época ====
GPU 0 - Total: 40442.4 MB | Allocated: 72.6 MB | Cached: 30596.0 MB

Validation Dice: 0.7492282228134662 for Model: RoiNet_Dice
New best dice found, evaluating on test set...

==== Memoria GPU - Inicio de época ====
GPU 0 - Total: 40442.4 MB | Allocated: 72.6 MB | Cached: 30596.0 MB


==== Memoria GPU - Inicio de época ====
GPU 0 - Total: 40442.4 MB | Allocated: 72.6 MB | Cached: 1226.0 MB


==== Memoria GPU - Inicio de época ====
GPU 0 - Total: 40442.4 MB | Allocated: 72.6 MB | Cached: 30596.0 MB

Validation Dice: 0.7321641014114507 for Model: RoiNet_Dice

==== Memoria GPU - Inicio de época ====
GPU 0 - Total: 40442.4 MB | Allocated: 72.6 MB | Cached: 1226.0 MB


==== Memoria GPU - Inicio de época ====
GPU 0 - Total: 40442.4 MB | Allocated: 72.6 MB | Cached: 30596.0 MB

Validation Dice: 0.7301991259464091 for Model: RoiNet_Dice

==== Memoria GPU - Inicio de época ====
GPU 0 - Total: 40442.4 MB | Allocated: 72.6 MB | Cached: 1226.0 MB


==== Memoria GPU - Inicio de época ====
GPU 0 - Total: 40442.4 MB | Allocated: 72.6 MB | Cached: 30596.0 MB

Validation Dice: 0.7424834477630575 for Model: RoiNet_Dice

==== Memoria GPU - Inicio de época ====
GPU 0 - Total: 40442.4 MB | Allocated: 72.6 MB | Cached: 1226.0 MB


==== Memoria GPU - Inicio de época ====
GPU 0 - Total: 40442.4 MB | Allocated: 72.6 MB | Cached: 30596.0 MB

Validation Dice: 0.7518441237394654 for Model: RoiNet_Dice
New best dice found, evaluating on test set...

==== Memoria GPU - Inicio de época ====
GPU 0 - Total: 40442.4 MB | Allocated: 72.6 MB | Cached: 30596.0 MB


==== Memoria GPU - Inicio de época ====
GPU 0 - Total: 40442.4 MB | Allocated: 72.6 MB | Cached: 1226.0 MB


==== Memoria GPU - Inicio de época ====
GPU 0 - Total: 40442.4 MB | Allocated: 72.6 MB | Cached: 30596.0 MB

Validation Dice: 0.7256808107367171 for Model: RoiNet_Dice

==== Memoria GPU - Inicio de época ====
GPU 0 - Total: 40442.4 MB | Allocated: 72.6 MB | Cached: 1226.0 MB


==== Memoria GPU - Inicio de época ====
GPU 0 - Total: 40442.4 MB | Allocated: 72.6 MB | Cached: 30596.0 MB

Validation Dice: 0.7532588952486869 for Model: RoiNet_Dice
New best dice found, evaluating on test set...

==== Memoria GPU - Inicio de época ====
GPU 0 - Total: 40442.4 MB | Allocated: 72.6 MB | Cached: 30596.0 MB


==== Memoria GPU - Inicio de época ====
GPU 0 - Total: 40442.4 MB | Allocated: 72.6 MB | Cached: 1226.0 MB


==== Memoria GPU - Inicio de época ====
GPU 0 - Total: 40442.4 MB | Allocated: 72.6 MB | Cached: 30596.0 MB

Validation Dice: 0.742246805995639 for Model: RoiNet_Dice

==== Memoria GPU - Inicio de época ====
GPU 0 - Total: 40442.4 MB | Allocated: 72.6 MB | Cached: 1226.0 MB


==== Memoria GPU - Inicio de época ====
GPU 0 - Total: 40442.4 MB | Allocated: 72.6 MB | Cached: 30596.0 MB

Validation Dice: 0.6988711489825324 for Model: RoiNet_Dice

==== Memoria GPU - Inicio de época ====
GPU 0 - Total: 40442.4 MB | Allocated: 72.6 MB | Cached: 1226.0 MB


==== Memoria GPU - Inicio de época ====
GPU 0 - Total: 40442.4 MB | Allocated: 72.6 MB | Cached: 30596.0 MB

Validation Dice: 0.6980468981073147 for Model: RoiNet_Dice

==== Memoria GPU - Inicio de época ====
GPU 0 - Total: 40442.4 MB | Allocated: 72.6 MB | Cached: 1226.0 MB


==== Memoria GPU - Inicio de época ====
GPU 0 - Total: 40442.4 MB | Allocated: 72.6 MB | Cached: 30596.0 MB

Validation Dice: 0.7148500247950001 for Model: RoiNet_Dice

==== Memoria GPU - Inicio de época ====
GPU 0 - Total: 40442.4 MB | Allocated: 72.6 MB | Cached: 1226.0 MB


==== Memoria GPU - Inicio de época ====
GPU 0 - Total: 40442.4 MB | Allocated: 72.6 MB | Cached: 30596.0 MB

Validation Dice: 0.7455811896219158 for Model: RoiNet_Dice

==== Memoria GPU - Inicio de época ====
GPU 0 - Total: 40442.4 MB | Allocated: 72.6 MB | Cached: 1226.0 MB


==== Memoria GPU - Inicio de época ====
GPU 0 - Total: 40442.4 MB | Allocated: 72.6 MB | Cached: 30596.0 MB

Validation Dice: 0.7517795200919063 for Model: RoiNet_Dice

==== Memoria GPU - Inicio de época ====
GPU 0 - Total: 40442.4 MB | Allocated: 72.6 MB | Cached: 1226.0 MB


==== Memoria GPU - Inicio de época ====
GPU 0 - Total: 40442.4 MB | Allocated: 72.6 MB | Cached: 30596.0 MB

Validation Dice: 0.719340505317669 for Model: RoiNet_Dice

==== Memoria GPU - Inicio de época ====
GPU 0 - Total: 40442.4 MB | Allocated: 72.6 MB | Cached: 1226.0 MB


==== Memoria GPU - Inicio de época ====
GPU 0 - Total: 40442.4 MB | Allocated: 72.6 MB | Cached: 30596.0 MB

Validation Dice: 0.7513791652572341 for Model: RoiNet_Dice

==== Memoria GPU - Inicio de época ====
GPU 0 - Total: 40442.4 MB | Allocated: 72.6 MB | Cached: 1226.0 MB


==== Memoria GPU - Inicio de época ====
GPU 0 - Total: 40442.4 MB | Allocated: 72.6 MB | Cached: 30596.0 MB

Validation Dice: 0.7218235531274577 for Model: RoiNet_Dice

==== Memoria GPU - Inicio de época ====
GPU 0 - Total: 40442.4 MB | Allocated: 72.6 MB | Cached: 1226.0 MB


==== Memoria GPU - Inicio de época ====
GPU 0 - Total: 40442.4 MB | Allocated: 72.6 MB | Cached: 30596.0 MB

Validation Dice: 0.7650738457999081 for Model: RoiNet_Dice
New best dice found, evaluating on test set...

==== Memoria GPU - Inicio de época ====
GPU 0 - Total: 40442.4 MB | Allocated: 72.6 MB | Cached: 30596.0 MB


==== Memoria GPU - Inicio de época ====
GPU 0 - Total: 40442.4 MB | Allocated: 72.6 MB | Cached: 1226.0 MB


==== Memoria GPU - Inicio de época ====
GPU 0 - Total: 40442.4 MB | Allocated: 72.6 MB | Cached: 30596.0 MB

Validation Dice: 0.7332731407758575 for Model: RoiNet_Dice

==== Memoria GPU - Inicio de época ====
GPU 0 - Total: 40442.4 MB | Allocated: 72.6 MB | Cached: 1226.0 MB


==== Memoria GPU - Inicio de época ====
GPU 0 - Total: 40442.4 MB | Allocated: 72.6 MB | Cached: 30596.0 MB

Validation Dice: 0.7430528955249833 for Model: RoiNet_Dice

==== Memoria GPU - Inicio de época ====
GPU 0 - Total: 40442.4 MB | Allocated: 72.6 MB | Cached: 1226.0 MB


==== Memoria GPU - Inicio de época ====
GPU 0 - Total: 40442.4 MB | Allocated: 72.6 MB | Cached: 30596.0 MB

Validation Dice: 0.7586676389338777 for Model: RoiNet_Dice

==== Memoria GPU - Inicio de época ====
GPU 0 - Total: 40442.4 MB | Allocated: 72.6 MB | Cached: 1226.0 MB


==== Memoria GPU - Inicio de época ====
GPU 0 - Total: 40442.4 MB | Allocated: 72.6 MB | Cached: 30596.0 MB

Validation Dice: 0.7406115675808569 for Model: RoiNet_Dice

==== Memoria GPU - Inicio de época ====
GPU 0 - Total: 40442.4 MB | Allocated: 72.6 MB | Cached: 1226.0 MB


==== Memoria GPU - Inicio de época ====
GPU 0 - Total: 40442.4 MB | Allocated: 72.6 MB | Cached: 30596.0 MB

Validation Dice: 0.7389051245876674 for Model: RoiNet_Dice

==== Memoria GPU - Inicio de época ====
GPU 0 - Total: 40442.4 MB | Allocated: 72.6 MB | Cached: 1226.0 MB


==== Memoria GPU - Inicio de época ====
GPU 0 - Total: 40442.4 MB | Allocated: 72.6 MB | Cached: 30596.0 MB

Validation Dice: 0.6922980909649373 for Model: RoiNet_Dice

==== Memoria GPU - Inicio de época ====
GPU 0 - Total: 40442.4 MB | Allocated: 72.6 MB | Cached: 1226.0 MB


==== Memoria GPU - Inicio de época ====
GPU 0 - Total: 40442.4 MB | Allocated: 72.6 MB | Cached: 30596.0 MB

Validation Dice: 0.7574331963572939 for Model: RoiNet_Dice

==== Memoria GPU - Inicio de época ====
GPU 0 - Total: 40442.4 MB | Allocated: 72.6 MB | Cached: 1226.0 MB


==== Memoria GPU - Inicio de época ====
GPU 0 - Total: 40442.4 MB | Allocated: 72.6 MB | Cached: 30596.0 MB

Validation Dice: 0.7597973375109073 for Model: RoiNet_Dice

==== Memoria GPU - Inicio de época ====
GPU 0 - Total: 40442.4 MB | Allocated: 72.6 MB | Cached: 1226.0 MB


==== Memoria GPU - Inicio de época ====
GPU 0 - Total: 40442.4 MB | Allocated: 72.6 MB | Cached: 30596.0 MB

Validation Dice: 0.7797879029602274 for Model: RoiNet_Dice
New best dice found, evaluating on test set...

==== Memoria GPU - Inicio de época ====
GPU 0 - Total: 40442.4 MB | Allocated: 72.6 MB | Cached: 30596.0 MB


==== Memoria GPU - Inicio de época ====
GPU 0 - Total: 40442.4 MB | Allocated: 72.6 MB | Cached: 1226.0 MB


==== Memoria GPU - Inicio de época ====
GPU 0 - Total: 40442.4 MB | Allocated: 72.6 MB | Cached: 30596.0 MB

Validation Dice: 0.6957682942356952 for Model: RoiNet_Dice

==== Memoria GPU - Inicio de época ====
GPU 0 - Total: 40442.4 MB | Allocated: 72.6 MB | Cached: 1226.0 MB


==== Memoria GPU - Inicio de época ====
GPU 0 - Total: 40442.4 MB | Allocated: 72.6 MB | Cached: 30596.0 MB

Validation Dice: 0.7358428107037992 for Model: RoiNet_Dice

==== Memoria GPU - Inicio de época ====
GPU 0 - Total: 40442.4 MB | Allocated: 72.6 MB | Cached: 1226.0 MB


==== Memoria GPU - Inicio de época ====
GPU 0 - Total: 40442.4 MB | Allocated: 72.6 MB | Cached: 30596.0 MB

Validation Dice: 0.7619075402190816 for Model: RoiNet_Dice

==== Memoria GPU - Inicio de época ====
GPU 0 - Total: 40442.4 MB | Allocated: 72.6 MB | Cached: 1226.0 MB


==== Memoria GPU - Inicio de época ====
GPU 0 - Total: 40442.4 MB | Allocated: 72.6 MB | Cached: 30596.0 MB

Validation Dice: 0.7283702590889453 for Model: RoiNet_Dice

==== Memoria GPU - Inicio de época ====
GPU 0 - Total: 40442.4 MB | Allocated: 72.6 MB | Cached: 1226.0 MB


==== Memoria GPU - Inicio de época ====
GPU 0 - Total: 40442.4 MB | Allocated: 72.6 MB | Cached: 30596.0 MB

Validation Dice: 0.7308484698489802 for Model: RoiNet_Dice

==== Memoria GPU - Inicio de época ====
GPU 0 - Total: 40442.4 MB | Allocated: 72.6 MB | Cached: 1226.0 MB


==== Memoria GPU - Inicio de época ====
GPU 0 - Total: 40442.4 MB | Allocated: 72.6 MB | Cached: 30596.0 MB

Validation Dice: 0.7777506731824559 for Model: RoiNet_Dice

==== Memoria GPU - Inicio de época ====
GPU 0 - Total: 40442.4 MB | Allocated: 72.6 MB | Cached: 1226.0 MB


==== Memoria GPU - Inicio de época ====
GPU 0 - Total: 40442.4 MB | Allocated: 72.6 MB | Cached: 30596.0 MB

Validation Dice: 0.775224357915541 for Model: RoiNet_Dice

==== Memoria GPU - Inicio de época ====
GPU 0 - Total: 40442.4 MB | Allocated: 72.6 MB | Cached: 1226.0 MB


==== Memoria GPU - Inicio de época ====
GPU 0 - Total: 40442.4 MB | Allocated: 72.6 MB | Cached: 30596.0 MB

Validation Dice: 0.763970100980235 for Model: RoiNet_Dice

==== Memoria GPU - Inicio de época ====
GPU 0 - Total: 40442.4 MB | Allocated: 72.6 MB | Cached: 1226.0 MB


==== Memoria GPU - Inicio de época ====
GPU 0 - Total: 40442.4 MB | Allocated: 72.6 MB | Cached: 30596.0 MB

Validation Dice: 0.6996000246078604 for Model: RoiNet_Dice

==== Memoria GPU - Inicio de época ====
GPU 0 - Total: 40442.4 MB | Allocated: 72.6 MB | Cached: 1226.0 MB


==== Memoria GPU - Inicio de época ====
GPU 0 - Total: 40442.4 MB | Allocated: 72.6 MB | Cached: 30596.0 MB

Validation Dice: 0.7315781969070436 for Model: RoiNet_Dice

==== Memoria GPU - Inicio de época ====
GPU 0 - Total: 40442.4 MB | Allocated: 72.6 MB | Cached: 1226.0 MB


==== Memoria GPU - Inicio de época ====
GPU 0 - Total: 40442.4 MB | Allocated: 72.6 MB | Cached: 30596.0 MB

Validation Dice: 0.7642926543956428 for Model: RoiNet_Dice

==== Memoria GPU - Inicio de época ====
GPU 0 - Total: 40442.4 MB | Allocated: 72.6 MB | Cached: 1226.0 MB


==== Memoria GPU - Inicio de época ====
GPU 0 - Total: 40442.4 MB | Allocated: 72.6 MB | Cached: 30596.0 MB

Validation Dice: 0.7156188491828195 for Model: RoiNet_Dice

==== Memoria GPU - Inicio de época ====
GPU 0 - Total: 40442.4 MB | Allocated: 72.6 MB | Cached: 1226.0 MB


==== Memoria GPU - Inicio de época ====
GPU 0 - Total: 40442.4 MB | Allocated: 72.6 MB | Cached: 30596.0 MB

Validation Dice: 0.7890366155423879 for Model: RoiNet_Dice
New best dice found, evaluating on test set...

==== Memoria GPU - Inicio de época ====
GPU 0 - Total: 40442.4 MB | Allocated: 72.6 MB | Cached: 30596.0 MB


==== Memoria GPU - Inicio de época ====
GPU 0 - Total: 40442.4 MB | Allocated: 72.6 MB | Cached: 1226.0 MB


==== Memoria GPU - Inicio de época ====
GPU 0 - Total: 40442.4 MB | Allocated: 72.6 MB | Cached: 30596.0 MB

Validation Dice: 0.7918018871937188 for Model: RoiNet_Dice
New best dice found, evaluating on test set...

==== Memoria GPU - Inicio de época ====
GPU 0 - Total: 40442.4 MB | Allocated: 72.6 MB | Cached: 30596.0 MB


==== Memoria GPU - Inicio de época ====
GPU 0 - Total: 40442.4 MB | Allocated: 72.6 MB | Cached: 1226.0 MB


==== Memoria GPU - Inicio de época ====
GPU 0 - Total: 40442.4 MB | Allocated: 72.6 MB | Cached: 30596.0 MB

Validation Dice: 0.7879016049015538 for Model: RoiNet_Dice

==== Memoria GPU - Inicio de época ====
GPU 0 - Total: 40442.4 MB | Allocated: 72.6 MB | Cached: 1226.0 MB


==== Memoria GPU - Inicio de época ====
GPU 0 - Total: 40442.4 MB | Allocated: 72.6 MB | Cached: 30596.0 MB

Validation Dice: 0.781954769287582 for Model: RoiNet_Dice

==== Memoria GPU - Inicio de época ====
GPU 0 - Total: 40442.4 MB | Allocated: 72.6 MB | Cached: 1226.0 MB


==== Memoria GPU - Inicio de época ====
GPU 0 - Total: 40442.4 MB | Allocated: 72.6 MB | Cached: 30596.0 MB

Validation Dice: 0.7280978986446814 for Model: RoiNet_Dice

==== Memoria GPU - Inicio de época ====
GPU 0 - Total: 40442.4 MB | Allocated: 72.6 MB | Cached: 1226.0 MB


==== Memoria GPU - Inicio de época ====
GPU 0 - Total: 40442.4 MB | Allocated: 72.6 MB | Cached: 30596.0 MB

Validation Dice: 0.7511451419342122 for Model: RoiNet_Dice

==== Memoria GPU - Inicio de época ====
GPU 0 - Total: 40442.4 MB | Allocated: 72.6 MB | Cached: 1226.0 MB


==== Memoria GPU - Inicio de época ====
GPU 0 - Total: 40442.4 MB | Allocated: 72.6 MB | Cached: 30596.0 MB

Validation Dice: 0.7554061096880534 for Model: RoiNet_Dice

==== Memoria GPU - Inicio de época ====
GPU 0 - Total: 40442.4 MB | Allocated: 72.6 MB | Cached: 1226.0 MB


==== Memoria GPU - Inicio de época ====
GPU 0 - Total: 40442.4 MB | Allocated: 72.6 MB | Cached: 30596.0 MB

Validation Dice: 0.7672407729000364 for Model: RoiNet_Dice

==== Memoria GPU - Inicio de época ====
GPU 0 - Total: 40442.4 MB | Allocated: 72.6 MB | Cached: 1226.0 MB


==== Memoria GPU - Inicio de época ====
GPU 0 - Total: 40442.4 MB | Allocated: 72.6 MB | Cached: 30596.0 MB

Validation Dice: 0.770991331849919 for Model: RoiNet_Dice

==== Memoria GPU - Inicio de época ====
GPU 0 - Total: 40442.4 MB | Allocated: 72.6 MB | Cached: 1226.0 MB


==== Memoria GPU - Inicio de época ====
GPU 0 - Total: 40442.4 MB | Allocated: 72.6 MB | Cached: 30596.0 MB

Validation Dice: 0.5768440571269488 for Model: RoiNet_Dice

==== Memoria GPU - Inicio de época ====
GPU 0 - Total: 40442.4 MB | Allocated: 72.6 MB | Cached: 1226.0 MB


==== Memoria GPU - Inicio de época ====
GPU 0 - Total: 40442.4 MB | Allocated: 72.6 MB | Cached: 30596.0 MB

Validation Dice: 0.7508904171729588 for Model: RoiNet_Dice

==== Memoria GPU - Inicio de época ====
GPU 0 - Total: 40442.4 MB | Allocated: 72.6 MB | Cached: 1226.0 MB


==== Memoria GPU - Inicio de época ====
GPU 0 - Total: 40442.4 MB | Allocated: 72.6 MB | Cached: 30596.0 MB

Validation Dice: 0.7924421236533532 for Model: RoiNet_Dice
New best dice found, evaluating on test set...

==== Memoria GPU - Inicio de época ====
GPU 0 - Total: 40442.4 MB | Allocated: 72.6 MB | Cached: 30596.0 MB


==== Memoria GPU - Inicio de época ====
GPU 0 - Total: 40442.4 MB | Allocated: 72.6 MB | Cached: 1226.0 MB


==== Memoria GPU - Inicio de época ====
GPU 0 - Total: 40442.4 MB | Allocated: 72.6 MB | Cached: 30596.0 MB

Validation Dice: 0.7700655605652706 for Model: RoiNet_Dice

==== Memoria GPU - Inicio de época ====
GPU 0 - Total: 40442.4 MB | Allocated: 72.6 MB | Cached: 1226.0 MB


==== Memoria GPU - Inicio de época ====
GPU 0 - Total: 40442.4 MB | Allocated: 72.6 MB | Cached: 30596.0 MB

Validation Dice: 0.7166298127928848 for Model: RoiNet_Dice

==== Memoria GPU - Inicio de época ====
GPU 0 - Total: 40442.4 MB | Allocated: 72.6 MB | Cached: 1226.0 MB


==== Memoria GPU - Inicio de época ====
GPU 0 - Total: 40442.4 MB | Allocated: 72.6 MB | Cached: 30596.0 MB

Validation Dice: 0.7904549350842065 for Model: RoiNet_Dice

==== Memoria GPU - Inicio de época ====
GPU 0 - Total: 40442.4 MB | Allocated: 72.6 MB | Cached: 1226.0 MB


==== Memoria GPU - Inicio de época ====
GPU 0 - Total: 40442.4 MB | Allocated: 72.6 MB | Cached: 30596.0 MB

Validation Dice: 0.757519876934082 for Model: RoiNet_Dice

==== Memoria GPU - Inicio de época ====
GPU 0 - Total: 40442.4 MB | Allocated: 72.6 MB | Cached: 1226.0 MB


==== Memoria GPU - Inicio de época ====
GPU 0 - Total: 40442.4 MB | Allocated: 72.6 MB | Cached: 30596.0 MB

Validation Dice: 0.7659300420258625 for Model: RoiNet_Dice

==== Memoria GPU - Inicio de época ====
GPU 0 - Total: 40442.4 MB | Allocated: 72.6 MB | Cached: 1226.0 MB


==== Memoria GPU - Inicio de época ====
GPU 0 - Total: 40442.4 MB | Allocated: 72.6 MB | Cached: 30596.0 MB

Validation Dice: 0.7375629874779643 for Model: RoiNet_Dice

==== Memoria GPU - Inicio de época ====
GPU 0 - Total: 40442.4 MB | Allocated: 72.6 MB | Cached: 1226.0 MB


==== Memoria GPU - Inicio de época ====
GPU 0 - Total: 40442.4 MB | Allocated: 72.6 MB | Cached: 30596.0 MB

Validation Dice: 0.7456670573427125 for Model: RoiNet_Dice

==== Memoria GPU - Inicio de época ====
GPU 0 - Total: 40442.4 MB | Allocated: 72.6 MB | Cached: 1226.0 MB


==== Memoria GPU - Inicio de época ====
GPU 0 - Total: 40442.4 MB | Allocated: 72.6 MB | Cached: 30596.0 MB

Validation Dice: 0.7545271343763794 for Model: RoiNet_Dice

==== Memoria GPU - Inicio de época ====
GPU 0 - Total: 40442.4 MB | Allocated: 72.6 MB | Cached: 1226.0 MB


==== Memoria GPU - Inicio de época ====
GPU 0 - Total: 40442.4 MB | Allocated: 72.6 MB | Cached: 30596.0 MB

Validation Dice: 0.7769772275477711 for Model: RoiNet_Dice

==== Memoria GPU - Inicio de época ====
GPU 0 - Total: 40442.4 MB | Allocated: 72.6 MB | Cached: 1226.0 MB


==== Memoria GPU - Inicio de época ====
GPU 0 - Total: 40442.4 MB | Allocated: 72.6 MB | Cached: 30596.0 MB

Validation Dice: 0.7083766717739434 for Model: RoiNet_Dice

==== Memoria GPU - Inicio de época ====
GPU 0 - Total: 40442.4 MB | Allocated: 72.6 MB | Cached: 1226.0 MB


==== Memoria GPU - Inicio de época ====
GPU 0 - Total: 40442.4 MB | Allocated: 72.6 MB | Cached: 30596.0 MB

Validation Dice: 0.723960984384706 for Model: RoiNet_Dice

==== Memoria GPU - Inicio de época ====
GPU 0 - Total: 40442.4 MB | Allocated: 72.6 MB | Cached: 1226.0 MB


==== Memoria GPU - Inicio de época ====
GPU 0 - Total: 40442.4 MB | Allocated: 72.6 MB | Cached: 30596.0 MB

Validation Dice: 0.7655223769865318 for Model: RoiNet_Dice

==== Memoria GPU - Inicio de época ====
GPU 0 - Total: 40442.4 MB | Allocated: 72.6 MB | Cached: 1226.0 MB


==== Memoria GPU - Inicio de época ====
GPU 0 - Total: 40442.4 MB | Allocated: 72.6 MB | Cached: 30596.0 MB

Validation Dice: 0.7315300448532294 for Model: RoiNet_Dice

==== Memoria GPU - Inicio de época ====
GPU 0 - Total: 40442.4 MB | Allocated: 72.6 MB | Cached: 1226.0 MB


==== Memoria GPU - Inicio de época ====
GPU 0 - Total: 40442.4 MB | Allocated: 72.6 MB | Cached: 30596.0 MB

Validation Dice: 0.7549791349366648 for Model: RoiNet_Dice

==== Memoria GPU - Inicio de época ====
GPU 0 - Total: 40442.4 MB | Allocated: 72.6 MB | Cached: 1226.0 MB


==== Memoria GPU - Inicio de época ====
GPU 0 - Total: 40442.4 MB | Allocated: 72.6 MB | Cached: 30596.0 MB

Validation Dice: 0.7515653416154687 for Model: RoiNet_Dice

==== Memoria GPU - Inicio de época ====
GPU 0 - Total: 40442.4 MB | Allocated: 72.6 MB | Cached: 1226.0 MB


==== Memoria GPU - Inicio de época ====
GPU 0 - Total: 40442.4 MB | Allocated: 72.6 MB | Cached: 30596.0 MB

Validation Dice: 0.7518109585923071 for Model: RoiNet_Dice

==== Memoria GPU - Inicio de época ====
GPU 0 - Total: 40442.4 MB | Allocated: 72.6 MB | Cached: 1226.0 MB


==== Memoria GPU - Inicio de época ====
GPU 0 - Total: 40442.4 MB | Allocated: 72.6 MB | Cached: 30596.0 MB

Validation Dice: 0.7673955240579109 for Model: RoiNet_Dice

==== Memoria GPU - Inicio de época ====
GPU 0 - Total: 40442.4 MB | Allocated: 72.6 MB | Cached: 1226.0 MB


==== Memoria GPU - Inicio de época ====
GPU 0 - Total: 40442.4 MB | Allocated: 72.6 MB | Cached: 30596.0 MB

Validation Dice: 0.7128177021951274 for Model: RoiNet_Dice

==== Memoria GPU - Inicio de época ====
GPU 0 - Total: 40442.4 MB | Allocated: 72.6 MB | Cached: 1226.0 MB


==== Memoria GPU - Inicio de época ====
GPU 0 - Total: 40442.4 MB | Allocated: 72.6 MB | Cached: 30596.0 MB

Validation Dice: 0.7706128415331548 for Model: RoiNet_Dice

==== Memoria GPU - Inicio de época ====
GPU 0 - Total: 40442.4 MB | Allocated: 72.6 MB | Cached: 1226.0 MB


==== Memoria GPU - Inicio de época ====
GPU 0 - Total: 40442.4 MB | Allocated: 72.6 MB | Cached: 30596.0 MB

Validation Dice: 0.7703139815713765 for Model: RoiNet_Dice

==== Memoria GPU - Inicio de época ====
GPU 0 - Total: 40442.4 MB | Allocated: 72.6 MB | Cached: 1226.0 MB


==== Memoria GPU - Inicio de época ====
GPU 0 - Total: 40442.4 MB | Allocated: 72.6 MB | Cached: 30596.0 MB

Validation Dice: 0.7597689176909544 for Model: RoiNet_Dice

==== Memoria GPU - Inicio de época ====
GPU 0 - Total: 40442.4 MB | Allocated: 72.6 MB | Cached: 1226.0 MB


==== Memoria GPU - Inicio de época ====
GPU 0 - Total: 40442.4 MB | Allocated: 72.6 MB | Cached: 30596.0 MB

Validation Dice: 0.7645546426859785 for Model: RoiNet_Dice

==== Memoria GPU - Inicio de época ====
GPU 0 - Total: 40442.4 MB | Allocated: 72.6 MB | Cached: 1226.0 MB


==== Memoria GPU - Inicio de época ====
GPU 0 - Total: 40442.4 MB | Allocated: 72.6 MB | Cached: 30596.0 MB

Validation Dice: 0.7927488675141195 for Model: RoiNet_Dice
New best dice found, evaluating on test set...

==== Memoria GPU - Inicio de época ====
GPU 0 - Total: 40442.4 MB | Allocated: 72.6 MB | Cached: 30596.0 MB


==== Memoria GPU - Inicio de época ====
GPU 0 - Total: 40442.4 MB | Allocated: 72.6 MB | Cached: 1226.0 MB


==== Memoria GPU - Inicio de época ====
GPU 0 - Total: 40442.4 MB | Allocated: 72.6 MB | Cached: 30596.0 MB

Validation Dice: 0.7703764839562568 for Model: RoiNet_Dice

==== Memoria GPU - Inicio de época ====
GPU 0 - Total: 40442.4 MB | Allocated: 72.6 MB | Cached: 1226.0 MB


==== Memoria GPU - Inicio de época ====
GPU 0 - Total: 40442.4 MB | Allocated: 72.6 MB | Cached: 30596.0 MB

Validation Dice: 0.7796850983994515 for Model: RoiNet_Dice

==== Memoria GPU - Inicio de época ====
GPU 0 - Total: 40442.4 MB | Allocated: 72.6 MB | Cached: 1226.0 MB


==== Memoria GPU - Inicio de época ====
GPU 0 - Total: 40442.4 MB | Allocated: 72.6 MB | Cached: 30596.0 MB

Validation Dice: 0.7643486128750913 for Model: RoiNet_Dice

==== Memoria GPU - Inicio de época ====
GPU 0 - Total: 40442.4 MB | Allocated: 72.6 MB | Cached: 1226.0 MB


==== Memoria GPU - Inicio de época ====
GPU 0 - Total: 40442.4 MB | Allocated: 72.6 MB | Cached: 30596.0 MB

Validation Dice: 0.7674089968958167 for Model: RoiNet_Dice

==== Memoria GPU - Inicio de época ====
GPU 0 - Total: 40442.4 MB | Allocated: 72.6 MB | Cached: 1226.0 MB


==== Memoria GPU - Inicio de época ====
GPU 0 - Total: 40442.4 MB | Allocated: 72.6 MB | Cached: 30596.0 MB

Validation Dice: 0.7684904136064968 for Model: RoiNet_Dice

==== Memoria GPU - Inicio de época ====
GPU 0 - Total: 40442.4 MB | Allocated: 72.6 MB | Cached: 1226.0 MB


==== Memoria GPU - Inicio de época ====
GPU 0 - Total: 40442.4 MB | Allocated: 72.6 MB | Cached: 30596.0 MB

Validation Dice: 0.7520418200945032 for Model: RoiNet_Dice

==== Memoria GPU - Inicio de época ====
GPU 0 - Total: 40442.4 MB | Allocated: 72.6 MB | Cached: 1226.0 MB


==== Memoria GPU - Inicio de época ====
GPU 0 - Total: 40442.4 MB | Allocated: 72.6 MB | Cached: 30596.0 MB

Validation Dice: 0.7765428454354485 for Model: RoiNet_Dice

==== Memoria GPU - Inicio de época ====
GPU 0 - Total: 40442.4 MB | Allocated: 72.6 MB | Cached: 1226.0 MB


==== Memoria GPU - Inicio de época ====
GPU 0 - Total: 40442.4 MB | Allocated: 72.6 MB | Cached: 30596.0 MB

Validation Dice: 0.7713296800435557 for Model: RoiNet_Dice

==== Memoria GPU - Inicio de época ====
GPU 0 - Total: 40442.4 MB | Allocated: 72.6 MB | Cached: 1226.0 MB


==== Memoria GPU - Inicio de época ====
GPU 0 - Total: 40442.4 MB | Allocated: 72.6 MB | Cached: 30596.0 MB

Validation Dice: 0.7804699238266875 for Model: RoiNet_Dice

==== Memoria GPU - Inicio de época ====
GPU 0 - Total: 40442.4 MB | Allocated: 72.6 MB | Cached: 1226.0 MB


==== Memoria GPU - Inicio de época ====
GPU 0 - Total: 40442.4 MB | Allocated: 72.6 MB | Cached: 30596.0 MB

Validation Dice: 0.7833616016385181 for Model: RoiNet_Dice

==== Memoria GPU - Inicio de época ====
GPU 0 - Total: 40442.4 MB | Allocated: 72.6 MB | Cached: 1226.0 MB


==== Memoria GPU - Inicio de época ====
GPU 0 - Total: 40442.4 MB | Allocated: 72.6 MB | Cached: 30596.0 MB

Validation Dice: 0.7643296682455122 for Model: RoiNet_Dice

==== Memoria GPU - Inicio de época ====
GPU 0 - Total: 40442.4 MB | Allocated: 72.6 MB | Cached: 1226.0 MB


==== Memoria GPU - Inicio de época ====
GPU 0 - Total: 40442.4 MB | Allocated: 72.6 MB | Cached: 30596.0 MB

Validation Dice: 0.7626604379834189 for Model: RoiNet_Dice

==== Memoria GPU - Inicio de época ====
GPU 0 - Total: 40442.4 MB | Allocated: 72.6 MB | Cached: 1226.0 MB


==== Memoria GPU - Inicio de época ====
GPU 0 - Total: 40442.4 MB | Allocated: 72.6 MB | Cached: 30596.0 MB

Validation Dice: 0.7175733616134359 for Model: RoiNet_Dice

==== Memoria GPU - Inicio de época ====
GPU 0 - Total: 40442.4 MB | Allocated: 72.6 MB | Cached: 1226.0 MB


==== Memoria GPU - Inicio de época ====
GPU 0 - Total: 40442.4 MB | Allocated: 72.6 MB | Cached: 30596.0 MB

Validation Dice: 0.7881613926601004 for Model: RoiNet_Dice

==== Memoria GPU - Inicio de época ====
GPU 0 - Total: 40442.4 MB | Allocated: 72.6 MB | Cached: 1226.0 MB


==== Memoria GPU - Inicio de época ====
GPU 0 - Total: 40442.4 MB | Allocated: 72.6 MB | Cached: 30596.0 MB

Validation Dice: 0.7535445731001768 for Model: RoiNet_Dice

==== Memoria GPU - Inicio de época ====
GPU 0 - Total: 40442.4 MB | Allocated: 72.6 MB | Cached: 1226.0 MB


==== Memoria GPU - Inicio de época ====
GPU 0 - Total: 40442.4 MB | Allocated: 72.6 MB | Cached: 30596.0 MB

Validation Dice: 0.7480011260148619 for Model: RoiNet_Dice

==== Memoria GPU - Inicio de época ====
GPU 0 - Total: 40442.4 MB | Allocated: 72.6 MB | Cached: 1226.0 MB


==== Memoria GPU - Inicio de época ====
GPU 0 - Total: 40442.4 MB | Allocated: 72.6 MB | Cached: 30596.0 MB

Validation Dice: 0.7463817866159802 for Model: RoiNet_Dice

==== Memoria GPU - Inicio de época ====
GPU 0 - Total: 40442.4 MB | Allocated: 72.6 MB | Cached: 1226.0 MB


==== Memoria GPU - Inicio de época ====
GPU 0 - Total: 40442.4 MB | Allocated: 72.6 MB | Cached: 30596.0 MB

Validation Dice: 0.7588562349401674 for Model: RoiNet_Dice

==== Memoria GPU - Inicio de época ====
GPU 0 - Total: 40442.4 MB | Allocated: 72.6 MB | Cached: 1226.0 MB


==== Memoria GPU - Inicio de época ====
GPU 0 - Total: 40442.4 MB | Allocated: 72.6 MB | Cached: 30596.0 MB

Validation Dice: 0.7667479951306753 for Model: RoiNet_Dice

==== Memoria GPU - Inicio de época ====
GPU 0 - Total: 40442.4 MB | Allocated: 72.6 MB | Cached: 1226.0 MB


==== Memoria GPU - Inicio de época ====
GPU 0 - Total: 40442.4 MB | Allocated: 72.6 MB | Cached: 30596.0 MB

Validation Dice: 0.7696661177944745 for Model: RoiNet_Dice

==== Memoria GPU - Inicio de época ====
GPU 0 - Total: 40442.4 MB | Allocated: 72.6 MB | Cached: 1226.0 MB


==== Memoria GPU - Inicio de época ====
GPU 0 - Total: 40442.4 MB | Allocated: 72.6 MB | Cached: 30596.0 MB

Validation Dice: 0.7575425769194443 for Model: RoiNet_Dice

==== Memoria GPU - Inicio de época ====
GPU 0 - Total: 40442.4 MB | Allocated: 72.6 MB | Cached: 1226.0 MB


==== Memoria GPU - Inicio de época ====
GPU 0 - Total: 40442.4 MB | Allocated: 72.6 MB | Cached: 30596.0 MB

Validation Dice: 0.7712482601487335 for Model: RoiNet_Dice

==== Memoria GPU - Inicio de época ====
GPU 0 - Total: 40442.4 MB | Allocated: 72.6 MB | Cached: 1226.0 MB


==== Memoria GPU - Inicio de época ====
GPU 0 - Total: 40442.4 MB | Allocated: 72.6 MB | Cached: 30596.0 MB

Validation Dice: 0.7451089370066085 for Model: RoiNet_Dice

==== Memoria GPU - Inicio de época ====
GPU 0 - Total: 40442.4 MB | Allocated: 72.6 MB | Cached: 1226.0 MB


==== Memoria GPU - Inicio de época ====
GPU 0 - Total: 40442.4 MB | Allocated: 72.6 MB | Cached: 30596.0 MB

Validation Dice: 0.7673939470316674 for Model: RoiNet_Dice

==== Memoria GPU - Inicio de época ====
GPU 0 - Total: 40442.4 MB | Allocated: 72.6 MB | Cached: 1226.0 MB


==== Memoria GPU - Inicio de época ====
GPU 0 - Total: 40442.4 MB | Allocated: 72.6 MB | Cached: 30596.0 MB

Validation Dice: 0.7705417886489881 for Model: RoiNet_Dice

==== Memoria GPU - Inicio de época ====
GPU 0 - Total: 40442.4 MB | Allocated: 72.6 MB | Cached: 1226.0 MB


==== Memoria GPU - Inicio de época ====
GPU 0 - Total: 40442.4 MB | Allocated: 72.6 MB | Cached: 30596.0 MB

Validation Dice: 0.7953142439169022 for Model: RoiNet_Dice
New best dice found, evaluating on test set...

==== Memoria GPU - Inicio de época ====
GPU 0 - Total: 40442.4 MB | Allocated: 72.6 MB | Cached: 30596.0 MB


==== Memoria GPU - Inicio de época ====
GPU 0 - Total: 40442.4 MB | Allocated: 72.6 MB | Cached: 1226.0 MB


==== Memoria GPU - Inicio de época ====
GPU 0 - Total: 40442.4 MB | Allocated: 72.6 MB | Cached: 30596.0 MB

Validation Dice: 0.7468414405542021 for Model: RoiNet_Dice

==== Memoria GPU - Inicio de época ====
GPU 0 - Total: 40442.4 MB | Allocated: 72.6 MB | Cached: 1226.0 MB


==== Memoria GPU - Inicio de época ====
GPU 0 - Total: 40442.4 MB | Allocated: 72.6 MB | Cached: 30596.0 MB

Validation Dice: 0.7662451575284402 for Model: RoiNet_Dice

==== Memoria GPU - Inicio de época ====
GPU 0 - Total: 40442.4 MB | Allocated: 72.6 MB | Cached: 1226.0 MB


==== Memoria GPU - Inicio de época ====
GPU 0 - Total: 40442.4 MB | Allocated: 72.6 MB | Cached: 30596.0 MB

Validation Dice: 0.7761966720039036 for Model: RoiNet_Dice

==== Memoria GPU - Inicio de época ====
GPU 0 - Total: 40442.4 MB | Allocated: 72.6 MB | Cached: 1226.0 MB


==== Memoria GPU - Inicio de época ====
GPU 0 - Total: 40442.4 MB | Allocated: 72.6 MB | Cached: 30596.0 MB

Validation Dice: 0.7592007524313523 for Model: RoiNet_Dice

==== Memoria GPU - Inicio de época ====
GPU 0 - Total: 40442.4 MB | Allocated: 72.6 MB | Cached: 1226.0 MB


==== Memoria GPU - Inicio de época ====
GPU 0 - Total: 40442.4 MB | Allocated: 72.6 MB | Cached: 30596.0 MB

Validation Dice: 0.7601082177536065 for Model: RoiNet_Dice

==== Memoria GPU - Inicio de época ====
GPU 0 - Total: 40442.4 MB | Allocated: 72.6 MB | Cached: 1226.0 MB


==== Memoria GPU - Inicio de época ====
GPU 0 - Total: 40442.4 MB | Allocated: 72.6 MB | Cached: 30596.0 MB

Validation Dice: 0.765983454393542 for Model: RoiNet_Dice

==== Memoria GPU - Inicio de época ====
GPU 0 - Total: 40442.4 MB | Allocated: 72.6 MB | Cached: 1226.0 MB


==== Memoria GPU - Inicio de época ====
GPU 0 - Total: 40442.4 MB | Allocated: 72.6 MB | Cached: 30596.0 MB

Validation Dice: 0.6995310109876468 for Model: RoiNet_Dice

==== Memoria GPU - Inicio de época ====
GPU 0 - Total: 40442.4 MB | Allocated: 72.6 MB | Cached: 1226.0 MB


==== Memoria GPU - Inicio de época ====
GPU 0 - Total: 40442.4 MB | Allocated: 72.6 MB | Cached: 30596.0 MB

Validation Dice: 0.6843609144262206 for Model: RoiNet_Dice

==== Memoria GPU - Inicio de época ====
GPU 0 - Total: 40442.4 MB | Allocated: 72.6 MB | Cached: 1226.0 MB


==== Memoria GPU - Inicio de época ====
GPU 0 - Total: 40442.4 MB | Allocated: 72.6 MB | Cached: 30596.0 MB

Validation Dice: 0.785969539768584 for Model: RoiNet_Dice

==== Memoria GPU - Inicio de época ====
GPU 0 - Total: 40442.4 MB | Allocated: 72.6 MB | Cached: 1226.0 MB


==== Memoria GPU - Inicio de época ====
GPU 0 - Total: 40442.4 MB | Allocated: 72.6 MB | Cached: 30596.0 MB

Validation Dice: 0.7856377309670972 for Model: RoiNet_Dice

==== Memoria GPU - Inicio de época ====
GPU 0 - Total: 40442.4 MB | Allocated: 72.6 MB | Cached: 1226.0 MB


==== Memoria GPU - Inicio de época ====
GPU 0 - Total: 40442.4 MB | Allocated: 72.6 MB | Cached: 30596.0 MB

Validation Dice: 0.7610391776357361 for Model: RoiNet_Dice

==== Memoria GPU - Inicio de época ====
GPU 0 - Total: 40442.4 MB | Allocated: 72.6 MB | Cached: 1226.0 MB


==== Memoria GPU - Inicio de época ====
GPU 0 - Total: 40442.4 MB | Allocated: 72.6 MB | Cached: 30596.0 MB

Validation Dice: 0.6410692682425755 for Model: RoiNet_Dice

==== Memoria GPU - Inicio de época ====
GPU 0 - Total: 40442.4 MB | Allocated: 72.6 MB | Cached: 1226.0 MB


==== Memoria GPU - Inicio de época ====
GPU 0 - Total: 40442.4 MB | Allocated: 72.6 MB | Cached: 30596.0 MB

Validation Dice: 0.7270980656850577 for Model: RoiNet_Dice

==== Memoria GPU - Inicio de época ====
GPU 0 - Total: 40442.4 MB | Allocated: 72.6 MB | Cached: 1226.0 MB


==== Memoria GPU - Inicio de época ====
GPU 0 - Total: 40442.4 MB | Allocated: 72.6 MB | Cached: 30596.0 MB

Validation Dice: 0.7379094684673234 for Model: RoiNet_Dice

==== Memoria GPU - Inicio de época ====
GPU 0 - Total: 40442.4 MB | Allocated: 72.6 MB | Cached: 1226.0 MB


==== Memoria GPU - Inicio de época ====
GPU 0 - Total: 40442.4 MB | Allocated: 72.6 MB | Cached: 30596.0 MB

Validation Dice: 0.7679213341052525 for Model: RoiNet_Dice

==== Memoria GPU - Inicio de época ====
GPU 0 - Total: 40442.4 MB | Allocated: 72.6 MB | Cached: 1226.0 MB


==== Memoria GPU - Inicio de época ====
GPU 0 - Total: 40442.4 MB | Allocated: 72.6 MB | Cached: 30596.0 MB

Validation Dice: 0.7254596024714197 for Model: RoiNet_Dice

==== Memoria GPU - Inicio de época ====
GPU 0 - Total: 40442.4 MB | Allocated: 72.6 MB | Cached: 1226.0 MB


==== Memoria GPU - Inicio de época ====
GPU 0 - Total: 40442.4 MB | Allocated: 72.6 MB | Cached: 30596.0 MB

Validation Dice: 0.7783940371632205 for Model: RoiNet_Dice

==== Memoria GPU - Inicio de época ====
GPU 0 - Total: 40442.4 MB | Allocated: 72.6 MB | Cached: 1226.0 MB


==== Memoria GPU - Inicio de época ====
GPU 0 - Total: 40442.4 MB | Allocated: 72.6 MB | Cached: 30596.0 MB

Validation Dice: 0.7797291821093099 for Model: RoiNet_Dice

==== Memoria GPU - Inicio de época ====
GPU 0 - Total: 40442.4 MB | Allocated: 72.6 MB | Cached: 1226.0 MB


==== Memoria GPU - Inicio de época ====
GPU 0 - Total: 40442.4 MB | Allocated: 72.6 MB | Cached: 30596.0 MB

Validation Dice: 0.7785860133012891 for Model: RoiNet_Dice

==== Memoria GPU - Inicio de época ====
GPU 0 - Total: 40442.4 MB | Allocated: 72.6 MB | Cached: 1226.0 MB


==== Memoria GPU - Inicio de época ====
GPU 0 - Total: 40442.4 MB | Allocated: 72.6 MB | Cached: 30596.0 MB

Validation Dice: 0.7890600389296405 for Model: RoiNet_Dice

==== Memoria GPU - Inicio de época ====
GPU 0 - Total: 40442.4 MB | Allocated: 72.6 MB | Cached: 1226.0 MB


==== Memoria GPU - Inicio de época ====
GPU 0 - Total: 40442.4 MB | Allocated: 72.6 MB | Cached: 30596.0 MB

Validation Dice: 0.7447981259741233 for Model: RoiNet_Dice

==== Memoria GPU - Inicio de época ====
GPU 0 - Total: 40442.4 MB | Allocated: 72.6 MB | Cached: 1226.0 MB


==== Memoria GPU - Inicio de época ====
GPU 0 - Total: 40442.4 MB | Allocated: 72.6 MB | Cached: 30596.0 MB

Validation Dice: 0.7851162810723701 for Model: RoiNet_Dice

==== Memoria GPU - Inicio de época ====
GPU 0 - Total: 40442.4 MB | Allocated: 72.6 MB | Cached: 1226.0 MB


==== Memoria GPU - Inicio de época ====
GPU 0 - Total: 40442.4 MB | Allocated: 72.6 MB | Cached: 30596.0 MB

Validation Dice: 0.7630356313643646 for Model: RoiNet_Dice

==== Memoria GPU - Inicio de época ====
GPU 0 - Total: 40442.4 MB | Allocated: 72.6 MB | Cached: 1226.0 MB


==== Memoria GPU - Inicio de época ====
GPU 0 - Total: 40442.4 MB | Allocated: 72.6 MB | Cached: 30596.0 MB

Validation Dice: 0.7211406721784814 for Model: RoiNet_Dice

==== Memoria GPU - Inicio de época ====
GPU 0 - Total: 40442.4 MB | Allocated: 72.6 MB | Cached: 1226.0 MB


==== Memoria GPU - Inicio de época ====
GPU 0 - Total: 40442.4 MB | Allocated: 72.6 MB | Cached: 30596.0 MB

Validation Dice: 0.7175870875575352 for Model: RoiNet_Dice

==== Memoria GPU - Inicio de época ====
GPU 0 - Total: 40442.4 MB | Allocated: 72.6 MB | Cached: 1226.0 MB


==== Memoria GPU - Inicio de época ====
GPU 0 - Total: 40442.4 MB | Allocated: 72.6 MB | Cached: 30596.0 MB

Validation Dice: 0.7591842993843658 for Model: RoiNet_Dice

==== Memoria GPU - Inicio de época ====
GPU 0 - Total: 40442.4 MB | Allocated: 72.6 MB | Cached: 1226.0 MB


==== Memoria GPU - Inicio de época ====
GPU 0 - Total: 40442.4 MB | Allocated: 72.6 MB | Cached: 30596.0 MB

Validation Dice: 0.7258622194386471 for Model: RoiNet_Dice

==== Memoria GPU - Inicio de época ====
GPU 0 - Total: 40442.4 MB | Allocated: 72.6 MB | Cached: 1226.0 MB


==== Memoria GPU - Inicio de época ====
GPU 0 - Total: 40442.4 MB | Allocated: 72.6 MB | Cached: 30596.0 MB

Validation Dice: 0.7927536431890826 for Model: RoiNet_Dice

==== Memoria GPU - Inicio de época ====
GPU 0 - Total: 40442.4 MB | Allocated: 72.6 MB | Cached: 1226.0 MB


==== Memoria GPU - Inicio de época ====
GPU 0 - Total: 40442.4 MB | Allocated: 72.6 MB | Cached: 30596.0 MB

Validation Dice: 0.7679839015991725 for Model: RoiNet_Dice

==== Memoria GPU - Inicio de época ====
GPU 0 - Total: 40442.4 MB | Allocated: 72.6 MB | Cached: 1226.0 MB


==== Memoria GPU - Inicio de época ====
GPU 0 - Total: 40442.4 MB | Allocated: 72.6 MB | Cached: 30596.0 MB

Validation Dice: 0.699224002922448 for Model: RoiNet_Dice

==== Memoria GPU - Inicio de época ====
GPU 0 - Total: 40442.4 MB | Allocated: 72.6 MB | Cached: 1226.0 MB


==== Memoria GPU - Inicio de época ====
GPU 0 - Total: 40442.4 MB | Allocated: 72.6 MB | Cached: 30596.0 MB

Validation Dice: 0.7736916490808627 for Model: RoiNet_Dice

==== Memoria GPU - Inicio de época ====
GPU 0 - Total: 40442.4 MB | Allocated: 72.6 MB | Cached: 1226.0 MB


==== Memoria GPU - Inicio de época ====
GPU 0 - Total: 40442.4 MB | Allocated: 72.6 MB | Cached: 30596.0 MB

Validation Dice: 0.7769496405459513 for Model: RoiNet_Dice

==== Memoria GPU - Inicio de época ====
GPU 0 - Total: 40442.4 MB | Allocated: 72.6 MB | Cached: 1226.0 MB


==== Memoria GPU - Inicio de época ====
GPU 0 - Total: 40442.4 MB | Allocated: 72.6 MB | Cached: 30596.0 MB

Validation Dice: 0.7914788818548207 for Model: RoiNet_Dice

==== Memoria GPU - Inicio de época ====
GPU 0 - Total: 40442.4 MB | Allocated: 72.6 MB | Cached: 1226.0 MB


==== Memoria GPU - Inicio de época ====
GPU 0 - Total: 40442.4 MB | Allocated: 72.6 MB | Cached: 30596.0 MB

Validation Dice: 0.7700055813398514 for Model: RoiNet_Dice

==== Memoria GPU - Inicio de época ====
GPU 0 - Total: 40442.4 MB | Allocated: 72.6 MB | Cached: 1226.0 MB


==== Memoria GPU - Inicio de época ====
GPU 0 - Total: 40442.4 MB | Allocated: 72.6 MB | Cached: 30596.0 MB

Validation Dice: 0.7982557318387287 for Model: RoiNet_Dice
New best dice found, evaluating on test set...

==== Memoria GPU - Inicio de época ====
GPU 0 - Total: 40442.4 MB | Allocated: 72.6 MB | Cached: 30596.0 MB


==== Memoria GPU - Inicio de época ====
GPU 0 - Total: 40442.4 MB | Allocated: 72.6 MB | Cached: 1226.0 MB


==== Memoria GPU - Inicio de época ====
GPU 0 - Total: 40442.4 MB | Allocated: 72.6 MB | Cached: 30596.0 MB

Validation Dice: 0.7817216061231608 for Model: RoiNet_Dice

==== Memoria GPU - Inicio de época ====
GPU 0 - Total: 40442.4 MB | Allocated: 72.6 MB | Cached: 1226.0 MB


==== Memoria GPU - Inicio de época ====
GPU 0 - Total: 40442.4 MB | Allocated: 72.6 MB | Cached: 30596.0 MB

Validation Dice: 0.7818672889801653 for Model: RoiNet_Dice

==== Memoria GPU - Inicio de época ====
GPU 0 - Total: 40442.4 MB | Allocated: 72.6 MB | Cached: 1226.0 MB


==== Memoria GPU - Inicio de época ====
GPU 0 - Total: 40442.4 MB | Allocated: 72.6 MB | Cached: 30596.0 MB

Validation Dice: 0.7752235547731429 for Model: RoiNet_Dice

==== Memoria GPU - Inicio de época ====
GPU 0 - Total: 40442.4 MB | Allocated: 72.6 MB | Cached: 1226.0 MB


==== Memoria GPU - Inicio de época ====
GPU 0 - Total: 40442.4 MB | Allocated: 72.6 MB | Cached: 30596.0 MB

Validation Dice: 0.7710158660196169 for Model: RoiNet_Dice

==== Memoria GPU - Inicio de época ====
GPU 0 - Total: 40442.4 MB | Allocated: 72.6 MB | Cached: 1226.0 MB


==== Memoria GPU - Inicio de época ====
GPU 0 - Total: 40442.4 MB | Allocated: 72.6 MB | Cached: 30596.0 MB

Validation Dice: 0.7739035095450296 for Model: RoiNet_Dice

==== Memoria GPU - Inicio de época ====
GPU 0 - Total: 40442.4 MB | Allocated: 72.6 MB | Cached: 1226.0 MB


==== Memoria GPU - Inicio de época ====
GPU 0 - Total: 40442.4 MB | Allocated: 72.6 MB | Cached: 30596.0 MB

Validation Dice: 0.7807404897782384 for Model: RoiNet_Dice

==== Memoria GPU - Inicio de época ====
GPU 0 - Total: 40442.4 MB | Allocated: 72.6 MB | Cached: 1226.0 MB


==== Memoria GPU - Inicio de época ====
GPU 0 - Total: 40442.4 MB | Allocated: 72.6 MB | Cached: 30596.0 MB

Validation Dice: 0.741763412017084 for Model: RoiNet_Dice

==== Memoria GPU - Inicio de época ====
GPU 0 - Total: 40442.4 MB | Allocated: 72.6 MB | Cached: 1226.0 MB


==== Memoria GPU - Inicio de época ====
GPU 0 - Total: 40442.4 MB | Allocated: 72.6 MB | Cached: 30596.0 MB

Validation Dice: 0.7501088495208964 for Model: RoiNet_Dice

==== Memoria GPU - Inicio de época ====
GPU 0 - Total: 40442.4 MB | Allocated: 72.6 MB | Cached: 1226.0 MB


==== Memoria GPU - Inicio de época ====
GPU 0 - Total: 40442.4 MB | Allocated: 72.6 MB | Cached: 30596.0 MB

Validation Dice: 0.7790668596493082 for Model: RoiNet_Dice

==== Memoria GPU - Inicio de época ====
GPU 0 - Total: 40442.4 MB | Allocated: 72.6 MB | Cached: 1226.0 MB


==== Memoria GPU - Inicio de época ====
GPU 0 - Total: 40442.4 MB | Allocated: 72.6 MB | Cached: 30596.0 MB

Validation Dice: 0.8025213444008644 for Model: RoiNet_Dice
New best dice found, evaluating on test set...

==== Memoria GPU - Inicio de época ====
GPU 0 - Total: 40442.4 MB | Allocated: 72.6 MB | Cached: 30596.0 MB


==== Memoria GPU - Inicio de época ====
GPU 0 - Total: 40442.4 MB | Allocated: 72.6 MB | Cached: 1226.0 MB


==== Memoria GPU - Inicio de época ====
GPU 0 - Total: 40442.4 MB | Allocated: 72.6 MB | Cached: 30596.0 MB

Validation Dice: 0.6689845257243359 for Model: RoiNet_Dice

==== Memoria GPU - Inicio de época ====
GPU 0 - Total: 40442.4 MB | Allocated: 72.6 MB | Cached: 1226.0 MB


==== Memoria GPU - Inicio de época ====
GPU 0 - Total: 40442.4 MB | Allocated: 72.6 MB | Cached: 30596.0 MB

Validation Dice: 0.7674821970167026 for Model: RoiNet_Dice

==== Memoria GPU - Inicio de época ====
GPU 0 - Total: 40442.4 MB | Allocated: 72.6 MB | Cached: 1226.0 MB


==== Memoria GPU - Inicio de época ====
GPU 0 - Total: 40442.4 MB | Allocated: 72.6 MB | Cached: 30596.0 MB

Validation Dice: 0.7478132391478243 for Model: RoiNet_Dice

==== Memoria GPU - Inicio de época ====
GPU 0 - Total: 40442.4 MB | Allocated: 72.6 MB | Cached: 1226.0 MB


==== Memoria GPU - Inicio de época ====
GPU 0 - Total: 40442.4 MB | Allocated: 72.6 MB | Cached: 30596.0 MB

Validation Dice: 0.7615053594509773 for Model: RoiNet_Dice

==== Memoria GPU - Inicio de época ====
GPU 0 - Total: 40442.4 MB | Allocated: 72.6 MB | Cached: 1226.0 MB


==== Memoria GPU - Inicio de época ====
GPU 0 - Total: 40442.4 MB | Allocated: 72.6 MB | Cached: 30596.0 MB

Validation Dice: 0.75926207349192 for Model: RoiNet_Dice

==== Memoria GPU - Inicio de época ====
GPU 0 - Total: 40442.4 MB | Allocated: 72.6 MB | Cached: 1226.0 MB


==== Memoria GPU - Inicio de época ====
GPU 0 - Total: 40442.4 MB | Allocated: 72.6 MB | Cached: 30596.0 MB

Validation Dice: 0.6911449320139429 for Model: RoiNet_Dice

==== Memoria GPU - Inicio de época ====
GPU 0 - Total: 40442.4 MB | Allocated: 72.6 MB | Cached: 1226.0 MB


==== Memoria GPU - Inicio de época ====
GPU 0 - Total: 40442.4 MB | Allocated: 72.6 MB | Cached: 30596.0 MB

Validation Dice: 0.7908920430593379 for Model: RoiNet_Dice

==== Memoria GPU - Inicio de época ====
GPU 0 - Total: 40442.4 MB | Allocated: 72.6 MB | Cached: 1226.0 MB


==== Memoria GPU - Inicio de época ====
GPU 0 - Total: 40442.4 MB | Allocated: 72.6 MB | Cached: 30596.0 MB

Validation Dice: 0.779216912613678 for Model: RoiNet_Dice

==== Memoria GPU - Inicio de época ====
GPU 0 - Total: 40442.4 MB | Allocated: 72.6 MB | Cached: 1226.0 MB


==== Memoria GPU - Inicio de época ====
GPU 0 - Total: 40442.4 MB | Allocated: 72.6 MB | Cached: 30596.0 MB

Validation Dice: 0.8114035278942985 for Model: RoiNet_Dice
New best dice found, evaluating on test set...

==== Memoria GPU - Inicio de época ====
GPU 0 - Total: 40442.4 MB | Allocated: 72.6 MB | Cached: 30596.0 MB


==== Memoria GPU - Inicio de época ====
GPU 0 - Total: 40442.4 MB | Allocated: 72.6 MB | Cached: 1226.0 MB


==== Memoria GPU - Inicio de época ====
GPU 0 - Total: 40442.4 MB | Allocated: 72.6 MB | Cached: 30596.0 MB

Validation Dice: 0.7616428138111568 for Model: RoiNet_Dice

==== Memoria GPU - Inicio de época ====
GPU 0 - Total: 40442.4 MB | Allocated: 72.6 MB | Cached: 1226.0 MB


==== Memoria GPU - Inicio de época ====
GPU 0 - Total: 40442.4 MB | Allocated: 72.6 MB | Cached: 30596.0 MB

Validation Dice: 0.772713038916947 for Model: RoiNet_Dice

==== Memoria GPU - Inicio de época ====
GPU 0 - Total: 40442.4 MB | Allocated: 72.6 MB | Cached: 1226.0 MB


==== Memoria GPU - Inicio de época ====
GPU 0 - Total: 40442.4 MB | Allocated: 72.6 MB | Cached: 30596.0 MB

Validation Dice: 0.7564351054259374 for Model: RoiNet_Dice

==== Memoria GPU - Inicio de época ====
GPU 0 - Total: 40442.4 MB | Allocated: 72.6 MB | Cached: 1226.0 MB


==== Memoria GPU - Inicio de época ====
GPU 0 - Total: 40442.4 MB | Allocated: 72.6 MB | Cached: 30596.0 MB

Validation Dice: 0.7348847640531375 for Model: RoiNet_Dice

==== Memoria GPU - Inicio de época ====
GPU 0 - Total: 40442.4 MB | Allocated: 72.6 MB | Cached: 1226.0 MB


==== Memoria GPU - Inicio de época ====
GPU 0 - Total: 40442.4 MB | Allocated: 72.6 MB | Cached: 30596.0 MB

Validation Dice: 0.787765753731544 for Model: RoiNet_Dice

==== Memoria GPU - Inicio de época ====
GPU 0 - Total: 40442.4 MB | Allocated: 72.6 MB | Cached: 1226.0 MB


==== Memoria GPU - Inicio de época ====
GPU 0 - Total: 40442.4 MB | Allocated: 72.6 MB | Cached: 30596.0 MB

Validation Dice: 0.7299523543892745 for Model: RoiNet_Dice

==== Memoria GPU - Inicio de época ====
GPU 0 - Total: 40442.4 MB | Allocated: 72.6 MB | Cached: 1226.0 MB


==== Memoria GPU - Inicio de época ====
GPU 0 - Total: 40442.4 MB | Allocated: 72.6 MB | Cached: 30596.0 MB

Validation Dice: 0.7788733388856045 for Model: RoiNet_Dice

==== Memoria GPU - Inicio de época ====
GPU 0 - Total: 40442.4 MB | Allocated: 72.6 MB | Cached: 1226.0 MB


==== Memoria GPU - Inicio de época ====
GPU 0 - Total: 40442.4 MB | Allocated: 72.6 MB | Cached: 30596.0 MB

Validation Dice: 0.7819398448807874 for Model: RoiNet_Dice

==== Memoria GPU - Inicio de época ====
GPU 0 - Total: 40442.4 MB | Allocated: 72.6 MB | Cached: 1226.0 MB


==== Memoria GPU - Inicio de época ====
GPU 0 - Total: 40442.4 MB | Allocated: 72.6 MB | Cached: 30596.0 MB

Validation Dice: 0.7577999110434919 for Model: RoiNet_Dice

==== Memoria GPU - Inicio de época ====
GPU 0 - Total: 40442.4 MB | Allocated: 72.6 MB | Cached: 1226.0 MB


==== Memoria GPU - Inicio de época ====
GPU 0 - Total: 40442.4 MB | Allocated: 72.6 MB | Cached: 30596.0 MB

Validation Dice: 0.7705931442995014 for Model: RoiNet_Dice

==== Memoria GPU - Inicio de época ====
GPU 0 - Total: 40442.4 MB | Allocated: 72.6 MB | Cached: 1226.0 MB


==== Memoria GPU - Inicio de época ====
GPU 0 - Total: 40442.4 MB | Allocated: 72.6 MB | Cached: 30596.0 MB

Validation Dice: 0.7375932382517715 for Model: RoiNet_Dice

==== Memoria GPU - Inicio de época ====
GPU 0 - Total: 40442.4 MB | Allocated: 72.6 MB | Cached: 1226.0 MB


==== Memoria GPU - Inicio de época ====
GPU 0 - Total: 40442.4 MB | Allocated: 72.6 MB | Cached: 30596.0 MB

Validation Dice: 0.754581515353122 for Model: RoiNet_Dice

==== Memoria GPU - Inicio de época ====
GPU 0 - Total: 40442.4 MB | Allocated: 72.6 MB | Cached: 1226.0 MB


==== Memoria GPU - Inicio de época ====
GPU 0 - Total: 40442.4 MB | Allocated: 72.6 MB | Cached: 30596.0 MB

Validation Dice: 0.7272662220074954 for Model: RoiNet_Dice

==== Memoria GPU - Inicio de época ====
GPU 0 - Total: 40442.4 MB | Allocated: 72.6 MB | Cached: 1226.0 MB


==== Memoria GPU - Inicio de época ====
GPU 0 - Total: 40442.4 MB | Allocated: 72.6 MB | Cached: 30596.0 MB

Validation Dice: 0.7921508479255117 for Model: RoiNet_Dice

==== Memoria GPU - Inicio de época ====
GPU 0 - Total: 40442.4 MB | Allocated: 72.6 MB | Cached: 1226.0 MB


==== Memoria GPU - Inicio de época ====
GPU 0 - Total: 40442.4 MB | Allocated: 72.6 MB | Cached: 30596.0 MB

Validation Dice: 0.7715533829977814 for Model: RoiNet_Dice

==== Memoria GPU - Inicio de época ====
GPU 0 - Total: 40442.4 MB | Allocated: 72.6 MB | Cached: 1226.0 MB


==== Memoria GPU - Inicio de época ====
GPU 0 - Total: 40442.4 MB | Allocated: 72.6 MB | Cached: 30596.0 MB

Validation Dice: 0.7598219464493757 for Model: RoiNet_Dice

==== Memoria GPU - Inicio de época ====
GPU 0 - Total: 40442.4 MB | Allocated: 72.6 MB | Cached: 1226.0 MB


==== Memoria GPU - Inicio de época ====
GPU 0 - Total: 40442.4 MB | Allocated: 72.6 MB | Cached: 30596.0 MB

Validation Dice: 0.7662316885227635 for Model: RoiNet_Dice

==== Memoria GPU - Inicio de época ====
GPU 0 - Total: 40442.4 MB | Allocated: 72.6 MB | Cached: 1226.0 MB


==== Memoria GPU - Inicio de época ====
GPU 0 - Total: 40442.4 MB | Allocated: 72.6 MB | Cached: 30596.0 MB

Validation Dice: 0.7482293450449874 for Model: RoiNet_Dice

==== Memoria GPU - Inicio de época ====
GPU 0 - Total: 40442.4 MB | Allocated: 72.6 MB | Cached: 1226.0 MB


==== Memoria GPU - Inicio de época ====
GPU 0 - Total: 40442.4 MB | Allocated: 72.6 MB | Cached: 30596.0 MB

Validation Dice: 0.7588606721621456 for Model: RoiNet_Dice

==== Memoria GPU - Inicio de época ====
GPU 0 - Total: 40442.4 MB | Allocated: 72.6 MB | Cached: 1226.0 MB


==== Memoria GPU - Inicio de época ====
GPU 0 - Total: 40442.4 MB | Allocated: 72.6 MB | Cached: 30596.0 MB

Validation Dice: 0.7294175025492999 for Model: RoiNet_Dice

==== Memoria GPU - Inicio de época ====
GPU 0 - Total: 40442.4 MB | Allocated: 72.6 MB | Cached: 1226.0 MB


==== Memoria GPU - Inicio de época ====
GPU 0 - Total: 40442.4 MB | Allocated: 72.6 MB | Cached: 30596.0 MB

Validation Dice: 0.6826194265138434 for Model: RoiNet_Dice

==== Memoria GPU - Inicio de época ====
GPU 0 - Total: 40442.4 MB | Allocated: 72.6 MB | Cached: 1226.0 MB


==== Memoria GPU - Inicio de época ====
GPU 0 - Total: 40442.4 MB | Allocated: 72.6 MB | Cached: 30596.0 MB

Validation Dice: 0.7160915276708525 for Model: RoiNet_Dice

==== Memoria GPU - Inicio de época ====
GPU 0 - Total: 40442.4 MB | Allocated: 72.6 MB | Cached: 1226.0 MB


==== Memoria GPU - Inicio de época ====
GPU 0 - Total: 40442.4 MB | Allocated: 72.6 MB | Cached: 30596.0 MB

Validation Dice: 0.7753758679289101 for Model: RoiNet_Dice

==== Memoria GPU - Inicio de época ====
GPU 0 - Total: 40442.4 MB | Allocated: 72.6 MB | Cached: 1226.0 MB


==== Memoria GPU - Inicio de época ====
GPU 0 - Total: 40442.4 MB | Allocated: 72.6 MB | Cached: 30596.0 MB

Validation Dice: 0.719215785771578 for Model: RoiNet_Dice

==== Memoria GPU - Inicio de época ====
GPU 0 - Total: 40442.4 MB | Allocated: 72.6 MB | Cached: 1226.0 MB


==== Memoria GPU - Inicio de época ====
GPU 0 - Total: 40442.4 MB | Allocated: 72.6 MB | Cached: 30596.0 MB

Validation Dice: 0.7501226299654405 for Model: RoiNet_Dice

==== Memoria GPU - Inicio de época ====
GPU 0 - Total: 40442.4 MB | Allocated: 72.6 MB | Cached: 1226.0 MB


==== Memoria GPU - Inicio de época ====
GPU 0 - Total: 40442.4 MB | Allocated: 72.6 MB | Cached: 30596.0 MB

Validation Dice: 0.7392812469242394 for Model: RoiNet_Dice

==== Memoria GPU - Inicio de época ====
GPU 0 - Total: 40442.4 MB | Allocated: 72.6 MB | Cached: 1226.0 MB


==== Memoria GPU - Inicio de época ====
GPU 0 - Total: 40442.4 MB | Allocated: 72.6 MB | Cached: 30596.0 MB

Validation Dice: 0.7789002934234369 for Model: RoiNet_Dice

==== Memoria GPU - Inicio de época ====
GPU 0 - Total: 40442.4 MB | Allocated: 72.6 MB | Cached: 1226.0 MB


==== Memoria GPU - Inicio de época ====
GPU 0 - Total: 40442.4 MB | Allocated: 72.6 MB | Cached: 30596.0 MB

Validation Dice: 0.7765228597995951 for Model: RoiNet_Dice

==== Memoria GPU - Inicio de época ====
GPU 0 - Total: 40442.4 MB | Allocated: 72.6 MB | Cached: 1226.0 MB


==== Memoria GPU - Inicio de época ====
GPU 0 - Total: 40442.4 MB | Allocated: 72.6 MB | Cached: 30596.0 MB

Validation Dice: 0.797757088013187 for Model: RoiNet_Dice

==== Memoria GPU - Inicio de época ====
GPU 0 - Total: 40442.4 MB | Allocated: 72.6 MB | Cached: 1226.0 MB


==== Memoria GPU - Inicio de época ====
GPU 0 - Total: 40442.4 MB | Allocated: 72.6 MB | Cached: 30596.0 MB

Validation Dice: 0.734025954118997 for Model: RoiNet_Dice

==== Memoria GPU - Inicio de época ====
GPU 0 - Total: 40442.4 MB | Allocated: 72.6 MB | Cached: 1226.0 MB


==== Memoria GPU - Inicio de época ====
GPU 0 - Total: 40442.4 MB | Allocated: 72.6 MB | Cached: 30596.0 MB

Validation Dice: 0.8001202589702793 for Model: RoiNet_Dice

==== Memoria GPU - Inicio de época ====
GPU 0 - Total: 40442.4 MB | Allocated: 72.6 MB | Cached: 1226.0 MB


==== Memoria GPU - Inicio de época ====
GPU 0 - Total: 40442.4 MB | Allocated: 72.6 MB | Cached: 30596.0 MB

Validation Dice: 0.7756938852844584 for Model: RoiNet_Dice

==== Memoria GPU - Inicio de época ====
GPU 0 - Total: 40442.4 MB | Allocated: 72.6 MB | Cached: 1226.0 MB


==== Memoria GPU - Inicio de época ====
GPU 0 - Total: 40442.4 MB | Allocated: 72.6 MB | Cached: 30596.0 MB

Validation Dice: 0.7750553330297902 for Model: RoiNet_Dice

==== Memoria GPU - Inicio de época ====
GPU 0 - Total: 40442.4 MB | Allocated: 72.6 MB | Cached: 1226.0 MB


==== Memoria GPU - Inicio de época ====
GPU 0 - Total: 40442.4 MB | Allocated: 72.6 MB | Cached: 30596.0 MB

Validation Dice: 0.7278941633049563 for Model: RoiNet_Dice

==== Memoria GPU - Inicio de época ====
GPU 0 - Total: 40442.4 MB | Allocated: 72.6 MB | Cached: 1226.0 MB


==== Memoria GPU - Inicio de época ====
GPU 0 - Total: 40442.4 MB | Allocated: 72.6 MB | Cached: 30596.0 MB

Validation Dice: 0.7697260822252409 for Model: RoiNet_Dice

==== Memoria GPU - Inicio de época ====
GPU 0 - Total: 40442.4 MB | Allocated: 72.6 MB | Cached: 1226.0 MB


==== Memoria GPU - Inicio de época ====
GPU 0 - Total: 40442.4 MB | Allocated: 72.6 MB | Cached: 30596.0 MB

Validation Dice: 0.7661754793431738 for Model: RoiNet_Dice

==== Memoria GPU - Inicio de época ====
GPU 0 - Total: 40442.4 MB | Allocated: 72.6 MB | Cached: 1226.0 MB


==== Memoria GPU - Inicio de época ====
GPU 0 - Total: 40442.4 MB | Allocated: 72.6 MB | Cached: 30596.0 MB

Validation Dice: 0.7750653633339348 for Model: RoiNet_Dice

==== Memoria GPU - Inicio de época ====
GPU 0 - Total: 40442.4 MB | Allocated: 72.6 MB | Cached: 1226.0 MB


==== Memoria GPU - Inicio de época ====
GPU 0 - Total: 40442.4 MB | Allocated: 72.6 MB | Cached: 30596.0 MB

Validation Dice: 0.748157246384497 for Model: RoiNet_Dice

==== Memoria GPU - Inicio de época ====
GPU 0 - Total: 40442.4 MB | Allocated: 72.6 MB | Cached: 1226.0 MB


==== Memoria GPU - Inicio de época ====
GPU 0 - Total: 40442.4 MB | Allocated: 72.6 MB | Cached: 30596.0 MB

Validation Dice: 0.7547648583013813 for Model: RoiNet_Dice

==== Memoria GPU - Inicio de época ====
GPU 0 - Total: 40442.4 MB | Allocated: 72.6 MB | Cached: 1226.0 MB


==== Memoria GPU - Inicio de época ====
GPU 0 - Total: 40442.4 MB | Allocated: 72.6 MB | Cached: 30596.0 MB

Validation Dice: 0.7452435769193325 for Model: RoiNet_Dice

==== Memoria GPU - Inicio de época ====
GPU 0 - Total: 40442.4 MB | Allocated: 72.6 MB | Cached: 1226.0 MB


==== Memoria GPU - Inicio de época ====
GPU 0 - Total: 40442.4 MB | Allocated: 72.6 MB | Cached: 30596.0 MB

Validation Dice: 0.7634755463437173 for Model: RoiNet_Dice

==== Memoria GPU - Inicio de época ====
GPU 0 - Total: 40442.4 MB | Allocated: 72.6 MB | Cached: 1226.0 MB


==== Memoria GPU - Inicio de época ====
GPU 0 - Total: 40442.4 MB | Allocated: 72.6 MB | Cached: 30596.0 MB

Validation Dice: 0.7838751399687678 for Model: RoiNet_Dice

==== Memoria GPU - Inicio de época ====
GPU 0 - Total: 40442.4 MB | Allocated: 72.6 MB | Cached: 1226.0 MB


==== Memoria GPU - Inicio de época ====
GPU 0 - Total: 40442.4 MB | Allocated: 72.6 MB | Cached: 30596.0 MB

Validation Dice: 0.7790827266821893 for Model: RoiNet_Dice

==== Memoria GPU - Inicio de época ====
GPU 0 - Total: 40442.4 MB | Allocated: 72.6 MB | Cached: 1226.0 MB


==== Memoria GPU - Inicio de época ====
GPU 0 - Total: 40442.4 MB | Allocated: 72.6 MB | Cached: 30596.0 MB

Validation Dice: 0.7567253100545143 for Model: RoiNet_Dice

==== Memoria GPU - Inicio de época ====
GPU 0 - Total: 40442.4 MB | Allocated: 72.6 MB | Cached: 1226.0 MB


==== Memoria GPU - Inicio de época ====
GPU 0 - Total: 40442.4 MB | Allocated: 72.6 MB | Cached: 30596.0 MB

Validation Dice: 0.7621897877452535 for Model: RoiNet_Dice

==== Memoria GPU - Inicio de época ====
GPU 0 - Total: 40442.4 MB | Allocated: 72.6 MB | Cached: 1226.0 MB


==== Memoria GPU - Inicio de época ====
GPU 0 - Total: 40442.4 MB | Allocated: 72.6 MB | Cached: 30596.0 MB

Validation Dice: 0.7530251845968817 for Model: RoiNet_Dice

==== Memoria GPU - Inicio de época ====
GPU 0 - Total: 40442.4 MB | Allocated: 72.6 MB | Cached: 1226.0 MB


==== Memoria GPU - Inicio de época ====
GPU 0 - Total: 40442.4 MB | Allocated: 72.6 MB | Cached: 30596.0 MB

Validation Dice: 0.7740046622465677 for Model: RoiNet_Dice

==== Memoria GPU - Inicio de época ====
GPU 0 - Total: 40442.4 MB | Allocated: 72.6 MB | Cached: 1226.0 MB


==== Memoria GPU - Inicio de época ====
GPU 0 - Total: 40442.4 MB | Allocated: 72.6 MB | Cached: 30596.0 MB

Validation Dice: 0.7647392574162363 for Model: RoiNet_Dice

==== Memoria GPU - Inicio de época ====
GPU 0 - Total: 40442.4 MB | Allocated: 72.6 MB | Cached: 1226.0 MB


==== Memoria GPU - Inicio de época ====
GPU 0 - Total: 40442.4 MB | Allocated: 72.6 MB | Cached: 30596.0 MB

Validation Dice: 0.7739007508244977 for Model: RoiNet_Dice

==== Memoria GPU - Inicio de época ====
GPU 0 - Total: 40442.4 MB | Allocated: 72.6 MB | Cached: 1226.0 MB


==== Memoria GPU - Inicio de época ====
GPU 0 - Total: 40442.4 MB | Allocated: 72.6 MB | Cached: 30596.0 MB

Validation Dice: 0.7904478284653329 for Model: RoiNet_Dice

==== Memoria GPU - Inicio de época ====
GPU 0 - Total: 40442.4 MB | Allocated: 72.6 MB | Cached: 1226.0 MB


==== Memoria GPU - Inicio de época ====
GPU 0 - Total: 40442.4 MB | Allocated: 72.6 MB | Cached: 30596.0 MB

Validation Dice: 0.748616893706135 for Model: RoiNet_Dice

==== Memoria GPU - Inicio de época ====
GPU 0 - Total: 40442.4 MB | Allocated: 72.6 MB | Cached: 1226.0 MB


==== Memoria GPU - Inicio de época ====
GPU 0 - Total: 40442.4 MB | Allocated: 72.6 MB | Cached: 30596.0 MB

Validation Dice: 0.7781340797975211 for Model: RoiNet_Dice

==== Memoria GPU - Inicio de época ====
GPU 0 - Total: 40442.4 MB | Allocated: 72.6 MB | Cached: 1226.0 MB


==== Memoria GPU - Inicio de época ====
GPU 0 - Total: 40442.4 MB | Allocated: 72.6 MB | Cached: 30596.0 MB

Validation Dice: 0.6446485486631944 for Model: RoiNet_Dice

==== Memoria GPU - Inicio de época ====
GPU 0 - Total: 40442.4 MB | Allocated: 72.6 MB | Cached: 1226.0 MB


==== Memoria GPU - Inicio de época ====
GPU 0 - Total: 40442.4 MB | Allocated: 72.6 MB | Cached: 30596.0 MB

Validation Dice: 0.7900299449025494 for Model: RoiNet_Dice

==== Memoria GPU - Inicio de época ====
GPU 0 - Total: 40442.4 MB | Allocated: 72.6 MB | Cached: 1226.0 MB


==== Memoria GPU - Inicio de época ====
GPU 0 - Total: 40442.4 MB | Allocated: 72.6 MB | Cached: 30596.0 MB

Validation Dice: 0.7841278320045679 for Model: RoiNet_Dice

==== Memoria GPU - Inicio de época ====
GPU 0 - Total: 40442.4 MB | Allocated: 72.6 MB | Cached: 1226.0 MB


==== Memoria GPU - Inicio de época ====
GPU 0 - Total: 40442.4 MB | Allocated: 72.6 MB | Cached: 30596.0 MB

Validation Dice: 0.7397661885034202 for Model: RoiNet_Dice

==== Memoria GPU - Inicio de época ====
GPU 0 - Total: 40442.4 MB | Allocated: 72.6 MB | Cached: 1226.0 MB


==== Memoria GPU - Inicio de época ====
GPU 0 - Total: 40442.4 MB | Allocated: 72.6 MB | Cached: 30596.0 MB

Validation Dice: 0.7723027992664827 for Model: RoiNet_Dice

==== Memoria GPU - Inicio de época ====
GPU 0 - Total: 40442.4 MB | Allocated: 72.6 MB | Cached: 1226.0 MB


==== Memoria GPU - Inicio de época ====
GPU 0 - Total: 40442.4 MB | Allocated: 72.6 MB | Cached: 30596.0 MB

Validation Dice: 0.7880293786194711 for Model: RoiNet_Dice

==== Memoria GPU - Inicio de época ====
GPU 0 - Total: 40442.4 MB | Allocated: 72.6 MB | Cached: 1226.0 MB


==== Memoria GPU - Inicio de época ====
GPU 0 - Total: 40442.4 MB | Allocated: 72.6 MB | Cached: 30596.0 MB

Validation Dice: 0.7236980059182685 for Model: RoiNet_Dice

==== Memoria GPU - Inicio de época ====
GPU 0 - Total: 40442.4 MB | Allocated: 72.6 MB | Cached: 1226.0 MB


==== Memoria GPU - Inicio de época ====
GPU 0 - Total: 40442.4 MB | Allocated: 72.6 MB | Cached: 30596.0 MB

Validation Dice: 0.7803989042544064 for Model: RoiNet_Dice

==== Memoria GPU - Inicio de época ====
GPU 0 - Total: 40442.4 MB | Allocated: 72.6 MB | Cached: 1226.0 MB


==== Memoria GPU - Inicio de época ====
GPU 0 - Total: 40442.4 MB | Allocated: 72.6 MB | Cached: 30596.0 MB

Validation Dice: 0.753658342405743 for Model: RoiNet_Dice

==== Memoria GPU - Inicio de época ====
GPU 0 - Total: 40442.4 MB | Allocated: 72.6 MB | Cached: 1226.0 MB


==== Memoria GPU - Inicio de época ====
GPU 0 - Total: 40442.4 MB | Allocated: 72.6 MB | Cached: 30596.0 MB

Validation Dice: 0.7957903564145804 for Model: RoiNet_Dice

==== Memoria GPU - Inicio de época ====
GPU 0 - Total: 40442.4 MB | Allocated: 72.6 MB | Cached: 1226.0 MB


==== Memoria GPU - Inicio de época ====
GPU 0 - Total: 40442.4 MB | Allocated: 72.6 MB | Cached: 30596.0 MB

Validation Dice: 0.7919955647393451 for Model: RoiNet_Dice

==== Memoria GPU - Inicio de época ====
GPU 0 - Total: 40442.4 MB | Allocated: 72.6 MB | Cached: 1226.0 MB


==== Memoria GPU - Inicio de época ====
GPU 0 - Total: 40442.4 MB | Allocated: 72.6 MB | Cached: 30596.0 MB

Validation Dice: 0.7573245115499107 for Model: RoiNet_Dice

==== Memoria GPU - Inicio de época ====
GPU 0 - Total: 40442.4 MB | Allocated: 72.6 MB | Cached: 1226.0 MB


==== Memoria GPU - Inicio de época ====
GPU 0 - Total: 40442.4 MB | Allocated: 72.6 MB | Cached: 30596.0 MB

Validation Dice: 0.7614763162562194 for Model: RoiNet_Dice

==== Memoria GPU - Inicio de época ====
GPU 0 - Total: 40442.4 MB | Allocated: 72.6 MB | Cached: 1226.0 MB


==== Memoria GPU - Inicio de época ====
GPU 0 - Total: 40442.4 MB | Allocated: 72.6 MB | Cached: 30596.0 MB

Validation Dice: 0.765475748904904 for Model: RoiNet_Dice

==== Memoria GPU - Inicio de época ====
GPU 0 - Total: 40442.4 MB | Allocated: 72.6 MB | Cached: 1226.0 MB


==== Memoria GPU - Inicio de época ====
GPU 0 - Total: 40442.4 MB | Allocated: 72.6 MB | Cached: 30596.0 MB

Validation Dice: 0.7275886194966001 for Model: RoiNet_Dice

==== Memoria GPU - Inicio de época ====
GPU 0 - Total: 40442.4 MB | Allocated: 72.6 MB | Cached: 1226.0 MB


==== Memoria GPU - Inicio de época ====
GPU 0 - Total: 40442.4 MB | Allocated: 72.6 MB | Cached: 30596.0 MB

Validation Dice: 0.6838859023033705 for Model: RoiNet_Dice

==== Memoria GPU - Inicio de época ====
GPU 0 - Total: 40442.4 MB | Allocated: 72.6 MB | Cached: 1226.0 MB


==== Memoria GPU - Inicio de época ====
GPU 0 - Total: 40442.4 MB | Allocated: 72.6 MB | Cached: 30596.0 MB

Validation Dice: 0.7671681759758605 for Model: RoiNet_Dice

==== Memoria GPU - Inicio de época ====
GPU 0 - Total: 40442.4 MB | Allocated: 72.6 MB | Cached: 1226.0 MB


==== Memoria GPU - Inicio de época ====
GPU 0 - Total: 40442.4 MB | Allocated: 72.6 MB | Cached: 30596.0 MB

Validation Dice: 0.7409141188163202 for Model: RoiNet_Dice

==== Memoria GPU - Inicio de época ====
GPU 0 - Total: 40442.4 MB | Allocated: 72.6 MB | Cached: 1226.0 MB


==== Memoria GPU - Inicio de época ====
GPU 0 - Total: 40442.4 MB | Allocated: 72.6 MB | Cached: 30596.0 MB

Validation Dice: 0.7338501518082733 for Model: RoiNet_Dice

==== Memoria GPU - Inicio de época ====
GPU 0 - Total: 40442.4 MB | Allocated: 72.6 MB | Cached: 1226.0 MB


==== Memoria GPU - Inicio de época ====
GPU 0 - Total: 40442.4 MB | Allocated: 72.6 MB | Cached: 30596.0 MB

Validation Dice: 0.7530999063145891 for Model: RoiNet_Dice

==== Memoria GPU - Inicio de época ====
GPU 0 - Total: 40442.4 MB | Allocated: 72.6 MB | Cached: 1226.0 MB


==== Memoria GPU - Inicio de época ====
GPU 0 - Total: 40442.4 MB | Allocated: 72.6 MB | Cached: 30596.0 MB

Validation Dice: 0.7498022428423478 for Model: RoiNet_Dice

==== Memoria GPU - Inicio de época ====
GPU 0 - Total: 40442.4 MB | Allocated: 72.6 MB | Cached: 1226.0 MB


==== Memoria GPU - Inicio de época ====
GPU 0 - Total: 40442.4 MB | Allocated: 72.6 MB | Cached: 30596.0 MB

Validation Dice: 0.7692732478478107 for Model: RoiNet_Dice

==== Memoria GPU - Inicio de época ====
GPU 0 - Total: 40442.4 MB | Allocated: 72.6 MB | Cached: 1226.0 MB


==== Memoria GPU - Inicio de época ====
GPU 0 - Total: 40442.4 MB | Allocated: 72.6 MB | Cached: 30596.0 MB

Validation Dice: 0.785476905207443 for Model: RoiNet_Dice

==== Memoria GPU - Inicio de época ====
GPU 0 - Total: 40442.4 MB | Allocated: 72.6 MB | Cached: 1226.0 MB


==== Memoria GPU - Inicio de época ====
GPU 0 - Total: 40442.4 MB | Allocated: 72.6 MB | Cached: 30596.0 MB

Validation Dice: 0.7388631698162779 for Model: RoiNet_Dice

==== Memoria GPU - Inicio de época ====
GPU 0 - Total: 40442.4 MB | Allocated: 72.6 MB | Cached: 1226.0 MB


==== Memoria GPU - Inicio de época ====
GPU 0 - Total: 40442.4 MB | Allocated: 72.6 MB | Cached: 30596.0 MB

Validation Dice: 0.7542610328903744 for Model: RoiNet_Dice

==== Memoria GPU - Inicio de época ====
GPU 0 - Total: 40442.4 MB | Allocated: 72.6 MB | Cached: 1226.0 MB


==== Memoria GPU - Inicio de época ====
GPU 0 - Total: 40442.4 MB | Allocated: 72.6 MB | Cached: 30596.0 MB

Validation Dice: 0.7739803928807656 for Model: RoiNet_Dice

==== Memoria GPU - Inicio de época ====
GPU 0 - Total: 40442.4 MB | Allocated: 72.6 MB | Cached: 1226.0 MB


==== Memoria GPU - Inicio de época ====
GPU 0 - Total: 40442.4 MB | Allocated: 72.6 MB | Cached: 30596.0 MB

Validation Dice: 0.7855779849109013 for Model: RoiNet_Dice

==== Memoria GPU - Inicio de época ====
GPU 0 - Total: 40442.4 MB | Allocated: 72.6 MB | Cached: 1226.0 MB


==== Memoria GPU - Inicio de época ====
GPU 0 - Total: 40442.4 MB | Allocated: 72.6 MB | Cached: 30596.0 MB

Validation Dice: 0.7297023780071874 for Model: RoiNet_Dice

==== Memoria GPU - Inicio de época ====
GPU 0 - Total: 40442.4 MB | Allocated: 72.6 MB | Cached: 1226.0 MB


==== Memoria GPU - Inicio de época ====
GPU 0 - Total: 40442.4 MB | Allocated: 72.6 MB | Cached: 30596.0 MB

Validation Dice: 0.7861588994436939 for Model: RoiNet_Dice

==== Memoria GPU - Inicio de época ====
GPU 0 - Total: 40442.4 MB | Allocated: 72.6 MB | Cached: 1226.0 MB


==== Memoria GPU - Inicio de época ====
GPU 0 - Total: 40442.4 MB | Allocated: 72.6 MB | Cached: 30596.0 MB

Validation Dice: 0.6916023556408786 for Model: RoiNet_Dice

==== Memoria GPU - Inicio de época ====
GPU 0 - Total: 40442.4 MB | Allocated: 72.6 MB | Cached: 1226.0 MB


==== Memoria GPU - Inicio de época ====
GPU 0 - Total: 40442.4 MB | Allocated: 72.6 MB | Cached: 30596.0 MB

Validation Dice: 0.7724507014649192 for Model: RoiNet_Dice

==== Memoria GPU - Inicio de época ====
GPU 0 - Total: 40442.4 MB | Allocated: 72.6 MB | Cached: 1226.0 MB


==== Memoria GPU - Inicio de época ====
GPU 0 - Total: 40442.4 MB | Allocated: 72.6 MB | Cached: 30596.0 MB

Validation Dice: 0.7894530008377694 for Model: RoiNet_Dice

==== Memoria GPU - Inicio de época ====
GPU 0 - Total: 40442.4 MB | Allocated: 72.6 MB | Cached: 1226.0 MB


==== Memoria GPU - Inicio de época ====
GPU 0 - Total: 40442.4 MB | Allocated: 72.6 MB | Cached: 30596.0 MB

Validation Dice: 0.7988587888465204 for Model: RoiNet_Dice

==== Memoria GPU - Inicio de época ====
GPU 0 - Total: 40442.4 MB | Allocated: 72.6 MB | Cached: 1226.0 MB


==== Memoria GPU - Inicio de época ====
GPU 0 - Total: 40442.4 MB | Allocated: 72.6 MB | Cached: 30596.0 MB

Validation Dice: 0.7616667719275486 for Model: RoiNet_Dice

==== Memoria GPU - Inicio de época ====
GPU 0 - Total: 40442.4 MB | Allocated: 72.6 MB | Cached: 1226.0 MB


==== Memoria GPU - Inicio de época ====
GPU 0 - Total: 40442.4 MB | Allocated: 72.6 MB | Cached: 30596.0 MB

Validation Dice: 0.7884845968231677 for Model: RoiNet_Dice

==== Memoria GPU - Inicio de época ====
GPU 0 - Total: 40442.4 MB | Allocated: 72.6 MB | Cached: 1226.0 MB


==== Memoria GPU - Inicio de época ====
GPU 0 - Total: 40442.4 MB | Allocated: 72.6 MB | Cached: 30596.0 MB

Validation Dice: 0.7915050990962921 for Model: RoiNet_Dice

==== Memoria GPU - Inicio de época ====
GPU 0 - Total: 40442.4 MB | Allocated: 72.6 MB | Cached: 1226.0 MB


==== Memoria GPU - Inicio de época ====
GPU 0 - Total: 40442.4 MB | Allocated: 72.6 MB | Cached: 30596.0 MB

Validation Dice: 0.7477128284340776 for Model: RoiNet_Dice

==== Memoria GPU - Inicio de época ====
GPU 0 - Total: 40442.4 MB | Allocated: 72.6 MB | Cached: 1226.0 MB


==== Memoria GPU - Inicio de época ====
GPU 0 - Total: 40442.4 MB | Allocated: 72.6 MB | Cached: 30596.0 MB

Validation Dice: 0.7457230135453988 for Model: RoiNet_Dice

==== Memoria GPU - Inicio de época ====
GPU 0 - Total: 40442.4 MB | Allocated: 72.6 MB | Cached: 1226.0 MB


==== Memoria GPU - Inicio de época ====
GPU 0 - Total: 40442.4 MB | Allocated: 72.6 MB | Cached: 30596.0 MB

Validation Dice: 0.7653904929962057 for Model: RoiNet_Dice

==== Memoria GPU - Inicio de época ====
GPU 0 - Total: 40442.4 MB | Allocated: 72.6 MB | Cached: 1226.0 MB


==== Memoria GPU - Inicio de época ====
GPU 0 - Total: 40442.4 MB | Allocated: 72.6 MB | Cached: 30596.0 MB

Validation Dice: 0.7368449437399586 for Model: RoiNet_Dice

==== Memoria GPU - Inicio de época ====
GPU 0 - Total: 40442.4 MB | Allocated: 72.6 MB | Cached: 1226.0 MB


==== Memoria GPU - Inicio de época ====
GPU 0 - Total: 40442.4 MB | Allocated: 72.6 MB | Cached: 30596.0 MB

Validation Dice: 0.765594909401491 for Model: RoiNet_Dice

==== Memoria GPU - Inicio de época ====
GPU 0 - Total: 40442.4 MB | Allocated: 72.6 MB | Cached: 1226.0 MB


==== Memoria GPU - Inicio de época ====
GPU 0 - Total: 40442.4 MB | Allocated: 72.6 MB | Cached: 30596.0 MB

Validation Dice: 0.7925214971008337 for Model: RoiNet_Dice

==== Memoria GPU - Inicio de época ====
GPU 0 - Total: 40442.4 MB | Allocated: 72.6 MB | Cached: 1226.0 MB


==== Memoria GPU - Inicio de época ====
GPU 0 - Total: 40442.4 MB | Allocated: 72.6 MB | Cached: 30596.0 MB

Validation Dice: 0.7595814453365433 for Model: RoiNet_Dice

==== Memoria GPU - Inicio de época ====
GPU 0 - Total: 40442.4 MB | Allocated: 72.6 MB | Cached: 1226.0 MB


==== Memoria GPU - Inicio de época ====
GPU 0 - Total: 40442.4 MB | Allocated: 72.6 MB | Cached: 30596.0 MB

Validation Dice: 0.7370500118127227 for Model: RoiNet_Dice

==== Memoria GPU - Inicio de época ====
GPU 0 - Total: 40442.4 MB | Allocated: 72.6 MB | Cached: 1226.0 MB


==== Memoria GPU - Inicio de época ====
GPU 0 - Total: 40442.4 MB | Allocated: 72.6 MB | Cached: 30596.0 MB

Validation Dice: 0.7943346167190806 for Model: RoiNet_Dice

==== Memoria GPU - Inicio de época ====
GPU 0 - Total: 40442.4 MB | Allocated: 72.6 MB | Cached: 1226.0 MB


==== Memoria GPU - Inicio de época ====
GPU 0 - Total: 40442.4 MB | Allocated: 72.6 MB | Cached: 30596.0 MB

Validation Dice: 0.7789751897190342 for Model: RoiNet_Dice

==== Memoria GPU - Inicio de época ====
GPU 0 - Total: 40442.4 MB | Allocated: 72.6 MB | Cached: 1226.0 MB


==== Memoria GPU - Inicio de época ====
GPU 0 - Total: 40442.4 MB | Allocated: 72.6 MB | Cached: 30596.0 MB

Validation Dice: 0.721108830003416 for Model: RoiNet_Dice

==== Memoria GPU - Inicio de época ====
GPU 0 - Total: 40442.4 MB | Allocated: 72.6 MB | Cached: 1226.0 MB


==== Memoria GPU - Inicio de época ====
GPU 0 - Total: 40442.4 MB | Allocated: 72.6 MB | Cached: 30596.0 MB

Validation Dice: 0.7737065625629905 for Model: RoiNet_Dice
Stopping training: no improvement in last 100 epochs.
