slurmstepd: info: Setting TMPDIR to /scratch/10708692. Previous errors about TMPDIR can be discarded
Restormer model not found. Restormer preprocessing will be disabled.
Available Models: ['FRNet', 'FRNet_1ch', 'FRNetR', 'RoiNet11', 'RoiNet7', 'RoiNet5', 'RoiNet3', 'RoiNetR', 'RoiNetx1.5', 'RoiNetx0.5', 'RoiNetx2']
Datasets_library: {'FIVES512': {'paths': {'train': 'dataset/FIVES512/train', 'val': 'dataset/FIVES512/val', 'test': 'dataset/FIVES512/test'}, 'preprocessing': {'start': 0, 'end': 1}}, 'FIVESc': {'paths': {'train': 'dataset/FIVESc/train', 'val': 'dataset/FIVESc/val', 'test': 'dataset/FIVESc/test'}, 'preprocessing': {'start': 0, 'end': 1}}, 'FIVES': {'paths': {'train': 'dataset/FIVES/train', 'val': 'dataset/FIVES/val', 'test': 'dataset/FIVES/test'}, 'preprocessing': {'start': 0, 'end': 1}}}
USING CHANNELS = 3
Available Datasets: ['FIVES512', 'FIVESc', 'FIVES']

All datasets: {'FIVES512': {'train': <ds.dataset.SegmentationDataset object at 0x1544403e6640>, 'val': <ds.dataset.SegmentationDataset object at 0x15452e2d8df0>, 'test': <ds.dataset.SegmentationDataset object at 0x15452e2d8ee0>}, 'FIVESc': {'train': <ds.dataset.SegmentationDataset object at 0x1544403dafd0>, 'val': <ds.dataset.SegmentationDataset object at 0x1544403daee0>, 'test': <ds.dataset.SegmentationDataset object at 0x1544403dadf0>}, 'FIVES': {'train': <ds.dataset.SegmentationDataset object at 0x1544403dae50>, 'val': <ds.dataset.SegmentationDataset object at 0x1544403dad60>, 'test': <ds.dataset.SegmentationDataset object at 0x1544403dac70>}}
Dataset a usar: {'train': <ds.dataset.SegmentationDataset object at 0x1544403dae50>, 'val': <ds.dataset.SegmentationDataset object at 0x1544403dad60>, 'test': <ds.dataset.SegmentationDataset object at 0x1544403dac70>}
Configuración de Entrenamiento:
  Model: RoiNet11
  Dataset: FIVES
  Config File: code/config/config.json
  Epochs: 300
  Early Stopping: 100
  Thresh Value: 100
  Batch Size: 1
  Num Workers: 32
  Learning Rate: 0.0001
  Weight Decay: 0.001
  Loss Function: Dice
  Logging Enabled: True
  Output Prefix: RoiNet11_FIVES_Dice_Augment
  Augmentation Config: {'enabled': True, 'geometric': True, 'elastic': True, 'intensity_and_color': True, 'gamma': True, 'noise': True}
  Restormer Enabled: False
  Output Directory: run_benchmark_runs/RoiNet11_FIVES_Dice_Augmentresult_2025-02-22_10-46-52
Parameters logged to: run_benchmark_runs/RoiNet11_FIVES_Dice_Augmentresult_2025-02-22_10-46-52/parameters_FIVES_RoiNet11_Dice_True_False.log

Modelo cargado en GPU:
- Parámetros totales: 45182790
- Memoria ocupada por modelo en GPU: 172.36 MB

==== Memoria GPU - Después de cargar el modelo en GPU ====
GPU 0 - Total: 40442.4 MB | Allocated: 172.8 MB | Cached: 192.0 MB


USING: Dice

==== Memoria GPU - Inicio de época ====
GPU 0 - Total: 40442.4 MB | Allocated: 172.8 MB | Cached: 192.0 MB


==== Memoria GPU - Inicio de época ====
GPU 0 - Total: 40442.4 MB | Allocated: 693.6 MB | Cached: 31872.0 MB

Validation Dice: 0.18833982077949415 for Model: RoiNet11_Dice
New best dice found, evaluating on test set...

==== Memoria GPU - Inicio de época ====
GPU 0 - Total: 40442.4 MB | Allocated: 693.6 MB | Cached: 31872.0 MB


==== Memoria GPU - Inicio de época ====
GPU 0 - Total: 40442.4 MB | Allocated: 693.6 MB | Cached: 5970.0 MB


==== Memoria GPU - Inicio de época ====
GPU 0 - Total: 40442.4 MB | Allocated: 692.6 MB | Cached: 32386.0 MB

Validation Dice: 0.09473502377332635 for Model: RoiNet11_Dice

==== Memoria GPU - Inicio de época ====
GPU 0 - Total: 40442.4 MB | Allocated: 692.6 MB | Cached: 5570.0 MB


==== Memoria GPU - Inicio de época ====
GPU 0 - Total: 40442.4 MB | Allocated: 692.7 MB | Cached: 32516.0 MB

Validation Dice: 0.28777149575903227 for Model: RoiNet11_Dice
New best dice found, evaluating on test set...

==== Memoria GPU - Inicio de época ====
GPU 0 - Total: 40442.4 MB | Allocated: 692.7 MB | Cached: 32516.0 MB


==== Memoria GPU - Inicio de época ====
GPU 0 - Total: 40442.4 MB | Allocated: 692.7 MB | Cached: 4786.0 MB


==== Memoria GPU - Inicio de época ====
GPU 0 - Total: 40442.4 MB | Allocated: 693.2 MB | Cached: 32220.0 MB

Validation Dice: 0.3851775401942978 for Model: RoiNet11_Dice
New best dice found, evaluating on test set...

==== Memoria GPU - Inicio de época ====
GPU 0 - Total: 40442.4 MB | Allocated: 693.2 MB | Cached: 32220.0 MB


==== Memoria GPU - Inicio de época ====
GPU 0 - Total: 40442.4 MB | Allocated: 693.2 MB | Cached: 4892.0 MB


==== Memoria GPU - Inicio de época ====
GPU 0 - Total: 40442.4 MB | Allocated: 693.2 MB | Cached: 32326.0 MB

Validation Dice: 0.32570562853036883 for Model: RoiNet11_Dice

==== Memoria GPU - Inicio de época ====
GPU 0 - Total: 40442.4 MB | Allocated: 693.2 MB | Cached: 5148.0 MB


==== Memoria GPU - Inicio de época ====
GPU 0 - Total: 40442.4 MB | Allocated: 693.6 MB | Cached: 32348.0 MB

Validation Dice: 0.31157606561896384 for Model: RoiNet11_Dice

==== Memoria GPU - Inicio de época ====
GPU 0 - Total: 40442.4 MB | Allocated: 693.6 MB | Cached: 5556.0 MB


==== Memoria GPU - Inicio de época ====
GPU 0 - Total: 40442.4 MB | Allocated: 693.6 MB | Cached: 32502.0 MB

Validation Dice: 0.2810150039083108 for Model: RoiNet11_Dice

==== Memoria GPU - Inicio de época ====
GPU 0 - Total: 40442.4 MB | Allocated: 693.6 MB | Cached: 5556.0 MB


==== Memoria GPU - Inicio de época ====
GPU 0 - Total: 40442.4 MB | Allocated: 693.6 MB | Cached: 32502.0 MB

Validation Dice: 0.35734818525160983 for Model: RoiNet11_Dice

==== Memoria GPU - Inicio de época ====
GPU 0 - Total: 40442.4 MB | Allocated: 693.6 MB | Cached: 5556.0 MB


==== Memoria GPU - Inicio de época ====
GPU 0 - Total: 40442.4 MB | Allocated: 693.6 MB | Cached: 32502.0 MB

Validation Dice: 0.5533765736370576 for Model: RoiNet11_Dice
New best dice found, evaluating on test set...

==== Memoria GPU - Inicio de época ====
GPU 0 - Total: 40442.4 MB | Allocated: 693.6 MB | Cached: 32502.0 MB


==== Memoria GPU - Inicio de época ====
GPU 0 - Total: 40442.4 MB | Allocated: 693.6 MB | Cached: 5556.0 MB


==== Memoria GPU - Inicio de época ====
GPU 0 - Total: 40442.4 MB | Allocated: 693.6 MB | Cached: 32502.0 MB

Validation Dice: 0.2849157843235621 for Model: RoiNet11_Dice

==== Memoria GPU - Inicio de época ====
GPU 0 - Total: 40442.4 MB | Allocated: 693.6 MB | Cached: 5556.0 MB


==== Memoria GPU - Inicio de época ====
GPU 0 - Total: 40442.4 MB | Allocated: 693.6 MB | Cached: 32502.0 MB

Validation Dice: 0.35193265258797485 for Model: RoiNet11_Dice

==== Memoria GPU - Inicio de época ====
GPU 0 - Total: 40442.4 MB | Allocated: 693.6 MB | Cached: 5556.0 MB


==== Memoria GPU - Inicio de época ====
GPU 0 - Total: 40442.4 MB | Allocated: 693.6 MB | Cached: 32502.0 MB

Validation Dice: 0.37037153388426264 for Model: RoiNet11_Dice

==== Memoria GPU - Inicio de época ====
GPU 0 - Total: 40442.4 MB | Allocated: 693.6 MB | Cached: 5556.0 MB


==== Memoria GPU - Inicio de época ====
GPU 0 - Total: 40442.4 MB | Allocated: 693.6 MB | Cached: 32502.0 MB

Validation Dice: 0.35123804385078033 for Model: RoiNet11_Dice

==== Memoria GPU - Inicio de época ====
GPU 0 - Total: 40442.4 MB | Allocated: 693.6 MB | Cached: 5556.0 MB


==== Memoria GPU - Inicio de época ====
GPU 0 - Total: 40442.4 MB | Allocated: 693.6 MB | Cached: 32502.0 MB

Validation Dice: 0.3593136355887064 for Model: RoiNet11_Dice

==== Memoria GPU - Inicio de época ====
GPU 0 - Total: 40442.4 MB | Allocated: 693.6 MB | Cached: 5556.0 MB


==== Memoria GPU - Inicio de época ====
GPU 0 - Total: 40442.4 MB | Allocated: 693.6 MB | Cached: 32502.0 MB

Validation Dice: 0.2025118983534722 for Model: RoiNet11_Dice

==== Memoria GPU - Inicio de época ====
GPU 0 - Total: 40442.4 MB | Allocated: 693.6 MB | Cached: 5556.0 MB


==== Memoria GPU - Inicio de época ====
GPU 0 - Total: 40442.4 MB | Allocated: 693.6 MB | Cached: 32502.0 MB

Validation Dice: 0.37146204158641444 for Model: RoiNet11_Dice

==== Memoria GPU - Inicio de época ====
GPU 0 - Total: 40442.4 MB | Allocated: 693.6 MB | Cached: 5556.0 MB


==== Memoria GPU - Inicio de época ====
GPU 0 - Total: 40442.4 MB | Allocated: 693.6 MB | Cached: 32502.0 MB

Validation Dice: 0.2888639428867029 for Model: RoiNet11_Dice

==== Memoria GPU - Inicio de época ====
GPU 0 - Total: 40442.4 MB | Allocated: 693.6 MB | Cached: 5556.0 MB


==== Memoria GPU - Inicio de época ====
GPU 0 - Total: 40442.4 MB | Allocated: 693.6 MB | Cached: 32502.0 MB

Validation Dice: 0.3748263513828068 for Model: RoiNet11_Dice

==== Memoria GPU - Inicio de época ====
GPU 0 - Total: 40442.4 MB | Allocated: 693.6 MB | Cached: 5556.0 MB


==== Memoria GPU - Inicio de época ====
GPU 0 - Total: 40442.4 MB | Allocated: 693.6 MB | Cached: 32502.0 MB

Validation Dice: 0.38857274978434153 for Model: RoiNet11_Dice

==== Memoria GPU - Inicio de época ====
GPU 0 - Total: 40442.4 MB | Allocated: 693.6 MB | Cached: 5556.0 MB


==== Memoria GPU - Inicio de época ====
GPU 0 - Total: 40442.4 MB | Allocated: 693.6 MB | Cached: 32502.0 MB

Validation Dice: 0.4043905324896507 for Model: RoiNet11_Dice

==== Memoria GPU - Inicio de época ====
GPU 0 - Total: 40442.4 MB | Allocated: 693.6 MB | Cached: 5556.0 MB


==== Memoria GPU - Inicio de época ====
GPU 0 - Total: 40442.4 MB | Allocated: 693.6 MB | Cached: 32502.0 MB

Validation Dice: 0.4183844313845892 for Model: RoiNet11_Dice

==== Memoria GPU - Inicio de época ====
GPU 0 - Total: 40442.4 MB | Allocated: 693.6 MB | Cached: 5556.0 MB

