slurmstepd: info: Setting TMPDIR to /scratch/10708633. Previous errors about TMPDIR can be discarded
Restormer model not found. Restormer preprocessing will be disabled.
Available Models: ['FRNet', 'FRNet_1ch', 'FRNetR', 'RoiNet11', 'RoiNet7', 'RoiNet5', 'RoiNet3', 'RoiNetR', 'RoiNetx1.5', 'RoiNetx0.5', 'RoiNetx2']
Datasets_library: {'FIVES512': {'paths': {'train': 'dataset/FIVES512/train', 'val': 'dataset/FIVES512/val', 'test': 'dataset/FIVES512/test'}, 'preprocessing': {'start': 0, 'end': 1}}, 'FIVESc': {'paths': {'train': 'dataset/FIVESc/train', 'val': 'dataset/FIVESc/val', 'test': 'dataset/FIVESc/test'}, 'preprocessing': {'start': 0, 'end': 1}}, 'FIVES': {'paths': {'train': 'dataset/FIVES/train', 'val': 'dataset/FIVES/val', 'test': 'dataset/FIVES/test'}, 'preprocessing': {'start': 0, 'end': 1}}}
USING CHANNELS = 3
Available Datasets: ['FIVES512', 'FIVESc', 'FIVES']

All datasets: {'FIVES512': {'train': <ds.dataset.SegmentationDataset object at 0x14af27e65640>, 'val': <ds.dataset.SegmentationDataset object at 0x14b015d57dc0>, 'test': <ds.dataset.SegmentationDataset object at 0x14b015d57eb0>}, 'FIVESc': {'train': <ds.dataset.SegmentationDataset object at 0x14af27e58fd0>, 'val': <ds.dataset.SegmentationDataset object at 0x14af27e58ee0>, 'test': <ds.dataset.SegmentationDataset object at 0x14af27e58df0>}, 'FIVES': {'train': <ds.dataset.SegmentationDataset object at 0x14af27e58e50>, 'val': <ds.dataset.SegmentationDataset object at 0x14af27e58d60>, 'test': <ds.dataset.SegmentationDataset object at 0x14af27e58c70>}}
Dataset a usar: {'train': <ds.dataset.SegmentationDataset object at 0x14af27e58e50>, 'val': <ds.dataset.SegmentationDataset object at 0x14af27e58d60>, 'test': <ds.dataset.SegmentationDataset object at 0x14af27e58c70>}
Configuración de Entrenamiento:
  Model: RoiNet11
  Dataset: FIVES
  Config File: code/config/config.json
  Epochs: 300
  Early Stopping: 100
  Thresh Value: 100
  Batch Size: 1
  Num Workers: 32
  Learning Rate: 0.0001
  Weight Decay: 0.001
  Loss Function: Dice
  Logging Enabled: True
  Output Prefix: RoiNet11_FIVES_Dice_Augment
  Augmentation Config: {'enabled': True, 'geometric': True, 'elastic': True, 'intensity_and_color': True, 'gamma': True, 'noise': True}
  Restormer Enabled: False
  Output Directory: run_benchmark_runs/RoiNet11_FIVES_Dice_Augmentresult_2025-02-22_10-44-21
Parameters logged to: run_benchmark_runs/RoiNet11_FIVES_Dice_Augmentresult_2025-02-22_10-44-21/parameters_FIVES_RoiNet11_Dice_True_False.log

Modelo cargado en GPU:
- Parámetros totales: 45182790
- Memoria ocupada por modelo en GPU: 172.36 MB

==== Memoria GPU - Después de cargar el modelo en GPU ====
GPU 0 - Total: 40442.4 MB | Allocated: 172.8 MB | Cached: 192.0 MB


USING: Dice

==== Memoria GPU - Inicio de época ====
GPU 0 - Total: 40442.4 MB | Allocated: 172.8 MB | Cached: 192.0 MB

