slurmstepd: info: Setting TMPDIR to /scratch/10660627. Previous errors about TMPDIR can be discarded
Restormer model not found. Restormer preprocessing will be disabled.
Available Models: ['FRNet', 'FRNet_1ch', 'FRNetR', 'RoiNet', 'RoiNet7', 'RoiNet5', 'RoiNet3', 'RoiNetR', 'RoiNetx1.5', 'RoiNetx0.5', 'RoiNetx2']
Datasets_library: {'FIVES512': {'paths': {'train': 'dataset/FIVES512/train', 'val': 'dataset/FIVES512/val', 'test': 'dataset/FIVES512/test'}, 'preprocessing': {'start': 0, 'end': 1}}, 'FIVES': {'paths': {'train': 'dataset/FIVES/train', 'val': 'dataset/FIVES/val', 'test': 'dataset/FIVES/test'}, 'preprocessing': {'start': 0, 'end': 1}}}
USING CHANNELS = 3
Available Datasets: ['FIVES512', 'FIVES']

All datasets: {'FIVES512': {'train': <ds.dataset.SegmentationDataset object at 0x14c6b905e7d0>, 'val': <ds.dataset.SegmentationDataset object at 0x14c6b9069190>, 'test': <ds.dataset.SegmentationDataset object at 0x14c6b9049e90>}, 'FIVES': {'train': <ds.dataset.SegmentationDataset object at 0x14c6b906ba90>, 'val': <ds.dataset.SegmentationDataset object at 0x14c6b8fcc350>, 'test': <ds.dataset.SegmentationDataset object at 0x14c6b8fcdbd0>}}
Dataset a usar: {'train': <ds.dataset.SegmentationDataset object at 0x14c6b905e7d0>, 'val': <ds.dataset.SegmentationDataset object at 0x14c6b9069190>, 'test': <ds.dataset.SegmentationDataset object at 0x14c6b9049e90>}
Training Configuration:
  Model: RoiNet
  Dataset: FIVES512
  Epochs: 300
  Thresh value: 100
  Early Stopping Threshold: 100
  Batch Size: 1
  Learning Rate: 0.0001
  Weight Decay: 0.001
  Loss Function: Dice
  Logging Enabled: True
  Augmentation: {'enabled': False, 'geometric': False, 'elastic': False, 'intensity_and_color': False, 'gamma': False, 'noise': False}
  Output Directory: run_benchmark_runs/RoiNet_slurm_FIVES512_Dice_NoAugmentresult_2025-02-19_19-50-10

Modelo cargado en GPU:
- Parámetros totales: 30720070
- Memoria ocupada por modelo en GPU: 117.19 MB

==== Memoria GPU - Después de cargar el modelo en GPU ====
GPU 0 - Total: 40442.4 MB | Allocated: 118.2 MB | Cached: 144.0 MB


USING: Dice

==== Memoria GPU - Inicio de época ====
GPU 0 - Total: 40442.4 MB | Allocated: 118.2 MB | Cached: 144.0 MB


==== Memoria GPU - Inicio de época ====
GPU 0 - Total: 40442.4 MB | Allocated: 474.2 MB | Cached: 2126.0 MB

Validation Dice: 0.6895178479386698 for Model: RoiNet_Dice
New best dice found, evaluating on test set...

==== Memoria GPU - Inicio de época ====
GPU 0 - Total: 40442.4 MB | Allocated: 474.2 MB | Cached: 2126.0 MB


==== Memoria GPU - Inicio de época ====
GPU 0 - Total: 40442.4 MB | Allocated: 474.2 MB | Cached: 678.0 MB


==== Memoria GPU - Inicio de época ====
GPU 0 - Total: 40442.4 MB | Allocated: 474.2 MB | Cached: 2506.0 MB

Validation Dice: 0.7115228027477443 for Model: RoiNet_Dice
New best dice found, evaluating on test set...

==== Memoria GPU - Inicio de época ====
GPU 0 - Total: 40442.4 MB | Allocated: 474.2 MB | Cached: 2506.0 MB


==== Memoria GPU - Inicio de época ====
GPU 0 - Total: 40442.4 MB | Allocated: 474.2 MB | Cached: 678.0 MB


==== Memoria GPU - Inicio de época ====
GPU 0 - Total: 40442.4 MB | Allocated: 474.2 MB | Cached: 2506.0 MB

Validation Dice: 0.7370855141010981 for Model: RoiNet_Dice
New best dice found, evaluating on test set...

==== Memoria GPU - Inicio de época ====
GPU 0 - Total: 40442.4 MB | Allocated: 474.2 MB | Cached: 2506.0 MB


==== Memoria GPU - Inicio de época ====
GPU 0 - Total: 40442.4 MB | Allocated: 474.2 MB | Cached: 678.0 MB


==== Memoria GPU - Inicio de época ====
GPU 0 - Total: 40442.4 MB | Allocated: 474.2 MB | Cached: 2506.0 MB

Validation Dice: 0.7257929045336918 for Model: RoiNet_Dice

==== Memoria GPU - Inicio de época ====
GPU 0 - Total: 40442.4 MB | Allocated: 474.2 MB | Cached: 678.0 MB


==== Memoria GPU - Inicio de época ====
GPU 0 - Total: 40442.4 MB | Allocated: 474.2 MB | Cached: 2506.0 MB

Validation Dice: 0.6735241795939029 for Model: RoiNet_Dice

==== Memoria GPU - Inicio de época ====
GPU 0 - Total: 40442.4 MB | Allocated: 474.2 MB | Cached: 678.0 MB


==== Memoria GPU - Inicio de época ====
GPU 0 - Total: 40442.4 MB | Allocated: 474.2 MB | Cached: 2506.0 MB

Validation Dice: 0.37146868965836904 for Model: RoiNet_Dice

==== Memoria GPU - Inicio de época ====
GPU 0 - Total: 40442.4 MB | Allocated: 474.2 MB | Cached: 678.0 MB


==== Memoria GPU - Inicio de época ====
GPU 0 - Total: 40442.4 MB | Allocated: 474.2 MB | Cached: 2506.0 MB

Validation Dice: 0.7710354408090844 for Model: RoiNet_Dice
New best dice found, evaluating on test set...

==== Memoria GPU - Inicio de época ====
GPU 0 - Total: 40442.4 MB | Allocated: 474.2 MB | Cached: 2506.0 MB


==== Memoria GPU - Inicio de época ====
GPU 0 - Total: 40442.4 MB | Allocated: 474.2 MB | Cached: 678.0 MB


==== Memoria GPU - Inicio de época ====
GPU 0 - Total: 40442.4 MB | Allocated: 474.2 MB | Cached: 2506.0 MB

Validation Dice: 0.7413861501215632 for Model: RoiNet_Dice

==== Memoria GPU - Inicio de época ====
GPU 0 - Total: 40442.4 MB | Allocated: 474.2 MB | Cached: 678.0 MB


==== Memoria GPU - Inicio de época ====
GPU 0 - Total: 40442.4 MB | Allocated: 474.2 MB | Cached: 2506.0 MB

Validation Dice: 0.6646326458330584 for Model: RoiNet_Dice

==== Memoria GPU - Inicio de época ====
GPU 0 - Total: 40442.4 MB | Allocated: 474.2 MB | Cached: 678.0 MB


==== Memoria GPU - Inicio de época ====
GPU 0 - Total: 40442.4 MB | Allocated: 474.2 MB | Cached: 2506.0 MB

Validation Dice: 0.7939131182119367 for Model: RoiNet_Dice
New best dice found, evaluating on test set...

==== Memoria GPU - Inicio de época ====
GPU 0 - Total: 40442.4 MB | Allocated: 474.2 MB | Cached: 2506.0 MB


==== Memoria GPU - Inicio de época ====
GPU 0 - Total: 40442.4 MB | Allocated: 474.2 MB | Cached: 678.0 MB

