slurmstepd: info: Setting TMPDIR to /scratch/10715165. Previous errors about TMPDIR can be discarded
Restormer model not found. Restormer preprocessing will be disabled.
Available Models: ['FRNet', 'FRNet_1ch', 'FRNetR', 'RoiNet11', 'RoiNet9', 'RoiNet7', 'RoiNet5', 'RoiNet3', 'RoiNetR', 'RoiNetx1.5', 'RoiNetx0.5', 'RoiNetx2']
Datasets_library: {'FIVES512': {'paths': {'train': 'dataset/FIVES512/train', 'val': 'dataset/FIVES512/val', 'test': 'dataset/FIVES512/test'}, 'preprocessing': {'start': 0, 'end': 1}}, 'FIVESgan': {'paths': {'train': 'dataset/FIVESgan/train', 'val': 'dataset/FIVESgan/val', 'test': 'dataset/FIVESgan/test'}, 'preprocessing': {'start': 0, 'end': 1}}, 'FIVESc': {'paths': {'train': 'dataset/FIVESc/train', 'val': 'dataset/FIVESc/val', 'test': 'dataset/FIVESc/test'}, 'preprocessing': {'start': 0, 'end': 1}}, 'FIVES': {'paths': {'train': 'dataset/FIVES/train', 'val': 'dataset/FIVES/val', 'test': 'dataset/FIVES/test'}, 'preprocessing': {'start': 0, 'end': 1}}}
USING CHANNELS = 3
Available Datasets: ['FIVES512', 'FIVESgan', 'FIVESc', 'FIVES']

All datasets: {'FIVES512': {'train': <ds.dataset.SegmentationDataset object at 0x14fa8682e610>, 'val': <ds.dataset.SegmentationDataset object at 0x14fb74720df0>, 'test': <ds.dataset.SegmentationDataset object at 0x14fb74720ee0>}, 'FIVESgan': {'train': <ds.dataset.SegmentationDataset object at 0x14fa86821f40>, 'val': <ds.dataset.SegmentationDataset object at 0x14fa86821e50>, 'test': <ds.dataset.SegmentationDataset object at 0x14fa86821eb0>}, 'FIVESc': {'train': <ds.dataset.SegmentationDataset object at 0x14fa86821dc0>, 'val': <ds.dataset.SegmentationDataset object at 0x14fa86821cd0>, 'test': <ds.dataset.SegmentationDataset object at 0x14fa86821d30>}, 'FIVES': {'train': <ds.dataset.SegmentationDataset object at 0x14fa86821c40>, 'val': <ds.dataset.SegmentationDataset object at 0x14fa86821b50>, 'test': <ds.dataset.SegmentationDataset object at 0x14fa86821bb0>}}
Dataset a usar: {'train': <ds.dataset.SegmentationDataset object at 0x14fa86821f40>, 'val': <ds.dataset.SegmentationDataset object at 0x14fa86821e50>, 'test': <ds.dataset.SegmentationDataset object at 0x14fa86821eb0>}
Configuración de Entrenamiento:
  Model: RoiNet9
  Dataset: FIVESgan
  Config File: code/config/config.json
  Epochs: 300
  Early Stopping: 100
  Thresh Value: 100
  Batch Size: 1
  Num Workers: 32
  Learning Rate: 0.0001
  Weight Decay: 0.001
  Loss Function: Dice
  Logging Enabled: True
  Output Prefix: RoiNet9_FIVESgan_Dice_GeomElasIntensNoise
  Augmentation Config: {'enabled': True, 'geometric': True, 'elastic': True, 'intensity_and_color': True, 'gamma': False, 'noise': True}
  Restormer Enabled: False
  Output Directory: run_benchmark_runs/RoiNet9_FIVESgan_Dice_GeomElasIntensNoiseresult_2025-02-22_17-56-14
Parameters logged to: run_benchmark_runs/RoiNet9_FIVESgan_Dice_GeomElasIntensNoiseresult_2025-02-22_17-56-14/parameters_FIVESgan_RoiNet9_Dice_True_False.log

Modelo cargado en GPU:
- Parámetros totales: 30720070
- Memoria ocupada por modelo en GPU: 117.19 MB

==== Memoria GPU - Después de cargar el modelo en GPU ====
GPU 0 - Total: 40442.4 MB | Allocated: 118.2 MB | Cached: 144.0 MB


USING: Dice

==== Memoria GPU - Inicio de época ====
GPU 0 - Total: 40442.4 MB | Allocated: 118.2 MB | Cached: 144.0 MB


==== Memoria GPU - Inicio de época ====
GPU 0 - Total: 40442.4 MB | Allocated: 472.9 MB | Cached: 31766.0 MB

Validation Dice: 0.2827477685871274 for Model: RoiNet9_Dice
New best dice found, evaluating on test set...

==== Memoria GPU - Inicio de época ====
GPU 0 - Total: 40442.4 MB | Allocated: 472.9 MB | Cached: 31766.0 MB


==== Memoria GPU - Inicio de época ====
GPU 0 - Total: 40442.4 MB | Allocated: 472.9 MB | Cached: 2796.0 MB


==== Memoria GPU - Inicio de época ====
GPU 0 - Total: 40442.4 MB | Allocated: 473.6 MB | Cached: 32056.0 MB

Validation Dice: 0.2728649082446479 for Model: RoiNet9_Dice

==== Memoria GPU - Inicio de época ====
GPU 0 - Total: 40442.4 MB | Allocated: 473.6 MB | Cached: 4110.0 MB


==== Memoria GPU - Inicio de época ====
GPU 0 - Total: 40442.4 MB | Allocated: 473.6 MB | Cached: 32030.0 MB

Validation Dice: 0.30937645742859027 for Model: RoiNet9_Dice
New best dice found, evaluating on test set...

==== Memoria GPU - Inicio de época ====
GPU 0 - Total: 40442.4 MB | Allocated: 473.6 MB | Cached: 32030.0 MB


==== Memoria GPU - Inicio de época ====
GPU 0 - Total: 40442.4 MB | Allocated: 473.6 MB | Cached: 4900.0 MB


==== Memoria GPU - Inicio de época ====
GPU 0 - Total: 40442.4 MB | Allocated: 473.6 MB | Cached: 32048.0 MB

Validation Dice: 0.3155345326152458 for Model: RoiNet9_Dice
New best dice found, evaluating on test set...

==== Memoria GPU - Inicio de época ====
GPU 0 - Total: 40442.4 MB | Allocated: 473.6 MB | Cached: 32048.0 MB


==== Memoria GPU - Inicio de época ====
GPU 0 - Total: 40442.4 MB | Allocated: 473.6 MB | Cached: 4900.0 MB


==== Memoria GPU - Inicio de época ====
GPU 0 - Total: 40442.4 MB | Allocated: 473.6 MB | Cached: 32048.0 MB

Validation Dice: 0.2621321818317084 for Model: RoiNet9_Dice

==== Memoria GPU - Inicio de época ====
GPU 0 - Total: 40442.4 MB | Allocated: 473.6 MB | Cached: 4900.0 MB


==== Memoria GPU - Inicio de época ====
GPU 0 - Total: 40442.4 MB | Allocated: 473.6 MB | Cached: 32048.0 MB

Validation Dice: 0.38131143367868264 for Model: RoiNet9_Dice
New best dice found, evaluating on test set...

==== Memoria GPU - Inicio de época ====
GPU 0 - Total: 40442.4 MB | Allocated: 473.6 MB | Cached: 32048.0 MB


==== Memoria GPU - Inicio de época ====
GPU 0 - Total: 40442.4 MB | Allocated: 473.6 MB | Cached: 4900.0 MB


==== Memoria GPU - Inicio de época ====
GPU 0 - Total: 40442.4 MB | Allocated: 473.6 MB | Cached: 32048.0 MB

Validation Dice: 0.37850625583075376 for Model: RoiNet9_Dice

==== Memoria GPU - Inicio de época ====
GPU 0 - Total: 40442.4 MB | Allocated: 473.6 MB | Cached: 4900.0 MB


==== Memoria GPU - Inicio de época ====
GPU 0 - Total: 40442.4 MB | Allocated: 473.6 MB | Cached: 32048.0 MB

Validation Dice: 0.4155784723648594 for Model: RoiNet9_Dice
New best dice found, evaluating on test set...

==== Memoria GPU - Inicio de época ====
GPU 0 - Total: 40442.4 MB | Allocated: 473.6 MB | Cached: 32048.0 MB


==== Memoria GPU - Inicio de época ====
GPU 0 - Total: 40442.4 MB | Allocated: 473.6 MB | Cached: 4900.0 MB

